ARM GAS  C:\Users\user\AppData\Local\Temp\ccA6ZUwa.s 			page 1


   1              		.cpu cortex-m4
   2              		.arch armv7e-m
   3              		.fpu fpv4-sp-d16
   4              		.eabi_attribute 27, 1
   5              		.eabi_attribute 28, 1
   6              		.eabi_attribute 20, 1
   7              		.eabi_attribute 21, 1
   8              		.eabi_attribute 23, 3
   9              		.eabi_attribute 24, 1
  10              		.eabi_attribute 25, 1
  11              		.eabi_attribute 26, 1
  12              		.eabi_attribute 30, 6
  13              		.eabi_attribute 34, 1
  14              		.eabi_attribute 18, 4
  15              		.file	"can.c"
  16              		.text
  17              		.section	.text.HAL_CAN_RxFifo0MsgPendingCallback,"ax",%progbits
  18              		.align	1
  19              		.global	HAL_CAN_RxFifo0MsgPendingCallback
  20              		.syntax unified
  21              		.thumb
  22              		.thumb_func
  24              	HAL_CAN_RxFifo0MsgPendingCallback:
  25              		@ args = 0, pretend = 0, frame = 16
  26              		@ frame_needed = 1, uses_anonymous_args = 0
  27 0000 80B5     		push	{r7, lr}
  28 0002 84B0     		sub	sp, sp, #16
  29 0004 00AF     		add	r7, sp, #0
  30 0006 7860     		str	r0, [r7, #4]
  31 0008 1D4B     		ldr	r3, .L4
  32 000a 1E4A     		ldr	r2, .L4+4
  33 000c 0021     		movs	r1, #0
  34 000e 7868     		ldr	r0, [r7, #4]
  35 0010 FFF7FEFF 		bl	HAL_CAN_GetRxMessage
  36 0014 0346     		mov	r3, r0
  37 0016 FB60     		str	r3, [r7, #12]
  38 0018 FB68     		ldr	r3, [r7, #12]
  39 001a 002B     		cmp	r3, #0
  40 001c 11D0     		beq	.L2
  41 001e 1A4B     		ldr	r3, .L4+8
  42 0020 0022     		movs	r2, #0
  43 0022 DA70     		strb	r2, [r3, #3]
  44 0024 0022     		movs	r2, #0
  45 0026 4FF48041 		mov	r1, #16384
  46 002a 1848     		ldr	r0, .L4+12
  47 002c FFF7FEFF 		bl	HAL_GPIO_WritePin
  48 0030 FB68     		ldr	r3, [r7, #12]
  49 0032 DAB2     		uxtb	r2, r3
  50 0034 164B     		ldr	r3, .L4+16
  51 0036 1A72     		strb	r2, [r3, #8]
  52 0038 0F22     		movs	r2, #15
  53 003a 0021     		movs	r1, #0
  54 003c 0120     		movs	r0, #1
  55 003e FFF7FEFF 		bl	SYS_LOG
  56              	.L2:
  57 0042 114B     		ldr	r3, .L4+8
  58 0044 DB78     		ldrb	r3, [r3, #3]	@ zero_extendqisi2
ARM GAS  C:\Users\user\AppData\Local\Temp\ccA6ZUwa.s 			page 2


  59 0046 012B     		cmp	r3, #1
  60 0048 08D0     		beq	.L3
  61 004a 0F4B     		ldr	r3, .L4+8
  62 004c 0122     		movs	r2, #1
  63 004e DA70     		strb	r2, [r3, #3]
  64 0050 0122     		movs	r2, #1
  65 0052 4FF48041 		mov	r1, #16384
  66 0056 0D48     		ldr	r0, .L4+12
  67 0058 FFF7FEFF 		bl	HAL_GPIO_WritePin
  68              	.L3:
  69 005c 084B     		ldr	r3, .L4
  70 005e 0D49     		ldr	r1, .L4+20
  71 0060 D3E90023 		ldrd	r2, [r3]
  72 0064 C1E90023 		strd	r2, [r1]
  73 0068 064B     		ldr	r3, .L4+4
  74 006a 1B68     		ldr	r3, [r3]
  75 006c 1A46     		mov	r2, r3
  76 006e 0121     		movs	r1, #1
  77 0070 0320     		movs	r0, #3
  78 0072 FFF7FEFF 		bl	SYS_LOG
  79 0076 00BF     		nop
  80 0078 1037     		adds	r7, r7, #16
  81 007a BD46     		mov	sp, r7
  82              		@ sp needed
  83 007c 80BD     		pop	{r7, pc}
  84              	.L5:
  85 007e 00BF     		.align	2
  86              	.L4:
  87 0080 00000000 		.word	can_rx_data
  88 0084 00000000 		.word	can_rx_header
  89 0088 00000000 		.word	sys_state
  90 008c 00100240 		.word	1073876992
  91 0090 00000000 		.word	syslog
  92 0094 08000000 		.word	syslog+8
  94              		.section	.text.HAL_CAN_ErrorCallback,"ax",%progbits
  95              		.align	1
  96              		.global	HAL_CAN_ErrorCallback
  97              		.syntax unified
  98              		.thumb
  99              		.thumb_func
 101              	HAL_CAN_ErrorCallback:
 102              		@ args = 0, pretend = 0, frame = 8
 103              		@ frame_needed = 1, uses_anonymous_args = 0
 104 0000 90B5     		push	{r4, r7, lr}
 105 0002 83B0     		sub	sp, sp, #12
 106 0004 00AF     		add	r7, sp, #0
 107 0006 7860     		str	r0, [r7, #4]
 108 0008 0D4B     		ldr	r3, .L7
 109 000a 0022     		movs	r2, #0
 110 000c DA70     		strb	r2, [r3, #3]
 111 000e 0022     		movs	r2, #0
 112 0010 4FF48041 		mov	r1, #16384
 113 0014 0B48     		ldr	r0, .L7+4
 114 0016 FFF7FEFF 		bl	HAL_GPIO_WritePin
 115 001a 0B4C     		ldr	r4, .L7+8
 116 001c 7868     		ldr	r0, [r7, #4]
 117 001e FFF7FEFF 		bl	HAL_CAN_GetError
ARM GAS  C:\Users\user\AppData\Local\Temp\ccA6ZUwa.s 			page 3


 118 0022 0346     		mov	r3, r0
 119 0024 2360     		str	r3, [r4]
 120 0026 0E22     		movs	r2, #14
 121 0028 0021     		movs	r1, #0
 122 002a 0120     		movs	r0, #1
 123 002c FFF7FEFF 		bl	SYS_LOG
 124 0030 7868     		ldr	r0, [r7, #4]
 125 0032 FFF7FEFF 		bl	HAL_CAN_ResetError
 126 0036 00BF     		nop
 127 0038 0C37     		adds	r7, r7, #12
 128 003a BD46     		mov	sp, r7
 129              		@ sp needed
 130 003c 90BD     		pop	{r4, r7, pc}
 131              	.L8:
 132 003e 00BF     		.align	2
 133              	.L7:
 134 0040 00000000 		.word	sys_state
 135 0044 00100240 		.word	1073876992
 136 0048 08000000 		.word	syslog+8
 138              		.section	.text.HAL_CAN_RxFifo0FullCallback,"ax",%progbits
 139              		.align	1
 140              		.global	HAL_CAN_RxFifo0FullCallback
 141              		.syntax unified
 142              		.thumb
 143              		.thumb_func
 145              	HAL_CAN_RxFifo0FullCallback:
 146              		@ args = 0, pretend = 0, frame = 8
 147              		@ frame_needed = 1, uses_anonymous_args = 0
 148 0000 80B5     		push	{r7, lr}
 149 0002 82B0     		sub	sp, sp, #8
 150 0004 00AF     		add	r7, sp, #0
 151 0006 7860     		str	r0, [r7, #4]
 152 0008 0D4B     		ldr	r3, .L10
 153 000a 0022     		movs	r2, #0
 154 000c DA70     		strb	r2, [r3, #3]
 155 000e 0022     		movs	r2, #0
 156 0010 4FF48041 		mov	r1, #16384
 157 0014 0B48     		ldr	r0, .L10+4
 158 0016 FFF7FEFF 		bl	HAL_GPIO_WritePin
 159 001a 7868     		ldr	r0, [r7, #4]
 160 001c FFF7FEFF 		bl	HAL_CAN_GetState
 161 0020 0346     		mov	r3, r0
 162 0022 1A46     		mov	r2, r3
 163 0024 084B     		ldr	r3, .L10+8
 164 0026 1A60     		str	r2, [r3]
 165 0028 1022     		movs	r2, #16
 166 002a 0021     		movs	r1, #0
 167 002c 0120     		movs	r0, #1
 168 002e FFF7FEFF 		bl	SYS_LOG
 169 0032 7868     		ldr	r0, [r7, #4]
 170 0034 FFF7FEFF 		bl	HAL_CAN_ResetError
 171 0038 00BF     		nop
 172 003a 0837     		adds	r7, r7, #8
 173 003c BD46     		mov	sp, r7
 174              		@ sp needed
 175 003e 80BD     		pop	{r7, pc}
 176              	.L11:
ARM GAS  C:\Users\user\AppData\Local\Temp\ccA6ZUwa.s 			page 4


 177              		.align	2
 178              	.L10:
 179 0040 00000000 		.word	sys_state
 180 0044 00100240 		.word	1073876992
 181 0048 08000000 		.word	syslog+8
 183              		.section	.text.CAN_SETUP,"ax",%progbits
 184              		.align	1
 185              		.global	CAN_SETUP
 186              		.syntax unified
 187              		.thumb
 188              		.thumb_func
 190              	CAN_SETUP:
 191              		@ args = 0, pretend = 0, frame = 48
 192              		@ frame_needed = 1, uses_anonymous_args = 0
 193 0000 80B5     		push	{r7, lr}
 194 0002 8CB0     		sub	sp, sp, #48
 195 0004 00AF     		add	r7, sp, #0
 196 0006 0023     		movs	r3, #0
 197 0008 BB61     		str	r3, [r7, #24]
 198 000a 0023     		movs	r3, #0
 199 000c FB61     		str	r3, [r7, #28]
 200 000e 0123     		movs	r3, #1
 201 0010 3B62     		str	r3, [r7, #32]
 202 0012 0023     		movs	r3, #0
 203 0014 7B60     		str	r3, [r7, #4]
 204 0016 0023     		movs	r3, #0
 205 0018 FB60     		str	r3, [r7, #12]
 206 001a 0023     		movs	r3, #0
 207 001c BB60     		str	r3, [r7, #8]
 208 001e 0023     		movs	r3, #0
 209 0020 3B61     		str	r3, [r7, #16]
 210 0022 0023     		movs	r3, #0
 211 0024 7B61     		str	r3, [r7, #20]
 212 0026 0123     		movs	r3, #1
 213 0028 7B62     		str	r3, [r7, #36]
 214 002a 3B1D     		adds	r3, r7, #4
 215 002c 1946     		mov	r1, r3
 216 002e 2948     		ldr	r0, .L22
 217 0030 FFF7FEFF 		bl	HAL_CAN_ConfigFilter
 218 0034 0346     		mov	r3, r0
 219 0036 FB62     		str	r3, [r7, #44]
 220 0038 FB6A     		ldr	r3, [r7, #44]
 221 003a 002B     		cmp	r3, #0
 222 003c 01D0     		beq	.L13
 223 003e 0123     		movs	r3, #1
 224 0040 43E0     		b	.L21
 225              	.L13:
 226 0042 2448     		ldr	r0, .L22
 227 0044 FFF7FEFF 		bl	HAL_CAN_Start
 228 0048 0346     		mov	r3, r0
 229 004a FB62     		str	r3, [r7, #44]
 230 004c FB6A     		ldr	r3, [r7, #44]
 231 004e 002B     		cmp	r3, #0
 232 0050 01D0     		beq	.L15
 233 0052 0223     		movs	r3, #2
 234 0054 39E0     		b	.L21
 235              	.L15:
ARM GAS  C:\Users\user\AppData\Local\Temp\ccA6ZUwa.s 			page 5


 236 0056 0221     		movs	r1, #2
 237 0058 1E48     		ldr	r0, .L22
 238 005a FFF7FEFF 		bl	HAL_CAN_ActivateNotification
 239 005e 0346     		mov	r3, r0
 240 0060 FB62     		str	r3, [r7, #44]
 241 0062 FB6A     		ldr	r3, [r7, #44]
 242 0064 002B     		cmp	r3, #0
 243 0066 01D0     		beq	.L16
 244 0068 0323     		movs	r3, #3
 245 006a 2EE0     		b	.L21
 246              	.L16:
 247 006c 0421     		movs	r1, #4
 248 006e 1948     		ldr	r0, .L22
 249 0070 FFF7FEFF 		bl	HAL_CAN_ActivateNotification
 250 0074 0346     		mov	r3, r0
 251 0076 FB62     		str	r3, [r7, #44]
 252 0078 FB6A     		ldr	r3, [r7, #44]
 253 007a 002B     		cmp	r3, #0
 254 007c 01D0     		beq	.L17
 255 007e 0423     		movs	r3, #4
 256 0080 23E0     		b	.L21
 257              	.L17:
 258 0082 0821     		movs	r1, #8
 259 0084 1348     		ldr	r0, .L22
 260 0086 FFF7FEFF 		bl	HAL_CAN_ActivateNotification
 261 008a 0346     		mov	r3, r0
 262 008c FB62     		str	r3, [r7, #44]
 263 008e FB6A     		ldr	r3, [r7, #44]
 264 0090 002B     		cmp	r3, #0
 265 0092 01D0     		beq	.L18
 266 0094 0523     		movs	r3, #5
 267 0096 18E0     		b	.L21
 268              	.L18:
 269 0098 4FF48061 		mov	r1, #1024
 270 009c 0D48     		ldr	r0, .L22
 271 009e FFF7FEFF 		bl	HAL_CAN_ActivateNotification
 272 00a2 0346     		mov	r3, r0
 273 00a4 FB62     		str	r3, [r7, #44]
 274 00a6 FB6A     		ldr	r3, [r7, #44]
 275 00a8 002B     		cmp	r3, #0
 276 00aa 01D0     		beq	.L19
 277 00ac 0623     		movs	r3, #6
 278 00ae 0CE0     		b	.L21
 279              	.L19:
 280 00b0 4FF40041 		mov	r1, #32768
 281 00b4 0748     		ldr	r0, .L22
 282 00b6 FFF7FEFF 		bl	HAL_CAN_ActivateNotification
 283 00ba 0346     		mov	r3, r0
 284 00bc FB62     		str	r3, [r7, #44]
 285 00be FB6A     		ldr	r3, [r7, #44]
 286 00c0 002B     		cmp	r3, #0
 287 00c2 01D0     		beq	.L20
 288 00c4 0723     		movs	r3, #7
 289 00c6 00E0     		b	.L21
 290              	.L20:
 291 00c8 0023     		movs	r3, #0
 292              	.L21:
ARM GAS  C:\Users\user\AppData\Local\Temp\ccA6ZUwa.s 			page 6


 293 00ca 1846     		mov	r0, r3
 294 00cc 3037     		adds	r7, r7, #48
 295 00ce BD46     		mov	sp, r7
 296              		@ sp needed
 297 00d0 80BD     		pop	{r7, pc}
 298              	.L23:
 299 00d2 00BF     		.align	2
 300              	.L22:
 301 00d4 00000000 		.word	hcan1
 303              		.global	hcan1
 304              		.section	.bss.hcan1,"aw",%nobits
 305              		.align	2
 308              	hcan1:
 309 0000 00000000 		.space	40
 309      00000000 
 309      00000000 
 309      00000000 
 309      00000000 
 310              		.section	.text.MX_CAN1_Init,"ax",%progbits
 311              		.align	1
 312              		.global	MX_CAN1_Init
 313              		.syntax unified
 314              		.thumb
 315              		.thumb_func
 317              	MX_CAN1_Init:
 318              		@ args = 0, pretend = 0, frame = 0
 319              		@ frame_needed = 1, uses_anonymous_args = 0
 320 0000 80B5     		push	{r7, lr}
 321 0002 00AF     		add	r7, sp, #0
 322 0004 174B     		ldr	r3, .L27
 323 0006 184A     		ldr	r2, .L27+4
 324 0008 1A60     		str	r2, [r3]
 325 000a 164B     		ldr	r3, .L27
 326 000c 0C22     		movs	r2, #12
 327 000e 5A60     		str	r2, [r3, #4]
 328 0010 144B     		ldr	r3, .L27
 329 0012 0022     		movs	r2, #0
 330 0014 9A60     		str	r2, [r3, #8]
 331 0016 134B     		ldr	r3, .L27
 332 0018 0022     		movs	r2, #0
 333 001a DA60     		str	r2, [r3, #12]
 334 001c 114B     		ldr	r3, .L27
 335 001e 4FF42022 		mov	r2, #655360
 336 0022 1A61     		str	r2, [r3, #16]
 337 0024 0F4B     		ldr	r3, .L27
 338 0026 4FF48012 		mov	r2, #1048576
 339 002a 5A61     		str	r2, [r3, #20]
 340 002c 0D4B     		ldr	r3, .L27
 341 002e 0022     		movs	r2, #0
 342 0030 1A76     		strb	r2, [r3, #24]
 343 0032 0C4B     		ldr	r3, .L27
 344 0034 0022     		movs	r2, #0
 345 0036 5A76     		strb	r2, [r3, #25]
 346 0038 0A4B     		ldr	r3, .L27
 347 003a 0122     		movs	r2, #1
 348 003c 9A76     		strb	r2, [r3, #26]
 349 003e 094B     		ldr	r3, .L27
ARM GAS  C:\Users\user\AppData\Local\Temp\ccA6ZUwa.s 			page 7


 350 0040 0022     		movs	r2, #0
 351 0042 DA76     		strb	r2, [r3, #27]
 352 0044 074B     		ldr	r3, .L27
 353 0046 0022     		movs	r2, #0
 354 0048 1A77     		strb	r2, [r3, #28]
 355 004a 064B     		ldr	r3, .L27
 356 004c 0022     		movs	r2, #0
 357 004e 5A77     		strb	r2, [r3, #29]
 358 0050 0448     		ldr	r0, .L27
 359 0052 FFF7FEFF 		bl	HAL_CAN_Init
 360 0056 0346     		mov	r3, r0
 361 0058 002B     		cmp	r3, #0
 362 005a 01D0     		beq	.L26
 363 005c FFF7FEFF 		bl	Error_Handler
 364              	.L26:
 365 0060 00BF     		nop
 366 0062 80BD     		pop	{r7, pc}
 367              	.L28:
 368              		.align	2
 369              	.L27:
 370 0064 00000000 		.word	hcan1
 371 0068 00640040 		.word	1073767424
 373              		.section	.text.HAL_CAN_MspInit,"ax",%progbits
 374              		.align	1
 375              		.global	HAL_CAN_MspInit
 376              		.syntax unified
 377              		.thumb
 378              		.thumb_func
 380              	HAL_CAN_MspInit:
 381              		@ args = 0, pretend = 0, frame = 40
 382              		@ frame_needed = 1, uses_anonymous_args = 0
 383 0000 80B5     		push	{r7, lr}
 384 0002 8AB0     		sub	sp, sp, #40
 385 0004 00AF     		add	r7, sp, #0
 386 0006 7860     		str	r0, [r7, #4]
 387 0008 07F11403 		add	r3, r7, #20
 388 000c 0022     		movs	r2, #0
 389 000e 1A60     		str	r2, [r3]
 390 0010 5A60     		str	r2, [r3, #4]
 391 0012 9A60     		str	r2, [r3, #8]
 392 0014 DA60     		str	r2, [r3, #12]
 393 0016 1A61     		str	r2, [r3, #16]
 394 0018 7B68     		ldr	r3, [r7, #4]
 395 001a 1B68     		ldr	r3, [r3]
 396 001c 294A     		ldr	r2, .L32
 397 001e 9342     		cmp	r3, r2
 398 0020 4BD1     		bne	.L31
 399 0022 0023     		movs	r3, #0
 400 0024 3B61     		str	r3, [r7, #16]
 401 0026 284B     		ldr	r3, .L32+4
 402 0028 1B6C     		ldr	r3, [r3, #64]
 403 002a 274A     		ldr	r2, .L32+4
 404 002c 43F00073 		orr	r3, r3, #33554432
 405 0030 1364     		str	r3, [r2, #64]
 406 0032 254B     		ldr	r3, .L32+4
 407 0034 1B6C     		ldr	r3, [r3, #64]
 408 0036 03F00073 		and	r3, r3, #33554432
ARM GAS  C:\Users\user\AppData\Local\Temp\ccA6ZUwa.s 			page 8


 409 003a 3B61     		str	r3, [r7, #16]
 410 003c 3B69     		ldr	r3, [r7, #16]
 411 003e 0023     		movs	r3, #0
 412 0040 FB60     		str	r3, [r7, #12]
 413 0042 214B     		ldr	r3, .L32+4
 414 0044 1B6B     		ldr	r3, [r3, #48]
 415 0046 204A     		ldr	r2, .L32+4
 416 0048 43F00803 		orr	r3, r3, #8
 417 004c 1363     		str	r3, [r2, #48]
 418 004e 1E4B     		ldr	r3, .L32+4
 419 0050 1B6B     		ldr	r3, [r3, #48]
 420 0052 03F00803 		and	r3, r3, #8
 421 0056 FB60     		str	r3, [r7, #12]
 422 0058 FB68     		ldr	r3, [r7, #12]
 423 005a 0323     		movs	r3, #3
 424 005c 7B61     		str	r3, [r7, #20]
 425 005e 0223     		movs	r3, #2
 426 0060 BB61     		str	r3, [r7, #24]
 427 0062 0023     		movs	r3, #0
 428 0064 FB61     		str	r3, [r7, #28]
 429 0066 0323     		movs	r3, #3
 430 0068 3B62     		str	r3, [r7, #32]
 431 006a 0923     		movs	r3, #9
 432 006c 7B62     		str	r3, [r7, #36]
 433 006e 07F11403 		add	r3, r7, #20
 434 0072 1946     		mov	r1, r3
 435 0074 1548     		ldr	r0, .L32+8
 436 0076 FFF7FEFF 		bl	HAL_GPIO_Init
 437 007a 0022     		movs	r2, #0
 438 007c 0021     		movs	r1, #0
 439 007e 1320     		movs	r0, #19
 440 0080 FFF7FEFF 		bl	HAL_NVIC_SetPriority
 441 0084 1320     		movs	r0, #19
 442 0086 FFF7FEFF 		bl	HAL_NVIC_EnableIRQ
 443 008a 0022     		movs	r2, #0
 444 008c 0021     		movs	r1, #0
 445 008e 1420     		movs	r0, #20
 446 0090 FFF7FEFF 		bl	HAL_NVIC_SetPriority
 447 0094 1420     		movs	r0, #20
 448 0096 FFF7FEFF 		bl	HAL_NVIC_EnableIRQ
 449 009a 0022     		movs	r2, #0
 450 009c 0021     		movs	r1, #0
 451 009e 1520     		movs	r0, #21
 452 00a0 FFF7FEFF 		bl	HAL_NVIC_SetPriority
 453 00a4 1520     		movs	r0, #21
 454 00a6 FFF7FEFF 		bl	HAL_NVIC_EnableIRQ
 455 00aa 0022     		movs	r2, #0
 456 00ac 0021     		movs	r1, #0
 457 00ae 1620     		movs	r0, #22
 458 00b0 FFF7FEFF 		bl	HAL_NVIC_SetPriority
 459 00b4 1620     		movs	r0, #22
 460 00b6 FFF7FEFF 		bl	HAL_NVIC_EnableIRQ
 461              	.L31:
 462 00ba 00BF     		nop
 463 00bc 2837     		adds	r7, r7, #40
 464 00be BD46     		mov	sp, r7
 465              		@ sp needed
ARM GAS  C:\Users\user\AppData\Local\Temp\ccA6ZUwa.s 			page 9


 466 00c0 80BD     		pop	{r7, pc}
 467              	.L33:
 468 00c2 00BF     		.align	2
 469              	.L32:
 470 00c4 00640040 		.word	1073767424
 471 00c8 00380240 		.word	1073887232
 472 00cc 000C0240 		.word	1073875968
 474              		.section	.text.HAL_CAN_MspDeInit,"ax",%progbits
 475              		.align	1
 476              		.global	HAL_CAN_MspDeInit
 477              		.syntax unified
 478              		.thumb
 479              		.thumb_func
 481              	HAL_CAN_MspDeInit:
 482              		@ args = 0, pretend = 0, frame = 8
 483              		@ frame_needed = 1, uses_anonymous_args = 0
 484 0000 80B5     		push	{r7, lr}
 485 0002 82B0     		sub	sp, sp, #8
 486 0004 00AF     		add	r7, sp, #0
 487 0006 7860     		str	r0, [r7, #4]
 488 0008 7B68     		ldr	r3, [r7, #4]
 489 000a 1B68     		ldr	r3, [r3]
 490 000c 0E4A     		ldr	r2, .L37
 491 000e 9342     		cmp	r3, r2
 492 0010 15D1     		bne	.L36
 493 0012 0E4B     		ldr	r3, .L37+4
 494 0014 1B6C     		ldr	r3, [r3, #64]
 495 0016 0D4A     		ldr	r2, .L37+4
 496 0018 23F00073 		bic	r3, r3, #33554432
 497 001c 1364     		str	r3, [r2, #64]
 498 001e 0321     		movs	r1, #3
 499 0020 0B48     		ldr	r0, .L37+8
 500 0022 FFF7FEFF 		bl	HAL_GPIO_DeInit
 501 0026 1320     		movs	r0, #19
 502 0028 FFF7FEFF 		bl	HAL_NVIC_DisableIRQ
 503 002c 1420     		movs	r0, #20
 504 002e FFF7FEFF 		bl	HAL_NVIC_DisableIRQ
 505 0032 1520     		movs	r0, #21
 506 0034 FFF7FEFF 		bl	HAL_NVIC_DisableIRQ
 507 0038 1620     		movs	r0, #22
 508 003a FFF7FEFF 		bl	HAL_NVIC_DisableIRQ
 509              	.L36:
 510 003e 00BF     		nop
 511 0040 0837     		adds	r7, r7, #8
 512 0042 BD46     		mov	sp, r7
 513              		@ sp needed
 514 0044 80BD     		pop	{r7, pc}
 515              	.L38:
 516 0046 00BF     		.align	2
 517              	.L37:
 518 0048 00640040 		.word	1073767424
 519 004c 00380240 		.word	1073887232
 520 0050 000C0240 		.word	1073875968
 522              		.ident	"GCC: (GNU Tools for STM32 12.3.rel1.20240306-1730) 12.3.1 20230626"
ARM GAS  C:\Users\user\AppData\Local\Temp\ccA6ZUwa.s 			page 10


DEFINED SYMBOLS
                            *ABS*:00000000 can.c
C:\Users\user\AppData\Local\Temp\ccA6ZUwa.s:18     .text.HAL_CAN_RxFifo0MsgPendingCallback:00000000 $t
C:\Users\user\AppData\Local\Temp\ccA6ZUwa.s:24     .text.HAL_CAN_RxFifo0MsgPendingCallback:00000000 HAL_CAN_RxFifo0MsgPendingCallback
C:\Users\user\AppData\Local\Temp\ccA6ZUwa.s:87     .text.HAL_CAN_RxFifo0MsgPendingCallback:00000080 $d
C:\Users\user\AppData\Local\Temp\ccA6ZUwa.s:95     .text.HAL_CAN_ErrorCallback:00000000 $t
C:\Users\user\AppData\Local\Temp\ccA6ZUwa.s:101    .text.HAL_CAN_ErrorCallback:00000000 HAL_CAN_ErrorCallback
C:\Users\user\AppData\Local\Temp\ccA6ZUwa.s:134    .text.HAL_CAN_ErrorCallback:00000040 $d
C:\Users\user\AppData\Local\Temp\ccA6ZUwa.s:139    .text.HAL_CAN_RxFifo0FullCallback:00000000 $t
C:\Users\user\AppData\Local\Temp\ccA6ZUwa.s:145    .text.HAL_CAN_RxFifo0FullCallback:00000000 HAL_CAN_RxFifo0FullCallback
C:\Users\user\AppData\Local\Temp\ccA6ZUwa.s:179    .text.HAL_CAN_RxFifo0FullCallback:00000040 $d
C:\Users\user\AppData\Local\Temp\ccA6ZUwa.s:184    .text.CAN_SETUP:00000000 $t
C:\Users\user\AppData\Local\Temp\ccA6ZUwa.s:190    .text.CAN_SETUP:00000000 CAN_SETUP
C:\Users\user\AppData\Local\Temp\ccA6ZUwa.s:301    .text.CAN_SETUP:000000d4 $d
C:\Users\user\AppData\Local\Temp\ccA6ZUwa.s:308    .bss.hcan1:00000000 hcan1
C:\Users\user\AppData\Local\Temp\ccA6ZUwa.s:305    .bss.hcan1:00000000 $d
C:\Users\user\AppData\Local\Temp\ccA6ZUwa.s:311    .text.MX_CAN1_Init:00000000 $t
C:\Users\user\AppData\Local\Temp\ccA6ZUwa.s:317    .text.MX_CAN1_Init:00000000 MX_CAN1_Init
C:\Users\user\AppData\Local\Temp\ccA6ZUwa.s:370    .text.MX_CAN1_Init:00000064 $d
C:\Users\user\AppData\Local\Temp\ccA6ZUwa.s:374    .text.HAL_CAN_MspInit:00000000 $t
C:\Users\user\AppData\Local\Temp\ccA6ZUwa.s:380    .text.HAL_CAN_MspInit:00000000 HAL_CAN_MspInit
C:\Users\user\AppData\Local\Temp\ccA6ZUwa.s:470    .text.HAL_CAN_MspInit:000000c4 $d
C:\Users\user\AppData\Local\Temp\ccA6ZUwa.s:475    .text.HAL_CAN_MspDeInit:00000000 $t
C:\Users\user\AppData\Local\Temp\ccA6ZUwa.s:481    .text.HAL_CAN_MspDeInit:00000000 HAL_CAN_MspDeInit
C:\Users\user\AppData\Local\Temp\ccA6ZUwa.s:518    .text.HAL_CAN_MspDeInit:00000048 $d

UNDEFINED SYMBOLS
HAL_CAN_GetRxMessage
HAL_GPIO_WritePin
SYS_LOG
can_rx_data
can_rx_header
sys_state
syslog
HAL_CAN_GetError
HAL_CAN_ResetError
HAL_CAN_GetState
HAL_CAN_ConfigFilter
HAL_CAN_Start
HAL_CAN_ActivateNotification
HAL_CAN_Init
Error_Handler
HAL_GPIO_Init
HAL_NVIC_SetPriority
HAL_NVIC_EnableIRQ
HAL_GPIO_DeInit
HAL_NVIC_DisableIRQ
