ARM GAS  C:\Users\user\AppData\Local\Temp\cc3JRB6L.s 			page 1


   1              		.cpu cortex-m4
   2              		.arch armv7e-m
   3              		.fpu fpv4-sp-d16
   4              		.eabi_attribute 27, 1
   5              		.eabi_attribute 28, 1
   6              		.eabi_attribute 20, 1
   7              		.eabi_attribute 21, 1
   8              		.eabi_attribute 23, 3
   9              		.eabi_attribute 24, 1
  10              		.eabi_attribute 25, 1
  11              		.eabi_attribute 26, 1
  12              		.eabi_attribute 30, 6
  13              		.eabi_attribute 34, 1
  14              		.eabi_attribute 18, 4
  15              		.file	"diskio.c"
  16              		.text
  17              		.section	.text.disk_status,"ax",%progbits
  18              		.align	1
  19              		.global	disk_status
  20              		.syntax unified
  21              		.thumb
  22              		.thumb_func
  24              	disk_status:
  25              		@ args = 0, pretend = 0, frame = 16
  26              		@ frame_needed = 1, uses_anonymous_args = 0
  27 0000 80B5     		push	{r7, lr}
  28 0002 84B0     		sub	sp, sp, #16
  29 0004 00AF     		add	r7, sp, #0
  30 0006 0346     		mov	r3, r0
  31 0008 FB71     		strb	r3, [r7, #7]
  32 000a FB79     		ldrb	r3, [r7, #7]	@ zero_extendqisi2
  33 000c 084A     		ldr	r2, .L3
  34 000e 9B00     		lsls	r3, r3, #2
  35 0010 1344     		add	r3, r3, r2
  36 0012 5B68     		ldr	r3, [r3, #4]
  37 0014 5B68     		ldr	r3, [r3, #4]
  38 0016 FA79     		ldrb	r2, [r7, #7]	@ zero_extendqisi2
  39 0018 0549     		ldr	r1, .L3
  40 001a 0A44     		add	r2, r2, r1
  41 001c 127A     		ldrb	r2, [r2, #8]	@ zero_extendqisi2
  42 001e 1046     		mov	r0, r2
  43 0020 9847     		blx	r3
  44 0022 0346     		mov	r3, r0
  45 0024 FB73     		strb	r3, [r7, #15]
  46 0026 FB7B     		ldrb	r3, [r7, #15]	@ zero_extendqisi2
  47 0028 1846     		mov	r0, r3
  48 002a 1037     		adds	r7, r7, #16
  49 002c BD46     		mov	sp, r7
  50              		@ sp needed
  51 002e 80BD     		pop	{r7, pc}
  52              	.L4:
  53              		.align	2
  54              	.L3:
  55 0030 00000000 		.word	disk
  57              		.section	.text.disk_initialize,"ax",%progbits
  58              		.align	1
  59              		.global	disk_initialize
ARM GAS  C:\Users\user\AppData\Local\Temp\cc3JRB6L.s 			page 2


  60              		.syntax unified
  61              		.thumb
  62              		.thumb_func
  64              	disk_initialize:
  65              		@ args = 0, pretend = 0, frame = 16
  66              		@ frame_needed = 1, uses_anonymous_args = 0
  67 0000 80B5     		push	{r7, lr}
  68 0002 84B0     		sub	sp, sp, #16
  69 0004 00AF     		add	r7, sp, #0
  70 0006 0346     		mov	r3, r0
  71 0008 FB71     		strb	r3, [r7, #7]
  72 000a 0023     		movs	r3, #0
  73 000c FB73     		strb	r3, [r7, #15]
  74 000e FB79     		ldrb	r3, [r7, #7]	@ zero_extendqisi2
  75 0010 0D4A     		ldr	r2, .L8
  76 0012 D35C     		ldrb	r3, [r2, r3]	@ zero_extendqisi2
  77 0014 002B     		cmp	r3, #0
  78 0016 11D1     		bne	.L6
  79 0018 FB79     		ldrb	r3, [r7, #7]	@ zero_extendqisi2
  80 001a 0B4A     		ldr	r2, .L8
  81 001c 0121     		movs	r1, #1
  82 001e D154     		strb	r1, [r2, r3]
  83 0020 FB79     		ldrb	r3, [r7, #7]	@ zero_extendqisi2
  84 0022 094A     		ldr	r2, .L8
  85 0024 9B00     		lsls	r3, r3, #2
  86 0026 1344     		add	r3, r3, r2
  87 0028 5B68     		ldr	r3, [r3, #4]
  88 002a 1B68     		ldr	r3, [r3]
  89 002c FA79     		ldrb	r2, [r7, #7]	@ zero_extendqisi2
  90 002e 0649     		ldr	r1, .L8
  91 0030 0A44     		add	r2, r2, r1
  92 0032 127A     		ldrb	r2, [r2, #8]	@ zero_extendqisi2
  93 0034 1046     		mov	r0, r2
  94 0036 9847     		blx	r3
  95 0038 0346     		mov	r3, r0
  96 003a FB73     		strb	r3, [r7, #15]
  97              	.L6:
  98 003c FB7B     		ldrb	r3, [r7, #15]	@ zero_extendqisi2
  99 003e 1846     		mov	r0, r3
 100 0040 1037     		adds	r7, r7, #16
 101 0042 BD46     		mov	sp, r7
 102              		@ sp needed
 103 0044 80BD     		pop	{r7, pc}
 104              	.L9:
 105 0046 00BF     		.align	2
 106              	.L8:
 107 0048 00000000 		.word	disk
 109              		.section	.text.disk_read,"ax",%progbits
 110              		.align	1
 111              		.global	disk_read
 112              		.syntax unified
 113              		.thumb
 114              		.thumb_func
 116              	disk_read:
 117              		@ args = 0, pretend = 0, frame = 24
 118              		@ frame_needed = 1, uses_anonymous_args = 0
 119 0000 90B5     		push	{r4, r7, lr}
ARM GAS  C:\Users\user\AppData\Local\Temp\cc3JRB6L.s 			page 3


 120 0002 87B0     		sub	sp, sp, #28
 121 0004 00AF     		add	r7, sp, #0
 122 0006 B960     		str	r1, [r7, #8]
 123 0008 7A60     		str	r2, [r7, #4]
 124 000a 3B60     		str	r3, [r7]
 125 000c 0346     		mov	r3, r0
 126 000e FB73     		strb	r3, [r7, #15]
 127 0010 FB7B     		ldrb	r3, [r7, #15]	@ zero_extendqisi2
 128 0012 0A4A     		ldr	r2, .L12
 129 0014 9B00     		lsls	r3, r3, #2
 130 0016 1344     		add	r3, r3, r2
 131 0018 5B68     		ldr	r3, [r3, #4]
 132 001a 9C68     		ldr	r4, [r3, #8]
 133 001c FB7B     		ldrb	r3, [r7, #15]	@ zero_extendqisi2
 134 001e 074A     		ldr	r2, .L12
 135 0020 1344     		add	r3, r3, r2
 136 0022 187A     		ldrb	r0, [r3, #8]	@ zero_extendqisi2
 137 0024 3B68     		ldr	r3, [r7]
 138 0026 7A68     		ldr	r2, [r7, #4]
 139 0028 B968     		ldr	r1, [r7, #8]
 140 002a A047     		blx	r4
 141 002c 0346     		mov	r3, r0
 142 002e FB75     		strb	r3, [r7, #23]
 143 0030 FB7D     		ldrb	r3, [r7, #23]	@ zero_extendqisi2
 144 0032 1846     		mov	r0, r3
 145 0034 1C37     		adds	r7, r7, #28
 146 0036 BD46     		mov	sp, r7
 147              		@ sp needed
 148 0038 90BD     		pop	{r4, r7, pc}
 149              	.L13:
 150 003a 00BF     		.align	2
 151              	.L12:
 152 003c 00000000 		.word	disk
 154              		.section	.text.disk_write,"ax",%progbits
 155              		.align	1
 156              		.global	disk_write
 157              		.syntax unified
 158              		.thumb
 159              		.thumb_func
 161              	disk_write:
 162              		@ args = 0, pretend = 0, frame = 24
 163              		@ frame_needed = 1, uses_anonymous_args = 0
 164 0000 90B5     		push	{r4, r7, lr}
 165 0002 87B0     		sub	sp, sp, #28
 166 0004 00AF     		add	r7, sp, #0
 167 0006 B960     		str	r1, [r7, #8]
 168 0008 7A60     		str	r2, [r7, #4]
 169 000a 3B60     		str	r3, [r7]
 170 000c 0346     		mov	r3, r0
 171 000e FB73     		strb	r3, [r7, #15]
 172 0010 FB7B     		ldrb	r3, [r7, #15]	@ zero_extendqisi2
 173 0012 0A4A     		ldr	r2, .L16
 174 0014 9B00     		lsls	r3, r3, #2
 175 0016 1344     		add	r3, r3, r2
 176 0018 5B68     		ldr	r3, [r3, #4]
 177 001a DC68     		ldr	r4, [r3, #12]
 178 001c FB7B     		ldrb	r3, [r7, #15]	@ zero_extendqisi2
ARM GAS  C:\Users\user\AppData\Local\Temp\cc3JRB6L.s 			page 4


 179 001e 074A     		ldr	r2, .L16
 180 0020 1344     		add	r3, r3, r2
 181 0022 187A     		ldrb	r0, [r3, #8]	@ zero_extendqisi2
 182 0024 3B68     		ldr	r3, [r7]
 183 0026 7A68     		ldr	r2, [r7, #4]
 184 0028 B968     		ldr	r1, [r7, #8]
 185 002a A047     		blx	r4
 186 002c 0346     		mov	r3, r0
 187 002e FB75     		strb	r3, [r7, #23]
 188 0030 FB7D     		ldrb	r3, [r7, #23]	@ zero_extendqisi2
 189 0032 1846     		mov	r0, r3
 190 0034 1C37     		adds	r7, r7, #28
 191 0036 BD46     		mov	sp, r7
 192              		@ sp needed
 193 0038 90BD     		pop	{r4, r7, pc}
 194              	.L17:
 195 003a 00BF     		.align	2
 196              	.L16:
 197 003c 00000000 		.word	disk
 199              		.section	.text.disk_ioctl,"ax",%progbits
 200              		.align	1
 201              		.global	disk_ioctl
 202              		.syntax unified
 203              		.thumb
 204              		.thumb_func
 206              	disk_ioctl:
 207              		@ args = 0, pretend = 0, frame = 16
 208              		@ frame_needed = 1, uses_anonymous_args = 0
 209 0000 80B5     		push	{r7, lr}
 210 0002 84B0     		sub	sp, sp, #16
 211 0004 00AF     		add	r7, sp, #0
 212 0006 0346     		mov	r3, r0
 213 0008 3A60     		str	r2, [r7]
 214 000a FB71     		strb	r3, [r7, #7]
 215 000c 0B46     		mov	r3, r1
 216 000e BB71     		strb	r3, [r7, #6]
 217 0010 FB79     		ldrb	r3, [r7, #7]	@ zero_extendqisi2
 218 0012 094A     		ldr	r2, .L20
 219 0014 9B00     		lsls	r3, r3, #2
 220 0016 1344     		add	r3, r3, r2
 221 0018 5B68     		ldr	r3, [r3, #4]
 222 001a 1B69     		ldr	r3, [r3, #16]
 223 001c FA79     		ldrb	r2, [r7, #7]	@ zero_extendqisi2
 224 001e 0649     		ldr	r1, .L20
 225 0020 0A44     		add	r2, r2, r1
 226 0022 107A     		ldrb	r0, [r2, #8]	@ zero_extendqisi2
 227 0024 B979     		ldrb	r1, [r7, #6]	@ zero_extendqisi2
 228 0026 3A68     		ldr	r2, [r7]
 229 0028 9847     		blx	r3
 230 002a 0346     		mov	r3, r0
 231 002c FB73     		strb	r3, [r7, #15]
 232 002e FB7B     		ldrb	r3, [r7, #15]	@ zero_extendqisi2
 233 0030 1846     		mov	r0, r3
 234 0032 1037     		adds	r7, r7, #16
 235 0034 BD46     		mov	sp, r7
 236              		@ sp needed
 237 0036 80BD     		pop	{r7, pc}
ARM GAS  C:\Users\user\AppData\Local\Temp\cc3JRB6L.s 			page 5


 238              	.L21:
 239              		.align	2
 240              	.L20:
 241 0038 00000000 		.word	disk
 243              		.section	.text.get_fattime,"ax",%progbits
 244              		.align	1
 245              		.weak	get_fattime
 246              		.syntax unified
 247              		.thumb
 248              		.thumb_func
 250              	get_fattime:
 251              		@ args = 0, pretend = 0, frame = 0
 252              		@ frame_needed = 1, uses_anonymous_args = 0
 253              		@ link register save eliminated.
 254 0000 80B4     		push	{r7}
 255 0002 00AF     		add	r7, sp, #0
 256 0004 0023     		movs	r3, #0
 257 0006 1846     		mov	r0, r3
 258 0008 BD46     		mov	sp, r7
 259              		@ sp needed
 260 000a 5DF8047B 		ldr	r7, [sp], #4
 261 000e 7047     		bx	lr
 263              		.ident	"GCC: (GNU Tools for STM32 12.3.rel1.20240306-1730) 12.3.1 20230626"
ARM GAS  C:\Users\user\AppData\Local\Temp\cc3JRB6L.s 			page 6


DEFINED SYMBOLS
                            *ABS*:00000000 diskio.c
C:\Users\user\AppData\Local\Temp\cc3JRB6L.s:18     .text.disk_status:00000000 $t
C:\Users\user\AppData\Local\Temp\cc3JRB6L.s:24     .text.disk_status:00000000 disk_status
C:\Users\user\AppData\Local\Temp\cc3JRB6L.s:55     .text.disk_status:00000030 $d
C:\Users\user\AppData\Local\Temp\cc3JRB6L.s:58     .text.disk_initialize:00000000 $t
C:\Users\user\AppData\Local\Temp\cc3JRB6L.s:64     .text.disk_initialize:00000000 disk_initialize
C:\Users\user\AppData\Local\Temp\cc3JRB6L.s:107    .text.disk_initialize:00000048 $d
C:\Users\user\AppData\Local\Temp\cc3JRB6L.s:110    .text.disk_read:00000000 $t
C:\Users\user\AppData\Local\Temp\cc3JRB6L.s:116    .text.disk_read:00000000 disk_read
C:\Users\user\AppData\Local\Temp\cc3JRB6L.s:152    .text.disk_read:0000003c $d
C:\Users\user\AppData\Local\Temp\cc3JRB6L.s:155    .text.disk_write:00000000 $t
C:\Users\user\AppData\Local\Temp\cc3JRB6L.s:161    .text.disk_write:00000000 disk_write
C:\Users\user\AppData\Local\Temp\cc3JRB6L.s:197    .text.disk_write:0000003c $d
C:\Users\user\AppData\Local\Temp\cc3JRB6L.s:200    .text.disk_ioctl:00000000 $t
C:\Users\user\AppData\Local\Temp\cc3JRB6L.s:206    .text.disk_ioctl:00000000 disk_ioctl
C:\Users\user\AppData\Local\Temp\cc3JRB6L.s:241    .text.disk_ioctl:00000038 $d
C:\Users\user\AppData\Local\Temp\cc3JRB6L.s:244    .text.get_fattime:00000000 $t
C:\Users\user\AppData\Local\Temp\cc3JRB6L.s:250    .text.get_fattime:00000000 get_fattime

UNDEFINED SYMBOLS
disk
