ARM GAS  C:\Users\user\AppData\Local\Temp\cc7D5o6h.s 			page 1


   1              		.cpu cortex-m4
   2              		.arch armv7e-m
   3              		.fpu fpv4-sp-d16
   4              		.eabi_attribute 27, 1
   5              		.eabi_attribute 28, 1
   6              		.eabi_attribute 20, 1
   7              		.eabi_attribute 21, 1
   8              		.eabi_attribute 23, 3
   9              		.eabi_attribute 24, 1
  10              		.eabi_attribute 25, 1
  11              		.eabi_attribute 26, 1
  12              		.eabi_attribute 30, 6
  13              		.eabi_attribute 34, 1
  14              		.eabi_attribute 18, 4
  15              		.file	"fatfs.c"
  16              		.text
  17              		.global	retSD
  18              		.section	.bss.retSD,"aw",%nobits
  21              	retSD:
  22 0000 00       		.space	1
  23              		.global	SDPath
  24              		.section	.bss.SDPath,"aw",%nobits
  25              		.align	2
  28              	SDPath:
  29 0000 00000000 		.space	4
  30              		.global	SDFatFS
  31              		.section	.bss.SDFatFS,"aw",%nobits
  32              		.align	2
  35              	SDFatFS:
  36 0000 00000000 		.space	4152
  36      00000000 
  36      00000000 
  36      00000000 
  36      00000000 
  37              		.global	SDFile
  38              		.section	.bss.SDFile,"aw",%nobits
  39              		.align	2
  42              	SDFile:
  43 0000 00000000 		.space	4144
  43      00000000 
  43      00000000 
  43      00000000 
  43      00000000 
  44              		.section	.text.MX_FATFS_Init,"ax",%progbits
  45              		.align	1
  46              		.global	MX_FATFS_Init
  47              		.syntax unified
  48              		.thumb
  49              		.thumb_func
  51              	MX_FATFS_Init:
  52              		@ args = 0, pretend = 0, frame = 0
  53              		@ frame_needed = 1, uses_anonymous_args = 0
  54 0000 80B5     		push	{r7, lr}
  55 0002 00AF     		add	r7, sp, #0
  56 0004 0449     		ldr	r1, .L2
  57 0006 0548     		ldr	r0, .L2+4
  58 0008 FFF7FEFF 		bl	FATFS_LinkDriver
ARM GAS  C:\Users\user\AppData\Local\Temp\cc7D5o6h.s 			page 2


  59 000c 0346     		mov	r3, r0
  60 000e 1A46     		mov	r2, r3
  61 0010 034B     		ldr	r3, .L2+8
  62 0012 1A70     		strb	r2, [r3]
  63 0014 00BF     		nop
  64 0016 80BD     		pop	{r7, pc}
  65              	.L3:
  66              		.align	2
  67              	.L2:
  68 0018 00000000 		.word	SDPath
  69 001c 00000000 		.word	SD_Driver
  70 0020 00000000 		.word	retSD
  72              		.section	.text.get_fattime,"ax",%progbits
  73              		.align	1
  74              		.global	get_fattime
  75              		.syntax unified
  76              		.thumb
  77              		.thumb_func
  79              	get_fattime:
  80              		@ args = 0, pretend = 0, frame = 0
  81              		@ frame_needed = 1, uses_anonymous_args = 0
  82              		@ link register save eliminated.
  83 0000 80B4     		push	{r7}
  84 0002 00AF     		add	r7, sp, #0
  85 0004 0023     		movs	r3, #0
  86 0006 1846     		mov	r0, r3
  87 0008 BD46     		mov	sp, r7
  88              		@ sp needed
  89 000a 5DF8047B 		ldr	r7, [sp], #4
  90 000e 7047     		bx	lr
  92              		.ident	"GCC: (GNU Tools for STM32 12.3.rel1.20240306-1730) 12.3.1 20230626"
ARM GAS  C:\Users\user\AppData\Local\Temp\cc7D5o6h.s 			page 3


DEFINED SYMBOLS
                            *ABS*:00000000 fatfs.c
C:\Users\user\AppData\Local\Temp\cc7D5o6h.s:21     .bss.retSD:00000000 retSD
C:\Users\user\AppData\Local\Temp\cc7D5o6h.s:22     .bss.retSD:00000000 $d
C:\Users\user\AppData\Local\Temp\cc7D5o6h.s:28     .bss.SDPath:00000000 SDPath
C:\Users\user\AppData\Local\Temp\cc7D5o6h.s:25     .bss.SDPath:00000000 $d
C:\Users\user\AppData\Local\Temp\cc7D5o6h.s:35     .bss.SDFatFS:00000000 SDFatFS
C:\Users\user\AppData\Local\Temp\cc7D5o6h.s:32     .bss.SDFatFS:00000000 $d
C:\Users\user\AppData\Local\Temp\cc7D5o6h.s:42     .bss.SDFile:00000000 SDFile
C:\Users\user\AppData\Local\Temp\cc7D5o6h.s:39     .bss.SDFile:00000000 $d
C:\Users\user\AppData\Local\Temp\cc7D5o6h.s:45     .text.MX_FATFS_Init:00000000 $t
C:\Users\user\AppData\Local\Temp\cc7D5o6h.s:51     .text.MX_FATFS_Init:00000000 MX_FATFS_Init
C:\Users\user\AppData\Local\Temp\cc7D5o6h.s:68     .text.MX_FATFS_Init:00000018 $d
C:\Users\user\AppData\Local\Temp\cc7D5o6h.s:73     .text.get_fattime:00000000 $t
C:\Users\user\AppData\Local\Temp\cc7D5o6h.s:79     .text.get_fattime:00000000 get_fattime

UNDEFINED SYMBOLS
FATFS_LinkDriver
SD_Driver
