ARM GAS  C:\Users\user\AppData\Local\Temp\ccZd46gV.s 			page 1


   1              		.cpu cortex-m4
   2              		.arch armv7e-m
   3              		.fpu fpv4-sp-d16
   4              		.eabi_attribute 27, 1
   5              		.eabi_attribute 28, 1
   6              		.eabi_attribute 20, 1
   7              		.eabi_attribute 21, 1
   8              		.eabi_attribute 23, 3
   9              		.eabi_attribute 24, 1
  10              		.eabi_attribute 25, 1
  11              		.eabi_attribute 26, 1
  12              		.eabi_attribute 30, 6
  13              		.eabi_attribute 34, 1
  14              		.eabi_attribute 18, 4
  15              		.file	"fatfs_platform.c"
  16              		.text
  17              		.section	.text.BSP_PlatformIsDetected,"ax",%progbits
  18              		.align	1
  19              		.global	BSP_PlatformIsDetected
  20              		.syntax unified
  21              		.thumb
  22              		.thumb_func
  24              	BSP_PlatformIsDetected:
  25              		@ args = 0, pretend = 0, frame = 8
  26              		@ frame_needed = 1, uses_anonymous_args = 0
  27 0000 80B5     		push	{r7, lr}
  28 0002 82B0     		sub	sp, sp, #8
  29 0004 00AF     		add	r7, sp, #0
  30 0006 0123     		movs	r3, #1
  31 0008 FB71     		strb	r3, [r7, #7]
  32 000a 4FF48051 		mov	r1, #4096
  33 000e 0648     		ldr	r0, .L4
  34 0010 FFF7FEFF 		bl	HAL_GPIO_ReadPin
  35 0014 0346     		mov	r3, r0
  36 0016 002B     		cmp	r3, #0
  37 0018 01D0     		beq	.L2
  38 001a 0023     		movs	r3, #0
  39 001c FB71     		strb	r3, [r7, #7]
  40              	.L2:
  41 001e FB79     		ldrb	r3, [r7, #7]	@ zero_extendqisi2
  42 0020 1846     		mov	r0, r3
  43 0022 0837     		adds	r7, r7, #8
  44 0024 BD46     		mov	sp, r7
  45              		@ sp needed
  46 0026 80BD     		pop	{r7, pc}
  47              	.L5:
  48              		.align	2
  49              	.L4:
  50 0028 00040240 		.word	1073873920
  52              		.ident	"GCC: (GNU Tools for STM32 12.3.rel1.20240306-1730) 12.3.1 20230626"
ARM GAS  C:\Users\user\AppData\Local\Temp\ccZd46gV.s 			page 2


DEFINED SYMBOLS
                            *ABS*:00000000 fatfs_platform.c
C:\Users\user\AppData\Local\Temp\ccZd46gV.s:18     .text.BSP_PlatformIsDetected:00000000 $t
C:\Users\user\AppData\Local\Temp\ccZd46gV.s:24     .text.BSP_PlatformIsDetected:00000000 BSP_PlatformIsDetected
C:\Users\user\AppData\Local\Temp\ccZd46gV.s:50     .text.BSP_PlatformIsDetected:00000028 $d

UNDEFINED SYMBOLS
HAL_GPIO_ReadPin
