ARM GAS  C:\Users\user\AppData\Local\Temp\ccNnclkN.s 			page 1


   1              		.cpu cortex-m4
   2              		.arch armv7e-m
   3              		.fpu fpv4-sp-d16
   4              		.eabi_attribute 27, 1
   5              		.eabi_attribute 28, 1
   6              		.eabi_attribute 20, 1
   7              		.eabi_attribute 21, 1
   8              		.eabi_attribute 23, 3
   9              		.eabi_attribute 24, 1
  10              		.eabi_attribute 25, 1
  11              		.eabi_attribute 26, 1
  12              		.eabi_attribute 30, 6
  13              		.eabi_attribute 34, 1
  14              		.eabi_attribute 18, 4
  15              		.file	"logger.c"
  16              		.text
  17              		.section	.text.SYS_LOG,"ax",%progbits
  18              		.align	1
  19              		.global	SYS_LOG
  20              		.syntax unified
  21              		.thumb
  22              		.thumb_func
  24              	SYS_LOG:
  25              		@ args = 0, pretend = 0, frame = 16
  26              		@ frame_needed = 1, uses_anonymous_args = 0
  27 0000 80B5     		push	{r7, lr}
  28 0002 84B0     		sub	sp, sp, #16
  29 0004 00AF     		add	r7, sp, #0
  30 0006 0346     		mov	r3, r0
  31 0008 3A60     		str	r2, [r7]
  32 000a FB71     		strb	r3, [r7, #7]
  33 000c 0B46     		mov	r3, r1
  34 000e BB71     		strb	r3, [r7, #6]
  35 0010 FFF7FEFF 		bl	HAL_GetTick
  36 0014 0346     		mov	r3, r0
  37 0016 4E4A     		ldr	r2, .L5
  38 0018 1360     		str	r3, [r2]
  39 001a 4D4A     		ldr	r2, .L5
  40 001c FB79     		ldrb	r3, [r7, #7]
  41 001e 1371     		strb	r3, [r2, #4]
  42 0020 4B4A     		ldr	r2, .L5
  43 0022 BB79     		ldrb	r3, [r7, #6]
  44 0024 5371     		strb	r3, [r2, #5]
  45 0026 3B68     		ldr	r3, [r7]
  46 0028 DAB2     		uxtb	r2, r3
  47 002a 494B     		ldr	r3, .L5
  48 002c 9A71     		strb	r2, [r3, #6]
  49 002e 484B     		ldr	r3, .L5
  50 0030 1B78     		ldrb	r3, [r3]	@ zero_extendqisi2
  51 0032 FB60     		str	r3, [r7, #12]
  52 0034 474B     		ldr	r3, .L5+4
  53 0036 1B78     		ldrb	r3, [r3]	@ zero_extendqisi2
  54 0038 1A46     		mov	r2, r3
  55 003a FB68     		ldr	r3, [r7, #12]
  56 003c 1344     		add	r3, r3, r2
  57 003e FB60     		str	r3, [r7, #12]
  58 0040 454B     		ldr	r3, .L5+8
ARM GAS  C:\Users\user\AppData\Local\Temp\ccNnclkN.s 			page 2


  59 0042 1B78     		ldrb	r3, [r3]	@ zero_extendqisi2
  60 0044 1A46     		mov	r2, r3
  61 0046 FB68     		ldr	r3, [r7, #12]
  62 0048 1344     		add	r3, r3, r2
  63 004a FB60     		str	r3, [r7, #12]
  64 004c 434B     		ldr	r3, .L5+12
  65 004e 1B78     		ldrb	r3, [r3]	@ zero_extendqisi2
  66 0050 1A46     		mov	r2, r3
  67 0052 FB68     		ldr	r3, [r7, #12]
  68 0054 1344     		add	r3, r3, r2
  69 0056 FB60     		str	r3, [r7, #12]
  70 0058 414B     		ldr	r3, .L5+16
  71 005a 1B78     		ldrb	r3, [r3]	@ zero_extendqisi2
  72 005c 1A46     		mov	r2, r3
  73 005e FB68     		ldr	r3, [r7, #12]
  74 0060 1344     		add	r3, r3, r2
  75 0062 FB60     		str	r3, [r7, #12]
  76 0064 3F4B     		ldr	r3, .L5+20
  77 0066 1B78     		ldrb	r3, [r3]	@ zero_extendqisi2
  78 0068 1A46     		mov	r2, r3
  79 006a FB68     		ldr	r3, [r7, #12]
  80 006c 1344     		add	r3, r3, r2
  81 006e FB60     		str	r3, [r7, #12]
  82 0070 3D4B     		ldr	r3, .L5+24
  83 0072 1B78     		ldrb	r3, [r3]	@ zero_extendqisi2
  84 0074 1A46     		mov	r2, r3
  85 0076 FB68     		ldr	r3, [r7, #12]
  86 0078 1344     		add	r3, r3, r2
  87 007a FB60     		str	r3, [r7, #12]
  88 007c 3B4B     		ldr	r3, .L5+28
  89 007e 1B78     		ldrb	r3, [r3]	@ zero_extendqisi2
  90 0080 1A46     		mov	r2, r3
  91 0082 FB68     		ldr	r3, [r7, #12]
  92 0084 1344     		add	r3, r3, r2
  93 0086 FB60     		str	r3, [r7, #12]
  94 0088 394B     		ldr	r3, .L5+32
  95 008a 1B78     		ldrb	r3, [r3]	@ zero_extendqisi2
  96 008c 1A46     		mov	r2, r3
  97 008e FB68     		ldr	r3, [r7, #12]
  98 0090 1344     		add	r3, r3, r2
  99 0092 FB60     		str	r3, [r7, #12]
 100 0094 374B     		ldr	r3, .L5+36
 101 0096 1B78     		ldrb	r3, [r3]	@ zero_extendqisi2
 102 0098 1A46     		mov	r2, r3
 103 009a FB68     		ldr	r3, [r7, #12]
 104 009c 1344     		add	r3, r3, r2
 105 009e FB60     		str	r3, [r7, #12]
 106 00a0 354B     		ldr	r3, .L5+40
 107 00a2 1B78     		ldrb	r3, [r3]	@ zero_extendqisi2
 108 00a4 1A46     		mov	r2, r3
 109 00a6 FB68     		ldr	r3, [r7, #12]
 110 00a8 1344     		add	r3, r3, r2
 111 00aa FB60     		str	r3, [r7, #12]
 112 00ac 334B     		ldr	r3, .L5+44
 113 00ae 1B78     		ldrb	r3, [r3]	@ zero_extendqisi2
 114 00b0 1A46     		mov	r2, r3
 115 00b2 FB68     		ldr	r3, [r7, #12]
ARM GAS  C:\Users\user\AppData\Local\Temp\ccNnclkN.s 			page 3


 116 00b4 1344     		add	r3, r3, r2
 117 00b6 FB60     		str	r3, [r7, #12]
 118 00b8 314B     		ldr	r3, .L5+48
 119 00ba 1B78     		ldrb	r3, [r3]	@ zero_extendqisi2
 120 00bc 1A46     		mov	r2, r3
 121 00be FB68     		ldr	r3, [r7, #12]
 122 00c0 1344     		add	r3, r3, r2
 123 00c2 FB60     		str	r3, [r7, #12]
 124 00c4 2F4B     		ldr	r3, .L5+52
 125 00c6 1B78     		ldrb	r3, [r3]	@ zero_extendqisi2
 126 00c8 1A46     		mov	r2, r3
 127 00ca FB68     		ldr	r3, [r7, #12]
 128 00cc 1344     		add	r3, r3, r2
 129 00ce FB60     		str	r3, [r7, #12]
 130 00d0 2D4B     		ldr	r3, .L5+56
 131 00d2 1B78     		ldrb	r3, [r3]	@ zero_extendqisi2
 132 00d4 1A46     		mov	r2, r3
 133 00d6 FB68     		ldr	r3, [r7, #12]
 134 00d8 1344     		add	r3, r3, r2
 135 00da FB60     		str	r3, [r7, #12]
 136 00dc FB68     		ldr	r3, [r7, #12]
 137 00de DAB2     		uxtb	r2, r3
 138 00e0 1B4B     		ldr	r3, .L5
 139 00e2 DA71     		strb	r2, [r3, #7]
 140 00e4 294B     		ldr	r3, .L5+60
 141 00e6 5B78     		ldrb	r3, [r3, #1]	@ zero_extendqisi2
 142 00e8 002B     		cmp	r3, #0
 143 00ea 04D0     		beq	.L2
 144 00ec 1022     		movs	r2, #16
 145 00ee 1849     		ldr	r1, .L5
 146 00f0 2748     		ldr	r0, .L5+64
 147 00f2 FFF7FEFF 		bl	ring_buffer_queue_arr
 148              	.L2:
 149 00f6 254B     		ldr	r3, .L5+60
 150 00f8 9B78     		ldrb	r3, [r3, #2]	@ zero_extendqisi2
 151 00fa 002B     		cmp	r3, #0
 152 00fc 10D0     		beq	.L3
 153 00fe 254B     		ldr	r3, .L5+68
 154 0100 1B68     		ldr	r3, [r3]
 155 0102 03F00203 		and	r3, r3, #2
 156 0106 002B     		cmp	r3, #0
 157 0108 0AD0     		beq	.L3
 158 010a 234B     		ldr	r3, .L5+72
 159 010c 1B68     		ldr	r3, [r3]
 160 010e 43F00103 		orr	r3, r3, #1
 161 0112 214A     		ldr	r2, .L5+72
 162 0114 1360     		str	r3, [r2]
 163 0116 1022     		movs	r2, #16
 164 0118 0D49     		ldr	r1, .L5
 165 011a 2048     		ldr	r0, .L5+76
 166 011c FFF7FEFF 		bl	ring_buffer_queue_arr
 167              	.L3:
 168 0120 1F4B     		ldr	r3, .L5+80
 169 0122 1B68     		ldr	r3, [r3]
 170 0124 43F00103 		orr	r3, r3, #1
 171 0128 1D4A     		ldr	r2, .L5+80
 172 012a 1360     		str	r3, [r2]
ARM GAS  C:\Users\user\AppData\Local\Temp\ccNnclkN.s 			page 4


 173 012c 1022     		movs	r2, #16
 174 012e 0849     		ldr	r1, .L5
 175 0130 1C48     		ldr	r0, .L5+84
 176 0132 FFF7FEFF 		bl	ring_buffer_queue_arr
 177 0136 0D49     		ldr	r1, .L5+28
 178 0138 4FF00002 		mov	r2, #0
 179 013c 4FF00003 		mov	r3, #0
 180 0140 C1E90023 		strd	r2, [r1]
 181 0144 0023     		movs	r3, #0
 182 0146 1846     		mov	r0, r3
 183 0148 1037     		adds	r7, r7, #16
 184 014a BD46     		mov	sp, r7
 185              		@ sp needed
 186 014c 80BD     		pop	{r7, pc}
 187              	.L6:
 188 014e 00BF     		.align	2
 189              	.L5:
 190 0150 00000000 		.word	syslog
 191 0154 01000000 		.word	syslog+1
 192 0158 02000000 		.word	syslog+2
 193 015c 03000000 		.word	syslog+3
 194 0160 04000000 		.word	syslog+4
 195 0164 05000000 		.word	syslog+5
 196 0168 06000000 		.word	syslog+6
 197 016c 08000000 		.word	syslog+8
 198 0170 09000000 		.word	syslog+9
 199 0174 0A000000 		.word	syslog+10
 200 0178 0B000000 		.word	syslog+11
 201 017c 0C000000 		.word	syslog+12
 202 0180 0D000000 		.word	syslog+13
 203 0184 0E000000 		.word	syslog+14
 204 0188 0F000000 		.word	syslog+15
 205 018c 00000000 		.word	sys_state
 206 0190 00000000 		.word	SD_BUFFER
 207 0194 00000000 		.word	handshake_flag
 208 0198 00000000 		.word	telemetry_flag
 209 019c 00000000 		.word	TELEMETRY_BUFFER
 210 01a0 00000000 		.word	serial_flag
 211 01a4 00000000 		.word	SERIAL_BUFFER
 213              		.ident	"GCC: (GNU Tools for STM32 12.3.rel1.20240306-1730) 12.3.1 20230626"
ARM GAS  C:\Users\user\AppData\Local\Temp\ccNnclkN.s 			page 5


DEFINED SYMBOLS
                            *ABS*:00000000 logger.c
C:\Users\user\AppData\Local\Temp\ccNnclkN.s:18     .text.SYS_LOG:00000000 $t
C:\Users\user\AppData\Local\Temp\ccNnclkN.s:24     .text.SYS_LOG:00000000 SYS_LOG
C:\Users\user\AppData\Local\Temp\ccNnclkN.s:190    .text.SYS_LOG:00000150 $d

UNDEFINED SYMBOLS
HAL_GetTick
ring_buffer_queue_arr
syslog
sys_state
SD_BUFFER
handshake_flag
telemetry_flag
TELEMETRY_BUFFER
serial_flag
SERIAL_BUFFER
