ARM GAS  C:\Users\user\AppData\Local\Temp\ccmmp7po.s 			page 1


   1              		.cpu cortex-m4
   2              		.arch armv7e-m
   3              		.fpu fpv4-sp-d16
   4              		.eabi_attribute 27, 1
   5              		.eabi_attribute 28, 1
   6              		.eabi_attribute 20, 1
   7              		.eabi_attribute 21, 1
   8              		.eabi_attribute 23, 3
   9              		.eabi_attribute 24, 1
  10              		.eabi_attribute 25, 1
  11              		.eabi_attribute 26, 1
  12              		.eabi_attribute 30, 6
  13              		.eabi_attribute 34, 1
  14              		.eabi_attribute 18, 4
  15              		.file	"stm32f4xx_hal_exti.c"
  16              		.text
  17              		.section	.text.HAL_EXTI_SetConfigLine,"ax",%progbits
  18              		.align	1
  19              		.global	HAL_EXTI_SetConfigLine
  20              		.syntax unified
  21              		.thumb
  22              		.thumb_func
  24              	HAL_EXTI_SetConfigLine:
  25              		@ args = 0, pretend = 0, frame = 24
  26              		@ frame_needed = 1, uses_anonymous_args = 0
  27              		@ link register save eliminated.
  28 0000 80B4     		push	{r7}
  29 0002 87B0     		sub	sp, sp, #28
  30 0004 00AF     		add	r7, sp, #0
  31 0006 7860     		str	r0, [r7, #4]
  32 0008 3960     		str	r1, [r7]
  33 000a 7B68     		ldr	r3, [r7, #4]
  34 000c 002B     		cmp	r3, #0
  35 000e 02D0     		beq	.L2
  36 0010 3B68     		ldr	r3, [r7]
  37 0012 002B     		cmp	r3, #0
  38 0014 01D1     		bne	.L3
  39              	.L2:
  40 0016 0123     		movs	r3, #1
  41 0018 8FE0     		b	.L4
  42              	.L3:
  43 001a 3B68     		ldr	r3, [r7]
  44 001c 1A68     		ldr	r2, [r3]
  45 001e 7B68     		ldr	r3, [r7, #4]
  46 0020 1A60     		str	r2, [r3]
  47 0022 3B68     		ldr	r3, [r7]
  48 0024 1B68     		ldr	r3, [r3]
  49 0026 03F01F03 		and	r3, r3, #31
  50 002a 7B61     		str	r3, [r7, #20]
  51 002c 0122     		movs	r2, #1
  52 002e 7B69     		ldr	r3, [r7, #20]
  53 0030 02FA03F3 		lsl	r3, r2, r3
  54 0034 3B61     		str	r3, [r7, #16]
  55 0036 3B68     		ldr	r3, [r7]
  56 0038 1B68     		ldr	r3, [r3]
  57 003a 03F00073 		and	r3, r3, #33554432
  58 003e 002B     		cmp	r3, #0
ARM GAS  C:\Users\user\AppData\Local\Temp\ccmmp7po.s 			page 2


  59 0040 52D0     		beq	.L5
  60 0042 3B68     		ldr	r3, [r7]
  61 0044 9B68     		ldr	r3, [r3, #8]
  62 0046 03F00103 		and	r3, r3, #1
  63 004a 002B     		cmp	r3, #0
  64 004c 06D0     		beq	.L6
  65 004e 3E4B     		ldr	r3, .L14
  66 0050 9A68     		ldr	r2, [r3, #8]
  67 0052 3D49     		ldr	r1, .L14
  68 0054 3B69     		ldr	r3, [r7, #16]
  69 0056 1343     		orrs	r3, r3, r2
  70 0058 8B60     		str	r3, [r1, #8]
  71 005a 06E0     		b	.L7
  72              	.L6:
  73 005c 3A4B     		ldr	r3, .L14
  74 005e 9A68     		ldr	r2, [r3, #8]
  75 0060 3B69     		ldr	r3, [r7, #16]
  76 0062 DB43     		mvns	r3, r3
  77 0064 3849     		ldr	r1, .L14
  78 0066 1340     		ands	r3, r3, r2
  79 0068 8B60     		str	r3, [r1, #8]
  80              	.L7:
  81 006a 3B68     		ldr	r3, [r7]
  82 006c 9B68     		ldr	r3, [r3, #8]
  83 006e 03F00203 		and	r3, r3, #2
  84 0072 002B     		cmp	r3, #0
  85 0074 06D0     		beq	.L8
  86 0076 344B     		ldr	r3, .L14
  87 0078 DA68     		ldr	r2, [r3, #12]
  88 007a 3349     		ldr	r1, .L14
  89 007c 3B69     		ldr	r3, [r7, #16]
  90 007e 1343     		orrs	r3, r3, r2
  91 0080 CB60     		str	r3, [r1, #12]
  92 0082 06E0     		b	.L9
  93              	.L8:
  94 0084 304B     		ldr	r3, .L14
  95 0086 DA68     		ldr	r2, [r3, #12]
  96 0088 3B69     		ldr	r3, [r7, #16]
  97 008a DB43     		mvns	r3, r3
  98 008c 2E49     		ldr	r1, .L14
  99 008e 1340     		ands	r3, r3, r2
 100 0090 CB60     		str	r3, [r1, #12]
 101              	.L9:
 102 0092 3B68     		ldr	r3, [r7]
 103 0094 1B68     		ldr	r3, [r3]
 104 0096 03F0C063 		and	r3, r3, #100663296
 105 009a B3F1C06F 		cmp	r3, #100663296
 106 009e 23D1     		bne	.L5
 107 00a0 2A4A     		ldr	r2, .L14+4
 108 00a2 7B69     		ldr	r3, [r7, #20]
 109 00a4 9B08     		lsrs	r3, r3, #2
 110 00a6 0233     		adds	r3, r3, #2
 111 00a8 52F82330 		ldr	r3, [r2, r3, lsl #2]
 112 00ac FB60     		str	r3, [r7, #12]
 113 00ae 7B69     		ldr	r3, [r7, #20]
 114 00b0 03F00303 		and	r3, r3, #3
 115 00b4 9B00     		lsls	r3, r3, #2
ARM GAS  C:\Users\user\AppData\Local\Temp\ccmmp7po.s 			page 3


 116 00b6 0F22     		movs	r2, #15
 117 00b8 02FA03F3 		lsl	r3, r2, r3
 118 00bc DB43     		mvns	r3, r3
 119 00be FA68     		ldr	r2, [r7, #12]
 120 00c0 1340     		ands	r3, r3, r2
 121 00c2 FB60     		str	r3, [r7, #12]
 122 00c4 3B68     		ldr	r3, [r7]
 123 00c6 DA68     		ldr	r2, [r3, #12]
 124 00c8 7B69     		ldr	r3, [r7, #20]
 125 00ca 03F00303 		and	r3, r3, #3
 126 00ce 9B00     		lsls	r3, r3, #2
 127 00d0 02FA03F3 		lsl	r3, r2, r3
 128 00d4 FA68     		ldr	r2, [r7, #12]
 129 00d6 1343     		orrs	r3, r3, r2
 130 00d8 FB60     		str	r3, [r7, #12]
 131 00da 1C49     		ldr	r1, .L14+4
 132 00dc 7B69     		ldr	r3, [r7, #20]
 133 00de 9B08     		lsrs	r3, r3, #2
 134 00e0 0233     		adds	r3, r3, #2
 135 00e2 FA68     		ldr	r2, [r7, #12]
 136 00e4 41F82320 		str	r2, [r1, r3, lsl #2]
 137              	.L5:
 138 00e8 3B68     		ldr	r3, [r7]
 139 00ea 5B68     		ldr	r3, [r3, #4]
 140 00ec 03F00103 		and	r3, r3, #1
 141 00f0 002B     		cmp	r3, #0
 142 00f2 06D0     		beq	.L10
 143 00f4 144B     		ldr	r3, .L14
 144 00f6 1A68     		ldr	r2, [r3]
 145 00f8 1349     		ldr	r1, .L14
 146 00fa 3B69     		ldr	r3, [r7, #16]
 147 00fc 1343     		orrs	r3, r3, r2
 148 00fe 0B60     		str	r3, [r1]
 149 0100 06E0     		b	.L11
 150              	.L10:
 151 0102 114B     		ldr	r3, .L14
 152 0104 1A68     		ldr	r2, [r3]
 153 0106 3B69     		ldr	r3, [r7, #16]
 154 0108 DB43     		mvns	r3, r3
 155 010a 0F49     		ldr	r1, .L14
 156 010c 1340     		ands	r3, r3, r2
 157 010e 0B60     		str	r3, [r1]
 158              	.L11:
 159 0110 3B68     		ldr	r3, [r7]
 160 0112 5B68     		ldr	r3, [r3, #4]
 161 0114 03F00203 		and	r3, r3, #2
 162 0118 002B     		cmp	r3, #0
 163 011a 06D0     		beq	.L12
 164 011c 0A4B     		ldr	r3, .L14
 165 011e 5A68     		ldr	r2, [r3, #4]
 166 0120 0949     		ldr	r1, .L14
 167 0122 3B69     		ldr	r3, [r7, #16]
 168 0124 1343     		orrs	r3, r3, r2
 169 0126 4B60     		str	r3, [r1, #4]
 170 0128 06E0     		b	.L13
 171              	.L12:
 172 012a 074B     		ldr	r3, .L14
ARM GAS  C:\Users\user\AppData\Local\Temp\ccmmp7po.s 			page 4


 173 012c 5A68     		ldr	r2, [r3, #4]
 174 012e 3B69     		ldr	r3, [r7, #16]
 175 0130 DB43     		mvns	r3, r3
 176 0132 0549     		ldr	r1, .L14
 177 0134 1340     		ands	r3, r3, r2
 178 0136 4B60     		str	r3, [r1, #4]
 179              	.L13:
 180 0138 0023     		movs	r3, #0
 181              	.L4:
 182 013a 1846     		mov	r0, r3
 183 013c 1C37     		adds	r7, r7, #28
 184 013e BD46     		mov	sp, r7
 185              		@ sp needed
 186 0140 5DF8047B 		ldr	r7, [sp], #4
 187 0144 7047     		bx	lr
 188              	.L15:
 189 0146 00BF     		.align	2
 190              	.L14:
 191 0148 003C0140 		.word	1073822720
 192 014c 00380140 		.word	1073821696
 194              		.section	.text.HAL_EXTI_GetConfigLine,"ax",%progbits
 195              		.align	1
 196              		.global	HAL_EXTI_GetConfigLine
 197              		.syntax unified
 198              		.thumb
 199              		.thumb_func
 201              	HAL_EXTI_GetConfigLine:
 202              		@ args = 0, pretend = 0, frame = 24
 203              		@ frame_needed = 1, uses_anonymous_args = 0
 204              		@ link register save eliminated.
 205 0000 80B4     		push	{r7}
 206 0002 87B0     		sub	sp, sp, #28
 207 0004 00AF     		add	r7, sp, #0
 208 0006 7860     		str	r0, [r7, #4]
 209 0008 3960     		str	r1, [r7]
 210 000a 7B68     		ldr	r3, [r7, #4]
 211 000c 002B     		cmp	r3, #0
 212 000e 02D0     		beq	.L17
 213 0010 3B68     		ldr	r3, [r7]
 214 0012 002B     		cmp	r3, #0
 215 0014 01D1     		bne	.L18
 216              	.L17:
 217 0016 0123     		movs	r3, #1
 218 0018 62E0     		b	.L19
 219              	.L18:
 220 001a 7B68     		ldr	r3, [r7, #4]
 221 001c 1A68     		ldr	r2, [r3]
 222 001e 3B68     		ldr	r3, [r7]
 223 0020 1A60     		str	r2, [r3]
 224 0022 3B68     		ldr	r3, [r7]
 225 0024 1B68     		ldr	r3, [r3]
 226 0026 03F01F03 		and	r3, r3, #31
 227 002a 7B61     		str	r3, [r7, #20]
 228 002c 0122     		movs	r2, #1
 229 002e 7B69     		ldr	r3, [r7, #20]
 230 0030 02FA03F3 		lsl	r3, r2, r3
 231 0034 3B61     		str	r3, [r7, #16]
ARM GAS  C:\Users\user\AppData\Local\Temp\ccmmp7po.s 			page 5


 232 0036 2D4B     		ldr	r3, .L26
 233 0038 1A68     		ldr	r2, [r3]
 234 003a 3B69     		ldr	r3, [r7, #16]
 235 003c 1340     		ands	r3, r3, r2
 236 003e 002B     		cmp	r3, #0
 237 0040 03D0     		beq	.L20
 238 0042 3B68     		ldr	r3, [r7]
 239 0044 0122     		movs	r2, #1
 240 0046 5A60     		str	r2, [r3, #4]
 241 0048 02E0     		b	.L21
 242              	.L20:
 243 004a 3B68     		ldr	r3, [r7]
 244 004c 0022     		movs	r2, #0
 245 004e 5A60     		str	r2, [r3, #4]
 246              	.L21:
 247 0050 264B     		ldr	r3, .L26
 248 0052 5A68     		ldr	r2, [r3, #4]
 249 0054 3B69     		ldr	r3, [r7, #16]
 250 0056 1340     		ands	r3, r3, r2
 251 0058 002B     		cmp	r3, #0
 252 005a 05D0     		beq	.L22
 253 005c 3B68     		ldr	r3, [r7]
 254 005e 5B68     		ldr	r3, [r3, #4]
 255 0060 43F00202 		orr	r2, r3, #2
 256 0064 3B68     		ldr	r3, [r7]
 257 0066 5A60     		str	r2, [r3, #4]
 258              	.L22:
 259 0068 3B68     		ldr	r3, [r7]
 260 006a 0022     		movs	r2, #0
 261 006c 9A60     		str	r2, [r3, #8]
 262 006e 3B68     		ldr	r3, [r7]
 263 0070 0022     		movs	r2, #0
 264 0072 DA60     		str	r2, [r3, #12]
 265 0074 3B68     		ldr	r3, [r7]
 266 0076 1B68     		ldr	r3, [r3]
 267 0078 03F00073 		and	r3, r3, #33554432
 268 007c 002B     		cmp	r3, #0
 269 007e 2ED0     		beq	.L23
 270 0080 1A4B     		ldr	r3, .L26
 271 0082 9A68     		ldr	r2, [r3, #8]
 272 0084 3B69     		ldr	r3, [r7, #16]
 273 0086 1340     		ands	r3, r3, r2
 274 0088 002B     		cmp	r3, #0
 275 008a 02D0     		beq	.L24
 276 008c 3B68     		ldr	r3, [r7]
 277 008e 0122     		movs	r2, #1
 278 0090 9A60     		str	r2, [r3, #8]
 279              	.L24:
 280 0092 164B     		ldr	r3, .L26
 281 0094 DA68     		ldr	r2, [r3, #12]
 282 0096 3B69     		ldr	r3, [r7, #16]
 283 0098 1340     		ands	r3, r3, r2
 284 009a 002B     		cmp	r3, #0
 285 009c 05D0     		beq	.L25
 286 009e 3B68     		ldr	r3, [r7]
 287 00a0 9B68     		ldr	r3, [r3, #8]
 288 00a2 43F00202 		orr	r2, r3, #2
ARM GAS  C:\Users\user\AppData\Local\Temp\ccmmp7po.s 			page 6


 289 00a6 3B68     		ldr	r3, [r7]
 290 00a8 9A60     		str	r2, [r3, #8]
 291              	.L25:
 292 00aa 3B68     		ldr	r3, [r7]
 293 00ac 1B68     		ldr	r3, [r3]
 294 00ae 03F0C063 		and	r3, r3, #100663296
 295 00b2 B3F1C06F 		cmp	r3, #100663296
 296 00b6 12D1     		bne	.L23
 297 00b8 0D4A     		ldr	r2, .L26+4
 298 00ba 7B69     		ldr	r3, [r7, #20]
 299 00bc 9B08     		lsrs	r3, r3, #2
 300 00be 0233     		adds	r3, r3, #2
 301 00c0 52F82330 		ldr	r3, [r2, r3, lsl #2]
 302 00c4 1B04     		lsls	r3, r3, #16
 303 00c6 FB60     		str	r3, [r7, #12]
 304 00c8 7B69     		ldr	r3, [r7, #20]
 305 00ca DB43     		mvns	r3, r3
 306 00cc 03F00303 		and	r3, r3, #3
 307 00d0 9B00     		lsls	r3, r3, #2
 308 00d2 FA68     		ldr	r2, [r7, #12]
 309 00d4 02FA03F3 		lsl	r3, r2, r3
 310 00d8 1A0F     		lsrs	r2, r3, #28
 311 00da 3B68     		ldr	r3, [r7]
 312 00dc DA60     		str	r2, [r3, #12]
 313              	.L23:
 314 00de 0023     		movs	r3, #0
 315              	.L19:
 316 00e0 1846     		mov	r0, r3
 317 00e2 1C37     		adds	r7, r7, #28
 318 00e4 BD46     		mov	sp, r7
 319              		@ sp needed
 320 00e6 5DF8047B 		ldr	r7, [sp], #4
 321 00ea 7047     		bx	lr
 322              	.L27:
 323              		.align	2
 324              	.L26:
 325 00ec 003C0140 		.word	1073822720
 326 00f0 00380140 		.word	1073821696
 328              		.section	.text.HAL_EXTI_ClearConfigLine,"ax",%progbits
 329              		.align	1
 330              		.global	HAL_EXTI_ClearConfigLine
 331              		.syntax unified
 332              		.thumb
 333              		.thumb_func
 335              	HAL_EXTI_ClearConfigLine:
 336              		@ args = 0, pretend = 0, frame = 24
 337              		@ frame_needed = 1, uses_anonymous_args = 0
 338              		@ link register save eliminated.
 339 0000 80B4     		push	{r7}
 340 0002 87B0     		sub	sp, sp, #28
 341 0004 00AF     		add	r7, sp, #0
 342 0006 7860     		str	r0, [r7, #4]
 343 0008 7B68     		ldr	r3, [r7, #4]
 344 000a 002B     		cmp	r3, #0
 345 000c 01D1     		bne	.L29
 346 000e 0123     		movs	r3, #1
 347 0010 4CE0     		b	.L30
ARM GAS  C:\Users\user\AppData\Local\Temp\ccmmp7po.s 			page 7


 348              	.L29:
 349 0012 7B68     		ldr	r3, [r7, #4]
 350 0014 1B68     		ldr	r3, [r3]
 351 0016 03F01F03 		and	r3, r3, #31
 352 001a 7B61     		str	r3, [r7, #20]
 353 001c 0122     		movs	r2, #1
 354 001e 7B69     		ldr	r3, [r7, #20]
 355 0020 02FA03F3 		lsl	r3, r2, r3
 356 0024 3B61     		str	r3, [r7, #16]
 357 0026 244B     		ldr	r3, .L32
 358 0028 1A68     		ldr	r2, [r3]
 359 002a 3B69     		ldr	r3, [r7, #16]
 360 002c DB43     		mvns	r3, r3
 361 002e 2249     		ldr	r1, .L32
 362 0030 1340     		ands	r3, r3, r2
 363 0032 0B60     		str	r3, [r1]
 364 0034 204B     		ldr	r3, .L32
 365 0036 5A68     		ldr	r2, [r3, #4]
 366 0038 3B69     		ldr	r3, [r7, #16]
 367 003a DB43     		mvns	r3, r3
 368 003c 1E49     		ldr	r1, .L32
 369 003e 1340     		ands	r3, r3, r2
 370 0040 4B60     		str	r3, [r1, #4]
 371 0042 7B68     		ldr	r3, [r7, #4]
 372 0044 1B68     		ldr	r3, [r3]
 373 0046 03F00073 		and	r3, r3, #33554432
 374 004a 002B     		cmp	r3, #0
 375 004c 2DD0     		beq	.L31
 376 004e 1A4B     		ldr	r3, .L32
 377 0050 9A68     		ldr	r2, [r3, #8]
 378 0052 3B69     		ldr	r3, [r7, #16]
 379 0054 DB43     		mvns	r3, r3
 380 0056 1849     		ldr	r1, .L32
 381 0058 1340     		ands	r3, r3, r2
 382 005a 8B60     		str	r3, [r1, #8]
 383 005c 164B     		ldr	r3, .L32
 384 005e DA68     		ldr	r2, [r3, #12]
 385 0060 3B69     		ldr	r3, [r7, #16]
 386 0062 DB43     		mvns	r3, r3
 387 0064 1449     		ldr	r1, .L32
 388 0066 1340     		ands	r3, r3, r2
 389 0068 CB60     		str	r3, [r1, #12]
 390 006a 7B68     		ldr	r3, [r7, #4]
 391 006c 1B68     		ldr	r3, [r3]
 392 006e 03F0C063 		and	r3, r3, #100663296
 393 0072 B3F1C06F 		cmp	r3, #100663296
 394 0076 18D1     		bne	.L31
 395 0078 104A     		ldr	r2, .L32+4
 396 007a 7B69     		ldr	r3, [r7, #20]
 397 007c 9B08     		lsrs	r3, r3, #2
 398 007e 0233     		adds	r3, r3, #2
 399 0080 52F82330 		ldr	r3, [r2, r3, lsl #2]
 400 0084 FB60     		str	r3, [r7, #12]
 401 0086 7B69     		ldr	r3, [r7, #20]
 402 0088 03F00303 		and	r3, r3, #3
 403 008c 9B00     		lsls	r3, r3, #2
 404 008e 0F22     		movs	r2, #15
ARM GAS  C:\Users\user\AppData\Local\Temp\ccmmp7po.s 			page 8


 405 0090 02FA03F3 		lsl	r3, r2, r3
 406 0094 DB43     		mvns	r3, r3
 407 0096 FA68     		ldr	r2, [r7, #12]
 408 0098 1340     		ands	r3, r3, r2
 409 009a FB60     		str	r3, [r7, #12]
 410 009c 0749     		ldr	r1, .L32+4
 411 009e 7B69     		ldr	r3, [r7, #20]
 412 00a0 9B08     		lsrs	r3, r3, #2
 413 00a2 0233     		adds	r3, r3, #2
 414 00a4 FA68     		ldr	r2, [r7, #12]
 415 00a6 41F82320 		str	r2, [r1, r3, lsl #2]
 416              	.L31:
 417 00aa 0023     		movs	r3, #0
 418              	.L30:
 419 00ac 1846     		mov	r0, r3
 420 00ae 1C37     		adds	r7, r7, #28
 421 00b0 BD46     		mov	sp, r7
 422              		@ sp needed
 423 00b2 5DF8047B 		ldr	r7, [sp], #4
 424 00b6 7047     		bx	lr
 425              	.L33:
 426              		.align	2
 427              	.L32:
 428 00b8 003C0140 		.word	1073822720
 429 00bc 00380140 		.word	1073821696
 431              		.section	.text.HAL_EXTI_RegisterCallback,"ax",%progbits
 432              		.align	1
 433              		.global	HAL_EXTI_RegisterCallback
 434              		.syntax unified
 435              		.thumb
 436              		.thumb_func
 438              	HAL_EXTI_RegisterCallback:
 439              		@ args = 0, pretend = 0, frame = 24
 440              		@ frame_needed = 1, uses_anonymous_args = 0
 441              		@ link register save eliminated.
 442 0000 80B4     		push	{r7}
 443 0002 87B0     		sub	sp, sp, #28
 444 0004 00AF     		add	r7, sp, #0
 445 0006 F860     		str	r0, [r7, #12]
 446 0008 0B46     		mov	r3, r1
 447 000a 7A60     		str	r2, [r7, #4]
 448 000c FB72     		strb	r3, [r7, #11]
 449 000e 0023     		movs	r3, #0
 450 0010 FB75     		strb	r3, [r7, #23]
 451 0012 FB7A     		ldrb	r3, [r7, #11]	@ zero_extendqisi2
 452 0014 002B     		cmp	r3, #0
 453 0016 03D1     		bne	.L35
 454 0018 FB68     		ldr	r3, [r7, #12]
 455 001a 7A68     		ldr	r2, [r7, #4]
 456 001c 5A60     		str	r2, [r3, #4]
 457 001e 02E0     		b	.L36
 458              	.L35:
 459 0020 0123     		movs	r3, #1
 460 0022 FB75     		strb	r3, [r7, #23]
 461 0024 00BF     		nop
 462              	.L36:
 463 0026 FB7D     		ldrb	r3, [r7, #23]	@ zero_extendqisi2
ARM GAS  C:\Users\user\AppData\Local\Temp\ccmmp7po.s 			page 9


 464 0028 1846     		mov	r0, r3
 465 002a 1C37     		adds	r7, r7, #28
 466 002c BD46     		mov	sp, r7
 467              		@ sp needed
 468 002e 5DF8047B 		ldr	r7, [sp], #4
 469 0032 7047     		bx	lr
 471              		.section	.text.HAL_EXTI_GetHandle,"ax",%progbits
 472              		.align	1
 473              		.global	HAL_EXTI_GetHandle
 474              		.syntax unified
 475              		.thumb
 476              		.thumb_func
 478              	HAL_EXTI_GetHandle:
 479              		@ args = 0, pretend = 0, frame = 8
 480              		@ frame_needed = 1, uses_anonymous_args = 0
 481              		@ link register save eliminated.
 482 0000 80B4     		push	{r7}
 483 0002 83B0     		sub	sp, sp, #12
 484 0004 00AF     		add	r7, sp, #0
 485 0006 7860     		str	r0, [r7, #4]
 486 0008 3960     		str	r1, [r7]
 487 000a 7B68     		ldr	r3, [r7, #4]
 488 000c 002B     		cmp	r3, #0
 489 000e 01D1     		bne	.L39
 490 0010 0123     		movs	r3, #1
 491 0012 03E0     		b	.L40
 492              	.L39:
 493 0014 7B68     		ldr	r3, [r7, #4]
 494 0016 3A68     		ldr	r2, [r7]
 495 0018 1A60     		str	r2, [r3]
 496 001a 0023     		movs	r3, #0
 497              	.L40:
 498 001c 1846     		mov	r0, r3
 499 001e 0C37     		adds	r7, r7, #12
 500 0020 BD46     		mov	sp, r7
 501              		@ sp needed
 502 0022 5DF8047B 		ldr	r7, [sp], #4
 503 0026 7047     		bx	lr
 505              		.section	.text.HAL_EXTI_IRQHandler,"ax",%progbits
 506              		.align	1
 507              		.global	HAL_EXTI_IRQHandler
 508              		.syntax unified
 509              		.thumb
 510              		.thumb_func
 512              	HAL_EXTI_IRQHandler:
 513              		@ args = 0, pretend = 0, frame = 16
 514              		@ frame_needed = 1, uses_anonymous_args = 0
 515 0000 80B5     		push	{r7, lr}
 516 0002 84B0     		sub	sp, sp, #16
 517 0004 00AF     		add	r7, sp, #0
 518 0006 7860     		str	r0, [r7, #4]
 519 0008 7B68     		ldr	r3, [r7, #4]
 520 000a 1B68     		ldr	r3, [r3]
 521 000c 03F01F03 		and	r3, r3, #31
 522 0010 0122     		movs	r2, #1
 523 0012 02FA03F3 		lsl	r3, r2, r3
 524 0016 FB60     		str	r3, [r7, #12]
ARM GAS  C:\Users\user\AppData\Local\Temp\ccmmp7po.s 			page 10


 525 0018 0A4B     		ldr	r3, .L44
 526 001a 5B69     		ldr	r3, [r3, #20]
 527 001c FA68     		ldr	r2, [r7, #12]
 528 001e 1340     		ands	r3, r3, r2
 529 0020 BB60     		str	r3, [r7, #8]
 530 0022 BB68     		ldr	r3, [r7, #8]
 531 0024 002B     		cmp	r3, #0
 532 0026 09D0     		beq	.L43
 533 0028 064A     		ldr	r2, .L44
 534 002a FB68     		ldr	r3, [r7, #12]
 535 002c 5361     		str	r3, [r2, #20]
 536 002e 7B68     		ldr	r3, [r7, #4]
 537 0030 5B68     		ldr	r3, [r3, #4]
 538 0032 002B     		cmp	r3, #0
 539 0034 02D0     		beq	.L43
 540 0036 7B68     		ldr	r3, [r7, #4]
 541 0038 5B68     		ldr	r3, [r3, #4]
 542 003a 9847     		blx	r3
 543              	.L43:
 544 003c 00BF     		nop
 545 003e 1037     		adds	r7, r7, #16
 546 0040 BD46     		mov	sp, r7
 547              		@ sp needed
 548 0042 80BD     		pop	{r7, pc}
 549              	.L45:
 550              		.align	2
 551              	.L44:
 552 0044 003C0140 		.word	1073822720
 554              		.section	.text.HAL_EXTI_GetPending,"ax",%progbits
 555              		.align	1
 556              		.global	HAL_EXTI_GetPending
 557              		.syntax unified
 558              		.thumb
 559              		.thumb_func
 561              	HAL_EXTI_GetPending:
 562              		@ args = 0, pretend = 0, frame = 24
 563              		@ frame_needed = 1, uses_anonymous_args = 0
 564              		@ link register save eliminated.
 565 0000 80B4     		push	{r7}
 566 0002 87B0     		sub	sp, sp, #28
 567 0004 00AF     		add	r7, sp, #0
 568 0006 7860     		str	r0, [r7, #4]
 569 0008 3960     		str	r1, [r7]
 570 000a 7B68     		ldr	r3, [r7, #4]
 571 000c 1B68     		ldr	r3, [r3]
 572 000e 03F01F03 		and	r3, r3, #31
 573 0012 7B61     		str	r3, [r7, #20]
 574 0014 0122     		movs	r2, #1
 575 0016 7B69     		ldr	r3, [r7, #20]
 576 0018 02FA03F3 		lsl	r3, r2, r3
 577 001c 3B61     		str	r3, [r7, #16]
 578 001e 074B     		ldr	r3, .L48
 579 0020 5A69     		ldr	r2, [r3, #20]
 580 0022 3B69     		ldr	r3, [r7, #16]
 581 0024 1A40     		ands	r2, r2, r3
 582 0026 7B69     		ldr	r3, [r7, #20]
 583 0028 22FA03F3 		lsr	r3, r2, r3
ARM GAS  C:\Users\user\AppData\Local\Temp\ccmmp7po.s 			page 11


 584 002c FB60     		str	r3, [r7, #12]
 585 002e FB68     		ldr	r3, [r7, #12]
 586 0030 1846     		mov	r0, r3
 587 0032 1C37     		adds	r7, r7, #28
 588 0034 BD46     		mov	sp, r7
 589              		@ sp needed
 590 0036 5DF8047B 		ldr	r7, [sp], #4
 591 003a 7047     		bx	lr
 592              	.L49:
 593              		.align	2
 594              	.L48:
 595 003c 003C0140 		.word	1073822720
 597              		.section	.text.HAL_EXTI_ClearPending,"ax",%progbits
 598              		.align	1
 599              		.global	HAL_EXTI_ClearPending
 600              		.syntax unified
 601              		.thumb
 602              		.thumb_func
 604              	HAL_EXTI_ClearPending:
 605              		@ args = 0, pretend = 0, frame = 16
 606              		@ frame_needed = 1, uses_anonymous_args = 0
 607              		@ link register save eliminated.
 608 0000 80B4     		push	{r7}
 609 0002 85B0     		sub	sp, sp, #20
 610 0004 00AF     		add	r7, sp, #0
 611 0006 7860     		str	r0, [r7, #4]
 612 0008 3960     		str	r1, [r7]
 613 000a 7B68     		ldr	r3, [r7, #4]
 614 000c 1B68     		ldr	r3, [r3]
 615 000e 03F01F03 		and	r3, r3, #31
 616 0012 0122     		movs	r2, #1
 617 0014 02FA03F3 		lsl	r3, r2, r3
 618 0018 FB60     		str	r3, [r7, #12]
 619 001a 044A     		ldr	r2, .L51
 620 001c FB68     		ldr	r3, [r7, #12]
 621 001e 5361     		str	r3, [r2, #20]
 622 0020 00BF     		nop
 623 0022 1437     		adds	r7, r7, #20
 624 0024 BD46     		mov	sp, r7
 625              		@ sp needed
 626 0026 5DF8047B 		ldr	r7, [sp], #4
 627 002a 7047     		bx	lr
 628              	.L52:
 629              		.align	2
 630              	.L51:
 631 002c 003C0140 		.word	1073822720
 633              		.section	.text.HAL_EXTI_GenerateSWI,"ax",%progbits
 634              		.align	1
 635              		.global	HAL_EXTI_GenerateSWI
 636              		.syntax unified
 637              		.thumb
 638              		.thumb_func
 640              	HAL_EXTI_GenerateSWI:
 641              		@ args = 0, pretend = 0, frame = 16
 642              		@ frame_needed = 1, uses_anonymous_args = 0
 643              		@ link register save eliminated.
 644 0000 80B4     		push	{r7}
ARM GAS  C:\Users\user\AppData\Local\Temp\ccmmp7po.s 			page 12


 645 0002 85B0     		sub	sp, sp, #20
 646 0004 00AF     		add	r7, sp, #0
 647 0006 7860     		str	r0, [r7, #4]
 648 0008 7B68     		ldr	r3, [r7, #4]
 649 000a 1B68     		ldr	r3, [r3]
 650 000c 03F01F03 		and	r3, r3, #31
 651 0010 0122     		movs	r2, #1
 652 0012 02FA03F3 		lsl	r3, r2, r3
 653 0016 FB60     		str	r3, [r7, #12]
 654 0018 044A     		ldr	r2, .L54
 655 001a FB68     		ldr	r3, [r7, #12]
 656 001c 1361     		str	r3, [r2, #16]
 657 001e 00BF     		nop
 658 0020 1437     		adds	r7, r7, #20
 659 0022 BD46     		mov	sp, r7
 660              		@ sp needed
 661 0024 5DF8047B 		ldr	r7, [sp], #4
 662 0028 7047     		bx	lr
 663              	.L55:
 664 002a 00BF     		.align	2
 665              	.L54:
 666 002c 003C0140 		.word	1073822720
 668              		.ident	"GCC: (GNU Tools for STM32 12.3.rel1.20240306-1730) 12.3.1 20230626"
ARM GAS  C:\Users\user\AppData\Local\Temp\ccmmp7po.s 			page 13


DEFINED SYMBOLS
                            *ABS*:00000000 stm32f4xx_hal_exti.c
C:\Users\user\AppData\Local\Temp\ccmmp7po.s:18     .text.HAL_EXTI_SetConfigLine:00000000 $t
C:\Users\user\AppData\Local\Temp\ccmmp7po.s:24     .text.HAL_EXTI_SetConfigLine:00000000 HAL_EXTI_SetConfigLine
C:\Users\user\AppData\Local\Temp\ccmmp7po.s:191    .text.HAL_EXTI_SetConfigLine:00000148 $d
C:\Users\user\AppData\Local\Temp\ccmmp7po.s:195    .text.HAL_EXTI_GetConfigLine:00000000 $t
C:\Users\user\AppData\Local\Temp\ccmmp7po.s:201    .text.HAL_EXTI_GetConfigLine:00000000 HAL_EXTI_GetConfigLine
C:\Users\user\AppData\Local\Temp\ccmmp7po.s:325    .text.HAL_EXTI_GetConfigLine:000000ec $d
C:\Users\user\AppData\Local\Temp\ccmmp7po.s:329    .text.HAL_EXTI_ClearConfigLine:00000000 $t
C:\Users\user\AppData\Local\Temp\ccmmp7po.s:335    .text.HAL_EXTI_ClearConfigLine:00000000 HAL_EXTI_ClearConfigLine
C:\Users\user\AppData\Local\Temp\ccmmp7po.s:428    .text.HAL_EXTI_ClearConfigLine:000000b8 $d
C:\Users\user\AppData\Local\Temp\ccmmp7po.s:432    .text.HAL_EXTI_RegisterCallback:00000000 $t
C:\Users\user\AppData\Local\Temp\ccmmp7po.s:438    .text.HAL_EXTI_RegisterCallback:00000000 HAL_EXTI_RegisterCallback
C:\Users\user\AppData\Local\Temp\ccmmp7po.s:472    .text.HAL_EXTI_GetHandle:00000000 $t
C:\Users\user\AppData\Local\Temp\ccmmp7po.s:478    .text.HAL_EXTI_GetHandle:00000000 HAL_EXTI_GetHandle
C:\Users\user\AppData\Local\Temp\ccmmp7po.s:506    .text.HAL_EXTI_IRQHandler:00000000 $t
C:\Users\user\AppData\Local\Temp\ccmmp7po.s:512    .text.HAL_EXTI_IRQHandler:00000000 HAL_EXTI_IRQHandler
C:\Users\user\AppData\Local\Temp\ccmmp7po.s:552    .text.HAL_EXTI_IRQHandler:00000044 $d
C:\Users\user\AppData\Local\Temp\ccmmp7po.s:555    .text.HAL_EXTI_GetPending:00000000 $t
C:\Users\user\AppData\Local\Temp\ccmmp7po.s:561    .text.HAL_EXTI_GetPending:00000000 HAL_EXTI_GetPending
C:\Users\user\AppData\Local\Temp\ccmmp7po.s:595    .text.HAL_EXTI_GetPending:0000003c $d
C:\Users\user\AppData\Local\Temp\ccmmp7po.s:598    .text.HAL_EXTI_ClearPending:00000000 $t
C:\Users\user\AppData\Local\Temp\ccmmp7po.s:604    .text.HAL_EXTI_ClearPending:00000000 HAL_EXTI_ClearPending
C:\Users\user\AppData\Local\Temp\ccmmp7po.s:631    .text.HAL_EXTI_ClearPending:0000002c $d
C:\Users\user\AppData\Local\Temp\ccmmp7po.s:634    .text.HAL_EXTI_GenerateSWI:00000000 $t
C:\Users\user\AppData\Local\Temp\ccmmp7po.s:640    .text.HAL_EXTI_GenerateSWI:00000000 HAL_EXTI_GenerateSWI
C:\Users\user\AppData\Local\Temp\ccmmp7po.s:666    .text.HAL_EXTI_GenerateSWI:0000002c $d

NO UNDEFINED SYMBOLS
