ARM GAS  C:\Users\user\AppData\Local\Temp\ccxeI2v6.s 			page 1


   1              		.cpu cortex-m4
   2              		.arch armv7e-m
   3              		.fpu fpv4-sp-d16
   4              		.eabi_attribute 27, 1
   5              		.eabi_attribute 28, 1
   6              		.eabi_attribute 20, 1
   7              		.eabi_attribute 21, 1
   8              		.eabi_attribute 23, 3
   9              		.eabi_attribute 24, 1
  10              		.eabi_attribute 25, 1
  11              		.eabi_attribute 26, 1
  12              		.eabi_attribute 30, 6
  13              		.eabi_attribute 34, 1
  14              		.eabi_attribute 18, 4
  15              		.file	"stm32f4xx_hal.c"
  16              		.text
  17              		.global	uwTick
  18              		.section	.bss.uwTick,"aw",%nobits
  19              		.align	2
  22              	uwTick:
  23 0000 00000000 		.space	4
  24              		.global	uwTickPrio
  25              		.section	.data.uwTickPrio,"aw"
  26              		.align	2
  29              	uwTickPrio:
  30 0000 10000000 		.word	16
  31              		.global	uwTickFreq
  32              		.section	.data.uwTickFreq,"aw"
  35              	uwTickFreq:
  36 0000 01       		.byte	1
  37              		.section	.text.HAL_Init,"ax",%progbits
  38              		.align	1
  39              		.global	HAL_Init
  40              		.syntax unified
  41              		.thumb
  42              		.thumb_func
  44              	HAL_Init:
  45              		@ args = 0, pretend = 0, frame = 0
  46              		@ frame_needed = 1, uses_anonymous_args = 0
  47 0000 80B5     		push	{r7, lr}
  48 0002 00AF     		add	r7, sp, #0
  49 0004 0E4B     		ldr	r3, .L3
  50 0006 1B68     		ldr	r3, [r3]
  51 0008 0D4A     		ldr	r2, .L3
  52 000a 43F40073 		orr	r3, r3, #512
  53 000e 1360     		str	r3, [r2]
  54 0010 0B4B     		ldr	r3, .L3
  55 0012 1B68     		ldr	r3, [r3]
  56 0014 0A4A     		ldr	r2, .L3
  57 0016 43F48063 		orr	r3, r3, #1024
  58 001a 1360     		str	r3, [r2]
  59 001c 084B     		ldr	r3, .L3
  60 001e 1B68     		ldr	r3, [r3]
  61 0020 074A     		ldr	r2, .L3
  62 0022 43F48073 		orr	r3, r3, #256
  63 0026 1360     		str	r3, [r2]
  64 0028 0320     		movs	r0, #3
ARM GAS  C:\Users\user\AppData\Local\Temp\ccxeI2v6.s 			page 2


  65 002a FFF7FEFF 		bl	HAL_NVIC_SetPriorityGrouping
  66 002e 0F20     		movs	r0, #15
  67 0030 FFF7FEFF 		bl	HAL_InitTick
  68 0034 FFF7FEFF 		bl	HAL_MspInit
  69 0038 0023     		movs	r3, #0
  70 003a 1846     		mov	r0, r3
  71 003c 80BD     		pop	{r7, pc}
  72              	.L4:
  73 003e 00BF     		.align	2
  74              	.L3:
  75 0040 003C0240 		.word	1073888256
  77              		.section	.text.HAL_DeInit,"ax",%progbits
  78              		.align	1
  79              		.global	HAL_DeInit
  80              		.syntax unified
  81              		.thumb
  82              		.thumb_func
  84              	HAL_DeInit:
  85              		@ args = 0, pretend = 0, frame = 0
  86              		@ frame_needed = 1, uses_anonymous_args = 0
  87 0000 80B5     		push	{r7, lr}
  88 0002 00AF     		add	r7, sp, #0
  89 0004 134B     		ldr	r3, .L7
  90 0006 4FF0FF32 		mov	r2, #-1
  91 000a 1A62     		str	r2, [r3, #32]
  92 000c 114B     		ldr	r3, .L7
  93 000e 0022     		movs	r2, #0
  94 0010 1A62     		str	r2, [r3, #32]
  95 0012 104B     		ldr	r3, .L7
  96 0014 4FF0FF32 		mov	r2, #-1
  97 0018 5A62     		str	r2, [r3, #36]
  98 001a 0E4B     		ldr	r3, .L7
  99 001c 0022     		movs	r2, #0
 100 001e 5A62     		str	r2, [r3, #36]
 101 0020 0C4B     		ldr	r3, .L7
 102 0022 4FF0FF32 		mov	r2, #-1
 103 0026 1A61     		str	r2, [r3, #16]
 104 0028 0A4B     		ldr	r3, .L7
 105 002a 0022     		movs	r2, #0
 106 002c 1A61     		str	r2, [r3, #16]
 107 002e 094B     		ldr	r3, .L7
 108 0030 4FF0FF32 		mov	r2, #-1
 109 0034 5A61     		str	r2, [r3, #20]
 110 0036 074B     		ldr	r3, .L7
 111 0038 0022     		movs	r2, #0
 112 003a 5A61     		str	r2, [r3, #20]
 113 003c 054B     		ldr	r3, .L7
 114 003e 4FF0FF32 		mov	r2, #-1
 115 0042 9A61     		str	r2, [r3, #24]
 116 0044 034B     		ldr	r3, .L7
 117 0046 0022     		movs	r2, #0
 118 0048 9A61     		str	r2, [r3, #24]
 119 004a FFF7FEFF 		bl	HAL_MspDeInit
 120 004e 0023     		movs	r3, #0
 121 0050 1846     		mov	r0, r3
 122 0052 80BD     		pop	{r7, pc}
 123              	.L8:
ARM GAS  C:\Users\user\AppData\Local\Temp\ccxeI2v6.s 			page 3


 124              		.align	2
 125              	.L7:
 126 0054 00380240 		.word	1073887232
 128              		.section	.text.HAL_MspInit,"ax",%progbits
 129              		.align	1
 130              		.weak	HAL_MspInit
 131              		.syntax unified
 132              		.thumb
 133              		.thumb_func
 135              	HAL_MspInit:
 136              		@ args = 0, pretend = 0, frame = 0
 137              		@ frame_needed = 1, uses_anonymous_args = 0
 138              		@ link register save eliminated.
 139 0000 80B4     		push	{r7}
 140 0002 00AF     		add	r7, sp, #0
 141 0004 00BF     		nop
 142 0006 BD46     		mov	sp, r7
 143              		@ sp needed
 144 0008 5DF8047B 		ldr	r7, [sp], #4
 145 000c 7047     		bx	lr
 147              		.section	.text.HAL_MspDeInit,"ax",%progbits
 148              		.align	1
 149              		.weak	HAL_MspDeInit
 150              		.syntax unified
 151              		.thumb
 152              		.thumb_func
 154              	HAL_MspDeInit:
 155              		@ args = 0, pretend = 0, frame = 0
 156              		@ frame_needed = 1, uses_anonymous_args = 0
 157              		@ link register save eliminated.
 158 0000 80B4     		push	{r7}
 159 0002 00AF     		add	r7, sp, #0
 160 0004 00BF     		nop
 161 0006 BD46     		mov	sp, r7
 162              		@ sp needed
 163 0008 5DF8047B 		ldr	r7, [sp], #4
 164 000c 7047     		bx	lr
 166              		.section	.text.HAL_InitTick,"ax",%progbits
 167              		.align	1
 168              		.weak	HAL_InitTick
 169              		.syntax unified
 170              		.thumb
 171              		.thumb_func
 173              	HAL_InitTick:
 174              		@ args = 0, pretend = 0, frame = 8
 175              		@ frame_needed = 1, uses_anonymous_args = 0
 176 0000 80B5     		push	{r7, lr}
 177 0002 82B0     		sub	sp, sp, #8
 178 0004 00AF     		add	r7, sp, #0
 179 0006 7860     		str	r0, [r7, #4]
 180 0008 124B     		ldr	r3, .L16
 181 000a 1A68     		ldr	r2, [r3]
 182 000c 124B     		ldr	r3, .L16+4
 183 000e 1B78     		ldrb	r3, [r3]	@ zero_extendqisi2
 184 0010 1946     		mov	r1, r3
 185 0012 4FF47A73 		mov	r3, #1000
 186 0016 B3FBF1F3 		udiv	r3, r3, r1
ARM GAS  C:\Users\user\AppData\Local\Temp\ccxeI2v6.s 			page 4


 187 001a B2FBF3F3 		udiv	r3, r2, r3
 188 001e 1846     		mov	r0, r3
 189 0020 FFF7FEFF 		bl	HAL_SYSTICK_Config
 190 0024 0346     		mov	r3, r0
 191 0026 002B     		cmp	r3, #0
 192 0028 01D0     		beq	.L12
 193 002a 0123     		movs	r3, #1
 194 002c 0EE0     		b	.L13
 195              	.L12:
 196 002e 7B68     		ldr	r3, [r7, #4]
 197 0030 0F2B     		cmp	r3, #15
 198 0032 0AD8     		bhi	.L14
 199 0034 0022     		movs	r2, #0
 200 0036 7968     		ldr	r1, [r7, #4]
 201 0038 4FF0FF30 		mov	r0, #-1
 202 003c FFF7FEFF 		bl	HAL_NVIC_SetPriority
 203 0040 064A     		ldr	r2, .L16+8
 204 0042 7B68     		ldr	r3, [r7, #4]
 205 0044 1360     		str	r3, [r2]
 206 0046 0023     		movs	r3, #0
 207 0048 00E0     		b	.L13
 208              	.L14:
 209 004a 0123     		movs	r3, #1
 210              	.L13:
 211 004c 1846     		mov	r0, r3
 212 004e 0837     		adds	r7, r7, #8
 213 0050 BD46     		mov	sp, r7
 214              		@ sp needed
 215 0052 80BD     		pop	{r7, pc}
 216              	.L17:
 217              		.align	2
 218              	.L16:
 219 0054 00000000 		.word	SystemCoreClock
 220 0058 00000000 		.word	uwTickFreq
 221 005c 00000000 		.word	uwTickPrio
 223              		.section	.text.HAL_IncTick,"ax",%progbits
 224              		.align	1
 225              		.weak	HAL_IncTick
 226              		.syntax unified
 227              		.thumb
 228              		.thumb_func
 230              	HAL_IncTick:
 231              		@ args = 0, pretend = 0, frame = 0
 232              		@ frame_needed = 1, uses_anonymous_args = 0
 233              		@ link register save eliminated.
 234 0000 80B4     		push	{r7}
 235 0002 00AF     		add	r7, sp, #0
 236 0004 064B     		ldr	r3, .L19
 237 0006 1B78     		ldrb	r3, [r3]	@ zero_extendqisi2
 238 0008 1A46     		mov	r2, r3
 239 000a 064B     		ldr	r3, .L19+4
 240 000c 1B68     		ldr	r3, [r3]
 241 000e 1344     		add	r3, r3, r2
 242 0010 044A     		ldr	r2, .L19+4
 243 0012 1360     		str	r3, [r2]
 244 0014 00BF     		nop
 245 0016 BD46     		mov	sp, r7
ARM GAS  C:\Users\user\AppData\Local\Temp\ccxeI2v6.s 			page 5


 246              		@ sp needed
 247 0018 5DF8047B 		ldr	r7, [sp], #4
 248 001c 7047     		bx	lr
 249              	.L20:
 250 001e 00BF     		.align	2
 251              	.L19:
 252 0020 00000000 		.word	uwTickFreq
 253 0024 00000000 		.word	uwTick
 255              		.section	.text.HAL_GetTick,"ax",%progbits
 256              		.align	1
 257              		.weak	HAL_GetTick
 258              		.syntax unified
 259              		.thumb
 260              		.thumb_func
 262              	HAL_GetTick:
 263              		@ args = 0, pretend = 0, frame = 0
 264              		@ frame_needed = 1, uses_anonymous_args = 0
 265              		@ link register save eliminated.
 266 0000 80B4     		push	{r7}
 267 0002 00AF     		add	r7, sp, #0
 268 0004 034B     		ldr	r3, .L23
 269 0006 1B68     		ldr	r3, [r3]
 270 0008 1846     		mov	r0, r3
 271 000a BD46     		mov	sp, r7
 272              		@ sp needed
 273 000c 5DF8047B 		ldr	r7, [sp], #4
 274 0010 7047     		bx	lr
 275              	.L24:
 276 0012 00BF     		.align	2
 277              	.L23:
 278 0014 00000000 		.word	uwTick
 280              		.section	.text.HAL_GetTickPrio,"ax",%progbits
 281              		.align	1
 282              		.global	HAL_GetTickPrio
 283              		.syntax unified
 284              		.thumb
 285              		.thumb_func
 287              	HAL_GetTickPrio:
 288              		@ args = 0, pretend = 0, frame = 0
 289              		@ frame_needed = 1, uses_anonymous_args = 0
 290              		@ link register save eliminated.
 291 0000 80B4     		push	{r7}
 292 0002 00AF     		add	r7, sp, #0
 293 0004 034B     		ldr	r3, .L27
 294 0006 1B68     		ldr	r3, [r3]
 295 0008 1846     		mov	r0, r3
 296 000a BD46     		mov	sp, r7
 297              		@ sp needed
 298 000c 5DF8047B 		ldr	r7, [sp], #4
 299 0010 7047     		bx	lr
 300              	.L28:
 301 0012 00BF     		.align	2
 302              	.L27:
 303 0014 00000000 		.word	uwTickPrio
 305              		.section	.text.HAL_SetTickFreq,"ax",%progbits
 306              		.align	1
 307              		.global	HAL_SetTickFreq
ARM GAS  C:\Users\user\AppData\Local\Temp\ccxeI2v6.s 			page 6


 308              		.syntax unified
 309              		.thumb
 310              		.thumb_func
 312              	HAL_SetTickFreq:
 313              		@ args = 0, pretend = 0, frame = 16
 314              		@ frame_needed = 1, uses_anonymous_args = 0
 315 0000 80B5     		push	{r7, lr}
 316 0002 84B0     		sub	sp, sp, #16
 317 0004 00AF     		add	r7, sp, #0
 318 0006 0346     		mov	r3, r0
 319 0008 FB71     		strb	r3, [r7, #7]
 320 000a 0023     		movs	r3, #0
 321 000c FB73     		strb	r3, [r7, #15]
 322 000e 0E4B     		ldr	r3, .L32
 323 0010 1B78     		ldrb	r3, [r3]	@ zero_extendqisi2
 324 0012 FA79     		ldrb	r2, [r7, #7]	@ zero_extendqisi2
 325 0014 9A42     		cmp	r2, r3
 326 0016 12D0     		beq	.L30
 327 0018 0B4B     		ldr	r3, .L32
 328 001a 1B78     		ldrb	r3, [r3]
 329 001c BB73     		strb	r3, [r7, #14]
 330 001e 0A4A     		ldr	r2, .L32
 331 0020 FB79     		ldrb	r3, [r7, #7]
 332 0022 1370     		strb	r3, [r2]
 333 0024 094B     		ldr	r3, .L32+4
 334 0026 1B68     		ldr	r3, [r3]
 335 0028 1846     		mov	r0, r3
 336 002a FFF7FEFF 		bl	HAL_InitTick
 337 002e 0346     		mov	r3, r0
 338 0030 FB73     		strb	r3, [r7, #15]
 339 0032 FB7B     		ldrb	r3, [r7, #15]	@ zero_extendqisi2
 340 0034 002B     		cmp	r3, #0
 341 0036 02D0     		beq	.L30
 342 0038 034A     		ldr	r2, .L32
 343 003a BB7B     		ldrb	r3, [r7, #14]
 344 003c 1370     		strb	r3, [r2]
 345              	.L30:
 346 003e FB7B     		ldrb	r3, [r7, #15]	@ zero_extendqisi2
 347 0040 1846     		mov	r0, r3
 348 0042 1037     		adds	r7, r7, #16
 349 0044 BD46     		mov	sp, r7
 350              		@ sp needed
 351 0046 80BD     		pop	{r7, pc}
 352              	.L33:
 353              		.align	2
 354              	.L32:
 355 0048 00000000 		.word	uwTickFreq
 356 004c 00000000 		.word	uwTickPrio
 358              		.section	.text.HAL_GetTickFreq,"ax",%progbits
 359              		.align	1
 360              		.global	HAL_GetTickFreq
 361              		.syntax unified
 362              		.thumb
 363              		.thumb_func
 365              	HAL_GetTickFreq:
 366              		@ args = 0, pretend = 0, frame = 0
 367              		@ frame_needed = 1, uses_anonymous_args = 0
ARM GAS  C:\Users\user\AppData\Local\Temp\ccxeI2v6.s 			page 7


 368              		@ link register save eliminated.
 369 0000 80B4     		push	{r7}
 370 0002 00AF     		add	r7, sp, #0
 371 0004 034B     		ldr	r3, .L36
 372 0006 1B78     		ldrb	r3, [r3]	@ zero_extendqisi2
 373 0008 1846     		mov	r0, r3
 374 000a BD46     		mov	sp, r7
 375              		@ sp needed
 376 000c 5DF8047B 		ldr	r7, [sp], #4
 377 0010 7047     		bx	lr
 378              	.L37:
 379 0012 00BF     		.align	2
 380              	.L36:
 381 0014 00000000 		.word	uwTickFreq
 383              		.section	.text.HAL_Delay,"ax",%progbits
 384              		.align	1
 385              		.weak	HAL_Delay
 386              		.syntax unified
 387              		.thumb
 388              		.thumb_func
 390              	HAL_Delay:
 391              		@ args = 0, pretend = 0, frame = 16
 392              		@ frame_needed = 1, uses_anonymous_args = 0
 393 0000 80B5     		push	{r7, lr}
 394 0002 84B0     		sub	sp, sp, #16
 395 0004 00AF     		add	r7, sp, #0
 396 0006 7860     		str	r0, [r7, #4]
 397 0008 FFF7FEFF 		bl	HAL_GetTick
 398 000c B860     		str	r0, [r7, #8]
 399 000e 7B68     		ldr	r3, [r7, #4]
 400 0010 FB60     		str	r3, [r7, #12]
 401 0012 FB68     		ldr	r3, [r7, #12]
 402 0014 B3F1FF3F 		cmp	r3, #-1
 403 0018 05D0     		beq	.L41
 404 001a 0A4B     		ldr	r3, .L42
 405 001c 1B78     		ldrb	r3, [r3]	@ zero_extendqisi2
 406 001e 1A46     		mov	r2, r3
 407 0020 FB68     		ldr	r3, [r7, #12]
 408 0022 1344     		add	r3, r3, r2
 409 0024 FB60     		str	r3, [r7, #12]
 410              	.L41:
 411 0026 00BF     		nop
 412              	.L40:
 413 0028 FFF7FEFF 		bl	HAL_GetTick
 414 002c 0246     		mov	r2, r0
 415 002e BB68     		ldr	r3, [r7, #8]
 416 0030 D31A     		subs	r3, r2, r3
 417 0032 FA68     		ldr	r2, [r7, #12]
 418 0034 9A42     		cmp	r2, r3
 419 0036 F7D8     		bhi	.L40
 420 0038 00BF     		nop
 421 003a 00BF     		nop
 422 003c 1037     		adds	r7, r7, #16
 423 003e BD46     		mov	sp, r7
 424              		@ sp needed
 425 0040 80BD     		pop	{r7, pc}
 426              	.L43:
ARM GAS  C:\Users\user\AppData\Local\Temp\ccxeI2v6.s 			page 8


 427 0042 00BF     		.align	2
 428              	.L42:
 429 0044 00000000 		.word	uwTickFreq
 431              		.section	.text.HAL_SuspendTick,"ax",%progbits
 432              		.align	1
 433              		.weak	HAL_SuspendTick
 434              		.syntax unified
 435              		.thumb
 436              		.thumb_func
 438              	HAL_SuspendTick:
 439              		@ args = 0, pretend = 0, frame = 0
 440              		@ frame_needed = 1, uses_anonymous_args = 0
 441              		@ link register save eliminated.
 442 0000 80B4     		push	{r7}
 443 0002 00AF     		add	r7, sp, #0
 444 0004 054B     		ldr	r3, .L45
 445 0006 1B68     		ldr	r3, [r3]
 446 0008 044A     		ldr	r2, .L45
 447 000a 23F00203 		bic	r3, r3, #2
 448 000e 1360     		str	r3, [r2]
 449 0010 00BF     		nop
 450 0012 BD46     		mov	sp, r7
 451              		@ sp needed
 452 0014 5DF8047B 		ldr	r7, [sp], #4
 453 0018 7047     		bx	lr
 454              	.L46:
 455 001a 00BF     		.align	2
 456              	.L45:
 457 001c 10E000E0 		.word	-536813552
 459              		.section	.text.HAL_ResumeTick,"ax",%progbits
 460              		.align	1
 461              		.weak	HAL_ResumeTick
 462              		.syntax unified
 463              		.thumb
 464              		.thumb_func
 466              	HAL_ResumeTick:
 467              		@ args = 0, pretend = 0, frame = 0
 468              		@ frame_needed = 1, uses_anonymous_args = 0
 469              		@ link register save eliminated.
 470 0000 80B4     		push	{r7}
 471 0002 00AF     		add	r7, sp, #0
 472 0004 054B     		ldr	r3, .L48
 473 0006 1B68     		ldr	r3, [r3]
 474 0008 044A     		ldr	r2, .L48
 475 000a 43F00203 		orr	r3, r3, #2
 476 000e 1360     		str	r3, [r2]
 477 0010 00BF     		nop
 478 0012 BD46     		mov	sp, r7
 479              		@ sp needed
 480 0014 5DF8047B 		ldr	r7, [sp], #4
 481 0018 7047     		bx	lr
 482              	.L49:
 483 001a 00BF     		.align	2
 484              	.L48:
 485 001c 10E000E0 		.word	-536813552
 487              		.section	.text.HAL_GetHalVersion,"ax",%progbits
 488              		.align	1
ARM GAS  C:\Users\user\AppData\Local\Temp\ccxeI2v6.s 			page 9


 489              		.global	HAL_GetHalVersion
 490              		.syntax unified
 491              		.thumb
 492              		.thumb_func
 494              	HAL_GetHalVersion:
 495              		@ args = 0, pretend = 0, frame = 0
 496              		@ frame_needed = 1, uses_anonymous_args = 0
 497              		@ link register save eliminated.
 498 0000 80B4     		push	{r7}
 499 0002 00AF     		add	r7, sp, #0
 500 0004 024B     		ldr	r3, .L52
 501 0006 1846     		mov	r0, r3
 502 0008 BD46     		mov	sp, r7
 503              		@ sp needed
 504 000a 5DF8047B 		ldr	r7, [sp], #4
 505 000e 7047     		bx	lr
 506              	.L53:
 507              		.align	2
 508              	.L52:
 509 0010 00010801 		.word	17301760
 511              		.section	.text.HAL_GetREVID,"ax",%progbits
 512              		.align	1
 513              		.global	HAL_GetREVID
 514              		.syntax unified
 515              		.thumb
 516              		.thumb_func
 518              	HAL_GetREVID:
 519              		@ args = 0, pretend = 0, frame = 0
 520              		@ frame_needed = 1, uses_anonymous_args = 0
 521              		@ link register save eliminated.
 522 0000 80B4     		push	{r7}
 523 0002 00AF     		add	r7, sp, #0
 524 0004 034B     		ldr	r3, .L56
 525 0006 1B68     		ldr	r3, [r3]
 526 0008 1B0C     		lsrs	r3, r3, #16
 527 000a 1846     		mov	r0, r3
 528 000c BD46     		mov	sp, r7
 529              		@ sp needed
 530 000e 5DF8047B 		ldr	r7, [sp], #4
 531 0012 7047     		bx	lr
 532              	.L57:
 533              		.align	2
 534              	.L56:
 535 0014 002004E0 		.word	-536600576
 537              		.section	.text.HAL_GetDEVID,"ax",%progbits
 538              		.align	1
 539              		.global	HAL_GetDEVID
 540              		.syntax unified
 541              		.thumb
 542              		.thumb_func
 544              	HAL_GetDEVID:
 545              		@ args = 0, pretend = 0, frame = 0
 546              		@ frame_needed = 1, uses_anonymous_args = 0
 547              		@ link register save eliminated.
 548 0000 80B4     		push	{r7}
 549 0002 00AF     		add	r7, sp, #0
 550 0004 044B     		ldr	r3, .L60
ARM GAS  C:\Users\user\AppData\Local\Temp\ccxeI2v6.s 			page 10


 551 0006 1B68     		ldr	r3, [r3]
 552 0008 C3F30B03 		ubfx	r3, r3, #0, #12
 553 000c 1846     		mov	r0, r3
 554 000e BD46     		mov	sp, r7
 555              		@ sp needed
 556 0010 5DF8047B 		ldr	r7, [sp], #4
 557 0014 7047     		bx	lr
 558              	.L61:
 559 0016 00BF     		.align	2
 560              	.L60:
 561 0018 002004E0 		.word	-536600576
 563              		.section	.text.HAL_DBGMCU_EnableDBGSleepMode,"ax",%progbits
 564              		.align	1
 565              		.global	HAL_DBGMCU_EnableDBGSleepMode
 566              		.syntax unified
 567              		.thumb
 568              		.thumb_func
 570              	HAL_DBGMCU_EnableDBGSleepMode:
 571              		@ args = 0, pretend = 0, frame = 0
 572              		@ frame_needed = 1, uses_anonymous_args = 0
 573              		@ link register save eliminated.
 574 0000 80B4     		push	{r7}
 575 0002 00AF     		add	r7, sp, #0
 576 0004 054B     		ldr	r3, .L63
 577 0006 5B68     		ldr	r3, [r3, #4]
 578 0008 044A     		ldr	r2, .L63
 579 000a 43F00103 		orr	r3, r3, #1
 580 000e 5360     		str	r3, [r2, #4]
 581 0010 00BF     		nop
 582 0012 BD46     		mov	sp, r7
 583              		@ sp needed
 584 0014 5DF8047B 		ldr	r7, [sp], #4
 585 0018 7047     		bx	lr
 586              	.L64:
 587 001a 00BF     		.align	2
 588              	.L63:
 589 001c 002004E0 		.word	-536600576
 591              		.section	.text.HAL_DBGMCU_DisableDBGSleepMode,"ax",%progbits
 592              		.align	1
 593              		.global	HAL_DBGMCU_DisableDBGSleepMode
 594              		.syntax unified
 595              		.thumb
 596              		.thumb_func
 598              	HAL_DBGMCU_DisableDBGSleepMode:
 599              		@ args = 0, pretend = 0, frame = 0
 600              		@ frame_needed = 1, uses_anonymous_args = 0
 601              		@ link register save eliminated.
 602 0000 80B4     		push	{r7}
 603 0002 00AF     		add	r7, sp, #0
 604 0004 054B     		ldr	r3, .L66
 605 0006 5B68     		ldr	r3, [r3, #4]
 606 0008 044A     		ldr	r2, .L66
 607 000a 23F00103 		bic	r3, r3, #1
 608 000e 5360     		str	r3, [r2, #4]
 609 0010 00BF     		nop
 610 0012 BD46     		mov	sp, r7
 611              		@ sp needed
ARM GAS  C:\Users\user\AppData\Local\Temp\ccxeI2v6.s 			page 11


 612 0014 5DF8047B 		ldr	r7, [sp], #4
 613 0018 7047     		bx	lr
 614              	.L67:
 615 001a 00BF     		.align	2
 616              	.L66:
 617 001c 002004E0 		.word	-536600576
 619              		.section	.text.HAL_DBGMCU_EnableDBGStopMode,"ax",%progbits
 620              		.align	1
 621              		.global	HAL_DBGMCU_EnableDBGStopMode
 622              		.syntax unified
 623              		.thumb
 624              		.thumb_func
 626              	HAL_DBGMCU_EnableDBGStopMode:
 627              		@ args = 0, pretend = 0, frame = 0
 628              		@ frame_needed = 1, uses_anonymous_args = 0
 629              		@ link register save eliminated.
 630 0000 80B4     		push	{r7}
 631 0002 00AF     		add	r7, sp, #0
 632 0004 054B     		ldr	r3, .L69
 633 0006 5B68     		ldr	r3, [r3, #4]
 634 0008 044A     		ldr	r2, .L69
 635 000a 43F00203 		orr	r3, r3, #2
 636 000e 5360     		str	r3, [r2, #4]
 637 0010 00BF     		nop
 638 0012 BD46     		mov	sp, r7
 639              		@ sp needed
 640 0014 5DF8047B 		ldr	r7, [sp], #4
 641 0018 7047     		bx	lr
 642              	.L70:
 643 001a 00BF     		.align	2
 644              	.L69:
 645 001c 002004E0 		.word	-536600576
 647              		.section	.text.HAL_DBGMCU_DisableDBGStopMode,"ax",%progbits
 648              		.align	1
 649              		.global	HAL_DBGMCU_DisableDBGStopMode
 650              		.syntax unified
 651              		.thumb
 652              		.thumb_func
 654              	HAL_DBGMCU_DisableDBGStopMode:
 655              		@ args = 0, pretend = 0, frame = 0
 656              		@ frame_needed = 1, uses_anonymous_args = 0
 657              		@ link register save eliminated.
 658 0000 80B4     		push	{r7}
 659 0002 00AF     		add	r7, sp, #0
 660 0004 054B     		ldr	r3, .L72
 661 0006 5B68     		ldr	r3, [r3, #4]
 662 0008 044A     		ldr	r2, .L72
 663 000a 23F00203 		bic	r3, r3, #2
 664 000e 5360     		str	r3, [r2, #4]
 665 0010 00BF     		nop
 666 0012 BD46     		mov	sp, r7
 667              		@ sp needed
 668 0014 5DF8047B 		ldr	r7, [sp], #4
 669 0018 7047     		bx	lr
 670              	.L73:
 671 001a 00BF     		.align	2
 672              	.L72:
ARM GAS  C:\Users\user\AppData\Local\Temp\ccxeI2v6.s 			page 12


 673 001c 002004E0 		.word	-536600576
 675              		.section	.text.HAL_DBGMCU_EnableDBGStandbyMode,"ax",%progbits
 676              		.align	1
 677              		.global	HAL_DBGMCU_EnableDBGStandbyMode
 678              		.syntax unified
 679              		.thumb
 680              		.thumb_func
 682              	HAL_DBGMCU_EnableDBGStandbyMode:
 683              		@ args = 0, pretend = 0, frame = 0
 684              		@ frame_needed = 1, uses_anonymous_args = 0
 685              		@ link register save eliminated.
 686 0000 80B4     		push	{r7}
 687 0002 00AF     		add	r7, sp, #0
 688 0004 054B     		ldr	r3, .L75
 689 0006 5B68     		ldr	r3, [r3, #4]
 690 0008 044A     		ldr	r2, .L75
 691 000a 43F00403 		orr	r3, r3, #4
 692 000e 5360     		str	r3, [r2, #4]
 693 0010 00BF     		nop
 694 0012 BD46     		mov	sp, r7
 695              		@ sp needed
 696 0014 5DF8047B 		ldr	r7, [sp], #4
 697 0018 7047     		bx	lr
 698              	.L76:
 699 001a 00BF     		.align	2
 700              	.L75:
 701 001c 002004E0 		.word	-536600576
 703              		.section	.text.HAL_DBGMCU_DisableDBGStandbyMode,"ax",%progbits
 704              		.align	1
 705              		.global	HAL_DBGMCU_DisableDBGStandbyMode
 706              		.syntax unified
 707              		.thumb
 708              		.thumb_func
 710              	HAL_DBGMCU_DisableDBGStandbyMode:
 711              		@ args = 0, pretend = 0, frame = 0
 712              		@ frame_needed = 1, uses_anonymous_args = 0
 713              		@ link register save eliminated.
 714 0000 80B4     		push	{r7}
 715 0002 00AF     		add	r7, sp, #0
 716 0004 054B     		ldr	r3, .L78
 717 0006 5B68     		ldr	r3, [r3, #4]
 718 0008 044A     		ldr	r2, .L78
 719 000a 23F00403 		bic	r3, r3, #4
 720 000e 5360     		str	r3, [r2, #4]
 721 0010 00BF     		nop
 722 0012 BD46     		mov	sp, r7
 723              		@ sp needed
 724 0014 5DF8047B 		ldr	r7, [sp], #4
 725 0018 7047     		bx	lr
 726              	.L79:
 727 001a 00BF     		.align	2
 728              	.L78:
 729 001c 002004E0 		.word	-536600576
 731              		.section	.text.HAL_EnableCompensationCell,"ax",%progbits
 732              		.align	1
 733              		.global	HAL_EnableCompensationCell
 734              		.syntax unified
ARM GAS  C:\Users\user\AppData\Local\Temp\ccxeI2v6.s 			page 13


 735              		.thumb
 736              		.thumb_func
 738              	HAL_EnableCompensationCell:
 739              		@ args = 0, pretend = 0, frame = 0
 740              		@ frame_needed = 1, uses_anonymous_args = 0
 741              		@ link register save eliminated.
 742 0000 80B4     		push	{r7}
 743 0002 00AF     		add	r7, sp, #0
 744 0004 034B     		ldr	r3, .L81
 745 0006 0122     		movs	r2, #1
 746 0008 1A60     		str	r2, [r3]
 747 000a 00BF     		nop
 748 000c BD46     		mov	sp, r7
 749              		@ sp needed
 750 000e 5DF8047B 		ldr	r7, [sp], #4
 751 0012 7047     		bx	lr
 752              	.L82:
 753              		.align	2
 754              	.L81:
 755 0014 00042742 		.word	1109853184
 757              		.section	.text.HAL_DisableCompensationCell,"ax",%progbits
 758              		.align	1
 759              		.global	HAL_DisableCompensationCell
 760              		.syntax unified
 761              		.thumb
 762              		.thumb_func
 764              	HAL_DisableCompensationCell:
 765              		@ args = 0, pretend = 0, frame = 0
 766              		@ frame_needed = 1, uses_anonymous_args = 0
 767              		@ link register save eliminated.
 768 0000 80B4     		push	{r7}
 769 0002 00AF     		add	r7, sp, #0
 770 0004 034B     		ldr	r3, .L84
 771 0006 0022     		movs	r2, #0
 772 0008 1A60     		str	r2, [r3]
 773 000a 00BF     		nop
 774 000c BD46     		mov	sp, r7
 775              		@ sp needed
 776 000e 5DF8047B 		ldr	r7, [sp], #4
 777 0012 7047     		bx	lr
 778              	.L85:
 779              		.align	2
 780              	.L84:
 781 0014 00042742 		.word	1109853184
 783              		.section	.text.HAL_GetUIDw0,"ax",%progbits
 784              		.align	1
 785              		.global	HAL_GetUIDw0
 786              		.syntax unified
 787              		.thumb
 788              		.thumb_func
 790              	HAL_GetUIDw0:
 791              		@ args = 0, pretend = 0, frame = 0
 792              		@ frame_needed = 1, uses_anonymous_args = 0
 793              		@ link register save eliminated.
 794 0000 80B4     		push	{r7}
 795 0002 00AF     		add	r7, sp, #0
 796 0004 034B     		ldr	r3, .L88
ARM GAS  C:\Users\user\AppData\Local\Temp\ccxeI2v6.s 			page 14


 797 0006 1B68     		ldr	r3, [r3]
 798 0008 1846     		mov	r0, r3
 799 000a BD46     		mov	sp, r7
 800              		@ sp needed
 801 000c 5DF8047B 		ldr	r7, [sp], #4
 802 0010 7047     		bx	lr
 803              	.L89:
 804 0012 00BF     		.align	2
 805              	.L88:
 806 0014 107AFF1F 		.word	536836624
 808              		.section	.text.HAL_GetUIDw1,"ax",%progbits
 809              		.align	1
 810              		.global	HAL_GetUIDw1
 811              		.syntax unified
 812              		.thumb
 813              		.thumb_func
 815              	HAL_GetUIDw1:
 816              		@ args = 0, pretend = 0, frame = 0
 817              		@ frame_needed = 1, uses_anonymous_args = 0
 818              		@ link register save eliminated.
 819 0000 80B4     		push	{r7}
 820 0002 00AF     		add	r7, sp, #0
 821 0004 034B     		ldr	r3, .L92
 822 0006 1B68     		ldr	r3, [r3]
 823 0008 1846     		mov	r0, r3
 824 000a BD46     		mov	sp, r7
 825              		@ sp needed
 826 000c 5DF8047B 		ldr	r7, [sp], #4
 827 0010 7047     		bx	lr
 828              	.L93:
 829 0012 00BF     		.align	2
 830              	.L92:
 831 0014 147AFF1F 		.word	536836628
 833              		.section	.text.HAL_GetUIDw2,"ax",%progbits
 834              		.align	1
 835              		.global	HAL_GetUIDw2
 836              		.syntax unified
 837              		.thumb
 838              		.thumb_func
 840              	HAL_GetUIDw2:
 841              		@ args = 0, pretend = 0, frame = 0
 842              		@ frame_needed = 1, uses_anonymous_args = 0
 843              		@ link register save eliminated.
 844 0000 80B4     		push	{r7}
 845 0002 00AF     		add	r7, sp, #0
 846 0004 034B     		ldr	r3, .L96
 847 0006 1B68     		ldr	r3, [r3]
 848 0008 1846     		mov	r0, r3
 849 000a BD46     		mov	sp, r7
 850              		@ sp needed
 851 000c 5DF8047B 		ldr	r7, [sp], #4
 852 0010 7047     		bx	lr
 853              	.L97:
 854 0012 00BF     		.align	2
 855              	.L96:
 856 0014 187AFF1F 		.word	536836632
 858              		.ident	"GCC: (GNU Tools for STM32 12.3.rel1.20240306-1730) 12.3.1 20230626"
ARM GAS  C:\Users\user\AppData\Local\Temp\ccxeI2v6.s 			page 15


ARM GAS  C:\Users\user\AppData\Local\Temp\ccxeI2v6.s 			page 16


DEFINED SYMBOLS
                            *ABS*:00000000 stm32f4xx_hal.c
C:\Users\user\AppData\Local\Temp\ccxeI2v6.s:22     .bss.uwTick:00000000 uwTick
C:\Users\user\AppData\Local\Temp\ccxeI2v6.s:19     .bss.uwTick:00000000 $d
C:\Users\user\AppData\Local\Temp\ccxeI2v6.s:29     .data.uwTickPrio:00000000 uwTickPrio
C:\Users\user\AppData\Local\Temp\ccxeI2v6.s:26     .data.uwTickPrio:00000000 $d
C:\Users\user\AppData\Local\Temp\ccxeI2v6.s:35     .data.uwTickFreq:00000000 uwTickFreq
C:\Users\user\AppData\Local\Temp\ccxeI2v6.s:38     .text.HAL_Init:00000000 $t
C:\Users\user\AppData\Local\Temp\ccxeI2v6.s:44     .text.HAL_Init:00000000 HAL_Init
C:\Users\user\AppData\Local\Temp\ccxeI2v6.s:173    .text.HAL_InitTick:00000000 HAL_InitTick
C:\Users\user\AppData\Local\Temp\ccxeI2v6.s:135    .text.HAL_MspInit:00000000 HAL_MspInit
C:\Users\user\AppData\Local\Temp\ccxeI2v6.s:75     .text.HAL_Init:00000040 $d
C:\Users\user\AppData\Local\Temp\ccxeI2v6.s:78     .text.HAL_DeInit:00000000 $t
C:\Users\user\AppData\Local\Temp\ccxeI2v6.s:84     .text.HAL_DeInit:00000000 HAL_DeInit
C:\Users\user\AppData\Local\Temp\ccxeI2v6.s:154    .text.HAL_MspDeInit:00000000 HAL_MspDeInit
C:\Users\user\AppData\Local\Temp\ccxeI2v6.s:126    .text.HAL_DeInit:00000054 $d
C:\Users\user\AppData\Local\Temp\ccxeI2v6.s:129    .text.HAL_MspInit:00000000 $t
C:\Users\user\AppData\Local\Temp\ccxeI2v6.s:148    .text.HAL_MspDeInit:00000000 $t
C:\Users\user\AppData\Local\Temp\ccxeI2v6.s:167    .text.HAL_InitTick:00000000 $t
C:\Users\user\AppData\Local\Temp\ccxeI2v6.s:219    .text.HAL_InitTick:00000054 $d
C:\Users\user\AppData\Local\Temp\ccxeI2v6.s:224    .text.HAL_IncTick:00000000 $t
C:\Users\user\AppData\Local\Temp\ccxeI2v6.s:230    .text.HAL_IncTick:00000000 HAL_IncTick
C:\Users\user\AppData\Local\Temp\ccxeI2v6.s:252    .text.HAL_IncTick:00000020 $d
C:\Users\user\AppData\Local\Temp\ccxeI2v6.s:256    .text.HAL_GetTick:00000000 $t
C:\Users\user\AppData\Local\Temp\ccxeI2v6.s:262    .text.HAL_GetTick:00000000 HAL_GetTick
C:\Users\user\AppData\Local\Temp\ccxeI2v6.s:278    .text.HAL_GetTick:00000014 $d
C:\Users\user\AppData\Local\Temp\ccxeI2v6.s:281    .text.HAL_GetTickPrio:00000000 $t
C:\Users\user\AppData\Local\Temp\ccxeI2v6.s:287    .text.HAL_GetTickPrio:00000000 HAL_GetTickPrio
C:\Users\user\AppData\Local\Temp\ccxeI2v6.s:303    .text.HAL_GetTickPrio:00000014 $d
C:\Users\user\AppData\Local\Temp\ccxeI2v6.s:306    .text.HAL_SetTickFreq:00000000 $t
C:\Users\user\AppData\Local\Temp\ccxeI2v6.s:312    .text.HAL_SetTickFreq:00000000 HAL_SetTickFreq
C:\Users\user\AppData\Local\Temp\ccxeI2v6.s:355    .text.HAL_SetTickFreq:00000048 $d
C:\Users\user\AppData\Local\Temp\ccxeI2v6.s:359    .text.HAL_GetTickFreq:00000000 $t
C:\Users\user\AppData\Local\Temp\ccxeI2v6.s:365    .text.HAL_GetTickFreq:00000000 HAL_GetTickFreq
C:\Users\user\AppData\Local\Temp\ccxeI2v6.s:381    .text.HAL_GetTickFreq:00000014 $d
C:\Users\user\AppData\Local\Temp\ccxeI2v6.s:384    .text.HAL_Delay:00000000 $t
C:\Users\user\AppData\Local\Temp\ccxeI2v6.s:390    .text.HAL_Delay:00000000 HAL_Delay
C:\Users\user\AppData\Local\Temp\ccxeI2v6.s:429    .text.HAL_Delay:00000044 $d
C:\Users\user\AppData\Local\Temp\ccxeI2v6.s:432    .text.HAL_SuspendTick:00000000 $t
C:\Users\user\AppData\Local\Temp\ccxeI2v6.s:438    .text.HAL_SuspendTick:00000000 HAL_SuspendTick
C:\Users\user\AppData\Local\Temp\ccxeI2v6.s:457    .text.HAL_SuspendTick:0000001c $d
C:\Users\user\AppData\Local\Temp\ccxeI2v6.s:460    .text.HAL_ResumeTick:00000000 $t
C:\Users\user\AppData\Local\Temp\ccxeI2v6.s:466    .text.HAL_ResumeTick:00000000 HAL_ResumeTick
C:\Users\user\AppData\Local\Temp\ccxeI2v6.s:485    .text.HAL_ResumeTick:0000001c $d
C:\Users\user\AppData\Local\Temp\ccxeI2v6.s:488    .text.HAL_GetHalVersion:00000000 $t
C:\Users\user\AppData\Local\Temp\ccxeI2v6.s:494    .text.HAL_GetHalVersion:00000000 HAL_GetHalVersion
C:\Users\user\AppData\Local\Temp\ccxeI2v6.s:509    .text.HAL_GetHalVersion:00000010 $d
C:\Users\user\AppData\Local\Temp\ccxeI2v6.s:512    .text.HAL_GetREVID:00000000 $t
C:\Users\user\AppData\Local\Temp\ccxeI2v6.s:518    .text.HAL_GetREVID:00000000 HAL_GetREVID
C:\Users\user\AppData\Local\Temp\ccxeI2v6.s:535    .text.HAL_GetREVID:00000014 $d
C:\Users\user\AppData\Local\Temp\ccxeI2v6.s:538    .text.HAL_GetDEVID:00000000 $t
C:\Users\user\AppData\Local\Temp\ccxeI2v6.s:544    .text.HAL_GetDEVID:00000000 HAL_GetDEVID
C:\Users\user\AppData\Local\Temp\ccxeI2v6.s:561    .text.HAL_GetDEVID:00000018 $d
C:\Users\user\AppData\Local\Temp\ccxeI2v6.s:564    .text.HAL_DBGMCU_EnableDBGSleepMode:00000000 $t
C:\Users\user\AppData\Local\Temp\ccxeI2v6.s:570    .text.HAL_DBGMCU_EnableDBGSleepMode:00000000 HAL_DBGMCU_EnableDBGSleepMode
C:\Users\user\AppData\Local\Temp\ccxeI2v6.s:589    .text.HAL_DBGMCU_EnableDBGSleepMode:0000001c $d
C:\Users\user\AppData\Local\Temp\ccxeI2v6.s:592    .text.HAL_DBGMCU_DisableDBGSleepMode:00000000 $t
ARM GAS  C:\Users\user\AppData\Local\Temp\ccxeI2v6.s 			page 17


C:\Users\user\AppData\Local\Temp\ccxeI2v6.s:598    .text.HAL_DBGMCU_DisableDBGSleepMode:00000000 HAL_DBGMCU_DisableDBGSleepMode
C:\Users\user\AppData\Local\Temp\ccxeI2v6.s:617    .text.HAL_DBGMCU_DisableDBGSleepMode:0000001c $d
C:\Users\user\AppData\Local\Temp\ccxeI2v6.s:620    .text.HAL_DBGMCU_EnableDBGStopMode:00000000 $t
C:\Users\user\AppData\Local\Temp\ccxeI2v6.s:626    .text.HAL_DBGMCU_EnableDBGStopMode:00000000 HAL_DBGMCU_EnableDBGStopMode
C:\Users\user\AppData\Local\Temp\ccxeI2v6.s:645    .text.HAL_DBGMCU_EnableDBGStopMode:0000001c $d
C:\Users\user\AppData\Local\Temp\ccxeI2v6.s:648    .text.HAL_DBGMCU_DisableDBGStopMode:00000000 $t
C:\Users\user\AppData\Local\Temp\ccxeI2v6.s:654    .text.HAL_DBGMCU_DisableDBGStopMode:00000000 HAL_DBGMCU_DisableDBGStopMode
C:\Users\user\AppData\Local\Temp\ccxeI2v6.s:673    .text.HAL_DBGMCU_DisableDBGStopMode:0000001c $d
C:\Users\user\AppData\Local\Temp\ccxeI2v6.s:676    .text.HAL_DBGMCU_EnableDBGStandbyMode:00000000 $t
C:\Users\user\AppData\Local\Temp\ccxeI2v6.s:682    .text.HAL_DBGMCU_EnableDBGStandbyMode:00000000 HAL_DBGMCU_EnableDBGStandbyMode
C:\Users\user\AppData\Local\Temp\ccxeI2v6.s:701    .text.HAL_DBGMCU_EnableDBGStandbyMode:0000001c $d
C:\Users\user\AppData\Local\Temp\ccxeI2v6.s:704    .text.HAL_DBGMCU_DisableDBGStandbyMode:00000000 $t
C:\Users\user\AppData\Local\Temp\ccxeI2v6.s:710    .text.HAL_DBGMCU_DisableDBGStandbyMode:00000000 HAL_DBGMCU_DisableDBGStandbyMode
C:\Users\user\AppData\Local\Temp\ccxeI2v6.s:729    .text.HAL_DBGMCU_DisableDBGStandbyMode:0000001c $d
C:\Users\user\AppData\Local\Temp\ccxeI2v6.s:732    .text.HAL_EnableCompensationCell:00000000 $t
C:\Users\user\AppData\Local\Temp\ccxeI2v6.s:738    .text.HAL_EnableCompensationCell:00000000 HAL_EnableCompensationCell
C:\Users\user\AppData\Local\Temp\ccxeI2v6.s:755    .text.HAL_EnableCompensationCell:00000014 $d
C:\Users\user\AppData\Local\Temp\ccxeI2v6.s:758    .text.HAL_DisableCompensationCell:00000000 $t
C:\Users\user\AppData\Local\Temp\ccxeI2v6.s:764    .text.HAL_DisableCompensationCell:00000000 HAL_DisableCompensationCell
C:\Users\user\AppData\Local\Temp\ccxeI2v6.s:781    .text.HAL_DisableCompensationCell:00000014 $d
C:\Users\user\AppData\Local\Temp\ccxeI2v6.s:784    .text.HAL_GetUIDw0:00000000 $t
C:\Users\user\AppData\Local\Temp\ccxeI2v6.s:790    .text.HAL_GetUIDw0:00000000 HAL_GetUIDw0
C:\Users\user\AppData\Local\Temp\ccxeI2v6.s:806    .text.HAL_GetUIDw0:00000014 $d
C:\Users\user\AppData\Local\Temp\ccxeI2v6.s:809    .text.HAL_GetUIDw1:00000000 $t
C:\Users\user\AppData\Local\Temp\ccxeI2v6.s:815    .text.HAL_GetUIDw1:00000000 HAL_GetUIDw1
C:\Users\user\AppData\Local\Temp\ccxeI2v6.s:831    .text.HAL_GetUIDw1:00000014 $d
C:\Users\user\AppData\Local\Temp\ccxeI2v6.s:834    .text.HAL_GetUIDw2:00000000 $t
C:\Users\user\AppData\Local\Temp\ccxeI2v6.s:840    .text.HAL_GetUIDw2:00000000 HAL_GetUIDw2
C:\Users\user\AppData\Local\Temp\ccxeI2v6.s:856    .text.HAL_GetUIDw2:00000014 $d

UNDEFINED SYMBOLS
HAL_NVIC_SetPriorityGrouping
HAL_SYSTICK_Config
HAL_NVIC_SetPriority
SystemCoreClock
