ARM GAS  C:\Users\user\AppData\Local\Temp\ccCQFkUN.s 			page 1


   1              		.cpu cortex-m4
   2              		.arch armv7e-m
   3              		.fpu fpv4-sp-d16
   4              		.eabi_attribute 27, 1
   5              		.eabi_attribute 28, 1
   6              		.eabi_attribute 20, 1
   7              		.eabi_attribute 21, 1
   8              		.eabi_attribute 23, 3
   9              		.eabi_attribute 24, 1
  10              		.eabi_attribute 25, 1
  11              		.eabi_attribute 26, 1
  12              		.eabi_attribute 30, 6
  13              		.eabi_attribute 34, 1
  14              		.eabi_attribute 18, 4
  15              		.file	"stm32f4xx_hal_flash_ex.c"
  16              		.text
  17              		.section	.text.HAL_FLASHEx_Erase,"ax",%progbits
  18              		.align	1
  19              		.global	HAL_FLASHEx_Erase
  20              		.syntax unified
  21              		.thumb
  22              		.thumb_func
  24              	HAL_FLASHEx_Erase:
  25              		@ args = 0, pretend = 0, frame = 16
  26              		@ frame_needed = 1, uses_anonymous_args = 0
  27 0000 80B5     		push	{r7, lr}
  28 0002 84B0     		sub	sp, sp, #16
  29 0004 00AF     		add	r7, sp, #0
  30 0006 7860     		str	r0, [r7, #4]
  31 0008 3960     		str	r1, [r7]
  32 000a 0123     		movs	r3, #1
  33 000c FB73     		strb	r3, [r7, #15]
  34 000e 0023     		movs	r3, #0
  35 0010 BB60     		str	r3, [r7, #8]
  36 0012 314B     		ldr	r3, .L10
  37 0014 1B7E     		ldrb	r3, [r3, #24]	@ zero_extendqisi2
  38 0016 012B     		cmp	r3, #1
  39 0018 01D1     		bne	.L2
  40 001a 0223     		movs	r3, #2
  41 001c 58E0     		b	.L3
  42              	.L2:
  43 001e 2E4B     		ldr	r3, .L10
  44 0020 0122     		movs	r2, #1
  45 0022 1A76     		strb	r2, [r3, #24]
  46 0024 4CF25030 		movw	r0, #50000
  47 0028 FFF7FEFF 		bl	FLASH_WaitForLastOperation
  48 002c 0346     		mov	r3, r0
  49 002e FB73     		strb	r3, [r7, #15]
  50 0030 FB7B     		ldrb	r3, [r7, #15]	@ zero_extendqisi2
  51 0032 002B     		cmp	r3, #0
  52 0034 48D1     		bne	.L4
  53 0036 3B68     		ldr	r3, [r7]
  54 0038 4FF0FF32 		mov	r2, #-1
  55 003c 1A60     		str	r2, [r3]
  56 003e 7B68     		ldr	r3, [r7, #4]
  57 0040 1B68     		ldr	r3, [r3]
  58 0042 012B     		cmp	r3, #1
ARM GAS  C:\Users\user\AppData\Local\Temp\ccCQFkUN.s 			page 2


  59 0044 15D1     		bne	.L5
  60 0046 7B68     		ldr	r3, [r7, #4]
  61 0048 1B69     		ldr	r3, [r3, #16]
  62 004a DAB2     		uxtb	r2, r3
  63 004c 7B68     		ldr	r3, [r7, #4]
  64 004e 5B68     		ldr	r3, [r3, #4]
  65 0050 1946     		mov	r1, r3
  66 0052 1046     		mov	r0, r2
  67 0054 FFF7FEFF 		bl	FLASH_MassErase
  68 0058 4CF25030 		movw	r0, #50000
  69 005c FFF7FEFF 		bl	FLASH_WaitForLastOperation
  70 0060 0346     		mov	r3, r0
  71 0062 FB73     		strb	r3, [r7, #15]
  72 0064 1D4B     		ldr	r3, .L10+4
  73 0066 1B69     		ldr	r3, [r3, #16]
  74 0068 1C4A     		ldr	r2, .L10+4
  75 006a 23F00403 		bic	r3, r3, #4
  76 006e 1361     		str	r3, [r2, #16]
  77 0070 28E0     		b	.L6
  78              	.L5:
  79 0072 7B68     		ldr	r3, [r7, #4]
  80 0074 9B68     		ldr	r3, [r3, #8]
  81 0076 BB60     		str	r3, [r7, #8]
  82 0078 1CE0     		b	.L7
  83              	.L9:
  84 007a 7B68     		ldr	r3, [r7, #4]
  85 007c 1B69     		ldr	r3, [r3, #16]
  86 007e DBB2     		uxtb	r3, r3
  87 0080 1946     		mov	r1, r3
  88 0082 B868     		ldr	r0, [r7, #8]
  89 0084 FFF7FEFF 		bl	FLASH_Erase_Sector
  90 0088 4CF25030 		movw	r0, #50000
  91 008c FFF7FEFF 		bl	FLASH_WaitForLastOperation
  92 0090 0346     		mov	r3, r0
  93 0092 FB73     		strb	r3, [r7, #15]
  94 0094 114B     		ldr	r3, .L10+4
  95 0096 1B69     		ldr	r3, [r3, #16]
  96 0098 104A     		ldr	r2, .L10+4
  97 009a 23F0FA03 		bic	r3, r3, #250
  98 009e 1361     		str	r3, [r2, #16]
  99 00a0 FB7B     		ldrb	r3, [r7, #15]	@ zero_extendqisi2
 100 00a2 002B     		cmp	r3, #0
 101 00a4 03D0     		beq	.L8
 102 00a6 3B68     		ldr	r3, [r7]
 103 00a8 BA68     		ldr	r2, [r7, #8]
 104 00aa 1A60     		str	r2, [r3]
 105 00ac 0AE0     		b	.L6
 106              	.L8:
 107 00ae BB68     		ldr	r3, [r7, #8]
 108 00b0 0133     		adds	r3, r3, #1
 109 00b2 BB60     		str	r3, [r7, #8]
 110              	.L7:
 111 00b4 7B68     		ldr	r3, [r7, #4]
 112 00b6 DA68     		ldr	r2, [r3, #12]
 113 00b8 7B68     		ldr	r3, [r7, #4]
 114 00ba 9B68     		ldr	r3, [r3, #8]
 115 00bc 1344     		add	r3, r3, r2
ARM GAS  C:\Users\user\AppData\Local\Temp\ccCQFkUN.s 			page 3


 116 00be BA68     		ldr	r2, [r7, #8]
 117 00c0 9A42     		cmp	r2, r3
 118 00c2 DAD3     		bcc	.L9
 119              	.L6:
 120 00c4 FFF7FEFF 		bl	FLASH_FlushCaches
 121              	.L4:
 122 00c8 034B     		ldr	r3, .L10
 123 00ca 0022     		movs	r2, #0
 124 00cc 1A76     		strb	r2, [r3, #24]
 125 00ce FB7B     		ldrb	r3, [r7, #15]	@ zero_extendqisi2
 126              	.L3:
 127 00d0 1846     		mov	r0, r3
 128 00d2 1037     		adds	r7, r7, #16
 129 00d4 BD46     		mov	sp, r7
 130              		@ sp needed
 131 00d6 80BD     		pop	{r7, pc}
 132              	.L11:
 133              		.align	2
 134              	.L10:
 135 00d8 00000000 		.word	pFlash
 136 00dc 003C0240 		.word	1073888256
 138              		.section	.text.HAL_FLASHEx_Erase_IT,"ax",%progbits
 139              		.align	1
 140              		.global	HAL_FLASHEx_Erase_IT
 141              		.syntax unified
 142              		.thumb
 143              		.thumb_func
 145              	HAL_FLASHEx_Erase_IT:
 146              		@ args = 0, pretend = 0, frame = 16
 147              		@ frame_needed = 1, uses_anonymous_args = 0
 148 0000 80B5     		push	{r7, lr}
 149 0002 84B0     		sub	sp, sp, #16
 150 0004 00AF     		add	r7, sp, #0
 151 0006 7860     		str	r0, [r7, #4]
 152 0008 0023     		movs	r3, #0
 153 000a FB73     		strb	r3, [r7, #15]
 154 000c 254B     		ldr	r3, .L17
 155 000e 1B7E     		ldrb	r3, [r3, #24]	@ zero_extendqisi2
 156 0010 012B     		cmp	r3, #1
 157 0012 01D1     		bne	.L13
 158 0014 0223     		movs	r3, #2
 159 0016 40E0     		b	.L14
 160              	.L13:
 161 0018 224B     		ldr	r3, .L17
 162 001a 0122     		movs	r2, #1
 163 001c 1A76     		strb	r2, [r3, #24]
 164 001e 224B     		ldr	r3, .L17+4
 165 0020 1B69     		ldr	r3, [r3, #16]
 166 0022 214A     		ldr	r2, .L17+4
 167 0024 43F08073 		orr	r3, r3, #16777216
 168 0028 1361     		str	r3, [r2, #16]
 169 002a 1F4B     		ldr	r3, .L17+4
 170 002c 1B69     		ldr	r3, [r3, #16]
 171 002e 1E4A     		ldr	r2, .L17+4
 172 0030 43F00073 		orr	r3, r3, #33554432
 173 0034 1361     		str	r3, [r2, #16]
 174 0036 1C4B     		ldr	r3, .L17+4
ARM GAS  C:\Users\user\AppData\Local\Temp\ccCQFkUN.s 			page 4


 175 0038 F322     		movs	r2, #243
 176 003a DA60     		str	r2, [r3, #12]
 177 003c 7B68     		ldr	r3, [r7, #4]
 178 003e 1B68     		ldr	r3, [r3]
 179 0040 012B     		cmp	r3, #1
 180 0042 10D1     		bne	.L15
 181 0044 174B     		ldr	r3, .L17
 182 0046 0222     		movs	r2, #2
 183 0048 1A70     		strb	r2, [r3]
 184 004a 7B68     		ldr	r3, [r7, #4]
 185 004c 5B68     		ldr	r3, [r3, #4]
 186 004e 154A     		ldr	r2, .L17
 187 0050 1361     		str	r3, [r2, #16]
 188 0052 7B68     		ldr	r3, [r7, #4]
 189 0054 1B69     		ldr	r3, [r3, #16]
 190 0056 DAB2     		uxtb	r2, r3
 191 0058 7B68     		ldr	r3, [r7, #4]
 192 005a 5B68     		ldr	r3, [r3, #4]
 193 005c 1946     		mov	r1, r3
 194 005e 1046     		mov	r0, r2
 195 0060 FFF7FEFF 		bl	FLASH_MassErase
 196 0064 18E0     		b	.L16
 197              	.L15:
 198 0066 0F4B     		ldr	r3, .L17
 199 0068 0122     		movs	r2, #1
 200 006a 1A70     		strb	r2, [r3]
 201 006c 7B68     		ldr	r3, [r7, #4]
 202 006e DB68     		ldr	r3, [r3, #12]
 203 0070 0C4A     		ldr	r2, .L17
 204 0072 5360     		str	r3, [r2, #4]
 205 0074 7B68     		ldr	r3, [r7, #4]
 206 0076 9B68     		ldr	r3, [r3, #8]
 207 0078 0A4A     		ldr	r2, .L17
 208 007a D360     		str	r3, [r2, #12]
 209 007c 7B68     		ldr	r3, [r7, #4]
 210 007e 1B69     		ldr	r3, [r3, #16]
 211 0080 DAB2     		uxtb	r2, r3
 212 0082 084B     		ldr	r3, .L17
 213 0084 1A72     		strb	r2, [r3, #8]
 214 0086 7B68     		ldr	r3, [r7, #4]
 215 0088 9A68     		ldr	r2, [r3, #8]
 216 008a 7B68     		ldr	r3, [r7, #4]
 217 008c 1B69     		ldr	r3, [r3, #16]
 218 008e DBB2     		uxtb	r3, r3
 219 0090 1946     		mov	r1, r3
 220 0092 1046     		mov	r0, r2
 221 0094 FFF7FEFF 		bl	FLASH_Erase_Sector
 222              	.L16:
 223 0098 FB7B     		ldrb	r3, [r7, #15]	@ zero_extendqisi2
 224              	.L14:
 225 009a 1846     		mov	r0, r3
 226 009c 1037     		adds	r7, r7, #16
 227 009e BD46     		mov	sp, r7
 228              		@ sp needed
 229 00a0 80BD     		pop	{r7, pc}
 230              	.L18:
 231 00a2 00BF     		.align	2
ARM GAS  C:\Users\user\AppData\Local\Temp\ccCQFkUN.s 			page 5


 232              	.L17:
 233 00a4 00000000 		.word	pFlash
 234 00a8 003C0240 		.word	1073888256
 236              		.section	.text.HAL_FLASHEx_OBProgram,"ax",%progbits
 237              		.align	1
 238              		.global	HAL_FLASHEx_OBProgram
 239              		.syntax unified
 240              		.thumb
 241              		.thumb_func
 243              	HAL_FLASHEx_OBProgram:
 244              		@ args = 0, pretend = 0, frame = 16
 245              		@ frame_needed = 1, uses_anonymous_args = 0
 246 0000 80B5     		push	{r7, lr}
 247 0002 84B0     		sub	sp, sp, #16
 248 0004 00AF     		add	r7, sp, #0
 249 0006 7860     		str	r0, [r7, #4]
 250 0008 0123     		movs	r3, #1
 251 000a FB73     		strb	r3, [r7, #15]
 252 000c 324B     		ldr	r3, .L27
 253 000e 1B7E     		ldrb	r3, [r3, #24]	@ zero_extendqisi2
 254 0010 012B     		cmp	r3, #1
 255 0012 01D1     		bne	.L20
 256 0014 0223     		movs	r3, #2
 257 0016 5BE0     		b	.L21
 258              	.L20:
 259 0018 2F4B     		ldr	r3, .L27
 260 001a 0122     		movs	r2, #1
 261 001c 1A76     		strb	r2, [r3, #24]
 262 001e 7B68     		ldr	r3, [r7, #4]
 263 0020 1B68     		ldr	r3, [r3]
 264 0022 03F00103 		and	r3, r3, #1
 265 0026 002B     		cmp	r3, #0
 266 0028 18D0     		beq	.L22
 267 002a 7B68     		ldr	r3, [r7, #4]
 268 002c 5B68     		ldr	r3, [r3, #4]
 269 002e 012B     		cmp	r3, #1
 270 0030 0AD1     		bne	.L23
 271 0032 7B68     		ldr	r3, [r7, #4]
 272 0034 9A68     		ldr	r2, [r3, #8]
 273 0036 7B68     		ldr	r3, [r7, #4]
 274 0038 DB68     		ldr	r3, [r3, #12]
 275 003a 1946     		mov	r1, r3
 276 003c 1046     		mov	r0, r2
 277 003e FFF7FEFF 		bl	FLASH_OB_EnableWRP
 278 0042 0346     		mov	r3, r0
 279 0044 FB73     		strb	r3, [r7, #15]
 280 0046 09E0     		b	.L22
 281              	.L23:
 282 0048 7B68     		ldr	r3, [r7, #4]
 283 004a 9A68     		ldr	r2, [r3, #8]
 284 004c 7B68     		ldr	r3, [r7, #4]
 285 004e DB68     		ldr	r3, [r3, #12]
 286 0050 1946     		mov	r1, r3
 287 0052 1046     		mov	r0, r2
 288 0054 FFF7FEFF 		bl	FLASH_OB_DisableWRP
 289 0058 0346     		mov	r3, r0
 290 005a FB73     		strb	r3, [r7, #15]
ARM GAS  C:\Users\user\AppData\Local\Temp\ccCQFkUN.s 			page 6


 291              	.L22:
 292 005c 7B68     		ldr	r3, [r7, #4]
 293 005e 1B68     		ldr	r3, [r3]
 294 0060 03F00203 		and	r3, r3, #2
 295 0064 002B     		cmp	r3, #0
 296 0066 07D0     		beq	.L24
 297 0068 7B68     		ldr	r3, [r7, #4]
 298 006a 1B69     		ldr	r3, [r3, #16]
 299 006c DBB2     		uxtb	r3, r3
 300 006e 1846     		mov	r0, r3
 301 0070 FFF7FEFF 		bl	FLASH_OB_RDP_LevelConfig
 302 0074 0346     		mov	r3, r0
 303 0076 FB73     		strb	r3, [r7, #15]
 304              	.L24:
 305 0078 7B68     		ldr	r3, [r7, #4]
 306 007a 1B68     		ldr	r3, [r3]
 307 007c 03F00403 		and	r3, r3, #4
 308 0080 002B     		cmp	r3, #0
 309 0082 13D0     		beq	.L25
 310 0084 7B68     		ldr	r3, [r7, #4]
 311 0086 1B7E     		ldrb	r3, [r3, #24]	@ zero_extendqisi2
 312 0088 03F02003 		and	r3, r3, #32
 313 008c D8B2     		uxtb	r0, r3
 314 008e 7B68     		ldr	r3, [r7, #4]
 315 0090 1B7E     		ldrb	r3, [r3, #24]	@ zero_extendqisi2
 316 0092 03F04003 		and	r3, r3, #64
 317 0096 D9B2     		uxtb	r1, r3
 318 0098 7B68     		ldr	r3, [r7, #4]
 319 009a 1B7E     		ldrb	r3, [r3, #24]	@ zero_extendqisi2
 320 009c 23F07F03 		bic	r3, r3, #127
 321 00a0 DBB2     		uxtb	r3, r3
 322 00a2 1A46     		mov	r2, r3
 323 00a4 FFF7FEFF 		bl	FLASH_OB_UserConfig
 324 00a8 0346     		mov	r3, r0
 325 00aa FB73     		strb	r3, [r7, #15]
 326              	.L25:
 327 00ac 7B68     		ldr	r3, [r7, #4]
 328 00ae 1B68     		ldr	r3, [r3]
 329 00b0 03F00803 		and	r3, r3, #8
 330 00b4 002B     		cmp	r3, #0
 331 00b6 07D0     		beq	.L26
 332 00b8 7B68     		ldr	r3, [r7, #4]
 333 00ba 5B69     		ldr	r3, [r3, #20]
 334 00bc DBB2     		uxtb	r3, r3
 335 00be 1846     		mov	r0, r3
 336 00c0 FFF7FEFF 		bl	FLASH_OB_BOR_LevelConfig
 337 00c4 0346     		mov	r3, r0
 338 00c6 FB73     		strb	r3, [r7, #15]
 339              	.L26:
 340 00c8 034B     		ldr	r3, .L27
 341 00ca 0022     		movs	r2, #0
 342 00cc 1A76     		strb	r2, [r3, #24]
 343 00ce FB7B     		ldrb	r3, [r7, #15]	@ zero_extendqisi2
 344              	.L21:
 345 00d0 1846     		mov	r0, r3
 346 00d2 1037     		adds	r7, r7, #16
 347 00d4 BD46     		mov	sp, r7
ARM GAS  C:\Users\user\AppData\Local\Temp\ccCQFkUN.s 			page 7


 348              		@ sp needed
 349 00d6 80BD     		pop	{r7, pc}
 350              	.L28:
 351              		.align	2
 352              	.L27:
 353 00d8 00000000 		.word	pFlash
 355              		.section	.text.HAL_FLASHEx_OBGetConfig,"ax",%progbits
 356              		.align	1
 357              		.global	HAL_FLASHEx_OBGetConfig
 358              		.syntax unified
 359              		.thumb
 360              		.thumb_func
 362              	HAL_FLASHEx_OBGetConfig:
 363              		@ args = 0, pretend = 0, frame = 8
 364              		@ frame_needed = 1, uses_anonymous_args = 0
 365 0000 80B5     		push	{r7, lr}
 366 0002 82B0     		sub	sp, sp, #8
 367 0004 00AF     		add	r7, sp, #0
 368 0006 7860     		str	r0, [r7, #4]
 369 0008 7B68     		ldr	r3, [r7, #4]
 370 000a 0F22     		movs	r2, #15
 371 000c 1A60     		str	r2, [r3]
 372 000e FFF7FEFF 		bl	FLASH_OB_GetWRP
 373 0012 0346     		mov	r3, r0
 374 0014 1A46     		mov	r2, r3
 375 0016 7B68     		ldr	r3, [r7, #4]
 376 0018 9A60     		str	r2, [r3, #8]
 377 001a FFF7FEFF 		bl	FLASH_OB_GetRDP
 378 001e 0346     		mov	r3, r0
 379 0020 1A46     		mov	r2, r3
 380 0022 7B68     		ldr	r3, [r7, #4]
 381 0024 1A61     		str	r2, [r3, #16]
 382 0026 FFF7FEFF 		bl	FLASH_OB_GetUser
 383 002a 0346     		mov	r3, r0
 384 002c 1A46     		mov	r2, r3
 385 002e 7B68     		ldr	r3, [r7, #4]
 386 0030 1A76     		strb	r2, [r3, #24]
 387 0032 FFF7FEFF 		bl	FLASH_OB_GetBOR
 388 0036 0346     		mov	r3, r0
 389 0038 1A46     		mov	r2, r3
 390 003a 7B68     		ldr	r3, [r7, #4]
 391 003c 5A61     		str	r2, [r3, #20]
 392 003e 00BF     		nop
 393 0040 0837     		adds	r7, r7, #8
 394 0042 BD46     		mov	sp, r7
 395              		@ sp needed
 396 0044 80BD     		pop	{r7, pc}
 398              		.section	.text.FLASH_MassErase,"ax",%progbits
 399              		.align	1
 400              		.syntax unified
 401              		.thumb
 402              		.thumb_func
 404              	FLASH_MassErase:
 405              		@ args = 0, pretend = 0, frame = 8
 406              		@ frame_needed = 1, uses_anonymous_args = 0
 407              		@ link register save eliminated.
 408 0000 80B4     		push	{r7}
ARM GAS  C:\Users\user\AppData\Local\Temp\ccCQFkUN.s 			page 8


 409 0002 83B0     		sub	sp, sp, #12
 410 0004 00AF     		add	r7, sp, #0
 411 0006 0346     		mov	r3, r0
 412 0008 3960     		str	r1, [r7]
 413 000a FB71     		strb	r3, [r7, #7]
 414 000c 0D4B     		ldr	r3, .L31
 415 000e 1B69     		ldr	r3, [r3, #16]
 416 0010 0C4A     		ldr	r2, .L31
 417 0012 23F44073 		bic	r3, r3, #768
 418 0016 1361     		str	r3, [r2, #16]
 419 0018 0A4B     		ldr	r3, .L31
 420 001a 1B69     		ldr	r3, [r3, #16]
 421 001c 094A     		ldr	r2, .L31
 422 001e 43F00403 		orr	r3, r3, #4
 423 0022 1361     		str	r3, [r2, #16]
 424 0024 074B     		ldr	r3, .L31
 425 0026 1A69     		ldr	r2, [r3, #16]
 426 0028 FB79     		ldrb	r3, [r7, #7]	@ zero_extendqisi2
 427 002a 1B02     		lsls	r3, r3, #8
 428 002c 1343     		orrs	r3, r3, r2
 429 002e 054A     		ldr	r2, .L31
 430 0030 43F48033 		orr	r3, r3, #65536
 431 0034 1361     		str	r3, [r2, #16]
 432 0036 00BF     		nop
 433 0038 0C37     		adds	r7, r7, #12
 434 003a BD46     		mov	sp, r7
 435              		@ sp needed
 436 003c 5DF8047B 		ldr	r7, [sp], #4
 437 0040 7047     		bx	lr
 438              	.L32:
 439 0042 00BF     		.align	2
 440              	.L31:
 441 0044 003C0240 		.word	1073888256
 443              		.section	.text.FLASH_Erase_Sector,"ax",%progbits
 444              		.align	1
 445              		.global	FLASH_Erase_Sector
 446              		.syntax unified
 447              		.thumb
 448              		.thumb_func
 450              	FLASH_Erase_Sector:
 451              		@ args = 0, pretend = 0, frame = 16
 452              		@ frame_needed = 1, uses_anonymous_args = 0
 453              		@ link register save eliminated.
 454 0000 80B4     		push	{r7}
 455 0002 85B0     		sub	sp, sp, #20
 456 0004 00AF     		add	r7, sp, #0
 457 0006 7860     		str	r0, [r7, #4]
 458 0008 0B46     		mov	r3, r1
 459 000a FB70     		strb	r3, [r7, #3]
 460 000c 0023     		movs	r3, #0
 461 000e FB60     		str	r3, [r7, #12]
 462 0010 FB78     		ldrb	r3, [r7, #3]	@ zero_extendqisi2
 463 0012 002B     		cmp	r3, #0
 464 0014 02D1     		bne	.L34
 465 0016 0023     		movs	r3, #0
 466 0018 FB60     		str	r3, [r7, #12]
 467 001a 10E0     		b	.L35
ARM GAS  C:\Users\user\AppData\Local\Temp\ccCQFkUN.s 			page 9


 468              	.L34:
 469 001c FB78     		ldrb	r3, [r7, #3]	@ zero_extendqisi2
 470 001e 012B     		cmp	r3, #1
 471 0020 03D1     		bne	.L36
 472 0022 4FF48073 		mov	r3, #256
 473 0026 FB60     		str	r3, [r7, #12]
 474 0028 09E0     		b	.L35
 475              	.L36:
 476 002a FB78     		ldrb	r3, [r7, #3]	@ zero_extendqisi2
 477 002c 022B     		cmp	r3, #2
 478 002e 03D1     		bne	.L37
 479 0030 4FF40073 		mov	r3, #512
 480 0034 FB60     		str	r3, [r7, #12]
 481 0036 02E0     		b	.L35
 482              	.L37:
 483 0038 4FF44073 		mov	r3, #768
 484 003c FB60     		str	r3, [r7, #12]
 485              	.L35:
 486 003e 134B     		ldr	r3, .L38
 487 0040 1B69     		ldr	r3, [r3, #16]
 488 0042 124A     		ldr	r2, .L38
 489 0044 23F44073 		bic	r3, r3, #768
 490 0048 1361     		str	r3, [r2, #16]
 491 004a 104B     		ldr	r3, .L38
 492 004c 1A69     		ldr	r2, [r3, #16]
 493 004e 0F49     		ldr	r1, .L38
 494 0050 FB68     		ldr	r3, [r7, #12]
 495 0052 1343     		orrs	r3, r3, r2
 496 0054 0B61     		str	r3, [r1, #16]
 497 0056 0D4B     		ldr	r3, .L38
 498 0058 1B69     		ldr	r3, [r3, #16]
 499 005a 0C4A     		ldr	r2, .L38
 500 005c 23F0F803 		bic	r3, r3, #248
 501 0060 1361     		str	r3, [r2, #16]
 502 0062 0A4B     		ldr	r3, .L38
 503 0064 1A69     		ldr	r2, [r3, #16]
 504 0066 7B68     		ldr	r3, [r7, #4]
 505 0068 DB00     		lsls	r3, r3, #3
 506 006a 1343     		orrs	r3, r3, r2
 507 006c 074A     		ldr	r2, .L38
 508 006e 43F00203 		orr	r3, r3, #2
 509 0072 1361     		str	r3, [r2, #16]
 510 0074 054B     		ldr	r3, .L38
 511 0076 1B69     		ldr	r3, [r3, #16]
 512 0078 044A     		ldr	r2, .L38
 513 007a 43F48033 		orr	r3, r3, #65536
 514 007e 1361     		str	r3, [r2, #16]
 515 0080 00BF     		nop
 516 0082 1437     		adds	r7, r7, #20
 517 0084 BD46     		mov	sp, r7
 518              		@ sp needed
 519 0086 5DF8047B 		ldr	r7, [sp], #4
 520 008a 7047     		bx	lr
 521              	.L39:
 522              		.align	2
 523              	.L38:
 524 008c 003C0240 		.word	1073888256
ARM GAS  C:\Users\user\AppData\Local\Temp\ccCQFkUN.s 			page 10


 526              		.section	.text.FLASH_OB_EnableWRP,"ax",%progbits
 527              		.align	1
 528              		.syntax unified
 529              		.thumb
 530              		.thumb_func
 532              	FLASH_OB_EnableWRP:
 533              		@ args = 0, pretend = 0, frame = 16
 534              		@ frame_needed = 1, uses_anonymous_args = 0
 535 0000 80B5     		push	{r7, lr}
 536 0002 84B0     		sub	sp, sp, #16
 537 0004 00AF     		add	r7, sp, #0
 538 0006 7860     		str	r0, [r7, #4]
 539 0008 3960     		str	r1, [r7]
 540 000a 0023     		movs	r3, #0
 541 000c FB73     		strb	r3, [r7, #15]
 542 000e 4CF25030 		movw	r0, #50000
 543 0012 FFF7FEFF 		bl	FLASH_WaitForLastOperation
 544 0016 0346     		mov	r3, r0
 545 0018 FB73     		strb	r3, [r7, #15]
 546 001a FB7B     		ldrb	r3, [r7, #15]	@ zero_extendqisi2
 547 001c 002B     		cmp	r3, #0
 548 001e 0AD1     		bne	.L41
 549 0020 074B     		ldr	r3, .L43
 550 0022 1B88     		ldrh	r3, [r3]	@ movhi
 551 0024 9AB2     		uxth	r2, r3
 552 0026 7B68     		ldr	r3, [r7, #4]
 553 0028 9BB2     		uxth	r3, r3
 554 002a DB43     		mvns	r3, r3
 555 002c 9BB2     		uxth	r3, r3
 556 002e 0449     		ldr	r1, .L43
 557 0030 1340     		ands	r3, r3, r2
 558 0032 9BB2     		uxth	r3, r3
 559 0034 0B80     		strh	r3, [r1]	@ movhi
 560              	.L41:
 561 0036 FB7B     		ldrb	r3, [r7, #15]	@ zero_extendqisi2
 562 0038 1846     		mov	r0, r3
 563 003a 1037     		adds	r7, r7, #16
 564 003c BD46     		mov	sp, r7
 565              		@ sp needed
 566 003e 80BD     		pop	{r7, pc}
 567              	.L44:
 568              		.align	2
 569              	.L43:
 570 0040 163C0240 		.word	1073888278
 572              		.section	.text.FLASH_OB_DisableWRP,"ax",%progbits
 573              		.align	1
 574              		.syntax unified
 575              		.thumb
 576              		.thumb_func
 578              	FLASH_OB_DisableWRP:
 579              		@ args = 0, pretend = 0, frame = 16
 580              		@ frame_needed = 1, uses_anonymous_args = 0
 581 0000 80B5     		push	{r7, lr}
 582 0002 84B0     		sub	sp, sp, #16
 583 0004 00AF     		add	r7, sp, #0
 584 0006 7860     		str	r0, [r7, #4]
 585 0008 3960     		str	r1, [r7]
ARM GAS  C:\Users\user\AppData\Local\Temp\ccCQFkUN.s 			page 11


 586 000a 0023     		movs	r3, #0
 587 000c FB73     		strb	r3, [r7, #15]
 588 000e 4CF25030 		movw	r0, #50000
 589 0012 FFF7FEFF 		bl	FLASH_WaitForLastOperation
 590 0016 0346     		mov	r3, r0
 591 0018 FB73     		strb	r3, [r7, #15]
 592 001a FB7B     		ldrb	r3, [r7, #15]	@ zero_extendqisi2
 593 001c 002B     		cmp	r3, #0
 594 001e 08D1     		bne	.L46
 595 0020 064B     		ldr	r3, .L48
 596 0022 1B88     		ldrh	r3, [r3]	@ movhi
 597 0024 9AB2     		uxth	r2, r3
 598 0026 7B68     		ldr	r3, [r7, #4]
 599 0028 9BB2     		uxth	r3, r3
 600 002a 0449     		ldr	r1, .L48
 601 002c 1343     		orrs	r3, r3, r2
 602 002e 9BB2     		uxth	r3, r3
 603 0030 0B80     		strh	r3, [r1]	@ movhi
 604              	.L46:
 605 0032 FB7B     		ldrb	r3, [r7, #15]	@ zero_extendqisi2
 606 0034 1846     		mov	r0, r3
 607 0036 1037     		adds	r7, r7, #16
 608 0038 BD46     		mov	sp, r7
 609              		@ sp needed
 610 003a 80BD     		pop	{r7, pc}
 611              	.L49:
 612              		.align	2
 613              	.L48:
 614 003c 163C0240 		.word	1073888278
 616              		.section	.text.FLASH_OB_RDP_LevelConfig,"ax",%progbits
 617              		.align	1
 618              		.syntax unified
 619              		.thumb
 620              		.thumb_func
 622              	FLASH_OB_RDP_LevelConfig:
 623              		@ args = 0, pretend = 0, frame = 16
 624              		@ frame_needed = 1, uses_anonymous_args = 0
 625 0000 80B5     		push	{r7, lr}
 626 0002 84B0     		sub	sp, sp, #16
 627 0004 00AF     		add	r7, sp, #0
 628 0006 0346     		mov	r3, r0
 629 0008 FB71     		strb	r3, [r7, #7]
 630 000a 0023     		movs	r3, #0
 631 000c FB73     		strb	r3, [r7, #15]
 632 000e 4CF25030 		movw	r0, #50000
 633 0012 FFF7FEFF 		bl	FLASH_WaitForLastOperation
 634 0016 0346     		mov	r3, r0
 635 0018 FB73     		strb	r3, [r7, #15]
 636 001a FB7B     		ldrb	r3, [r7, #15]	@ zero_extendqisi2
 637 001c 002B     		cmp	r3, #0
 638 001e 02D1     		bne	.L51
 639 0020 034A     		ldr	r2, .L53
 640 0022 FB79     		ldrb	r3, [r7, #7]
 641 0024 1370     		strb	r3, [r2]
 642              	.L51:
 643 0026 FB7B     		ldrb	r3, [r7, #15]	@ zero_extendqisi2
 644 0028 1846     		mov	r0, r3
ARM GAS  C:\Users\user\AppData\Local\Temp\ccCQFkUN.s 			page 12


 645 002a 1037     		adds	r7, r7, #16
 646 002c BD46     		mov	sp, r7
 647              		@ sp needed
 648 002e 80BD     		pop	{r7, pc}
 649              	.L54:
 650              		.align	2
 651              	.L53:
 652 0030 153C0240 		.word	1073888277
 654              		.section	.text.FLASH_OB_UserConfig,"ax",%progbits
 655              		.align	1
 656              		.syntax unified
 657              		.thumb
 658              		.thumb_func
 660              	FLASH_OB_UserConfig:
 661              		@ args = 0, pretend = 0, frame = 16
 662              		@ frame_needed = 1, uses_anonymous_args = 0
 663 0000 80B5     		push	{r7, lr}
 664 0002 84B0     		sub	sp, sp, #16
 665 0004 00AF     		add	r7, sp, #0
 666 0006 0346     		mov	r3, r0
 667 0008 FB71     		strb	r3, [r7, #7]
 668 000a 0B46     		mov	r3, r1
 669 000c BB71     		strb	r3, [r7, #6]
 670 000e 1346     		mov	r3, r2
 671 0010 7B71     		strb	r3, [r7, #5]
 672 0012 FF23     		movs	r3, #255
 673 0014 FB73     		strb	r3, [r7, #15]
 674 0016 0023     		movs	r3, #0
 675 0018 BB73     		strb	r3, [r7, #14]
 676 001a 4CF25030 		movw	r0, #50000
 677 001e FFF7FEFF 		bl	FLASH_WaitForLastOperation
 678 0022 0346     		mov	r3, r0
 679 0024 BB73     		strb	r3, [r7, #14]
 680 0026 BB7B     		ldrb	r3, [r7, #14]	@ zero_extendqisi2
 681 0028 002B     		cmp	r3, #0
 682 002a 11D1     		bne	.L56
 683 002c 0B4B     		ldr	r3, .L58
 684 002e 1B78     		ldrb	r3, [r3]
 685 0030 DBB2     		uxtb	r3, r3
 686 0032 03F01F03 		and	r3, r3, #31
 687 0036 FB73     		strb	r3, [r7, #15]
 688 0038 BA79     		ldrb	r2, [r7, #6]
 689 003a FB7B     		ldrb	r3, [r7, #15]
 690 003c 1343     		orrs	r3, r3, r2
 691 003e DAB2     		uxtb	r2, r3
 692 0040 7B79     		ldrb	r3, [r7, #5]
 693 0042 1343     		orrs	r3, r3, r2
 694 0044 DAB2     		uxtb	r2, r3
 695 0046 0549     		ldr	r1, .L58
 696 0048 FB79     		ldrb	r3, [r7, #7]
 697 004a 1343     		orrs	r3, r3, r2
 698 004c DBB2     		uxtb	r3, r3
 699 004e 0B70     		strb	r3, [r1]
 700              	.L56:
 701 0050 BB7B     		ldrb	r3, [r7, #14]	@ zero_extendqisi2
 702 0052 1846     		mov	r0, r3
 703 0054 1037     		adds	r7, r7, #16
ARM GAS  C:\Users\user\AppData\Local\Temp\ccCQFkUN.s 			page 13


 704 0056 BD46     		mov	sp, r7
 705              		@ sp needed
 706 0058 80BD     		pop	{r7, pc}
 707              	.L59:
 708 005a 00BF     		.align	2
 709              	.L58:
 710 005c 143C0240 		.word	1073888276
 712              		.section	.text.FLASH_OB_BOR_LevelConfig,"ax",%progbits
 713              		.align	1
 714              		.syntax unified
 715              		.thumb
 716              		.thumb_func
 718              	FLASH_OB_BOR_LevelConfig:
 719              		@ args = 0, pretend = 0, frame = 8
 720              		@ frame_needed = 1, uses_anonymous_args = 0
 721              		@ link register save eliminated.
 722 0000 80B4     		push	{r7}
 723 0002 83B0     		sub	sp, sp, #12
 724 0004 00AF     		add	r7, sp, #0
 725 0006 0346     		mov	r3, r0
 726 0008 FB71     		strb	r3, [r7, #7]
 727 000a 0B4B     		ldr	r3, .L62
 728 000c 1B78     		ldrb	r3, [r3]
 729 000e DBB2     		uxtb	r3, r3
 730 0010 094A     		ldr	r2, .L62
 731 0012 23F00C03 		bic	r3, r3, #12
 732 0016 DBB2     		uxtb	r3, r3
 733 0018 1370     		strb	r3, [r2]
 734 001a 074B     		ldr	r3, .L62
 735 001c 1B78     		ldrb	r3, [r3]
 736 001e DAB2     		uxtb	r2, r3
 737 0020 0549     		ldr	r1, .L62
 738 0022 FB79     		ldrb	r3, [r7, #7]
 739 0024 1343     		orrs	r3, r3, r2
 740 0026 DBB2     		uxtb	r3, r3
 741 0028 0B70     		strb	r3, [r1]
 742 002a 0023     		movs	r3, #0
 743 002c 1846     		mov	r0, r3
 744 002e 0C37     		adds	r7, r7, #12
 745 0030 BD46     		mov	sp, r7
 746              		@ sp needed
 747 0032 5DF8047B 		ldr	r7, [sp], #4
 748 0036 7047     		bx	lr
 749              	.L63:
 750              		.align	2
 751              	.L62:
 752 0038 143C0240 		.word	1073888276
 754              		.section	.text.FLASH_OB_GetUser,"ax",%progbits
 755              		.align	1
 756              		.syntax unified
 757              		.thumb
 758              		.thumb_func
 760              	FLASH_OB_GetUser:
 761              		@ args = 0, pretend = 0, frame = 0
 762              		@ frame_needed = 1, uses_anonymous_args = 0
 763              		@ link register save eliminated.
 764 0000 80B4     		push	{r7}
ARM GAS  C:\Users\user\AppData\Local\Temp\ccCQFkUN.s 			page 14


 765 0002 00AF     		add	r7, sp, #0
 766 0004 054B     		ldr	r3, .L66
 767 0006 5B69     		ldr	r3, [r3, #20]
 768 0008 DBB2     		uxtb	r3, r3
 769 000a 23F01F03 		bic	r3, r3, #31
 770 000e DBB2     		uxtb	r3, r3
 771 0010 1846     		mov	r0, r3
 772 0012 BD46     		mov	sp, r7
 773              		@ sp needed
 774 0014 5DF8047B 		ldr	r7, [sp], #4
 775 0018 7047     		bx	lr
 776              	.L67:
 777 001a 00BF     		.align	2
 778              	.L66:
 779 001c 003C0240 		.word	1073888256
 781              		.section	.text.FLASH_OB_GetWRP,"ax",%progbits
 782              		.align	1
 783              		.syntax unified
 784              		.thumb
 785              		.thumb_func
 787              	FLASH_OB_GetWRP:
 788              		@ args = 0, pretend = 0, frame = 0
 789              		@ frame_needed = 1, uses_anonymous_args = 0
 790              		@ link register save eliminated.
 791 0000 80B4     		push	{r7}
 792 0002 00AF     		add	r7, sp, #0
 793 0004 034B     		ldr	r3, .L70
 794 0006 1B88     		ldrh	r3, [r3]	@ movhi
 795 0008 9BB2     		uxth	r3, r3
 796 000a 1846     		mov	r0, r3
 797 000c BD46     		mov	sp, r7
 798              		@ sp needed
 799 000e 5DF8047B 		ldr	r7, [sp], #4
 800 0012 7047     		bx	lr
 801              	.L71:
 802              		.align	2
 803              	.L70:
 804 0014 163C0240 		.word	1073888278
 806              		.section	.text.FLASH_OB_GetRDP,"ax",%progbits
 807              		.align	1
 808              		.syntax unified
 809              		.thumb
 810              		.thumb_func
 812              	FLASH_OB_GetRDP:
 813              		@ args = 0, pretend = 0, frame = 8
 814              		@ frame_needed = 1, uses_anonymous_args = 0
 815              		@ link register save eliminated.
 816 0000 80B4     		push	{r7}
 817 0002 83B0     		sub	sp, sp, #12
 818 0004 00AF     		add	r7, sp, #0
 819 0006 AA23     		movs	r3, #170
 820 0008 FB71     		strb	r3, [r7, #7]
 821 000a 0C4B     		ldr	r3, .L77
 822 000c 1B78     		ldrb	r3, [r3]
 823 000e DBB2     		uxtb	r3, r3
 824 0010 CC2B     		cmp	r3, #204
 825 0012 02D1     		bne	.L73
ARM GAS  C:\Users\user\AppData\Local\Temp\ccCQFkUN.s 			page 15


 826 0014 CC23     		movs	r3, #204
 827 0016 FB71     		strb	r3, [r7, #7]
 828 0018 09E0     		b	.L74
 829              	.L73:
 830 001a 084B     		ldr	r3, .L77
 831 001c 1B78     		ldrb	r3, [r3]
 832 001e DBB2     		uxtb	r3, r3
 833 0020 AA2B     		cmp	r3, #170
 834 0022 02D1     		bne	.L75
 835 0024 AA23     		movs	r3, #170
 836 0026 FB71     		strb	r3, [r7, #7]
 837 0028 01E0     		b	.L74
 838              	.L75:
 839 002a 5523     		movs	r3, #85
 840 002c FB71     		strb	r3, [r7, #7]
 841              	.L74:
 842 002e FB79     		ldrb	r3, [r7, #7]	@ zero_extendqisi2
 843 0030 1846     		mov	r0, r3
 844 0032 0C37     		adds	r7, r7, #12
 845 0034 BD46     		mov	sp, r7
 846              		@ sp needed
 847 0036 5DF8047B 		ldr	r7, [sp], #4
 848 003a 7047     		bx	lr
 849              	.L78:
 850              		.align	2
 851              	.L77:
 852 003c 153C0240 		.word	1073888277
 854              		.section	.text.FLASH_OB_GetBOR,"ax",%progbits
 855              		.align	1
 856              		.syntax unified
 857              		.thumb
 858              		.thumb_func
 860              	FLASH_OB_GetBOR:
 861              		@ args = 0, pretend = 0, frame = 0
 862              		@ frame_needed = 1, uses_anonymous_args = 0
 863              		@ link register save eliminated.
 864 0000 80B4     		push	{r7}
 865 0002 00AF     		add	r7, sp, #0
 866 0004 054B     		ldr	r3, .L81
 867 0006 1B78     		ldrb	r3, [r3]
 868 0008 DBB2     		uxtb	r3, r3
 869 000a 03F00C03 		and	r3, r3, #12
 870 000e DBB2     		uxtb	r3, r3
 871 0010 1846     		mov	r0, r3
 872 0012 BD46     		mov	sp, r7
 873              		@ sp needed
 874 0014 5DF8047B 		ldr	r7, [sp], #4
 875 0018 7047     		bx	lr
 876              	.L82:
 877 001a 00BF     		.align	2
 878              	.L81:
 879 001c 143C0240 		.word	1073888276
 881              		.section	.text.FLASH_FlushCaches,"ax",%progbits
 882              		.align	1
 883              		.global	FLASH_FlushCaches
 884              		.syntax unified
 885              		.thumb
ARM GAS  C:\Users\user\AppData\Local\Temp\ccCQFkUN.s 			page 16


 886              		.thumb_func
 888              	FLASH_FlushCaches:
 889              		@ args = 0, pretend = 0, frame = 0
 890              		@ frame_needed = 1, uses_anonymous_args = 0
 891              		@ link register save eliminated.
 892 0000 80B4     		push	{r7}
 893 0002 00AF     		add	r7, sp, #0
 894 0004 204B     		ldr	r3, .L87
 895 0006 1B68     		ldr	r3, [r3]
 896 0008 03F40073 		and	r3, r3, #512
 897 000c 002B     		cmp	r3, #0
 898 000e 17D0     		beq	.L84
 899 0010 1D4B     		ldr	r3, .L87
 900 0012 1B68     		ldr	r3, [r3]
 901 0014 1C4A     		ldr	r2, .L87
 902 0016 23F40073 		bic	r3, r3, #512
 903 001a 1360     		str	r3, [r2]
 904 001c 1A4B     		ldr	r3, .L87
 905 001e 1B68     		ldr	r3, [r3]
 906 0020 194A     		ldr	r2, .L87
 907 0022 43F40063 		orr	r3, r3, #2048
 908 0026 1360     		str	r3, [r2]
 909 0028 174B     		ldr	r3, .L87
 910 002a 1B68     		ldr	r3, [r3]
 911 002c 164A     		ldr	r2, .L87
 912 002e 23F40063 		bic	r3, r3, #2048
 913 0032 1360     		str	r3, [r2]
 914 0034 144B     		ldr	r3, .L87
 915 0036 1B68     		ldr	r3, [r3]
 916 0038 134A     		ldr	r2, .L87
 917 003a 43F40073 		orr	r3, r3, #512
 918 003e 1360     		str	r3, [r2]
 919              	.L84:
 920 0040 114B     		ldr	r3, .L87
 921 0042 1B68     		ldr	r3, [r3]
 922 0044 03F48063 		and	r3, r3, #1024
 923 0048 002B     		cmp	r3, #0
 924 004a 17D0     		beq	.L86
 925 004c 0E4B     		ldr	r3, .L87
 926 004e 1B68     		ldr	r3, [r3]
 927 0050 0D4A     		ldr	r2, .L87
 928 0052 23F48063 		bic	r3, r3, #1024
 929 0056 1360     		str	r3, [r2]
 930 0058 0B4B     		ldr	r3, .L87
 931 005a 1B68     		ldr	r3, [r3]
 932 005c 0A4A     		ldr	r2, .L87
 933 005e 43F48053 		orr	r3, r3, #4096
 934 0062 1360     		str	r3, [r2]
 935 0064 084B     		ldr	r3, .L87
 936 0066 1B68     		ldr	r3, [r3]
 937 0068 074A     		ldr	r2, .L87
 938 006a 23F48053 		bic	r3, r3, #4096
 939 006e 1360     		str	r3, [r2]
 940 0070 054B     		ldr	r3, .L87
 941 0072 1B68     		ldr	r3, [r3]
 942 0074 044A     		ldr	r2, .L87
 943 0076 43F48063 		orr	r3, r3, #1024
ARM GAS  C:\Users\user\AppData\Local\Temp\ccCQFkUN.s 			page 17


 944 007a 1360     		str	r3, [r2]
 945              	.L86:
 946 007c 00BF     		nop
 947 007e BD46     		mov	sp, r7
 948              		@ sp needed
 949 0080 5DF8047B 		ldr	r7, [sp], #4
 950 0084 7047     		bx	lr
 951              	.L88:
 952 0086 00BF     		.align	2
 953              	.L87:
 954 0088 003C0240 		.word	1073888256
 956              		.ident	"GCC: (GNU Tools for STM32 12.3.rel1.20240306-1730) 12.3.1 20230626"
ARM GAS  C:\Users\user\AppData\Local\Temp\ccCQFkUN.s 			page 18


DEFINED SYMBOLS
                            *ABS*:00000000 stm32f4xx_hal_flash_ex.c
C:\Users\user\AppData\Local\Temp\ccCQFkUN.s:18     .text.HAL_FLASHEx_Erase:00000000 $t
C:\Users\user\AppData\Local\Temp\ccCQFkUN.s:24     .text.HAL_FLASHEx_Erase:00000000 HAL_FLASHEx_Erase
C:\Users\user\AppData\Local\Temp\ccCQFkUN.s:404    .text.FLASH_MassErase:00000000 FLASH_MassErase
C:\Users\user\AppData\Local\Temp\ccCQFkUN.s:450    .text.FLASH_Erase_Sector:00000000 FLASH_Erase_Sector
C:\Users\user\AppData\Local\Temp\ccCQFkUN.s:888    .text.FLASH_FlushCaches:00000000 FLASH_FlushCaches
C:\Users\user\AppData\Local\Temp\ccCQFkUN.s:135    .text.HAL_FLASHEx_Erase:000000d8 $d
C:\Users\user\AppData\Local\Temp\ccCQFkUN.s:139    .text.HAL_FLASHEx_Erase_IT:00000000 $t
C:\Users\user\AppData\Local\Temp\ccCQFkUN.s:145    .text.HAL_FLASHEx_Erase_IT:00000000 HAL_FLASHEx_Erase_IT
C:\Users\user\AppData\Local\Temp\ccCQFkUN.s:233    .text.HAL_FLASHEx_Erase_IT:000000a4 $d
C:\Users\user\AppData\Local\Temp\ccCQFkUN.s:237    .text.HAL_FLASHEx_OBProgram:00000000 $t
C:\Users\user\AppData\Local\Temp\ccCQFkUN.s:243    .text.HAL_FLASHEx_OBProgram:00000000 HAL_FLASHEx_OBProgram
C:\Users\user\AppData\Local\Temp\ccCQFkUN.s:532    .text.FLASH_OB_EnableWRP:00000000 FLASH_OB_EnableWRP
C:\Users\user\AppData\Local\Temp\ccCQFkUN.s:578    .text.FLASH_OB_DisableWRP:00000000 FLASH_OB_DisableWRP
C:\Users\user\AppData\Local\Temp\ccCQFkUN.s:622    .text.FLASH_OB_RDP_LevelConfig:00000000 FLASH_OB_RDP_LevelConfig
C:\Users\user\AppData\Local\Temp\ccCQFkUN.s:660    .text.FLASH_OB_UserConfig:00000000 FLASH_OB_UserConfig
C:\Users\user\AppData\Local\Temp\ccCQFkUN.s:718    .text.FLASH_OB_BOR_LevelConfig:00000000 FLASH_OB_BOR_LevelConfig
C:\Users\user\AppData\Local\Temp\ccCQFkUN.s:353    .text.HAL_FLASHEx_OBProgram:000000d8 $d
C:\Users\user\AppData\Local\Temp\ccCQFkUN.s:356    .text.HAL_FLASHEx_OBGetConfig:00000000 $t
C:\Users\user\AppData\Local\Temp\ccCQFkUN.s:362    .text.HAL_FLASHEx_OBGetConfig:00000000 HAL_FLASHEx_OBGetConfig
C:\Users\user\AppData\Local\Temp\ccCQFkUN.s:787    .text.FLASH_OB_GetWRP:00000000 FLASH_OB_GetWRP
C:\Users\user\AppData\Local\Temp\ccCQFkUN.s:812    .text.FLASH_OB_GetRDP:00000000 FLASH_OB_GetRDP
C:\Users\user\AppData\Local\Temp\ccCQFkUN.s:760    .text.FLASH_OB_GetUser:00000000 FLASH_OB_GetUser
C:\Users\user\AppData\Local\Temp\ccCQFkUN.s:860    .text.FLASH_OB_GetBOR:00000000 FLASH_OB_GetBOR
C:\Users\user\AppData\Local\Temp\ccCQFkUN.s:399    .text.FLASH_MassErase:00000000 $t
C:\Users\user\AppData\Local\Temp\ccCQFkUN.s:441    .text.FLASH_MassErase:00000044 $d
C:\Users\user\AppData\Local\Temp\ccCQFkUN.s:444    .text.FLASH_Erase_Sector:00000000 $t
C:\Users\user\AppData\Local\Temp\ccCQFkUN.s:524    .text.FLASH_Erase_Sector:0000008c $d
C:\Users\user\AppData\Local\Temp\ccCQFkUN.s:527    .text.FLASH_OB_EnableWRP:00000000 $t
C:\Users\user\AppData\Local\Temp\ccCQFkUN.s:570    .text.FLASH_OB_EnableWRP:00000040 $d
C:\Users\user\AppData\Local\Temp\ccCQFkUN.s:573    .text.FLASH_OB_DisableWRP:00000000 $t
C:\Users\user\AppData\Local\Temp\ccCQFkUN.s:614    .text.FLASH_OB_DisableWRP:0000003c $d
C:\Users\user\AppData\Local\Temp\ccCQFkUN.s:617    .text.FLASH_OB_RDP_LevelConfig:00000000 $t
C:\Users\user\AppData\Local\Temp\ccCQFkUN.s:652    .text.FLASH_OB_RDP_LevelConfig:00000030 $d
C:\Users\user\AppData\Local\Temp\ccCQFkUN.s:655    .text.FLASH_OB_UserConfig:00000000 $t
C:\Users\user\AppData\Local\Temp\ccCQFkUN.s:710    .text.FLASH_OB_UserConfig:0000005c $d
C:\Users\user\AppData\Local\Temp\ccCQFkUN.s:713    .text.FLASH_OB_BOR_LevelConfig:00000000 $t
C:\Users\user\AppData\Local\Temp\ccCQFkUN.s:752    .text.FLASH_OB_BOR_LevelConfig:00000038 $d
C:\Users\user\AppData\Local\Temp\ccCQFkUN.s:755    .text.FLASH_OB_GetUser:00000000 $t
C:\Users\user\AppData\Local\Temp\ccCQFkUN.s:779    .text.FLASH_OB_GetUser:0000001c $d
C:\Users\user\AppData\Local\Temp\ccCQFkUN.s:782    .text.FLASH_OB_GetWRP:00000000 $t
C:\Users\user\AppData\Local\Temp\ccCQFkUN.s:804    .text.FLASH_OB_GetWRP:00000014 $d
C:\Users\user\AppData\Local\Temp\ccCQFkUN.s:807    .text.FLASH_OB_GetRDP:00000000 $t
C:\Users\user\AppData\Local\Temp\ccCQFkUN.s:852    .text.FLASH_OB_GetRDP:0000003c $d
C:\Users\user\AppData\Local\Temp\ccCQFkUN.s:855    .text.FLASH_OB_GetBOR:00000000 $t
C:\Users\user\AppData\Local\Temp\ccCQFkUN.s:879    .text.FLASH_OB_GetBOR:0000001c $d
C:\Users\user\AppData\Local\Temp\ccCQFkUN.s:882    .text.FLASH_FlushCaches:00000000 $t
C:\Users\user\AppData\Local\Temp\ccCQFkUN.s:954    .text.FLASH_FlushCaches:00000088 $d

UNDEFINED SYMBOLS
FLASH_WaitForLastOperation
pFlash
