ARM GAS  C:\Users\user\AppData\Local\Temp\ccSPX0Jf.s 			page 1


   1              		.cpu cortex-m4
   2              		.arch armv7e-m
   3              		.fpu fpv4-sp-d16
   4              		.eabi_attribute 27, 1
   5              		.eabi_attribute 28, 1
   6              		.eabi_attribute 20, 1
   7              		.eabi_attribute 21, 1
   8              		.eabi_attribute 23, 3
   9              		.eabi_attribute 24, 1
  10              		.eabi_attribute 25, 1
  11              		.eabi_attribute 26, 1
  12              		.eabi_attribute 30, 6
  13              		.eabi_attribute 34, 1
  14              		.eabi_attribute 18, 4
  15              		.file	"stm32f4xx_ll_sdmmc.c"
  16              		.text
  17              		.section	.text.SDIO_Init,"ax",%progbits
  18              		.align	1
  19              		.global	SDIO_Init
  20              		.syntax unified
  21              		.thumb
  22              		.thumb_func
  24              	SDIO_Init:
  25              		@ args = 28, pretend = 16, frame = 16
  26              		@ frame_needed = 1, uses_anonymous_args = 0
  27              		@ link register save eliminated.
  28 0000 84B0     		sub	sp, sp, #16
  29 0002 80B4     		push	{r7}
  30 0004 85B0     		sub	sp, sp, #20
  31 0006 00AF     		add	r7, sp, #0
  32 0008 7860     		str	r0, [r7, #4]
  33 000a 07F11C00 		add	r0, r7, #28
  34 000e 80E80E00 		stm	r0, {r1, r2, r3}
  35 0012 0023     		movs	r3, #0
  36 0014 FB60     		str	r3, [r7, #12]
  37 0016 FA69     		ldr	r2, [r7, #28]
  38 0018 3B6A     		ldr	r3, [r7, #32]
  39 001a 1A43     		orrs	r2, r2, r3
  40 001c 7B6A     		ldr	r3, [r7, #36]
  41 001e 1A43     		orrs	r2, r2, r3
  42 0020 BB6A     		ldr	r3, [r7, #40]
  43 0022 1A43     		orrs	r2, r2, r3
  44 0024 FB6A     		ldr	r3, [r7, #44]
  45 0026 1A43     		orrs	r2, r2, r3
  46 0028 3B6B     		ldr	r3, [r7, #48]
  47 002a 1343     		orrs	r3, r3, r2
  48 002c FA68     		ldr	r2, [r7, #12]
  49 002e 1343     		orrs	r3, r3, r2
  50 0030 FB60     		str	r3, [r7, #12]
  51 0032 7B68     		ldr	r3, [r7, #4]
  52 0034 5B68     		ldr	r3, [r3, #4]
  53 0036 23F4FD43 		bic	r3, r3, #32384
  54 003a 23F07F03 		bic	r3, r3, #127
  55 003e FA68     		ldr	r2, [r7, #12]
  56 0040 1A43     		orrs	r2, r2, r3
  57 0042 7B68     		ldr	r3, [r7, #4]
  58 0044 5A60     		str	r2, [r3, #4]
ARM GAS  C:\Users\user\AppData\Local\Temp\ccSPX0Jf.s 			page 2


  59 0046 0023     		movs	r3, #0
  60 0048 1846     		mov	r0, r3
  61 004a 1437     		adds	r7, r7, #20
  62 004c BD46     		mov	sp, r7
  63              		@ sp needed
  64 004e 5DF8047B 		ldr	r7, [sp], #4
  65 0052 04B0     		add	sp, sp, #16
  66 0054 7047     		bx	lr
  68              		.section	.text.SDIO_ReadFIFO,"ax",%progbits
  69              		.align	1
  70              		.global	SDIO_ReadFIFO
  71              		.syntax unified
  72              		.thumb
  73              		.thumb_func
  75              	SDIO_ReadFIFO:
  76              		@ args = 0, pretend = 0, frame = 8
  77              		@ frame_needed = 1, uses_anonymous_args = 0
  78              		@ link register save eliminated.
  79 0000 80B4     		push	{r7}
  80 0002 83B0     		sub	sp, sp, #12
  81 0004 00AF     		add	r7, sp, #0
  82 0006 7860     		str	r0, [r7, #4]
  83 0008 7B68     		ldr	r3, [r7, #4]
  84 000a D3F88030 		ldr	r3, [r3, #128]
  85 000e 1846     		mov	r0, r3
  86 0010 0C37     		adds	r7, r7, #12
  87 0012 BD46     		mov	sp, r7
  88              		@ sp needed
  89 0014 5DF8047B 		ldr	r7, [sp], #4
  90 0018 7047     		bx	lr
  92              		.section	.text.SDIO_WriteFIFO,"ax",%progbits
  93              		.align	1
  94              		.global	SDIO_WriteFIFO
  95              		.syntax unified
  96              		.thumb
  97              		.thumb_func
  99              	SDIO_WriteFIFO:
 100              		@ args = 0, pretend = 0, frame = 8
 101              		@ frame_needed = 1, uses_anonymous_args = 0
 102              		@ link register save eliminated.
 103 0000 80B4     		push	{r7}
 104 0002 83B0     		sub	sp, sp, #12
 105 0004 00AF     		add	r7, sp, #0
 106 0006 7860     		str	r0, [r7, #4]
 107 0008 3960     		str	r1, [r7]
 108 000a 3B68     		ldr	r3, [r7]
 109 000c 1A68     		ldr	r2, [r3]
 110 000e 7B68     		ldr	r3, [r7, #4]
 111 0010 C3F88020 		str	r2, [r3, #128]
 112 0014 0023     		movs	r3, #0
 113 0016 1846     		mov	r0, r3
 114 0018 0C37     		adds	r7, r7, #12
 115 001a BD46     		mov	sp, r7
 116              		@ sp needed
 117 001c 5DF8047B 		ldr	r7, [sp], #4
 118 0020 7047     		bx	lr
 120              		.section	.text.SDIO_PowerState_ON,"ax",%progbits
ARM GAS  C:\Users\user\AppData\Local\Temp\ccSPX0Jf.s 			page 3


 121              		.align	1
 122              		.global	SDIO_PowerState_ON
 123              		.syntax unified
 124              		.thumb
 125              		.thumb_func
 127              	SDIO_PowerState_ON:
 128              		@ args = 0, pretend = 0, frame = 8
 129              		@ frame_needed = 1, uses_anonymous_args = 0
 130              		@ link register save eliminated.
 131 0000 80B4     		push	{r7}
 132 0002 83B0     		sub	sp, sp, #12
 133 0004 00AF     		add	r7, sp, #0
 134 0006 7860     		str	r0, [r7, #4]
 135 0008 7B68     		ldr	r3, [r7, #4]
 136 000a 0322     		movs	r2, #3
 137 000c 1A60     		str	r2, [r3]
 138 000e 0023     		movs	r3, #0
 139 0010 1846     		mov	r0, r3
 140 0012 0C37     		adds	r7, r7, #12
 141 0014 BD46     		mov	sp, r7
 142              		@ sp needed
 143 0016 5DF8047B 		ldr	r7, [sp], #4
 144 001a 7047     		bx	lr
 146              		.section	.text.SDIO_PowerState_OFF,"ax",%progbits
 147              		.align	1
 148              		.global	SDIO_PowerState_OFF
 149              		.syntax unified
 150              		.thumb
 151              		.thumb_func
 153              	SDIO_PowerState_OFF:
 154              		@ args = 0, pretend = 0, frame = 8
 155              		@ frame_needed = 1, uses_anonymous_args = 0
 156              		@ link register save eliminated.
 157 0000 80B4     		push	{r7}
 158 0002 83B0     		sub	sp, sp, #12
 159 0004 00AF     		add	r7, sp, #0
 160 0006 7860     		str	r0, [r7, #4]
 161 0008 7B68     		ldr	r3, [r7, #4]
 162 000a 0022     		movs	r2, #0
 163 000c 1A60     		str	r2, [r3]
 164 000e 0023     		movs	r3, #0
 165 0010 1846     		mov	r0, r3
 166 0012 0C37     		adds	r7, r7, #12
 167 0014 BD46     		mov	sp, r7
 168              		@ sp needed
 169 0016 5DF8047B 		ldr	r7, [sp], #4
 170 001a 7047     		bx	lr
 172              		.section	.text.SDIO_GetPowerState,"ax",%progbits
 173              		.align	1
 174              		.global	SDIO_GetPowerState
 175              		.syntax unified
 176              		.thumb
 177              		.thumb_func
 179              	SDIO_GetPowerState:
 180              		@ args = 0, pretend = 0, frame = 8
 181              		@ frame_needed = 1, uses_anonymous_args = 0
 182              		@ link register save eliminated.
ARM GAS  C:\Users\user\AppData\Local\Temp\ccSPX0Jf.s 			page 4


 183 0000 80B4     		push	{r7}
 184 0002 83B0     		sub	sp, sp, #12
 185 0004 00AF     		add	r7, sp, #0
 186 0006 7860     		str	r0, [r7, #4]
 187 0008 7B68     		ldr	r3, [r7, #4]
 188 000a 1B68     		ldr	r3, [r3]
 189 000c 03F00303 		and	r3, r3, #3
 190 0010 1846     		mov	r0, r3
 191 0012 0C37     		adds	r7, r7, #12
 192 0014 BD46     		mov	sp, r7
 193              		@ sp needed
 194 0016 5DF8047B 		ldr	r7, [sp], #4
 195 001a 7047     		bx	lr
 197              		.section	.text.SDIO_SendCommand,"ax",%progbits
 198              		.align	1
 199              		.global	SDIO_SendCommand
 200              		.syntax unified
 201              		.thumb
 202              		.thumb_func
 204              	SDIO_SendCommand:
 205              		@ args = 0, pretend = 0, frame = 16
 206              		@ frame_needed = 1, uses_anonymous_args = 0
 207              		@ link register save eliminated.
 208 0000 80B4     		push	{r7}
 209 0002 85B0     		sub	sp, sp, #20
 210 0004 00AF     		add	r7, sp, #0
 211 0006 7860     		str	r0, [r7, #4]
 212 0008 3960     		str	r1, [r7]
 213 000a 0023     		movs	r3, #0
 214 000c FB60     		str	r3, [r7, #12]
 215 000e 3B68     		ldr	r3, [r7]
 216 0010 1A68     		ldr	r2, [r3]
 217 0012 7B68     		ldr	r3, [r7, #4]
 218 0014 9A60     		str	r2, [r3, #8]
 219 0016 3B68     		ldr	r3, [r7]
 220 0018 5A68     		ldr	r2, [r3, #4]
 221 001a 3B68     		ldr	r3, [r7]
 222 001c 9B68     		ldr	r3, [r3, #8]
 223 001e 1A43     		orrs	r2, r2, r3
 224 0020 3B68     		ldr	r3, [r7]
 225 0022 DB68     		ldr	r3, [r3, #12]
 226 0024 1A43     		orrs	r2, r2, r3
 227 0026 3B68     		ldr	r3, [r7]
 228 0028 1B69     		ldr	r3, [r3, #16]
 229 002a 1343     		orrs	r3, r3, r2
 230 002c FA68     		ldr	r2, [r7, #12]
 231 002e 1343     		orrs	r3, r3, r2
 232 0030 FB60     		str	r3, [r7, #12]
 233 0032 7B68     		ldr	r3, [r7, #4]
 234 0034 DB68     		ldr	r3, [r3, #12]
 235 0036 23F47F63 		bic	r3, r3, #4080
 236 003a 23F00F03 		bic	r3, r3, #15
 237 003e FA68     		ldr	r2, [r7, #12]
 238 0040 1A43     		orrs	r2, r2, r3
 239 0042 7B68     		ldr	r3, [r7, #4]
 240 0044 DA60     		str	r2, [r3, #12]
 241 0046 0023     		movs	r3, #0
ARM GAS  C:\Users\user\AppData\Local\Temp\ccSPX0Jf.s 			page 5


 242 0048 1846     		mov	r0, r3
 243 004a 1437     		adds	r7, r7, #20
 244 004c BD46     		mov	sp, r7
 245              		@ sp needed
 246 004e 5DF8047B 		ldr	r7, [sp], #4
 247 0052 7047     		bx	lr
 249              		.section	.text.SDIO_GetCommandResponse,"ax",%progbits
 250              		.align	1
 251              		.global	SDIO_GetCommandResponse
 252              		.syntax unified
 253              		.thumb
 254              		.thumb_func
 256              	SDIO_GetCommandResponse:
 257              		@ args = 0, pretend = 0, frame = 8
 258              		@ frame_needed = 1, uses_anonymous_args = 0
 259              		@ link register save eliminated.
 260 0000 80B4     		push	{r7}
 261 0002 83B0     		sub	sp, sp, #12
 262 0004 00AF     		add	r7, sp, #0
 263 0006 7860     		str	r0, [r7, #4]
 264 0008 7B68     		ldr	r3, [r7, #4]
 265 000a 1B69     		ldr	r3, [r3, #16]
 266 000c DBB2     		uxtb	r3, r3
 267 000e 1846     		mov	r0, r3
 268 0010 0C37     		adds	r7, r7, #12
 269 0012 BD46     		mov	sp, r7
 270              		@ sp needed
 271 0014 5DF8047B 		ldr	r7, [sp], #4
 272 0018 7047     		bx	lr
 274              		.section	.text.SDIO_GetResponse,"ax",%progbits
 275              		.align	1
 276              		.global	SDIO_GetResponse
 277              		.syntax unified
 278              		.thumb
 279              		.thumb_func
 281              	SDIO_GetResponse:
 282              		@ args = 0, pretend = 0, frame = 16
 283              		@ frame_needed = 1, uses_anonymous_args = 0
 284              		@ link register save eliminated.
 285 0000 80B4     		push	{r7}
 286 0002 85B0     		sub	sp, sp, #20
 287 0004 00AF     		add	r7, sp, #0
 288 0006 7860     		str	r0, [r7, #4]
 289 0008 3960     		str	r1, [r7]
 290 000a 7B68     		ldr	r3, [r7, #4]
 291 000c 1433     		adds	r3, r3, #20
 292 000e 1A46     		mov	r2, r3
 293 0010 3B68     		ldr	r3, [r7]
 294 0012 1344     		add	r3, r3, r2
 295 0014 FB60     		str	r3, [r7, #12]
 296 0016 FB68     		ldr	r3, [r7, #12]
 297 0018 1B68     		ldr	r3, [r3]
 298 001a 1846     		mov	r0, r3
 299 001c 1437     		adds	r7, r7, #20
 300 001e BD46     		mov	sp, r7
 301              		@ sp needed
 302 0020 5DF8047B 		ldr	r7, [sp], #4
ARM GAS  C:\Users\user\AppData\Local\Temp\ccSPX0Jf.s 			page 6


 303 0024 7047     		bx	lr
 305              		.section	.text.SDIO_ConfigData,"ax",%progbits
 306              		.align	1
 307              		.global	SDIO_ConfigData
 308              		.syntax unified
 309              		.thumb
 310              		.thumb_func
 312              	SDIO_ConfigData:
 313              		@ args = 0, pretend = 0, frame = 16
 314              		@ frame_needed = 1, uses_anonymous_args = 0
 315              		@ link register save eliminated.
 316 0000 80B4     		push	{r7}
 317 0002 85B0     		sub	sp, sp, #20
 318 0004 00AF     		add	r7, sp, #0
 319 0006 7860     		str	r0, [r7, #4]
 320 0008 3960     		str	r1, [r7]
 321 000a 0023     		movs	r3, #0
 322 000c FB60     		str	r3, [r7, #12]
 323 000e 3B68     		ldr	r3, [r7]
 324 0010 1A68     		ldr	r2, [r3]
 325 0012 7B68     		ldr	r3, [r7, #4]
 326 0014 5A62     		str	r2, [r3, #36]
 327 0016 3B68     		ldr	r3, [r7]
 328 0018 5A68     		ldr	r2, [r3, #4]
 329 001a 7B68     		ldr	r3, [r7, #4]
 330 001c 9A62     		str	r2, [r3, #40]
 331 001e 3B68     		ldr	r3, [r7]
 332 0020 9A68     		ldr	r2, [r3, #8]
 333 0022 3B68     		ldr	r3, [r7]
 334 0024 DB68     		ldr	r3, [r3, #12]
 335 0026 1A43     		orrs	r2, r2, r3
 336 0028 3B68     		ldr	r3, [r7]
 337 002a 1B69     		ldr	r3, [r3, #16]
 338 002c 1A43     		orrs	r2, r2, r3
 339 002e 3B68     		ldr	r3, [r7]
 340 0030 5B69     		ldr	r3, [r3, #20]
 341 0032 1343     		orrs	r3, r3, r2
 342 0034 FA68     		ldr	r2, [r7, #12]
 343 0036 1343     		orrs	r3, r3, r2
 344 0038 FB60     		str	r3, [r7, #12]
 345 003a 7B68     		ldr	r3, [r7, #4]
 346 003c DB6A     		ldr	r3, [r3, #44]
 347 003e 23F0F702 		bic	r2, r3, #247
 348 0042 FB68     		ldr	r3, [r7, #12]
 349 0044 1A43     		orrs	r2, r2, r3
 350 0046 7B68     		ldr	r3, [r7, #4]
 351 0048 DA62     		str	r2, [r3, #44]
 352 004a 0023     		movs	r3, #0
 353 004c 1846     		mov	r0, r3
 354 004e 1437     		adds	r7, r7, #20
 355 0050 BD46     		mov	sp, r7
 356              		@ sp needed
 357 0052 5DF8047B 		ldr	r7, [sp], #4
 358 0056 7047     		bx	lr
 360              		.section	.text.SDIO_GetDataCounter,"ax",%progbits
 361              		.align	1
 362              		.global	SDIO_GetDataCounter
ARM GAS  C:\Users\user\AppData\Local\Temp\ccSPX0Jf.s 			page 7


 363              		.syntax unified
 364              		.thumb
 365              		.thumb_func
 367              	SDIO_GetDataCounter:
 368              		@ args = 0, pretend = 0, frame = 8
 369              		@ frame_needed = 1, uses_anonymous_args = 0
 370              		@ link register save eliminated.
 371 0000 80B4     		push	{r7}
 372 0002 83B0     		sub	sp, sp, #12
 373 0004 00AF     		add	r7, sp, #0
 374 0006 7860     		str	r0, [r7, #4]
 375 0008 7B68     		ldr	r3, [r7, #4]
 376 000a 1B6B     		ldr	r3, [r3, #48]
 377 000c 1846     		mov	r0, r3
 378 000e 0C37     		adds	r7, r7, #12
 379 0010 BD46     		mov	sp, r7
 380              		@ sp needed
 381 0012 5DF8047B 		ldr	r7, [sp], #4
 382 0016 7047     		bx	lr
 384              		.section	.text.SDIO_GetFIFOCount,"ax",%progbits
 385              		.align	1
 386              		.global	SDIO_GetFIFOCount
 387              		.syntax unified
 388              		.thumb
 389              		.thumb_func
 391              	SDIO_GetFIFOCount:
 392              		@ args = 0, pretend = 0, frame = 8
 393              		@ frame_needed = 1, uses_anonymous_args = 0
 394              		@ link register save eliminated.
 395 0000 80B4     		push	{r7}
 396 0002 83B0     		sub	sp, sp, #12
 397 0004 00AF     		add	r7, sp, #0
 398 0006 7860     		str	r0, [r7, #4]
 399 0008 7B68     		ldr	r3, [r7, #4]
 400 000a D3F88030 		ldr	r3, [r3, #128]
 401 000e 1846     		mov	r0, r3
 402 0010 0C37     		adds	r7, r7, #12
 403 0012 BD46     		mov	sp, r7
 404              		@ sp needed
 405 0014 5DF8047B 		ldr	r7, [sp], #4
 406 0018 7047     		bx	lr
 408              		.section	.text.SDIO_SetSDMMCReadWaitMode,"ax",%progbits
 409              		.align	1
 410              		.global	SDIO_SetSDMMCReadWaitMode
 411              		.syntax unified
 412              		.thumb
 413              		.thumb_func
 415              	SDIO_SetSDMMCReadWaitMode:
 416              		@ args = 0, pretend = 0, frame = 8
 417              		@ frame_needed = 1, uses_anonymous_args = 0
 418              		@ link register save eliminated.
 419 0000 80B4     		push	{r7}
 420 0002 83B0     		sub	sp, sp, #12
 421 0004 00AF     		add	r7, sp, #0
 422 0006 7860     		str	r0, [r7, #4]
 423 0008 3960     		str	r1, [r7]
 424 000a 7B68     		ldr	r3, [r7, #4]
ARM GAS  C:\Users\user\AppData\Local\Temp\ccSPX0Jf.s 			page 8


 425 000c DB6A     		ldr	r3, [r3, #44]
 426 000e 23F48062 		bic	r2, r3, #1024
 427 0012 3B68     		ldr	r3, [r7]
 428 0014 1A43     		orrs	r2, r2, r3
 429 0016 7B68     		ldr	r3, [r7, #4]
 430 0018 DA62     		str	r2, [r3, #44]
 431 001a 0023     		movs	r3, #0
 432 001c 1846     		mov	r0, r3
 433 001e 0C37     		adds	r7, r7, #12
 434 0020 BD46     		mov	sp, r7
 435              		@ sp needed
 436 0022 5DF8047B 		ldr	r7, [sp], #4
 437 0026 7047     		bx	lr
 439              		.section	.text.SDMMC_CmdBlockLength,"ax",%progbits
 440              		.align	1
 441              		.global	SDMMC_CmdBlockLength
 442              		.syntax unified
 443              		.thumb
 444              		.thumb_func
 446              	SDMMC_CmdBlockLength:
 447              		@ args = 0, pretend = 0, frame = 32
 448              		@ frame_needed = 1, uses_anonymous_args = 0
 449 0000 80B5     		push	{r7, lr}
 450 0002 88B0     		sub	sp, sp, #32
 451 0004 00AF     		add	r7, sp, #0
 452 0006 7860     		str	r0, [r7, #4]
 453 0008 3960     		str	r1, [r7]
 454 000a 3B68     		ldr	r3, [r7]
 455 000c BB60     		str	r3, [r7, #8]
 456 000e 1023     		movs	r3, #16
 457 0010 FB60     		str	r3, [r7, #12]
 458 0012 4023     		movs	r3, #64
 459 0014 3B61     		str	r3, [r7, #16]
 460 0016 0023     		movs	r3, #0
 461 0018 7B61     		str	r3, [r7, #20]
 462 001a 4FF48063 		mov	r3, #1024
 463 001e BB61     		str	r3, [r7, #24]
 464 0020 07F10803 		add	r3, r7, #8
 465 0024 1946     		mov	r1, r3
 466 0026 7868     		ldr	r0, [r7, #4]
 467 0028 FFF7FEFF 		bl	SDIO_SendCommand
 468 002c 41F28832 		movw	r2, #5000
 469 0030 1021     		movs	r1, #16
 470 0032 7868     		ldr	r0, [r7, #4]
 471 0034 FFF7FEFF 		bl	SDMMC_GetCmdResp1
 472 0038 F861     		str	r0, [r7, #28]
 473 003a FB69     		ldr	r3, [r7, #28]
 474 003c 1846     		mov	r0, r3
 475 003e 2037     		adds	r7, r7, #32
 476 0040 BD46     		mov	sp, r7
 477              		@ sp needed
 478 0042 80BD     		pop	{r7, pc}
 480              		.section	.text.SDMMC_CmdReadSingleBlock,"ax",%progbits
 481              		.align	1
 482              		.global	SDMMC_CmdReadSingleBlock
 483              		.syntax unified
 484              		.thumb
ARM GAS  C:\Users\user\AppData\Local\Temp\ccSPX0Jf.s 			page 9


 485              		.thumb_func
 487              	SDMMC_CmdReadSingleBlock:
 488              		@ args = 0, pretend = 0, frame = 32
 489              		@ frame_needed = 1, uses_anonymous_args = 0
 490 0000 80B5     		push	{r7, lr}
 491 0002 88B0     		sub	sp, sp, #32
 492 0004 00AF     		add	r7, sp, #0
 493 0006 7860     		str	r0, [r7, #4]
 494 0008 3960     		str	r1, [r7]
 495 000a 3B68     		ldr	r3, [r7]
 496 000c BB60     		str	r3, [r7, #8]
 497 000e 1123     		movs	r3, #17
 498 0010 FB60     		str	r3, [r7, #12]
 499 0012 4023     		movs	r3, #64
 500 0014 3B61     		str	r3, [r7, #16]
 501 0016 0023     		movs	r3, #0
 502 0018 7B61     		str	r3, [r7, #20]
 503 001a 4FF48063 		mov	r3, #1024
 504 001e BB61     		str	r3, [r7, #24]
 505 0020 07F10803 		add	r3, r7, #8
 506 0024 1946     		mov	r1, r3
 507 0026 7868     		ldr	r0, [r7, #4]
 508 0028 FFF7FEFF 		bl	SDIO_SendCommand
 509 002c 41F28832 		movw	r2, #5000
 510 0030 1121     		movs	r1, #17
 511 0032 7868     		ldr	r0, [r7, #4]
 512 0034 FFF7FEFF 		bl	SDMMC_GetCmdResp1
 513 0038 F861     		str	r0, [r7, #28]
 514 003a FB69     		ldr	r3, [r7, #28]
 515 003c 1846     		mov	r0, r3
 516 003e 2037     		adds	r7, r7, #32
 517 0040 BD46     		mov	sp, r7
 518              		@ sp needed
 519 0042 80BD     		pop	{r7, pc}
 521              		.section	.text.SDMMC_CmdReadMultiBlock,"ax",%progbits
 522              		.align	1
 523              		.global	SDMMC_CmdReadMultiBlock
 524              		.syntax unified
 525              		.thumb
 526              		.thumb_func
 528              	SDMMC_CmdReadMultiBlock:
 529              		@ args = 0, pretend = 0, frame = 32
 530              		@ frame_needed = 1, uses_anonymous_args = 0
 531 0000 80B5     		push	{r7, lr}
 532 0002 88B0     		sub	sp, sp, #32
 533 0004 00AF     		add	r7, sp, #0
 534 0006 7860     		str	r0, [r7, #4]
 535 0008 3960     		str	r1, [r7]
 536 000a 3B68     		ldr	r3, [r7]
 537 000c BB60     		str	r3, [r7, #8]
 538 000e 1223     		movs	r3, #18
 539 0010 FB60     		str	r3, [r7, #12]
 540 0012 4023     		movs	r3, #64
 541 0014 3B61     		str	r3, [r7, #16]
 542 0016 0023     		movs	r3, #0
 543 0018 7B61     		str	r3, [r7, #20]
 544 001a 4FF48063 		mov	r3, #1024
ARM GAS  C:\Users\user\AppData\Local\Temp\ccSPX0Jf.s 			page 10


 545 001e BB61     		str	r3, [r7, #24]
 546 0020 07F10803 		add	r3, r7, #8
 547 0024 1946     		mov	r1, r3
 548 0026 7868     		ldr	r0, [r7, #4]
 549 0028 FFF7FEFF 		bl	SDIO_SendCommand
 550 002c 41F28832 		movw	r2, #5000
 551 0030 1221     		movs	r1, #18
 552 0032 7868     		ldr	r0, [r7, #4]
 553 0034 FFF7FEFF 		bl	SDMMC_GetCmdResp1
 554 0038 F861     		str	r0, [r7, #28]
 555 003a FB69     		ldr	r3, [r7, #28]
 556 003c 1846     		mov	r0, r3
 557 003e 2037     		adds	r7, r7, #32
 558 0040 BD46     		mov	sp, r7
 559              		@ sp needed
 560 0042 80BD     		pop	{r7, pc}
 562              		.section	.text.SDMMC_CmdWriteSingleBlock,"ax",%progbits
 563              		.align	1
 564              		.global	SDMMC_CmdWriteSingleBlock
 565              		.syntax unified
 566              		.thumb
 567              		.thumb_func
 569              	SDMMC_CmdWriteSingleBlock:
 570              		@ args = 0, pretend = 0, frame = 32
 571              		@ frame_needed = 1, uses_anonymous_args = 0
 572 0000 80B5     		push	{r7, lr}
 573 0002 88B0     		sub	sp, sp, #32
 574 0004 00AF     		add	r7, sp, #0
 575 0006 7860     		str	r0, [r7, #4]
 576 0008 3960     		str	r1, [r7]
 577 000a 3B68     		ldr	r3, [r7]
 578 000c BB60     		str	r3, [r7, #8]
 579 000e 1823     		movs	r3, #24
 580 0010 FB60     		str	r3, [r7, #12]
 581 0012 4023     		movs	r3, #64
 582 0014 3B61     		str	r3, [r7, #16]
 583 0016 0023     		movs	r3, #0
 584 0018 7B61     		str	r3, [r7, #20]
 585 001a 4FF48063 		mov	r3, #1024
 586 001e BB61     		str	r3, [r7, #24]
 587 0020 07F10803 		add	r3, r7, #8
 588 0024 1946     		mov	r1, r3
 589 0026 7868     		ldr	r0, [r7, #4]
 590 0028 FFF7FEFF 		bl	SDIO_SendCommand
 591 002c 41F28832 		movw	r2, #5000
 592 0030 1821     		movs	r1, #24
 593 0032 7868     		ldr	r0, [r7, #4]
 594 0034 FFF7FEFF 		bl	SDMMC_GetCmdResp1
 595 0038 F861     		str	r0, [r7, #28]
 596 003a FB69     		ldr	r3, [r7, #28]
 597 003c 1846     		mov	r0, r3
 598 003e 2037     		adds	r7, r7, #32
 599 0040 BD46     		mov	sp, r7
 600              		@ sp needed
 601 0042 80BD     		pop	{r7, pc}
 603              		.section	.text.SDMMC_CmdWriteMultiBlock,"ax",%progbits
 604              		.align	1
ARM GAS  C:\Users\user\AppData\Local\Temp\ccSPX0Jf.s 			page 11


 605              		.global	SDMMC_CmdWriteMultiBlock
 606              		.syntax unified
 607              		.thumb
 608              		.thumb_func
 610              	SDMMC_CmdWriteMultiBlock:
 611              		@ args = 0, pretend = 0, frame = 32
 612              		@ frame_needed = 1, uses_anonymous_args = 0
 613 0000 80B5     		push	{r7, lr}
 614 0002 88B0     		sub	sp, sp, #32
 615 0004 00AF     		add	r7, sp, #0
 616 0006 7860     		str	r0, [r7, #4]
 617 0008 3960     		str	r1, [r7]
 618 000a 3B68     		ldr	r3, [r7]
 619 000c BB60     		str	r3, [r7, #8]
 620 000e 1923     		movs	r3, #25
 621 0010 FB60     		str	r3, [r7, #12]
 622 0012 4023     		movs	r3, #64
 623 0014 3B61     		str	r3, [r7, #16]
 624 0016 0023     		movs	r3, #0
 625 0018 7B61     		str	r3, [r7, #20]
 626 001a 4FF48063 		mov	r3, #1024
 627 001e BB61     		str	r3, [r7, #24]
 628 0020 07F10803 		add	r3, r7, #8
 629 0024 1946     		mov	r1, r3
 630 0026 7868     		ldr	r0, [r7, #4]
 631 0028 FFF7FEFF 		bl	SDIO_SendCommand
 632 002c 41F28832 		movw	r2, #5000
 633 0030 1921     		movs	r1, #25
 634 0032 7868     		ldr	r0, [r7, #4]
 635 0034 FFF7FEFF 		bl	SDMMC_GetCmdResp1
 636 0038 F861     		str	r0, [r7, #28]
 637 003a FB69     		ldr	r3, [r7, #28]
 638 003c 1846     		mov	r0, r3
 639 003e 2037     		adds	r7, r7, #32
 640 0040 BD46     		mov	sp, r7
 641              		@ sp needed
 642 0042 80BD     		pop	{r7, pc}
 644              		.section	.text.SDMMC_CmdSDEraseStartAdd,"ax",%progbits
 645              		.align	1
 646              		.global	SDMMC_CmdSDEraseStartAdd
 647              		.syntax unified
 648              		.thumb
 649              		.thumb_func
 651              	SDMMC_CmdSDEraseStartAdd:
 652              		@ args = 0, pretend = 0, frame = 32
 653              		@ frame_needed = 1, uses_anonymous_args = 0
 654 0000 80B5     		push	{r7, lr}
 655 0002 88B0     		sub	sp, sp, #32
 656 0004 00AF     		add	r7, sp, #0
 657 0006 7860     		str	r0, [r7, #4]
 658 0008 3960     		str	r1, [r7]
 659 000a 3B68     		ldr	r3, [r7]
 660 000c BB60     		str	r3, [r7, #8]
 661 000e 2023     		movs	r3, #32
 662 0010 FB60     		str	r3, [r7, #12]
 663 0012 4023     		movs	r3, #64
 664 0014 3B61     		str	r3, [r7, #16]
ARM GAS  C:\Users\user\AppData\Local\Temp\ccSPX0Jf.s 			page 12


 665 0016 0023     		movs	r3, #0
 666 0018 7B61     		str	r3, [r7, #20]
 667 001a 4FF48063 		mov	r3, #1024
 668 001e BB61     		str	r3, [r7, #24]
 669 0020 07F10803 		add	r3, r7, #8
 670 0024 1946     		mov	r1, r3
 671 0026 7868     		ldr	r0, [r7, #4]
 672 0028 FFF7FEFF 		bl	SDIO_SendCommand
 673 002c 41F28832 		movw	r2, #5000
 674 0030 2021     		movs	r1, #32
 675 0032 7868     		ldr	r0, [r7, #4]
 676 0034 FFF7FEFF 		bl	SDMMC_GetCmdResp1
 677 0038 F861     		str	r0, [r7, #28]
 678 003a FB69     		ldr	r3, [r7, #28]
 679 003c 1846     		mov	r0, r3
 680 003e 2037     		adds	r7, r7, #32
 681 0040 BD46     		mov	sp, r7
 682              		@ sp needed
 683 0042 80BD     		pop	{r7, pc}
 685              		.section	.text.SDMMC_CmdSDEraseEndAdd,"ax",%progbits
 686              		.align	1
 687              		.global	SDMMC_CmdSDEraseEndAdd
 688              		.syntax unified
 689              		.thumb
 690              		.thumb_func
 692              	SDMMC_CmdSDEraseEndAdd:
 693              		@ args = 0, pretend = 0, frame = 32
 694              		@ frame_needed = 1, uses_anonymous_args = 0
 695 0000 80B5     		push	{r7, lr}
 696 0002 88B0     		sub	sp, sp, #32
 697 0004 00AF     		add	r7, sp, #0
 698 0006 7860     		str	r0, [r7, #4]
 699 0008 3960     		str	r1, [r7]
 700 000a 3B68     		ldr	r3, [r7]
 701 000c BB60     		str	r3, [r7, #8]
 702 000e 2123     		movs	r3, #33
 703 0010 FB60     		str	r3, [r7, #12]
 704 0012 4023     		movs	r3, #64
 705 0014 3B61     		str	r3, [r7, #16]
 706 0016 0023     		movs	r3, #0
 707 0018 7B61     		str	r3, [r7, #20]
 708 001a 4FF48063 		mov	r3, #1024
 709 001e BB61     		str	r3, [r7, #24]
 710 0020 07F10803 		add	r3, r7, #8
 711 0024 1946     		mov	r1, r3
 712 0026 7868     		ldr	r0, [r7, #4]
 713 0028 FFF7FEFF 		bl	SDIO_SendCommand
 714 002c 41F28832 		movw	r2, #5000
 715 0030 2121     		movs	r1, #33
 716 0032 7868     		ldr	r0, [r7, #4]
 717 0034 FFF7FEFF 		bl	SDMMC_GetCmdResp1
 718 0038 F861     		str	r0, [r7, #28]
 719 003a FB69     		ldr	r3, [r7, #28]
 720 003c 1846     		mov	r0, r3
 721 003e 2037     		adds	r7, r7, #32
 722 0040 BD46     		mov	sp, r7
 723              		@ sp needed
ARM GAS  C:\Users\user\AppData\Local\Temp\ccSPX0Jf.s 			page 13


 724 0042 80BD     		pop	{r7, pc}
 726              		.section	.text.SDMMC_CmdEraseStartAdd,"ax",%progbits
 727              		.align	1
 728              		.global	SDMMC_CmdEraseStartAdd
 729              		.syntax unified
 730              		.thumb
 731              		.thumb_func
 733              	SDMMC_CmdEraseStartAdd:
 734              		@ args = 0, pretend = 0, frame = 32
 735              		@ frame_needed = 1, uses_anonymous_args = 0
 736 0000 80B5     		push	{r7, lr}
 737 0002 88B0     		sub	sp, sp, #32
 738 0004 00AF     		add	r7, sp, #0
 739 0006 7860     		str	r0, [r7, #4]
 740 0008 3960     		str	r1, [r7]
 741 000a 3B68     		ldr	r3, [r7]
 742 000c BB60     		str	r3, [r7, #8]
 743 000e 2323     		movs	r3, #35
 744 0010 FB60     		str	r3, [r7, #12]
 745 0012 4023     		movs	r3, #64
 746 0014 3B61     		str	r3, [r7, #16]
 747 0016 0023     		movs	r3, #0
 748 0018 7B61     		str	r3, [r7, #20]
 749 001a 4FF48063 		mov	r3, #1024
 750 001e BB61     		str	r3, [r7, #24]
 751 0020 07F10803 		add	r3, r7, #8
 752 0024 1946     		mov	r1, r3
 753 0026 7868     		ldr	r0, [r7, #4]
 754 0028 FFF7FEFF 		bl	SDIO_SendCommand
 755 002c 41F28832 		movw	r2, #5000
 756 0030 2321     		movs	r1, #35
 757 0032 7868     		ldr	r0, [r7, #4]
 758 0034 FFF7FEFF 		bl	SDMMC_GetCmdResp1
 759 0038 F861     		str	r0, [r7, #28]
 760 003a FB69     		ldr	r3, [r7, #28]
 761 003c 1846     		mov	r0, r3
 762 003e 2037     		adds	r7, r7, #32
 763 0040 BD46     		mov	sp, r7
 764              		@ sp needed
 765 0042 80BD     		pop	{r7, pc}
 767              		.section	.text.SDMMC_CmdEraseEndAdd,"ax",%progbits
 768              		.align	1
 769              		.global	SDMMC_CmdEraseEndAdd
 770              		.syntax unified
 771              		.thumb
 772              		.thumb_func
 774              	SDMMC_CmdEraseEndAdd:
 775              		@ args = 0, pretend = 0, frame = 32
 776              		@ frame_needed = 1, uses_anonymous_args = 0
 777 0000 80B5     		push	{r7, lr}
 778 0002 88B0     		sub	sp, sp, #32
 779 0004 00AF     		add	r7, sp, #0
 780 0006 7860     		str	r0, [r7, #4]
 781 0008 3960     		str	r1, [r7]
 782 000a 3B68     		ldr	r3, [r7]
 783 000c BB60     		str	r3, [r7, #8]
 784 000e 2423     		movs	r3, #36
ARM GAS  C:\Users\user\AppData\Local\Temp\ccSPX0Jf.s 			page 14


 785 0010 FB60     		str	r3, [r7, #12]
 786 0012 4023     		movs	r3, #64
 787 0014 3B61     		str	r3, [r7, #16]
 788 0016 0023     		movs	r3, #0
 789 0018 7B61     		str	r3, [r7, #20]
 790 001a 4FF48063 		mov	r3, #1024
 791 001e BB61     		str	r3, [r7, #24]
 792 0020 07F10803 		add	r3, r7, #8
 793 0024 1946     		mov	r1, r3
 794 0026 7868     		ldr	r0, [r7, #4]
 795 0028 FFF7FEFF 		bl	SDIO_SendCommand
 796 002c 41F28832 		movw	r2, #5000
 797 0030 2421     		movs	r1, #36
 798 0032 7868     		ldr	r0, [r7, #4]
 799 0034 FFF7FEFF 		bl	SDMMC_GetCmdResp1
 800 0038 F861     		str	r0, [r7, #28]
 801 003a FB69     		ldr	r3, [r7, #28]
 802 003c 1846     		mov	r0, r3
 803 003e 2037     		adds	r7, r7, #32
 804 0040 BD46     		mov	sp, r7
 805              		@ sp needed
 806 0042 80BD     		pop	{r7, pc}
 808              		.section	.text.SDMMC_CmdErase,"ax",%progbits
 809              		.align	1
 810              		.global	SDMMC_CmdErase
 811              		.syntax unified
 812              		.thumb
 813              		.thumb_func
 815              	SDMMC_CmdErase:
 816              		@ args = 0, pretend = 0, frame = 32
 817              		@ frame_needed = 1, uses_anonymous_args = 0
 818 0000 80B5     		push	{r7, lr}
 819 0002 88B0     		sub	sp, sp, #32
 820 0004 00AF     		add	r7, sp, #0
 821 0006 7860     		str	r0, [r7, #4]
 822 0008 0023     		movs	r3, #0
 823 000a BB60     		str	r3, [r7, #8]
 824 000c 2623     		movs	r3, #38
 825 000e FB60     		str	r3, [r7, #12]
 826 0010 4023     		movs	r3, #64
 827 0012 3B61     		str	r3, [r7, #16]
 828 0014 0023     		movs	r3, #0
 829 0016 7B61     		str	r3, [r7, #20]
 830 0018 4FF48063 		mov	r3, #1024
 831 001c BB61     		str	r3, [r7, #24]
 832 001e 07F10803 		add	r3, r7, #8
 833 0022 1946     		mov	r1, r3
 834 0024 7868     		ldr	r0, [r7, #4]
 835 0026 FFF7FEFF 		bl	SDIO_SendCommand
 836 002a 4FF21862 		movw	r2, #63000
 837 002e 2621     		movs	r1, #38
 838 0030 7868     		ldr	r0, [r7, #4]
 839 0032 FFF7FEFF 		bl	SDMMC_GetCmdResp1
 840 0036 F861     		str	r0, [r7, #28]
 841 0038 FB69     		ldr	r3, [r7, #28]
 842 003a 1846     		mov	r0, r3
 843 003c 2037     		adds	r7, r7, #32
ARM GAS  C:\Users\user\AppData\Local\Temp\ccSPX0Jf.s 			page 15


 844 003e BD46     		mov	sp, r7
 845              		@ sp needed
 846 0040 80BD     		pop	{r7, pc}
 848              		.section	.text.SDMMC_CmdStopTransfer,"ax",%progbits
 849              		.align	1
 850              		.global	SDMMC_CmdStopTransfer
 851              		.syntax unified
 852              		.thumb
 853              		.thumb_func
 855              	SDMMC_CmdStopTransfer:
 856              		@ args = 0, pretend = 0, frame = 32
 857              		@ frame_needed = 1, uses_anonymous_args = 0
 858 0000 80B5     		push	{r7, lr}
 859 0002 88B0     		sub	sp, sp, #32
 860 0004 00AF     		add	r7, sp, #0
 861 0006 7860     		str	r0, [r7, #4]
 862 0008 0023     		movs	r3, #0
 863 000a BB60     		str	r3, [r7, #8]
 864 000c 0C23     		movs	r3, #12
 865 000e FB60     		str	r3, [r7, #12]
 866 0010 4023     		movs	r3, #64
 867 0012 3B61     		str	r3, [r7, #16]
 868 0014 0023     		movs	r3, #0
 869 0016 7B61     		str	r3, [r7, #20]
 870 0018 4FF48063 		mov	r3, #1024
 871 001c BB61     		str	r3, [r7, #24]
 872 001e 07F10803 		add	r3, r7, #8
 873 0022 1946     		mov	r1, r3
 874 0024 7868     		ldr	r0, [r7, #4]
 875 0026 FFF7FEFF 		bl	SDIO_SendCommand
 876 002a 054A     		ldr	r2, .L49
 877 002c 0C21     		movs	r1, #12
 878 002e 7868     		ldr	r0, [r7, #4]
 879 0030 FFF7FEFF 		bl	SDMMC_GetCmdResp1
 880 0034 F861     		str	r0, [r7, #28]
 881 0036 FB69     		ldr	r3, [r7, #28]
 882 0038 1846     		mov	r0, r3
 883 003a 2037     		adds	r7, r7, #32
 884 003c BD46     		mov	sp, r7
 885              		@ sp needed
 886 003e 80BD     		pop	{r7, pc}
 887              	.L50:
 888              		.align	2
 889              	.L49:
 890 0040 00E1F505 		.word	100000000
 892              		.section	.text.SDMMC_CmdSelDesel,"ax",%progbits
 893              		.align	1
 894              		.global	SDMMC_CmdSelDesel
 895              		.syntax unified
 896              		.thumb
 897              		.thumb_func
 899              	SDMMC_CmdSelDesel:
 900              		@ args = 0, pretend = 0, frame = 40
 901              		@ frame_needed = 1, uses_anonymous_args = 0
 902 0000 80B5     		push	{r7, lr}
 903 0002 8AB0     		sub	sp, sp, #40
 904 0004 00AF     		add	r7, sp, #0
ARM GAS  C:\Users\user\AppData\Local\Temp\ccSPX0Jf.s 			page 16


 905 0006 F860     		str	r0, [r7, #12]
 906 0008 C7E90023 		strd	r2, [r7]
 907 000c 3B68     		ldr	r3, [r7]
 908 000e 3B61     		str	r3, [r7, #16]
 909 0010 0723     		movs	r3, #7
 910 0012 7B61     		str	r3, [r7, #20]
 911 0014 4023     		movs	r3, #64
 912 0016 BB61     		str	r3, [r7, #24]
 913 0018 0023     		movs	r3, #0
 914 001a FB61     		str	r3, [r7, #28]
 915 001c 4FF48063 		mov	r3, #1024
 916 0020 3B62     		str	r3, [r7, #32]
 917 0022 07F11003 		add	r3, r7, #16
 918 0026 1946     		mov	r1, r3
 919 0028 F868     		ldr	r0, [r7, #12]
 920 002a FFF7FEFF 		bl	SDIO_SendCommand
 921 002e 41F28832 		movw	r2, #5000
 922 0032 0721     		movs	r1, #7
 923 0034 F868     		ldr	r0, [r7, #12]
 924 0036 FFF7FEFF 		bl	SDMMC_GetCmdResp1
 925 003a 7862     		str	r0, [r7, #36]
 926 003c 7B6A     		ldr	r3, [r7, #36]
 927 003e 1846     		mov	r0, r3
 928 0040 2837     		adds	r7, r7, #40
 929 0042 BD46     		mov	sp, r7
 930              		@ sp needed
 931 0044 80BD     		pop	{r7, pc}
 933              		.section	.text.SDMMC_CmdGoIdleState,"ax",%progbits
 934              		.align	1
 935              		.global	SDMMC_CmdGoIdleState
 936              		.syntax unified
 937              		.thumb
 938              		.thumb_func
 940              	SDMMC_CmdGoIdleState:
 941              		@ args = 0, pretend = 0, frame = 32
 942              		@ frame_needed = 1, uses_anonymous_args = 0
 943 0000 80B5     		push	{r7, lr}
 944 0002 88B0     		sub	sp, sp, #32
 945 0004 00AF     		add	r7, sp, #0
 946 0006 7860     		str	r0, [r7, #4]
 947 0008 0023     		movs	r3, #0
 948 000a BB60     		str	r3, [r7, #8]
 949 000c 0023     		movs	r3, #0
 950 000e FB60     		str	r3, [r7, #12]
 951 0010 0023     		movs	r3, #0
 952 0012 3B61     		str	r3, [r7, #16]
 953 0014 0023     		movs	r3, #0
 954 0016 7B61     		str	r3, [r7, #20]
 955 0018 4FF48063 		mov	r3, #1024
 956 001c BB61     		str	r3, [r7, #24]
 957 001e 07F10803 		add	r3, r7, #8
 958 0022 1946     		mov	r1, r3
 959 0024 7868     		ldr	r0, [r7, #4]
 960 0026 FFF7FEFF 		bl	SDIO_SendCommand
 961 002a 7868     		ldr	r0, [r7, #4]
 962 002c FFF7FEFF 		bl	SDMMC_GetCmdError
 963 0030 F861     		str	r0, [r7, #28]
ARM GAS  C:\Users\user\AppData\Local\Temp\ccSPX0Jf.s 			page 17


 964 0032 FB69     		ldr	r3, [r7, #28]
 965 0034 1846     		mov	r0, r3
 966 0036 2037     		adds	r7, r7, #32
 967 0038 BD46     		mov	sp, r7
 968              		@ sp needed
 969 003a 80BD     		pop	{r7, pc}
 971              		.section	.text.SDMMC_CmdOperCond,"ax",%progbits
 972              		.align	1
 973              		.global	SDMMC_CmdOperCond
 974              		.syntax unified
 975              		.thumb
 976              		.thumb_func
 978              	SDMMC_CmdOperCond:
 979              		@ args = 0, pretend = 0, frame = 32
 980              		@ frame_needed = 1, uses_anonymous_args = 0
 981 0000 80B5     		push	{r7, lr}
 982 0002 88B0     		sub	sp, sp, #32
 983 0004 00AF     		add	r7, sp, #0
 984 0006 7860     		str	r0, [r7, #4]
 985 0008 4FF4D573 		mov	r3, #426
 986 000c BB60     		str	r3, [r7, #8]
 987 000e 0823     		movs	r3, #8
 988 0010 FB60     		str	r3, [r7, #12]
 989 0012 4023     		movs	r3, #64
 990 0014 3B61     		str	r3, [r7, #16]
 991 0016 0023     		movs	r3, #0
 992 0018 7B61     		str	r3, [r7, #20]
 993 001a 4FF48063 		mov	r3, #1024
 994 001e BB61     		str	r3, [r7, #24]
 995 0020 07F10803 		add	r3, r7, #8
 996 0024 1946     		mov	r1, r3
 997 0026 7868     		ldr	r0, [r7, #4]
 998 0028 FFF7FEFF 		bl	SDIO_SendCommand
 999 002c 7868     		ldr	r0, [r7, #4]
 1000 002e FFF7FEFF 		bl	SDMMC_GetCmdResp7
 1001 0032 F861     		str	r0, [r7, #28]
 1002 0034 FB69     		ldr	r3, [r7, #28]
 1003 0036 1846     		mov	r0, r3
 1004 0038 2037     		adds	r7, r7, #32
 1005 003a BD46     		mov	sp, r7
 1006              		@ sp needed
 1007 003c 80BD     		pop	{r7, pc}
 1009              		.section	.text.SDMMC_CmdAppCommand,"ax",%progbits
 1010              		.align	1
 1011              		.global	SDMMC_CmdAppCommand
 1012              		.syntax unified
 1013              		.thumb
 1014              		.thumb_func
 1016              	SDMMC_CmdAppCommand:
 1017              		@ args = 0, pretend = 0, frame = 32
 1018              		@ frame_needed = 1, uses_anonymous_args = 0
 1019 0000 80B5     		push	{r7, lr}
 1020 0002 88B0     		sub	sp, sp, #32
 1021 0004 00AF     		add	r7, sp, #0
 1022 0006 7860     		str	r0, [r7, #4]
 1023 0008 3960     		str	r1, [r7]
 1024 000a 3B68     		ldr	r3, [r7]
ARM GAS  C:\Users\user\AppData\Local\Temp\ccSPX0Jf.s 			page 18


 1025 000c BB60     		str	r3, [r7, #8]
 1026 000e 3723     		movs	r3, #55
 1027 0010 FB60     		str	r3, [r7, #12]
 1028 0012 4023     		movs	r3, #64
 1029 0014 3B61     		str	r3, [r7, #16]
 1030 0016 0023     		movs	r3, #0
 1031 0018 7B61     		str	r3, [r7, #20]
 1032 001a 4FF48063 		mov	r3, #1024
 1033 001e BB61     		str	r3, [r7, #24]
 1034 0020 07F10803 		add	r3, r7, #8
 1035 0024 1946     		mov	r1, r3
 1036 0026 7868     		ldr	r0, [r7, #4]
 1037 0028 FFF7FEFF 		bl	SDIO_SendCommand
 1038 002c 41F28832 		movw	r2, #5000
 1039 0030 3721     		movs	r1, #55
 1040 0032 7868     		ldr	r0, [r7, #4]
 1041 0034 FFF7FEFF 		bl	SDMMC_GetCmdResp1
 1042 0038 F861     		str	r0, [r7, #28]
 1043 003a FB69     		ldr	r3, [r7, #28]
 1044 003c 1846     		mov	r0, r3
 1045 003e 2037     		adds	r7, r7, #32
 1046 0040 BD46     		mov	sp, r7
 1047              		@ sp needed
 1048 0042 80BD     		pop	{r7, pc}
 1050              		.section	.text.SDMMC_CmdAppOperCommand,"ax",%progbits
 1051              		.align	1
 1052              		.global	SDMMC_CmdAppOperCommand
 1053              		.syntax unified
 1054              		.thumb
 1055              		.thumb_func
 1057              	SDMMC_CmdAppOperCommand:
 1058              		@ args = 0, pretend = 0, frame = 32
 1059              		@ frame_needed = 1, uses_anonymous_args = 0
 1060 0000 80B5     		push	{r7, lr}
 1061 0002 88B0     		sub	sp, sp, #32
 1062 0004 00AF     		add	r7, sp, #0
 1063 0006 7860     		str	r0, [r7, #4]
 1064 0008 3960     		str	r1, [r7]
 1065 000a 3B68     		ldr	r3, [r7]
 1066 000c 43F00043 		orr	r3, r3, #-2147483648
 1067 0010 43F48013 		orr	r3, r3, #1048576
 1068 0014 BB60     		str	r3, [r7, #8]
 1069 0016 2923     		movs	r3, #41
 1070 0018 FB60     		str	r3, [r7, #12]
 1071 001a 4023     		movs	r3, #64
 1072 001c 3B61     		str	r3, [r7, #16]
 1073 001e 0023     		movs	r3, #0
 1074 0020 7B61     		str	r3, [r7, #20]
 1075 0022 4FF48063 		mov	r3, #1024
 1076 0026 BB61     		str	r3, [r7, #24]
 1077 0028 07F10803 		add	r3, r7, #8
 1078 002c 1946     		mov	r1, r3
 1079 002e 7868     		ldr	r0, [r7, #4]
 1080 0030 FFF7FEFF 		bl	SDIO_SendCommand
 1081 0034 7868     		ldr	r0, [r7, #4]
 1082 0036 FFF7FEFF 		bl	SDMMC_GetCmdResp3
 1083 003a F861     		str	r0, [r7, #28]
ARM GAS  C:\Users\user\AppData\Local\Temp\ccSPX0Jf.s 			page 19


 1084 003c FB69     		ldr	r3, [r7, #28]
 1085 003e 1846     		mov	r0, r3
 1086 0040 2037     		adds	r7, r7, #32
 1087 0042 BD46     		mov	sp, r7
 1088              		@ sp needed
 1089 0044 80BD     		pop	{r7, pc}
 1091              		.section	.text.SDMMC_CmdBusWidth,"ax",%progbits
 1092              		.align	1
 1093              		.global	SDMMC_CmdBusWidth
 1094              		.syntax unified
 1095              		.thumb
 1096              		.thumb_func
 1098              	SDMMC_CmdBusWidth:
 1099              		@ args = 0, pretend = 0, frame = 32
 1100              		@ frame_needed = 1, uses_anonymous_args = 0
 1101 0000 80B5     		push	{r7, lr}
 1102 0002 88B0     		sub	sp, sp, #32
 1103 0004 00AF     		add	r7, sp, #0
 1104 0006 7860     		str	r0, [r7, #4]
 1105 0008 3960     		str	r1, [r7]
 1106 000a 3B68     		ldr	r3, [r7]
 1107 000c BB60     		str	r3, [r7, #8]
 1108 000e 0623     		movs	r3, #6
 1109 0010 FB60     		str	r3, [r7, #12]
 1110 0012 4023     		movs	r3, #64
 1111 0014 3B61     		str	r3, [r7, #16]
 1112 0016 0023     		movs	r3, #0
 1113 0018 7B61     		str	r3, [r7, #20]
 1114 001a 4FF48063 		mov	r3, #1024
 1115 001e BB61     		str	r3, [r7, #24]
 1116 0020 07F10803 		add	r3, r7, #8
 1117 0024 1946     		mov	r1, r3
 1118 0026 7868     		ldr	r0, [r7, #4]
 1119 0028 FFF7FEFF 		bl	SDIO_SendCommand
 1120 002c 41F28832 		movw	r2, #5000
 1121 0030 0621     		movs	r1, #6
 1122 0032 7868     		ldr	r0, [r7, #4]
 1123 0034 FFF7FEFF 		bl	SDMMC_GetCmdResp1
 1124 0038 F861     		str	r0, [r7, #28]
 1125 003a FB69     		ldr	r3, [r7, #28]
 1126 003c 1846     		mov	r0, r3
 1127 003e 2037     		adds	r7, r7, #32
 1128 0040 BD46     		mov	sp, r7
 1129              		@ sp needed
 1130 0042 80BD     		pop	{r7, pc}
 1132              		.section	.text.SDMMC_CmdSendSCR,"ax",%progbits
 1133              		.align	1
 1134              		.global	SDMMC_CmdSendSCR
 1135              		.syntax unified
 1136              		.thumb
 1137              		.thumb_func
 1139              	SDMMC_CmdSendSCR:
 1140              		@ args = 0, pretend = 0, frame = 32
 1141              		@ frame_needed = 1, uses_anonymous_args = 0
 1142 0000 80B5     		push	{r7, lr}
 1143 0002 88B0     		sub	sp, sp, #32
 1144 0004 00AF     		add	r7, sp, #0
ARM GAS  C:\Users\user\AppData\Local\Temp\ccSPX0Jf.s 			page 20


 1145 0006 7860     		str	r0, [r7, #4]
 1146 0008 0023     		movs	r3, #0
 1147 000a BB60     		str	r3, [r7, #8]
 1148 000c 3323     		movs	r3, #51
 1149 000e FB60     		str	r3, [r7, #12]
 1150 0010 4023     		movs	r3, #64
 1151 0012 3B61     		str	r3, [r7, #16]
 1152 0014 0023     		movs	r3, #0
 1153 0016 7B61     		str	r3, [r7, #20]
 1154 0018 4FF48063 		mov	r3, #1024
 1155 001c BB61     		str	r3, [r7, #24]
 1156 001e 07F10803 		add	r3, r7, #8
 1157 0022 1946     		mov	r1, r3
 1158 0024 7868     		ldr	r0, [r7, #4]
 1159 0026 FFF7FEFF 		bl	SDIO_SendCommand
 1160 002a 41F28832 		movw	r2, #5000
 1161 002e 3321     		movs	r1, #51
 1162 0030 7868     		ldr	r0, [r7, #4]
 1163 0032 FFF7FEFF 		bl	SDMMC_GetCmdResp1
 1164 0036 F861     		str	r0, [r7, #28]
 1165 0038 FB69     		ldr	r3, [r7, #28]
 1166 003a 1846     		mov	r0, r3
 1167 003c 2037     		adds	r7, r7, #32
 1168 003e BD46     		mov	sp, r7
 1169              		@ sp needed
 1170 0040 80BD     		pop	{r7, pc}
 1172              		.section	.text.SDMMC_CmdSendCID,"ax",%progbits
 1173              		.align	1
 1174              		.global	SDMMC_CmdSendCID
 1175              		.syntax unified
 1176              		.thumb
 1177              		.thumb_func
 1179              	SDMMC_CmdSendCID:
 1180              		@ args = 0, pretend = 0, frame = 32
 1181              		@ frame_needed = 1, uses_anonymous_args = 0
 1182 0000 80B5     		push	{r7, lr}
 1183 0002 88B0     		sub	sp, sp, #32
 1184 0004 00AF     		add	r7, sp, #0
 1185 0006 7860     		str	r0, [r7, #4]
 1186 0008 0023     		movs	r3, #0
 1187 000a BB60     		str	r3, [r7, #8]
 1188 000c 0223     		movs	r3, #2
 1189 000e FB60     		str	r3, [r7, #12]
 1190 0010 C023     		movs	r3, #192
 1191 0012 3B61     		str	r3, [r7, #16]
 1192 0014 0023     		movs	r3, #0
 1193 0016 7B61     		str	r3, [r7, #20]
 1194 0018 4FF48063 		mov	r3, #1024
 1195 001c BB61     		str	r3, [r7, #24]
 1196 001e 07F10803 		add	r3, r7, #8
 1197 0022 1946     		mov	r1, r3
 1198 0024 7868     		ldr	r0, [r7, #4]
 1199 0026 FFF7FEFF 		bl	SDIO_SendCommand
 1200 002a 7868     		ldr	r0, [r7, #4]
 1201 002c FFF7FEFF 		bl	SDMMC_GetCmdResp2
 1202 0030 F861     		str	r0, [r7, #28]
 1203 0032 FB69     		ldr	r3, [r7, #28]
ARM GAS  C:\Users\user\AppData\Local\Temp\ccSPX0Jf.s 			page 21


 1204 0034 1846     		mov	r0, r3
 1205 0036 2037     		adds	r7, r7, #32
 1206 0038 BD46     		mov	sp, r7
 1207              		@ sp needed
 1208 003a 80BD     		pop	{r7, pc}
 1210              		.section	.text.SDMMC_CmdSendCSD,"ax",%progbits
 1211              		.align	1
 1212              		.global	SDMMC_CmdSendCSD
 1213              		.syntax unified
 1214              		.thumb
 1215              		.thumb_func
 1217              	SDMMC_CmdSendCSD:
 1218              		@ args = 0, pretend = 0, frame = 32
 1219              		@ frame_needed = 1, uses_anonymous_args = 0
 1220 0000 80B5     		push	{r7, lr}
 1221 0002 88B0     		sub	sp, sp, #32
 1222 0004 00AF     		add	r7, sp, #0
 1223 0006 7860     		str	r0, [r7, #4]
 1224 0008 3960     		str	r1, [r7]
 1225 000a 3B68     		ldr	r3, [r7]
 1226 000c BB60     		str	r3, [r7, #8]
 1227 000e 0923     		movs	r3, #9
 1228 0010 FB60     		str	r3, [r7, #12]
 1229 0012 C023     		movs	r3, #192
 1230 0014 3B61     		str	r3, [r7, #16]
 1231 0016 0023     		movs	r3, #0
 1232 0018 7B61     		str	r3, [r7, #20]
 1233 001a 4FF48063 		mov	r3, #1024
 1234 001e BB61     		str	r3, [r7, #24]
 1235 0020 07F10803 		add	r3, r7, #8
 1236 0024 1946     		mov	r1, r3
 1237 0026 7868     		ldr	r0, [r7, #4]
 1238 0028 FFF7FEFF 		bl	SDIO_SendCommand
 1239 002c 7868     		ldr	r0, [r7, #4]
 1240 002e FFF7FEFF 		bl	SDMMC_GetCmdResp2
 1241 0032 F861     		str	r0, [r7, #28]
 1242 0034 FB69     		ldr	r3, [r7, #28]
 1243 0036 1846     		mov	r0, r3
 1244 0038 2037     		adds	r7, r7, #32
 1245 003a BD46     		mov	sp, r7
 1246              		@ sp needed
 1247 003c 80BD     		pop	{r7, pc}
 1249              		.section	.text.SDMMC_CmdSetRelAdd,"ax",%progbits
 1250              		.align	1
 1251              		.global	SDMMC_CmdSetRelAdd
 1252              		.syntax unified
 1253              		.thumb
 1254              		.thumb_func
 1256              	SDMMC_CmdSetRelAdd:
 1257              		@ args = 0, pretend = 0, frame = 32
 1258              		@ frame_needed = 1, uses_anonymous_args = 0
 1259 0000 80B5     		push	{r7, lr}
 1260 0002 88B0     		sub	sp, sp, #32
 1261 0004 00AF     		add	r7, sp, #0
 1262 0006 7860     		str	r0, [r7, #4]
 1263 0008 3960     		str	r1, [r7]
 1264 000a 0023     		movs	r3, #0
ARM GAS  C:\Users\user\AppData\Local\Temp\ccSPX0Jf.s 			page 22


 1265 000c BB60     		str	r3, [r7, #8]
 1266 000e 0323     		movs	r3, #3
 1267 0010 FB60     		str	r3, [r7, #12]
 1268 0012 4023     		movs	r3, #64
 1269 0014 3B61     		str	r3, [r7, #16]
 1270 0016 0023     		movs	r3, #0
 1271 0018 7B61     		str	r3, [r7, #20]
 1272 001a 4FF48063 		mov	r3, #1024
 1273 001e BB61     		str	r3, [r7, #24]
 1274 0020 07F10803 		add	r3, r7, #8
 1275 0024 1946     		mov	r1, r3
 1276 0026 7868     		ldr	r0, [r7, #4]
 1277 0028 FFF7FEFF 		bl	SDIO_SendCommand
 1278 002c 3A68     		ldr	r2, [r7]
 1279 002e 0321     		movs	r1, #3
 1280 0030 7868     		ldr	r0, [r7, #4]
 1281 0032 FFF7FEFF 		bl	SDMMC_GetCmdResp6
 1282 0036 F861     		str	r0, [r7, #28]
 1283 0038 FB69     		ldr	r3, [r7, #28]
 1284 003a 1846     		mov	r0, r3
 1285 003c 2037     		adds	r7, r7, #32
 1286 003e BD46     		mov	sp, r7
 1287              		@ sp needed
 1288 0040 80BD     		pop	{r7, pc}
 1290              		.section	.text.SDMMC_CmdSetRelAddMmc,"ax",%progbits
 1291              		.align	1
 1292              		.global	SDMMC_CmdSetRelAddMmc
 1293              		.syntax unified
 1294              		.thumb
 1295              		.thumb_func
 1297              	SDMMC_CmdSetRelAddMmc:
 1298              		@ args = 0, pretend = 0, frame = 32
 1299              		@ frame_needed = 1, uses_anonymous_args = 0
 1300 0000 80B5     		push	{r7, lr}
 1301 0002 88B0     		sub	sp, sp, #32
 1302 0004 00AF     		add	r7, sp, #0
 1303 0006 7860     		str	r0, [r7, #4]
 1304 0008 0B46     		mov	r3, r1
 1305 000a 7B80     		strh	r3, [r7, #2]	@ movhi
 1306 000c 7B88     		ldrh	r3, [r7, #2]
 1307 000e 1B04     		lsls	r3, r3, #16
 1308 0010 BB60     		str	r3, [r7, #8]
 1309 0012 0323     		movs	r3, #3
 1310 0014 FB60     		str	r3, [r7, #12]
 1311 0016 4023     		movs	r3, #64
 1312 0018 3B61     		str	r3, [r7, #16]
 1313 001a 0023     		movs	r3, #0
 1314 001c 7B61     		str	r3, [r7, #20]
 1315 001e 4FF48063 		mov	r3, #1024
 1316 0022 BB61     		str	r3, [r7, #24]
 1317 0024 07F10803 		add	r3, r7, #8
 1318 0028 1946     		mov	r1, r3
 1319 002a 7868     		ldr	r0, [r7, #4]
 1320 002c FFF7FEFF 		bl	SDIO_SendCommand
 1321 0030 41F28832 		movw	r2, #5000
 1322 0034 0321     		movs	r1, #3
 1323 0036 7868     		ldr	r0, [r7, #4]
ARM GAS  C:\Users\user\AppData\Local\Temp\ccSPX0Jf.s 			page 23


 1324 0038 FFF7FEFF 		bl	SDMMC_GetCmdResp1
 1325 003c F861     		str	r0, [r7, #28]
 1326 003e FB69     		ldr	r3, [r7, #28]
 1327 0040 1846     		mov	r0, r3
 1328 0042 2037     		adds	r7, r7, #32
 1329 0044 BD46     		mov	sp, r7
 1330              		@ sp needed
 1331 0046 80BD     		pop	{r7, pc}
 1333              		.section	.text.SDMMC_CmdSendStatus,"ax",%progbits
 1334              		.align	1
 1335              		.global	SDMMC_CmdSendStatus
 1336              		.syntax unified
 1337              		.thumb
 1338              		.thumb_func
 1340              	SDMMC_CmdSendStatus:
 1341              		@ args = 0, pretend = 0, frame = 32
 1342              		@ frame_needed = 1, uses_anonymous_args = 0
 1343 0000 80B5     		push	{r7, lr}
 1344 0002 88B0     		sub	sp, sp, #32
 1345 0004 00AF     		add	r7, sp, #0
 1346 0006 7860     		str	r0, [r7, #4]
 1347 0008 3960     		str	r1, [r7]
 1348 000a 3B68     		ldr	r3, [r7]
 1349 000c BB60     		str	r3, [r7, #8]
 1350 000e 0D23     		movs	r3, #13
 1351 0010 FB60     		str	r3, [r7, #12]
 1352 0012 4023     		movs	r3, #64
 1353 0014 3B61     		str	r3, [r7, #16]
 1354 0016 0023     		movs	r3, #0
 1355 0018 7B61     		str	r3, [r7, #20]
 1356 001a 4FF48063 		mov	r3, #1024
 1357 001e BB61     		str	r3, [r7, #24]
 1358 0020 07F10803 		add	r3, r7, #8
 1359 0024 1946     		mov	r1, r3
 1360 0026 7868     		ldr	r0, [r7, #4]
 1361 0028 FFF7FEFF 		bl	SDIO_SendCommand
 1362 002c 41F28832 		movw	r2, #5000
 1363 0030 0D21     		movs	r1, #13
 1364 0032 7868     		ldr	r0, [r7, #4]
 1365 0034 FFF7FEFF 		bl	SDMMC_GetCmdResp1
 1366 0038 F861     		str	r0, [r7, #28]
 1367 003a FB69     		ldr	r3, [r7, #28]
 1368 003c 1846     		mov	r0, r3
 1369 003e 2037     		adds	r7, r7, #32
 1370 0040 BD46     		mov	sp, r7
 1371              		@ sp needed
 1372 0042 80BD     		pop	{r7, pc}
 1374              		.section	.text.SDMMC_CmdStatusRegister,"ax",%progbits
 1375              		.align	1
 1376              		.global	SDMMC_CmdStatusRegister
 1377              		.syntax unified
 1378              		.thumb
 1379              		.thumb_func
 1381              	SDMMC_CmdStatusRegister:
 1382              		@ args = 0, pretend = 0, frame = 32
 1383              		@ frame_needed = 1, uses_anonymous_args = 0
 1384 0000 80B5     		push	{r7, lr}
ARM GAS  C:\Users\user\AppData\Local\Temp\ccSPX0Jf.s 			page 24


 1385 0002 88B0     		sub	sp, sp, #32
 1386 0004 00AF     		add	r7, sp, #0
 1387 0006 7860     		str	r0, [r7, #4]
 1388 0008 0023     		movs	r3, #0
 1389 000a BB60     		str	r3, [r7, #8]
 1390 000c 0D23     		movs	r3, #13
 1391 000e FB60     		str	r3, [r7, #12]
 1392 0010 4023     		movs	r3, #64
 1393 0012 3B61     		str	r3, [r7, #16]
 1394 0014 0023     		movs	r3, #0
 1395 0016 7B61     		str	r3, [r7, #20]
 1396 0018 4FF48063 		mov	r3, #1024
 1397 001c BB61     		str	r3, [r7, #24]
 1398 001e 07F10803 		add	r3, r7, #8
 1399 0022 1946     		mov	r1, r3
 1400 0024 7868     		ldr	r0, [r7, #4]
 1401 0026 FFF7FEFF 		bl	SDIO_SendCommand
 1402 002a 41F28832 		movw	r2, #5000
 1403 002e 0D21     		movs	r1, #13
 1404 0030 7868     		ldr	r0, [r7, #4]
 1405 0032 FFF7FEFF 		bl	SDMMC_GetCmdResp1
 1406 0036 F861     		str	r0, [r7, #28]
 1407 0038 FB69     		ldr	r3, [r7, #28]
 1408 003a 1846     		mov	r0, r3
 1409 003c 2037     		adds	r7, r7, #32
 1410 003e BD46     		mov	sp, r7
 1411              		@ sp needed
 1412 0040 80BD     		pop	{r7, pc}
 1414              		.section	.text.SDMMC_CmdOpCondition,"ax",%progbits
 1415              		.align	1
 1416              		.global	SDMMC_CmdOpCondition
 1417              		.syntax unified
 1418              		.thumb
 1419              		.thumb_func
 1421              	SDMMC_CmdOpCondition:
 1422              		@ args = 0, pretend = 0, frame = 32
 1423              		@ frame_needed = 1, uses_anonymous_args = 0
 1424 0000 80B5     		push	{r7, lr}
 1425 0002 88B0     		sub	sp, sp, #32
 1426 0004 00AF     		add	r7, sp, #0
 1427 0006 7860     		str	r0, [r7, #4]
 1428 0008 3960     		str	r1, [r7]
 1429 000a 3B68     		ldr	r3, [r7]
 1430 000c BB60     		str	r3, [r7, #8]
 1431 000e 0123     		movs	r3, #1
 1432 0010 FB60     		str	r3, [r7, #12]
 1433 0012 4023     		movs	r3, #64
 1434 0014 3B61     		str	r3, [r7, #16]
 1435 0016 0023     		movs	r3, #0
 1436 0018 7B61     		str	r3, [r7, #20]
 1437 001a 4FF48063 		mov	r3, #1024
 1438 001e BB61     		str	r3, [r7, #24]
 1439 0020 07F10803 		add	r3, r7, #8
 1440 0024 1946     		mov	r1, r3
 1441 0026 7868     		ldr	r0, [r7, #4]
 1442 0028 FFF7FEFF 		bl	SDIO_SendCommand
 1443 002c 7868     		ldr	r0, [r7, #4]
ARM GAS  C:\Users\user\AppData\Local\Temp\ccSPX0Jf.s 			page 25


 1444 002e FFF7FEFF 		bl	SDMMC_GetCmdResp3
 1445 0032 F861     		str	r0, [r7, #28]
 1446 0034 FB69     		ldr	r3, [r7, #28]
 1447 0036 1846     		mov	r0, r3
 1448 0038 2037     		adds	r7, r7, #32
 1449 003a BD46     		mov	sp, r7
 1450              		@ sp needed
 1451 003c 80BD     		pop	{r7, pc}
 1453              		.section	.text.SDMMC_CmdSwitch,"ax",%progbits
 1454              		.align	1
 1455              		.global	SDMMC_CmdSwitch
 1456              		.syntax unified
 1457              		.thumb
 1458              		.thumb_func
 1460              	SDMMC_CmdSwitch:
 1461              		@ args = 0, pretend = 0, frame = 32
 1462              		@ frame_needed = 1, uses_anonymous_args = 0
 1463 0000 80B5     		push	{r7, lr}
 1464 0002 88B0     		sub	sp, sp, #32
 1465 0004 00AF     		add	r7, sp, #0
 1466 0006 7860     		str	r0, [r7, #4]
 1467 0008 3960     		str	r1, [r7]
 1468 000a 3B68     		ldr	r3, [r7]
 1469 000c BB60     		str	r3, [r7, #8]
 1470 000e 0623     		movs	r3, #6
 1471 0010 FB60     		str	r3, [r7, #12]
 1472 0012 4023     		movs	r3, #64
 1473 0014 3B61     		str	r3, [r7, #16]
 1474 0016 0023     		movs	r3, #0
 1475 0018 7B61     		str	r3, [r7, #20]
 1476 001a 4FF48063 		mov	r3, #1024
 1477 001e BB61     		str	r3, [r7, #24]
 1478 0020 07F10803 		add	r3, r7, #8
 1479 0024 1946     		mov	r1, r3
 1480 0026 7868     		ldr	r0, [r7, #4]
 1481 0028 FFF7FEFF 		bl	SDIO_SendCommand
 1482 002c 41F28832 		movw	r2, #5000
 1483 0030 0621     		movs	r1, #6
 1484 0032 7868     		ldr	r0, [r7, #4]
 1485 0034 FFF7FEFF 		bl	SDMMC_GetCmdResp1
 1486 0038 F861     		str	r0, [r7, #28]
 1487 003a FB69     		ldr	r3, [r7, #28]
 1488 003c 1846     		mov	r0, r3
 1489 003e 2037     		adds	r7, r7, #32
 1490 0040 BD46     		mov	sp, r7
 1491              		@ sp needed
 1492 0042 80BD     		pop	{r7, pc}
 1494              		.section	.text.SDMMC_CmdSendEXTCSD,"ax",%progbits
 1495              		.align	1
 1496              		.global	SDMMC_CmdSendEXTCSD
 1497              		.syntax unified
 1498              		.thumb
 1499              		.thumb_func
 1501              	SDMMC_CmdSendEXTCSD:
 1502              		@ args = 0, pretend = 0, frame = 32
 1503              		@ frame_needed = 1, uses_anonymous_args = 0
 1504 0000 80B5     		push	{r7, lr}
ARM GAS  C:\Users\user\AppData\Local\Temp\ccSPX0Jf.s 			page 26


 1505 0002 88B0     		sub	sp, sp, #32
 1506 0004 00AF     		add	r7, sp, #0
 1507 0006 7860     		str	r0, [r7, #4]
 1508 0008 3960     		str	r1, [r7]
 1509 000a 3B68     		ldr	r3, [r7]
 1510 000c BB60     		str	r3, [r7, #8]
 1511 000e 0823     		movs	r3, #8
 1512 0010 FB60     		str	r3, [r7, #12]
 1513 0012 4023     		movs	r3, #64
 1514 0014 3B61     		str	r3, [r7, #16]
 1515 0016 0023     		movs	r3, #0
 1516 0018 7B61     		str	r3, [r7, #20]
 1517 001a 4FF48063 		mov	r3, #1024
 1518 001e BB61     		str	r3, [r7, #24]
 1519 0020 07F10803 		add	r3, r7, #8
 1520 0024 1946     		mov	r1, r3
 1521 0026 7868     		ldr	r0, [r7, #4]
 1522 0028 FFF7FEFF 		bl	SDIO_SendCommand
 1523 002c 41F28832 		movw	r2, #5000
 1524 0030 0821     		movs	r1, #8
 1525 0032 7868     		ldr	r0, [r7, #4]
 1526 0034 FFF7FEFF 		bl	SDMMC_GetCmdResp1
 1527 0038 F861     		str	r0, [r7, #28]
 1528 003a FB69     		ldr	r3, [r7, #28]
 1529 003c 1846     		mov	r0, r3
 1530 003e 2037     		adds	r7, r7, #32
 1531 0040 BD46     		mov	sp, r7
 1532              		@ sp needed
 1533 0042 80BD     		pop	{r7, pc}
 1535              		.section	.text.SDMMC_GetCmdResp1,"ax",%progbits
 1536              		.align	1
 1537              		.global	SDMMC_GetCmdResp1
 1538              		.syntax unified
 1539              		.thumb
 1540              		.thumb_func
 1542              	SDMMC_GetCmdResp1:
 1543              		@ args = 0, pretend = 0, frame = 32
 1544              		@ frame_needed = 1, uses_anonymous_args = 0
 1545 0000 80B5     		push	{r7, lr}
 1546 0002 88B0     		sub	sp, sp, #32
 1547 0004 00AF     		add	r7, sp, #0
 1548 0006 F860     		str	r0, [r7, #12]
 1549 0008 0B46     		mov	r3, r1
 1550 000a 7A60     		str	r2, [r7, #4]
 1551 000c FB72     		strb	r3, [r7, #11]
 1552 000e 704B     		ldr	r3, .L110
 1553 0010 1B68     		ldr	r3, [r3]
 1554 0012 704A     		ldr	r2, .L110+4
 1555 0014 A2FB0323 		umull	r2, r3, r2, r3
 1556 0018 5A0A     		lsrs	r2, r3, #9
 1557 001a 7B68     		ldr	r3, [r7, #4]
 1558 001c 02FB03F3 		mul	r3, r2, r3
 1559 0020 FB61     		str	r3, [r7, #28]
 1560              	.L84:
 1561 0022 FB69     		ldr	r3, [r7, #28]
 1562 0024 5A1E     		subs	r2, r3, #1
 1563 0026 FA61     		str	r2, [r7, #28]
ARM GAS  C:\Users\user\AppData\Local\Temp\ccSPX0Jf.s 			page 27


 1564 0028 002B     		cmp	r3, #0
 1565 002a 02D1     		bne	.L85
 1566 002c 4FF00043 		mov	r3, #-2147483648
 1567 0030 C9E0     		b	.L86
 1568              	.L85:
 1569 0032 FB68     		ldr	r3, [r7, #12]
 1570 0034 5B6B     		ldr	r3, [r3, #52]
 1571 0036 BB61     		str	r3, [r7, #24]
 1572 0038 BB69     		ldr	r3, [r7, #24]
 1573 003a 03F04503 		and	r3, r3, #69
 1574 003e 002B     		cmp	r3, #0
 1575 0040 EFD0     		beq	.L84
 1576 0042 BB69     		ldr	r3, [r7, #24]
 1577 0044 03F40063 		and	r3, r3, #2048
 1578 0048 002B     		cmp	r3, #0
 1579 004a EAD1     		bne	.L84
 1580 004c FB68     		ldr	r3, [r7, #12]
 1581 004e 5B6B     		ldr	r3, [r3, #52]
 1582 0050 03F00403 		and	r3, r3, #4
 1583 0054 002B     		cmp	r3, #0
 1584 0056 04D0     		beq	.L88
 1585 0058 FB68     		ldr	r3, [r7, #12]
 1586 005a 0422     		movs	r2, #4
 1587 005c 9A63     		str	r2, [r3, #56]
 1588 005e 0423     		movs	r3, #4
 1589 0060 B1E0     		b	.L86
 1590              	.L88:
 1591 0062 FB68     		ldr	r3, [r7, #12]
 1592 0064 5B6B     		ldr	r3, [r3, #52]
 1593 0066 03F00103 		and	r3, r3, #1
 1594 006a 002B     		cmp	r3, #0
 1595 006c 04D0     		beq	.L89
 1596 006e FB68     		ldr	r3, [r7, #12]
 1597 0070 0122     		movs	r2, #1
 1598 0072 9A63     		str	r2, [r3, #56]
 1599 0074 0123     		movs	r3, #1
 1600 0076 A6E0     		b	.L86
 1601              	.L89:
 1602 0078 FB68     		ldr	r3, [r7, #12]
 1603 007a C522     		movs	r2, #197
 1604 007c 9A63     		str	r2, [r3, #56]
 1605 007e F868     		ldr	r0, [r7, #12]
 1606 0080 FFF7FEFF 		bl	SDIO_GetCommandResponse
 1607 0084 0346     		mov	r3, r0
 1608 0086 1A46     		mov	r2, r3
 1609 0088 FB7A     		ldrb	r3, [r7, #11]	@ zero_extendqisi2
 1610 008a 9342     		cmp	r3, r2
 1611 008c 01D0     		beq	.L90
 1612 008e 0123     		movs	r3, #1
 1613 0090 99E0     		b	.L86
 1614              	.L90:
 1615 0092 0021     		movs	r1, #0
 1616 0094 F868     		ldr	r0, [r7, #12]
 1617 0096 FFF7FEFF 		bl	SDIO_GetResponse
 1618 009a 7861     		str	r0, [r7, #20]
 1619 009c 7A69     		ldr	r2, [r7, #20]
 1620 009e 4E4B     		ldr	r3, .L110+8
ARM GAS  C:\Users\user\AppData\Local\Temp\ccSPX0Jf.s 			page 28


 1621 00a0 1340     		ands	r3, r3, r2
 1622 00a2 002B     		cmp	r3, #0
 1623 00a4 01D1     		bne	.L91
 1624 00a6 0023     		movs	r3, #0
 1625 00a8 8DE0     		b	.L86
 1626              	.L91:
 1627 00aa 7B69     		ldr	r3, [r7, #20]
 1628 00ac 002B     		cmp	r3, #0
 1629 00ae 02DA     		bge	.L92
 1630 00b0 4FF00073 		mov	r3, #33554432
 1631 00b4 87E0     		b	.L86
 1632              	.L92:
 1633 00b6 7B69     		ldr	r3, [r7, #20]
 1634 00b8 03F08043 		and	r3, r3, #1073741824
 1635 00bc 002B     		cmp	r3, #0
 1636 00be 01D0     		beq	.L93
 1637 00c0 4023     		movs	r3, #64
 1638 00c2 80E0     		b	.L86
 1639              	.L93:
 1640 00c4 7B69     		ldr	r3, [r7, #20]
 1641 00c6 03F00053 		and	r3, r3, #536870912
 1642 00ca 002B     		cmp	r3, #0
 1643 00cc 01D0     		beq	.L94
 1644 00ce 8023     		movs	r3, #128
 1645 00d0 79E0     		b	.L86
 1646              	.L94:
 1647 00d2 7B69     		ldr	r3, [r7, #20]
 1648 00d4 03F08053 		and	r3, r3, #268435456
 1649 00d8 002B     		cmp	r3, #0
 1650 00da 02D0     		beq	.L95
 1651 00dc 4FF48073 		mov	r3, #256
 1652 00e0 71E0     		b	.L86
 1653              	.L95:
 1654 00e2 7B69     		ldr	r3, [r7, #20]
 1655 00e4 03F00063 		and	r3, r3, #134217728
 1656 00e8 002B     		cmp	r3, #0
 1657 00ea 02D0     		beq	.L96
 1658 00ec 4FF40073 		mov	r3, #512
 1659 00f0 69E0     		b	.L86
 1660              	.L96:
 1661 00f2 7B69     		ldr	r3, [r7, #20]
 1662 00f4 03F08063 		and	r3, r3, #67108864
 1663 00f8 002B     		cmp	r3, #0
 1664 00fa 02D0     		beq	.L97
 1665 00fc 4FF48063 		mov	r3, #1024
 1666 0100 61E0     		b	.L86
 1667              	.L97:
 1668 0102 7B69     		ldr	r3, [r7, #20]
 1669 0104 03F08073 		and	r3, r3, #16777216
 1670 0108 002B     		cmp	r3, #0
 1671 010a 02D0     		beq	.L98
 1672 010c 4FF40063 		mov	r3, #2048
 1673 0110 59E0     		b	.L86
 1674              	.L98:
 1675 0112 7B69     		ldr	r3, [r7, #20]
 1676 0114 03F40003 		and	r3, r3, #8388608
 1677 0118 002B     		cmp	r3, #0
ARM GAS  C:\Users\user\AppData\Local\Temp\ccSPX0Jf.s 			page 29


 1678 011a 02D0     		beq	.L99
 1679 011c 4FF48053 		mov	r3, #4096
 1680 0120 51E0     		b	.L86
 1681              	.L99:
 1682 0122 7B69     		ldr	r3, [r7, #20]
 1683 0124 03F48003 		and	r3, r3, #4194304
 1684 0128 002B     		cmp	r3, #0
 1685 012a 02D0     		beq	.L100
 1686 012c 4FF40053 		mov	r3, #8192
 1687 0130 49E0     		b	.L86
 1688              	.L100:
 1689 0132 7B69     		ldr	r3, [r7, #20]
 1690 0134 03F40013 		and	r3, r3, #2097152
 1691 0138 002B     		cmp	r3, #0
 1692 013a 02D0     		beq	.L101
 1693 013c 4FF48043 		mov	r3, #16384
 1694 0140 41E0     		b	.L86
 1695              	.L101:
 1696 0142 7B69     		ldr	r3, [r7, #20]
 1697 0144 03F48013 		and	r3, r3, #1048576
 1698 0148 002B     		cmp	r3, #0
 1699 014a 02D0     		beq	.L102
 1700 014c 4FF40043 		mov	r3, #32768
 1701 0150 39E0     		b	.L86
 1702              	.L102:
 1703 0152 7B69     		ldr	r3, [r7, #20]
 1704 0154 03F48023 		and	r3, r3, #262144
 1705 0158 002B     		cmp	r3, #0
 1706 015a 02D0     		beq	.L103
 1707 015c 4FF40033 		mov	r3, #131072
 1708 0160 31E0     		b	.L86
 1709              	.L103:
 1710 0162 7B69     		ldr	r3, [r7, #20]
 1711 0164 03F40033 		and	r3, r3, #131072
 1712 0168 002B     		cmp	r3, #0
 1713 016a 02D0     		beq	.L104
 1714 016c 4FF48023 		mov	r3, #262144
 1715 0170 29E0     		b	.L86
 1716              	.L104:
 1717 0172 7B69     		ldr	r3, [r7, #20]
 1718 0174 03F48033 		and	r3, r3, #65536
 1719 0178 002B     		cmp	r3, #0
 1720 017a 02D0     		beq	.L105
 1721 017c 4FF40023 		mov	r3, #524288
 1722 0180 21E0     		b	.L86
 1723              	.L105:
 1724 0182 7B69     		ldr	r3, [r7, #20]
 1725 0184 03F40043 		and	r3, r3, #32768
 1726 0188 002B     		cmp	r3, #0
 1727 018a 02D0     		beq	.L106
 1728 018c 4FF48013 		mov	r3, #1048576
 1729 0190 19E0     		b	.L86
 1730              	.L106:
 1731 0192 7B69     		ldr	r3, [r7, #20]
 1732 0194 03F48043 		and	r3, r3, #16384
 1733 0198 002B     		cmp	r3, #0
 1734 019a 02D0     		beq	.L107
ARM GAS  C:\Users\user\AppData\Local\Temp\ccSPX0Jf.s 			page 30


 1735 019c 4FF40013 		mov	r3, #2097152
 1736 01a0 11E0     		b	.L86
 1737              	.L107:
 1738 01a2 7B69     		ldr	r3, [r7, #20]
 1739 01a4 03F40053 		and	r3, r3, #8192
 1740 01a8 002B     		cmp	r3, #0
 1741 01aa 02D0     		beq	.L108
 1742 01ac 4FF48003 		mov	r3, #4194304
 1743 01b0 09E0     		b	.L86
 1744              	.L108:
 1745 01b2 7B69     		ldr	r3, [r7, #20]
 1746 01b4 03F00803 		and	r3, r3, #8
 1747 01b8 002B     		cmp	r3, #0
 1748 01ba 02D0     		beq	.L109
 1749 01bc 4FF40003 		mov	r3, #8388608
 1750 01c0 01E0     		b	.L86
 1751              	.L109:
 1752 01c2 4FF48033 		mov	r3, #65536
 1753              	.L86:
 1754 01c6 1846     		mov	r0, r3
 1755 01c8 2037     		adds	r7, r7, #32
 1756 01ca BD46     		mov	sp, r7
 1757              		@ sp needed
 1758 01cc 80BD     		pop	{r7, pc}
 1759              	.L111:
 1760 01ce 00BF     		.align	2
 1761              	.L110:
 1762 01d0 00000000 		.word	SystemCoreClock
 1763 01d4 D34D6210 		.word	274877907
 1764 01d8 08E0FFFD 		.word	-33562616
 1766              		.section	.text.SDMMC_GetCmdResp2,"ax",%progbits
 1767              		.align	1
 1768              		.global	SDMMC_GetCmdResp2
 1769              		.syntax unified
 1770              		.thumb
 1771              		.thumb_func
 1773              	SDMMC_GetCmdResp2:
 1774              		@ args = 0, pretend = 0, frame = 16
 1775              		@ frame_needed = 1, uses_anonymous_args = 0
 1776              		@ link register save eliminated.
 1777 0000 80B4     		push	{r7}
 1778 0002 85B0     		sub	sp, sp, #20
 1779 0004 00AF     		add	r7, sp, #0
 1780 0006 7860     		str	r0, [r7, #4]
 1781 0008 1F4B     		ldr	r3, .L119
 1782 000a 1B68     		ldr	r3, [r3]
 1783 000c 1F4A     		ldr	r2, .L119+4
 1784 000e A2FB0323 		umull	r2, r3, r2, r3
 1785 0012 5B0A     		lsrs	r3, r3, #9
 1786 0014 41F28832 		movw	r2, #5000
 1787 0018 02FB03F3 		mul	r3, r2, r3
 1788 001c FB60     		str	r3, [r7, #12]
 1789              	.L113:
 1790 001e FB68     		ldr	r3, [r7, #12]
 1791 0020 5A1E     		subs	r2, r3, #1
 1792 0022 FA60     		str	r2, [r7, #12]
 1793 0024 002B     		cmp	r3, #0
ARM GAS  C:\Users\user\AppData\Local\Temp\ccSPX0Jf.s 			page 31


 1794 0026 02D1     		bne	.L114
 1795 0028 4FF00043 		mov	r3, #-2147483648
 1796 002c 26E0     		b	.L115
 1797              	.L114:
 1798 002e 7B68     		ldr	r3, [r7, #4]
 1799 0030 5B6B     		ldr	r3, [r3, #52]
 1800 0032 BB60     		str	r3, [r7, #8]
 1801 0034 BB68     		ldr	r3, [r7, #8]
 1802 0036 03F04503 		and	r3, r3, #69
 1803 003a 002B     		cmp	r3, #0
 1804 003c EFD0     		beq	.L113
 1805 003e BB68     		ldr	r3, [r7, #8]
 1806 0040 03F40063 		and	r3, r3, #2048
 1807 0044 002B     		cmp	r3, #0
 1808 0046 EAD1     		bne	.L113
 1809 0048 7B68     		ldr	r3, [r7, #4]
 1810 004a 5B6B     		ldr	r3, [r3, #52]
 1811 004c 03F00403 		and	r3, r3, #4
 1812 0050 002B     		cmp	r3, #0
 1813 0052 04D0     		beq	.L117
 1814 0054 7B68     		ldr	r3, [r7, #4]
 1815 0056 0422     		movs	r2, #4
 1816 0058 9A63     		str	r2, [r3, #56]
 1817 005a 0423     		movs	r3, #4
 1818 005c 0EE0     		b	.L115
 1819              	.L117:
 1820 005e 7B68     		ldr	r3, [r7, #4]
 1821 0060 5B6B     		ldr	r3, [r3, #52]
 1822 0062 03F00103 		and	r3, r3, #1
 1823 0066 002B     		cmp	r3, #0
 1824 0068 04D0     		beq	.L118
 1825 006a 7B68     		ldr	r3, [r7, #4]
 1826 006c 0122     		movs	r2, #1
 1827 006e 9A63     		str	r2, [r3, #56]
 1828 0070 0123     		movs	r3, #1
 1829 0072 03E0     		b	.L115
 1830              	.L118:
 1831 0074 7B68     		ldr	r3, [r7, #4]
 1832 0076 C522     		movs	r2, #197
 1833 0078 9A63     		str	r2, [r3, #56]
 1834 007a 0023     		movs	r3, #0
 1835              	.L115:
 1836 007c 1846     		mov	r0, r3
 1837 007e 1437     		adds	r7, r7, #20
 1838 0080 BD46     		mov	sp, r7
 1839              		@ sp needed
 1840 0082 5DF8047B 		ldr	r7, [sp], #4
 1841 0086 7047     		bx	lr
 1842              	.L120:
 1843              		.align	2
 1844              	.L119:
 1845 0088 00000000 		.word	SystemCoreClock
 1846 008c D34D6210 		.word	274877907
 1848              		.section	.text.SDMMC_GetCmdResp3,"ax",%progbits
 1849              		.align	1
 1850              		.global	SDMMC_GetCmdResp3
 1851              		.syntax unified
ARM GAS  C:\Users\user\AppData\Local\Temp\ccSPX0Jf.s 			page 32


 1852              		.thumb
 1853              		.thumb_func
 1855              	SDMMC_GetCmdResp3:
 1856              		@ args = 0, pretend = 0, frame = 16
 1857              		@ frame_needed = 1, uses_anonymous_args = 0
 1858              		@ link register save eliminated.
 1859 0000 80B4     		push	{r7}
 1860 0002 85B0     		sub	sp, sp, #20
 1861 0004 00AF     		add	r7, sp, #0
 1862 0006 7860     		str	r0, [r7, #4]
 1863 0008 1A4B     		ldr	r3, .L127
 1864 000a 1B68     		ldr	r3, [r3]
 1865 000c 1A4A     		ldr	r2, .L127+4
 1866 000e A2FB0323 		umull	r2, r3, r2, r3
 1867 0012 5B0A     		lsrs	r3, r3, #9
 1868 0014 41F28832 		movw	r2, #5000
 1869 0018 02FB03F3 		mul	r3, r2, r3
 1870 001c FB60     		str	r3, [r7, #12]
 1871              	.L122:
 1872 001e FB68     		ldr	r3, [r7, #12]
 1873 0020 5A1E     		subs	r2, r3, #1
 1874 0022 FA60     		str	r2, [r7, #12]
 1875 0024 002B     		cmp	r3, #0
 1876 0026 02D1     		bne	.L123
 1877 0028 4FF00043 		mov	r3, #-2147483648
 1878 002c 1BE0     		b	.L124
 1879              	.L123:
 1880 002e 7B68     		ldr	r3, [r7, #4]
 1881 0030 5B6B     		ldr	r3, [r3, #52]
 1882 0032 BB60     		str	r3, [r7, #8]
 1883 0034 BB68     		ldr	r3, [r7, #8]
 1884 0036 03F04503 		and	r3, r3, #69
 1885 003a 002B     		cmp	r3, #0
 1886 003c EFD0     		beq	.L122
 1887 003e BB68     		ldr	r3, [r7, #8]
 1888 0040 03F40063 		and	r3, r3, #2048
 1889 0044 002B     		cmp	r3, #0
 1890 0046 EAD1     		bne	.L122
 1891 0048 7B68     		ldr	r3, [r7, #4]
 1892 004a 5B6B     		ldr	r3, [r3, #52]
 1893 004c 03F00403 		and	r3, r3, #4
 1894 0050 002B     		cmp	r3, #0
 1895 0052 04D0     		beq	.L126
 1896 0054 7B68     		ldr	r3, [r7, #4]
 1897 0056 0422     		movs	r2, #4
 1898 0058 9A63     		str	r2, [r3, #56]
 1899 005a 0423     		movs	r3, #4
 1900 005c 03E0     		b	.L124
 1901              	.L126:
 1902 005e 7B68     		ldr	r3, [r7, #4]
 1903 0060 C522     		movs	r2, #197
 1904 0062 9A63     		str	r2, [r3, #56]
 1905 0064 0023     		movs	r3, #0
 1906              	.L124:
 1907 0066 1846     		mov	r0, r3
 1908 0068 1437     		adds	r7, r7, #20
 1909 006a BD46     		mov	sp, r7
ARM GAS  C:\Users\user\AppData\Local\Temp\ccSPX0Jf.s 			page 33


 1910              		@ sp needed
 1911 006c 5DF8047B 		ldr	r7, [sp], #4
 1912 0070 7047     		bx	lr
 1913              	.L128:
 1914 0072 00BF     		.align	2
 1915              	.L127:
 1916 0074 00000000 		.word	SystemCoreClock
 1917 0078 D34D6210 		.word	274877907
 1919              		.section	.text.SDMMC_GetCmdResp6,"ax",%progbits
 1920              		.align	1
 1921              		.global	SDMMC_GetCmdResp6
 1922              		.syntax unified
 1923              		.thumb
 1924              		.thumb_func
 1926              	SDMMC_GetCmdResp6:
 1927              		@ args = 0, pretend = 0, frame = 32
 1928              		@ frame_needed = 1, uses_anonymous_args = 0
 1929 0000 80B5     		push	{r7, lr}
 1930 0002 88B0     		sub	sp, sp, #32
 1931 0004 00AF     		add	r7, sp, #0
 1932 0006 F860     		str	r0, [r7, #12]
 1933 0008 0B46     		mov	r3, r1
 1934 000a 7A60     		str	r2, [r7, #4]
 1935 000c FB72     		strb	r3, [r7, #11]
 1936 000e 354B     		ldr	r3, .L140
 1937 0010 1B68     		ldr	r3, [r3]
 1938 0012 354A     		ldr	r2, .L140+4
 1939 0014 A2FB0323 		umull	r2, r3, r2, r3
 1940 0018 5B0A     		lsrs	r3, r3, #9
 1941 001a 41F28832 		movw	r2, #5000
 1942 001e 02FB03F3 		mul	r3, r2, r3
 1943 0022 FB61     		str	r3, [r7, #28]
 1944              	.L130:
 1945 0024 FB69     		ldr	r3, [r7, #28]
 1946 0026 5A1E     		subs	r2, r3, #1
 1947 0028 FA61     		str	r2, [r7, #28]
 1948 002a 002B     		cmp	r3, #0
 1949 002c 02D1     		bne	.L131
 1950 002e 4FF00043 		mov	r3, #-2147483648
 1951 0032 52E0     		b	.L132
 1952              	.L131:
 1953 0034 FB68     		ldr	r3, [r7, #12]
 1954 0036 5B6B     		ldr	r3, [r3, #52]
 1955 0038 BB61     		str	r3, [r7, #24]
 1956 003a BB69     		ldr	r3, [r7, #24]
 1957 003c 03F04503 		and	r3, r3, #69
 1958 0040 002B     		cmp	r3, #0
 1959 0042 EFD0     		beq	.L130
 1960 0044 BB69     		ldr	r3, [r7, #24]
 1961 0046 03F40063 		and	r3, r3, #2048
 1962 004a 002B     		cmp	r3, #0
 1963 004c EAD1     		bne	.L130
 1964 004e FB68     		ldr	r3, [r7, #12]
 1965 0050 5B6B     		ldr	r3, [r3, #52]
 1966 0052 03F00403 		and	r3, r3, #4
 1967 0056 002B     		cmp	r3, #0
 1968 0058 04D0     		beq	.L134
ARM GAS  C:\Users\user\AppData\Local\Temp\ccSPX0Jf.s 			page 34


 1969 005a FB68     		ldr	r3, [r7, #12]
 1970 005c 0422     		movs	r2, #4
 1971 005e 9A63     		str	r2, [r3, #56]
 1972 0060 0423     		movs	r3, #4
 1973 0062 3AE0     		b	.L132
 1974              	.L134:
 1975 0064 FB68     		ldr	r3, [r7, #12]
 1976 0066 5B6B     		ldr	r3, [r3, #52]
 1977 0068 03F00103 		and	r3, r3, #1
 1978 006c 002B     		cmp	r3, #0
 1979 006e 04D0     		beq	.L135
 1980 0070 FB68     		ldr	r3, [r7, #12]
 1981 0072 0122     		movs	r2, #1
 1982 0074 9A63     		str	r2, [r3, #56]
 1983 0076 0123     		movs	r3, #1
 1984 0078 2FE0     		b	.L132
 1985              	.L135:
 1986 007a F868     		ldr	r0, [r7, #12]
 1987 007c FFF7FEFF 		bl	SDIO_GetCommandResponse
 1988 0080 0346     		mov	r3, r0
 1989 0082 1A46     		mov	r2, r3
 1990 0084 FB7A     		ldrb	r3, [r7, #11]	@ zero_extendqisi2
 1991 0086 9342     		cmp	r3, r2
 1992 0088 01D0     		beq	.L136
 1993 008a 0123     		movs	r3, #1
 1994 008c 25E0     		b	.L132
 1995              	.L136:
 1996 008e FB68     		ldr	r3, [r7, #12]
 1997 0090 C522     		movs	r2, #197
 1998 0092 9A63     		str	r2, [r3, #56]
 1999 0094 0021     		movs	r1, #0
 2000 0096 F868     		ldr	r0, [r7, #12]
 2001 0098 FFF7FEFF 		bl	SDIO_GetResponse
 2002 009c 7861     		str	r0, [r7, #20]
 2003 009e 7B69     		ldr	r3, [r7, #20]
 2004 00a0 03F46043 		and	r3, r3, #57344
 2005 00a4 002B     		cmp	r3, #0
 2006 00a6 06D1     		bne	.L137
 2007 00a8 7B69     		ldr	r3, [r7, #20]
 2008 00aa 1B0C     		lsrs	r3, r3, #16
 2009 00ac 9AB2     		uxth	r2, r3
 2010 00ae 7B68     		ldr	r3, [r7, #4]
 2011 00b0 1A80     		strh	r2, [r3]	@ movhi
 2012 00b2 0023     		movs	r3, #0
 2013 00b4 11E0     		b	.L132
 2014              	.L137:
 2015 00b6 7B69     		ldr	r3, [r7, #20]
 2016 00b8 03F48043 		and	r3, r3, #16384
 2017 00bc 002B     		cmp	r3, #0
 2018 00be 02D0     		beq	.L138
 2019 00c0 4FF40053 		mov	r3, #8192
 2020 00c4 09E0     		b	.L132
 2021              	.L138:
 2022 00c6 7B69     		ldr	r3, [r7, #20]
 2023 00c8 03F40043 		and	r3, r3, #32768
 2024 00cc 002B     		cmp	r3, #0
 2025 00ce 02D0     		beq	.L139
ARM GAS  C:\Users\user\AppData\Local\Temp\ccSPX0Jf.s 			page 35


 2026 00d0 4FF48053 		mov	r3, #4096
 2027 00d4 01E0     		b	.L132
 2028              	.L139:
 2029 00d6 4FF48033 		mov	r3, #65536
 2030              	.L132:
 2031 00da 1846     		mov	r0, r3
 2032 00dc 2037     		adds	r7, r7, #32
 2033 00de BD46     		mov	sp, r7
 2034              		@ sp needed
 2035 00e0 80BD     		pop	{r7, pc}
 2036              	.L141:
 2037 00e2 00BF     		.align	2
 2038              	.L140:
 2039 00e4 00000000 		.word	SystemCoreClock
 2040 00e8 D34D6210 		.word	274877907
 2042              		.section	.text.SDMMC_GetCmdResp7,"ax",%progbits
 2043              		.align	1
 2044              		.global	SDMMC_GetCmdResp7
 2045              		.syntax unified
 2046              		.thumb
 2047              		.thumb_func
 2049              	SDMMC_GetCmdResp7:
 2050              		@ args = 0, pretend = 0, frame = 16
 2051              		@ frame_needed = 1, uses_anonymous_args = 0
 2052              		@ link register save eliminated.
 2053 0000 80B4     		push	{r7}
 2054 0002 85B0     		sub	sp, sp, #20
 2055 0004 00AF     		add	r7, sp, #0
 2056 0006 7860     		str	r0, [r7, #4]
 2057 0008 224B     		ldr	r3, .L150
 2058 000a 1B68     		ldr	r3, [r3]
 2059 000c 224A     		ldr	r2, .L150+4
 2060 000e A2FB0323 		umull	r2, r3, r2, r3
 2061 0012 5B0A     		lsrs	r3, r3, #9
 2062 0014 41F28832 		movw	r2, #5000
 2063 0018 02FB03F3 		mul	r3, r2, r3
 2064 001c FB60     		str	r3, [r7, #12]
 2065              	.L143:
 2066 001e FB68     		ldr	r3, [r7, #12]
 2067 0020 5A1E     		subs	r2, r3, #1
 2068 0022 FA60     		str	r2, [r7, #12]
 2069 0024 002B     		cmp	r3, #0
 2070 0026 02D1     		bne	.L144
 2071 0028 4FF00043 		mov	r3, #-2147483648
 2072 002c 2CE0     		b	.L145
 2073              	.L144:
 2074 002e 7B68     		ldr	r3, [r7, #4]
 2075 0030 5B6B     		ldr	r3, [r3, #52]
 2076 0032 BB60     		str	r3, [r7, #8]
 2077 0034 BB68     		ldr	r3, [r7, #8]
 2078 0036 03F04503 		and	r3, r3, #69
 2079 003a 002B     		cmp	r3, #0
 2080 003c EFD0     		beq	.L143
 2081 003e BB68     		ldr	r3, [r7, #8]
 2082 0040 03F40063 		and	r3, r3, #2048
 2083 0044 002B     		cmp	r3, #0
 2084 0046 EAD1     		bne	.L143
ARM GAS  C:\Users\user\AppData\Local\Temp\ccSPX0Jf.s 			page 36


 2085 0048 7B68     		ldr	r3, [r7, #4]
 2086 004a 5B6B     		ldr	r3, [r3, #52]
 2087 004c 03F00403 		and	r3, r3, #4
 2088 0050 002B     		cmp	r3, #0
 2089 0052 04D0     		beq	.L147
 2090 0054 7B68     		ldr	r3, [r7, #4]
 2091 0056 0422     		movs	r2, #4
 2092 0058 9A63     		str	r2, [r3, #56]
 2093 005a 0423     		movs	r3, #4
 2094 005c 14E0     		b	.L145
 2095              	.L147:
 2096 005e 7B68     		ldr	r3, [r7, #4]
 2097 0060 5B6B     		ldr	r3, [r3, #52]
 2098 0062 03F00103 		and	r3, r3, #1
 2099 0066 002B     		cmp	r3, #0
 2100 0068 04D0     		beq	.L148
 2101 006a 7B68     		ldr	r3, [r7, #4]
 2102 006c 0122     		movs	r2, #1
 2103 006e 9A63     		str	r2, [r3, #56]
 2104 0070 0123     		movs	r3, #1
 2105 0072 09E0     		b	.L145
 2106              	.L148:
 2107 0074 7B68     		ldr	r3, [r7, #4]
 2108 0076 5B6B     		ldr	r3, [r3, #52]
 2109 0078 03F04003 		and	r3, r3, #64
 2110 007c 002B     		cmp	r3, #0
 2111 007e 02D0     		beq	.L149
 2112 0080 7B68     		ldr	r3, [r7, #4]
 2113 0082 4022     		movs	r2, #64
 2114 0084 9A63     		str	r2, [r3, #56]
 2115              	.L149:
 2116 0086 0023     		movs	r3, #0
 2117              	.L145:
 2118 0088 1846     		mov	r0, r3
 2119 008a 1437     		adds	r7, r7, #20
 2120 008c BD46     		mov	sp, r7
 2121              		@ sp needed
 2122 008e 5DF8047B 		ldr	r7, [sp], #4
 2123 0092 7047     		bx	lr
 2124              	.L151:
 2125              		.align	2
 2126              	.L150:
 2127 0094 00000000 		.word	SystemCoreClock
 2128 0098 D34D6210 		.word	274877907
 2130              		.section	.text.SDMMC_GetCmdError,"ax",%progbits
 2131              		.align	1
 2132              		.syntax unified
 2133              		.thumb
 2134              		.thumb_func
 2136              	SDMMC_GetCmdError:
 2137              		@ args = 0, pretend = 0, frame = 16
 2138              		@ frame_needed = 1, uses_anonymous_args = 0
 2139              		@ link register save eliminated.
 2140 0000 80B4     		push	{r7}
 2141 0002 85B0     		sub	sp, sp, #20
 2142 0004 00AF     		add	r7, sp, #0
 2143 0006 7860     		str	r0, [r7, #4]
ARM GAS  C:\Users\user\AppData\Local\Temp\ccSPX0Jf.s 			page 37


 2144 0008 114B     		ldr	r3, .L156
 2145 000a 1B68     		ldr	r3, [r3]
 2146 000c 114A     		ldr	r2, .L156+4
 2147 000e A2FB0323 		umull	r2, r3, r2, r3
 2148 0012 5B0A     		lsrs	r3, r3, #9
 2149 0014 41F28832 		movw	r2, #5000
 2150 0018 02FB03F3 		mul	r3, r2, r3
 2151 001c FB60     		str	r3, [r7, #12]
 2152              	.L155:
 2153 001e FB68     		ldr	r3, [r7, #12]
 2154 0020 5A1E     		subs	r2, r3, #1
 2155 0022 FA60     		str	r2, [r7, #12]
 2156 0024 002B     		cmp	r3, #0
 2157 0026 02D1     		bne	.L153
 2158 0028 4FF00043 		mov	r3, #-2147483648
 2159 002c 09E0     		b	.L154
 2160              	.L153:
 2161 002e 7B68     		ldr	r3, [r7, #4]
 2162 0030 5B6B     		ldr	r3, [r3, #52]
 2163 0032 03F08003 		and	r3, r3, #128
 2164 0036 002B     		cmp	r3, #0
 2165 0038 F1D0     		beq	.L155
 2166 003a 7B68     		ldr	r3, [r7, #4]
 2167 003c C522     		movs	r2, #197
 2168 003e 9A63     		str	r2, [r3, #56]
 2169 0040 0023     		movs	r3, #0
 2170              	.L154:
 2171 0042 1846     		mov	r0, r3
 2172 0044 1437     		adds	r7, r7, #20
 2173 0046 BD46     		mov	sp, r7
 2174              		@ sp needed
 2175 0048 5DF8047B 		ldr	r7, [sp], #4
 2176 004c 7047     		bx	lr
 2177              	.L157:
 2178 004e 00BF     		.align	2
 2179              	.L156:
 2180 0050 00000000 		.word	SystemCoreClock
 2181 0054 D34D6210 		.word	274877907
 2183              		.ident	"GCC: (GNU Tools for STM32 12.3.rel1.20240306-1730) 12.3.1 20230626"
ARM GAS  C:\Users\user\AppData\Local\Temp\ccSPX0Jf.s 			page 38


DEFINED SYMBOLS
                            *ABS*:00000000 stm32f4xx_ll_sdmmc.c
C:\Users\user\AppData\Local\Temp\ccSPX0Jf.s:18     .text.SDIO_Init:00000000 $t
C:\Users\user\AppData\Local\Temp\ccSPX0Jf.s:24     .text.SDIO_Init:00000000 SDIO_Init
C:\Users\user\AppData\Local\Temp\ccSPX0Jf.s:69     .text.SDIO_ReadFIFO:00000000 $t
C:\Users\user\AppData\Local\Temp\ccSPX0Jf.s:75     .text.SDIO_ReadFIFO:00000000 SDIO_ReadFIFO
C:\Users\user\AppData\Local\Temp\ccSPX0Jf.s:93     .text.SDIO_WriteFIFO:00000000 $t
C:\Users\user\AppData\Local\Temp\ccSPX0Jf.s:99     .text.SDIO_WriteFIFO:00000000 SDIO_WriteFIFO
C:\Users\user\AppData\Local\Temp\ccSPX0Jf.s:121    .text.SDIO_PowerState_ON:00000000 $t
C:\Users\user\AppData\Local\Temp\ccSPX0Jf.s:127    .text.SDIO_PowerState_ON:00000000 SDIO_PowerState_ON
C:\Users\user\AppData\Local\Temp\ccSPX0Jf.s:147    .text.SDIO_PowerState_OFF:00000000 $t
C:\Users\user\AppData\Local\Temp\ccSPX0Jf.s:153    .text.SDIO_PowerState_OFF:00000000 SDIO_PowerState_OFF
C:\Users\user\AppData\Local\Temp\ccSPX0Jf.s:173    .text.SDIO_GetPowerState:00000000 $t
C:\Users\user\AppData\Local\Temp\ccSPX0Jf.s:179    .text.SDIO_GetPowerState:00000000 SDIO_GetPowerState
C:\Users\user\AppData\Local\Temp\ccSPX0Jf.s:198    .text.SDIO_SendCommand:00000000 $t
C:\Users\user\AppData\Local\Temp\ccSPX0Jf.s:204    .text.SDIO_SendCommand:00000000 SDIO_SendCommand
C:\Users\user\AppData\Local\Temp\ccSPX0Jf.s:250    .text.SDIO_GetCommandResponse:00000000 $t
C:\Users\user\AppData\Local\Temp\ccSPX0Jf.s:256    .text.SDIO_GetCommandResponse:00000000 SDIO_GetCommandResponse
C:\Users\user\AppData\Local\Temp\ccSPX0Jf.s:275    .text.SDIO_GetResponse:00000000 $t
C:\Users\user\AppData\Local\Temp\ccSPX0Jf.s:281    .text.SDIO_GetResponse:00000000 SDIO_GetResponse
C:\Users\user\AppData\Local\Temp\ccSPX0Jf.s:306    .text.SDIO_ConfigData:00000000 $t
C:\Users\user\AppData\Local\Temp\ccSPX0Jf.s:312    .text.SDIO_ConfigData:00000000 SDIO_ConfigData
C:\Users\user\AppData\Local\Temp\ccSPX0Jf.s:361    .text.SDIO_GetDataCounter:00000000 $t
C:\Users\user\AppData\Local\Temp\ccSPX0Jf.s:367    .text.SDIO_GetDataCounter:00000000 SDIO_GetDataCounter
C:\Users\user\AppData\Local\Temp\ccSPX0Jf.s:385    .text.SDIO_GetFIFOCount:00000000 $t
C:\Users\user\AppData\Local\Temp\ccSPX0Jf.s:391    .text.SDIO_GetFIFOCount:00000000 SDIO_GetFIFOCount
C:\Users\user\AppData\Local\Temp\ccSPX0Jf.s:409    .text.SDIO_SetSDMMCReadWaitMode:00000000 $t
C:\Users\user\AppData\Local\Temp\ccSPX0Jf.s:415    .text.SDIO_SetSDMMCReadWaitMode:00000000 SDIO_SetSDMMCReadWaitMode
C:\Users\user\AppData\Local\Temp\ccSPX0Jf.s:440    .text.SDMMC_CmdBlockLength:00000000 $t
C:\Users\user\AppData\Local\Temp\ccSPX0Jf.s:446    .text.SDMMC_CmdBlockLength:00000000 SDMMC_CmdBlockLength
C:\Users\user\AppData\Local\Temp\ccSPX0Jf.s:1542   .text.SDMMC_GetCmdResp1:00000000 SDMMC_GetCmdResp1
C:\Users\user\AppData\Local\Temp\ccSPX0Jf.s:481    .text.SDMMC_CmdReadSingleBlock:00000000 $t
C:\Users\user\AppData\Local\Temp\ccSPX0Jf.s:487    .text.SDMMC_CmdReadSingleBlock:00000000 SDMMC_CmdReadSingleBlock
C:\Users\user\AppData\Local\Temp\ccSPX0Jf.s:522    .text.SDMMC_CmdReadMultiBlock:00000000 $t
C:\Users\user\AppData\Local\Temp\ccSPX0Jf.s:528    .text.SDMMC_CmdReadMultiBlock:00000000 SDMMC_CmdReadMultiBlock
C:\Users\user\AppData\Local\Temp\ccSPX0Jf.s:563    .text.SDMMC_CmdWriteSingleBlock:00000000 $t
C:\Users\user\AppData\Local\Temp\ccSPX0Jf.s:569    .text.SDMMC_CmdWriteSingleBlock:00000000 SDMMC_CmdWriteSingleBlock
C:\Users\user\AppData\Local\Temp\ccSPX0Jf.s:604    .text.SDMMC_CmdWriteMultiBlock:00000000 $t
C:\Users\user\AppData\Local\Temp\ccSPX0Jf.s:610    .text.SDMMC_CmdWriteMultiBlock:00000000 SDMMC_CmdWriteMultiBlock
C:\Users\user\AppData\Local\Temp\ccSPX0Jf.s:645    .text.SDMMC_CmdSDEraseStartAdd:00000000 $t
C:\Users\user\AppData\Local\Temp\ccSPX0Jf.s:651    .text.SDMMC_CmdSDEraseStartAdd:00000000 SDMMC_CmdSDEraseStartAdd
C:\Users\user\AppData\Local\Temp\ccSPX0Jf.s:686    .text.SDMMC_CmdSDEraseEndAdd:00000000 $t
C:\Users\user\AppData\Local\Temp\ccSPX0Jf.s:692    .text.SDMMC_CmdSDEraseEndAdd:00000000 SDMMC_CmdSDEraseEndAdd
C:\Users\user\AppData\Local\Temp\ccSPX0Jf.s:727    .text.SDMMC_CmdEraseStartAdd:00000000 $t
C:\Users\user\AppData\Local\Temp\ccSPX0Jf.s:733    .text.SDMMC_CmdEraseStartAdd:00000000 SDMMC_CmdEraseStartAdd
C:\Users\user\AppData\Local\Temp\ccSPX0Jf.s:768    .text.SDMMC_CmdEraseEndAdd:00000000 $t
C:\Users\user\AppData\Local\Temp\ccSPX0Jf.s:774    .text.SDMMC_CmdEraseEndAdd:00000000 SDMMC_CmdEraseEndAdd
C:\Users\user\AppData\Local\Temp\ccSPX0Jf.s:809    .text.SDMMC_CmdErase:00000000 $t
C:\Users\user\AppData\Local\Temp\ccSPX0Jf.s:815    .text.SDMMC_CmdErase:00000000 SDMMC_CmdErase
C:\Users\user\AppData\Local\Temp\ccSPX0Jf.s:849    .text.SDMMC_CmdStopTransfer:00000000 $t
C:\Users\user\AppData\Local\Temp\ccSPX0Jf.s:855    .text.SDMMC_CmdStopTransfer:00000000 SDMMC_CmdStopTransfer
C:\Users\user\AppData\Local\Temp\ccSPX0Jf.s:890    .text.SDMMC_CmdStopTransfer:00000040 $d
C:\Users\user\AppData\Local\Temp\ccSPX0Jf.s:893    .text.SDMMC_CmdSelDesel:00000000 $t
C:\Users\user\AppData\Local\Temp\ccSPX0Jf.s:899    .text.SDMMC_CmdSelDesel:00000000 SDMMC_CmdSelDesel
C:\Users\user\AppData\Local\Temp\ccSPX0Jf.s:934    .text.SDMMC_CmdGoIdleState:00000000 $t
C:\Users\user\AppData\Local\Temp\ccSPX0Jf.s:940    .text.SDMMC_CmdGoIdleState:00000000 SDMMC_CmdGoIdleState
C:\Users\user\AppData\Local\Temp\ccSPX0Jf.s:2136   .text.SDMMC_GetCmdError:00000000 SDMMC_GetCmdError
ARM GAS  C:\Users\user\AppData\Local\Temp\ccSPX0Jf.s 			page 39


C:\Users\user\AppData\Local\Temp\ccSPX0Jf.s:972    .text.SDMMC_CmdOperCond:00000000 $t
C:\Users\user\AppData\Local\Temp\ccSPX0Jf.s:978    .text.SDMMC_CmdOperCond:00000000 SDMMC_CmdOperCond
C:\Users\user\AppData\Local\Temp\ccSPX0Jf.s:2049   .text.SDMMC_GetCmdResp7:00000000 SDMMC_GetCmdResp7
C:\Users\user\AppData\Local\Temp\ccSPX0Jf.s:1010   .text.SDMMC_CmdAppCommand:00000000 $t
C:\Users\user\AppData\Local\Temp\ccSPX0Jf.s:1016   .text.SDMMC_CmdAppCommand:00000000 SDMMC_CmdAppCommand
C:\Users\user\AppData\Local\Temp\ccSPX0Jf.s:1051   .text.SDMMC_CmdAppOperCommand:00000000 $t
C:\Users\user\AppData\Local\Temp\ccSPX0Jf.s:1057   .text.SDMMC_CmdAppOperCommand:00000000 SDMMC_CmdAppOperCommand
C:\Users\user\AppData\Local\Temp\ccSPX0Jf.s:1855   .text.SDMMC_GetCmdResp3:00000000 SDMMC_GetCmdResp3
C:\Users\user\AppData\Local\Temp\ccSPX0Jf.s:1092   .text.SDMMC_CmdBusWidth:00000000 $t
C:\Users\user\AppData\Local\Temp\ccSPX0Jf.s:1098   .text.SDMMC_CmdBusWidth:00000000 SDMMC_CmdBusWidth
C:\Users\user\AppData\Local\Temp\ccSPX0Jf.s:1133   .text.SDMMC_CmdSendSCR:00000000 $t
C:\Users\user\AppData\Local\Temp\ccSPX0Jf.s:1139   .text.SDMMC_CmdSendSCR:00000000 SDMMC_CmdSendSCR
C:\Users\user\AppData\Local\Temp\ccSPX0Jf.s:1173   .text.SDMMC_CmdSendCID:00000000 $t
C:\Users\user\AppData\Local\Temp\ccSPX0Jf.s:1179   .text.SDMMC_CmdSendCID:00000000 SDMMC_CmdSendCID
C:\Users\user\AppData\Local\Temp\ccSPX0Jf.s:1773   .text.SDMMC_GetCmdResp2:00000000 SDMMC_GetCmdResp2
C:\Users\user\AppData\Local\Temp\ccSPX0Jf.s:1211   .text.SDMMC_CmdSendCSD:00000000 $t
C:\Users\user\AppData\Local\Temp\ccSPX0Jf.s:1217   .text.SDMMC_CmdSendCSD:00000000 SDMMC_CmdSendCSD
C:\Users\user\AppData\Local\Temp\ccSPX0Jf.s:1250   .text.SDMMC_CmdSetRelAdd:00000000 $t
C:\Users\user\AppData\Local\Temp\ccSPX0Jf.s:1256   .text.SDMMC_CmdSetRelAdd:00000000 SDMMC_CmdSetRelAdd
C:\Users\user\AppData\Local\Temp\ccSPX0Jf.s:1926   .text.SDMMC_GetCmdResp6:00000000 SDMMC_GetCmdResp6
C:\Users\user\AppData\Local\Temp\ccSPX0Jf.s:1291   .text.SDMMC_CmdSetRelAddMmc:00000000 $t
C:\Users\user\AppData\Local\Temp\ccSPX0Jf.s:1297   .text.SDMMC_CmdSetRelAddMmc:00000000 SDMMC_CmdSetRelAddMmc
C:\Users\user\AppData\Local\Temp\ccSPX0Jf.s:1334   .text.SDMMC_CmdSendStatus:00000000 $t
C:\Users\user\AppData\Local\Temp\ccSPX0Jf.s:1340   .text.SDMMC_CmdSendStatus:00000000 SDMMC_CmdSendStatus
C:\Users\user\AppData\Local\Temp\ccSPX0Jf.s:1375   .text.SDMMC_CmdStatusRegister:00000000 $t
C:\Users\user\AppData\Local\Temp\ccSPX0Jf.s:1381   .text.SDMMC_CmdStatusRegister:00000000 SDMMC_CmdStatusRegister
C:\Users\user\AppData\Local\Temp\ccSPX0Jf.s:1415   .text.SDMMC_CmdOpCondition:00000000 $t
C:\Users\user\AppData\Local\Temp\ccSPX0Jf.s:1421   .text.SDMMC_CmdOpCondition:00000000 SDMMC_CmdOpCondition
C:\Users\user\AppData\Local\Temp\ccSPX0Jf.s:1454   .text.SDMMC_CmdSwitch:00000000 $t
C:\Users\user\AppData\Local\Temp\ccSPX0Jf.s:1460   .text.SDMMC_CmdSwitch:00000000 SDMMC_CmdSwitch
C:\Users\user\AppData\Local\Temp\ccSPX0Jf.s:1495   .text.SDMMC_CmdSendEXTCSD:00000000 $t
C:\Users\user\AppData\Local\Temp\ccSPX0Jf.s:1501   .text.SDMMC_CmdSendEXTCSD:00000000 SDMMC_CmdSendEXTCSD
C:\Users\user\AppData\Local\Temp\ccSPX0Jf.s:1536   .text.SDMMC_GetCmdResp1:00000000 $t
C:\Users\user\AppData\Local\Temp\ccSPX0Jf.s:1762   .text.SDMMC_GetCmdResp1:000001d0 $d
C:\Users\user\AppData\Local\Temp\ccSPX0Jf.s:1767   .text.SDMMC_GetCmdResp2:00000000 $t
C:\Users\user\AppData\Local\Temp\ccSPX0Jf.s:1845   .text.SDMMC_GetCmdResp2:00000088 $d
C:\Users\user\AppData\Local\Temp\ccSPX0Jf.s:1849   .text.SDMMC_GetCmdResp3:00000000 $t
C:\Users\user\AppData\Local\Temp\ccSPX0Jf.s:1916   .text.SDMMC_GetCmdResp3:00000074 $d
C:\Users\user\AppData\Local\Temp\ccSPX0Jf.s:1920   .text.SDMMC_GetCmdResp6:00000000 $t
C:\Users\user\AppData\Local\Temp\ccSPX0Jf.s:2039   .text.SDMMC_GetCmdResp6:000000e4 $d
C:\Users\user\AppData\Local\Temp\ccSPX0Jf.s:2043   .text.SDMMC_GetCmdResp7:00000000 $t
C:\Users\user\AppData\Local\Temp\ccSPX0Jf.s:2127   .text.SDMMC_GetCmdResp7:00000094 $d
C:\Users\user\AppData\Local\Temp\ccSPX0Jf.s:2131   .text.SDMMC_GetCmdError:00000000 $t
C:\Users\user\AppData\Local\Temp\ccSPX0Jf.s:2180   .text.SDMMC_GetCmdError:00000050 $d

UNDEFINED SYMBOLS
SystemCoreClock
