ARM GAS  C:\Users\user\AppData\Local\Temp\ccUNg31q.s 			page 1


   1              		.cpu cortex-m4
   2              		.arch armv7e-m
   3              		.fpu fpv4-sp-d16
   4              		.eabi_attribute 27, 1
   5              		.eabi_attribute 28, 1
   6              		.eabi_attribute 20, 1
   7              		.eabi_attribute 21, 1
   8              		.eabi_attribute 23, 3
   9              		.eabi_attribute 24, 1
  10              		.eabi_attribute 25, 1
  11              		.eabi_attribute 26, 1
  12              		.eabi_attribute 30, 6
  13              		.eabi_attribute 34, 1
  14              		.eabi_attribute 18, 4
  15              		.file	"stm32f4xx_hal_msp.c"
  16              		.text
  17              		.section	.text.HAL_MspInit,"ax",%progbits
  18              		.align	1
  19              		.global	HAL_MspInit
  20              		.syntax unified
  21              		.thumb
  22              		.thumb_func
  24              	HAL_MspInit:
  25              		@ args = 0, pretend = 0, frame = 8
  26              		@ frame_needed = 1, uses_anonymous_args = 0
  27              		@ link register save eliminated.
  28 0000 80B4     		push	{r7}
  29 0002 83B0     		sub	sp, sp, #12
  30 0004 00AF     		add	r7, sp, #0
  31 0006 0023     		movs	r3, #0
  32 0008 7B60     		str	r3, [r7, #4]
  33 000a 104B     		ldr	r3, .L2
  34 000c 5B6C     		ldr	r3, [r3, #68]
  35 000e 0F4A     		ldr	r2, .L2
  36 0010 43F48043 		orr	r3, r3, #16384
  37 0014 5364     		str	r3, [r2, #68]
  38 0016 0D4B     		ldr	r3, .L2
  39 0018 5B6C     		ldr	r3, [r3, #68]
  40 001a 03F48043 		and	r3, r3, #16384
  41 001e 7B60     		str	r3, [r7, #4]
  42 0020 7B68     		ldr	r3, [r7, #4]
  43 0022 0023     		movs	r3, #0
  44 0024 3B60     		str	r3, [r7]
  45 0026 094B     		ldr	r3, .L2
  46 0028 1B6C     		ldr	r3, [r3, #64]
  47 002a 084A     		ldr	r2, .L2
  48 002c 43F08053 		orr	r3, r3, #268435456
  49 0030 1364     		str	r3, [r2, #64]
  50 0032 064B     		ldr	r3, .L2
  51 0034 1B6C     		ldr	r3, [r3, #64]
  52 0036 03F08053 		and	r3, r3, #268435456
  53 003a 3B60     		str	r3, [r7]
  54 003c 3B68     		ldr	r3, [r7]
  55 003e 00BF     		nop
  56 0040 0C37     		adds	r7, r7, #12
  57 0042 BD46     		mov	sp, r7
  58              		@ sp needed
ARM GAS  C:\Users\user\AppData\Local\Temp\ccUNg31q.s 			page 2


  59 0044 5DF8047B 		ldr	r7, [sp], #4
  60 0048 7047     		bx	lr
  61              	.L3:
  62 004a 00BF     		.align	2
  63              	.L2:
  64 004c 00380240 		.word	1073887232
  66              		.ident	"GCC: (GNU Tools for STM32 12.3.rel1.20240306-1730) 12.3.1 20230626"
ARM GAS  C:\Users\user\AppData\Local\Temp\ccUNg31q.s 			page 3


DEFINED SYMBOLS
                            *ABS*:00000000 stm32f4xx_hal_msp.c
C:\Users\user\AppData\Local\Temp\ccUNg31q.s:18     .text.HAL_MspInit:00000000 $t
C:\Users\user\AppData\Local\Temp\ccUNg31q.s:24     .text.HAL_MspInit:00000000 HAL_MspInit
C:\Users\user\AppData\Local\Temp\ccUNg31q.s:64     .text.HAL_MspInit:0000004c $d

NO UNDEFINED SYMBOLS
