ARM GAS  C:\Users\user\AppData\Local\Temp\ccgZbXhn.s 			page 1


   1              		.cpu cortex-m4
   2              		.arch armv7e-m
   3              		.fpu fpv4-sp-d16
   4              		.eabi_attribute 27, 1
   5              		.eabi_attribute 28, 1
   6              		.eabi_attribute 20, 1
   7              		.eabi_attribute 21, 1
   8              		.eabi_attribute 23, 3
   9              		.eabi_attribute 24, 1
  10              		.eabi_attribute 25, 1
  11              		.eabi_attribute 26, 1
  12              		.eabi_attribute 30, 6
  13              		.eabi_attribute 34, 1
  14              		.eabi_attribute 18, 4
  15              		.file	"stm32f4xx_hal_flash.c"
  16              		.text
  17              		.global	pFlash
  18              		.section	.bss.pFlash,"aw",%nobits
  19              		.align	2
  22              	pFlash:
  23 0000 00000000 		.space	32
  23      00000000 
  23      00000000 
  23      00000000 
  23      00000000 
  24              		.section	.text.HAL_FLASH_Program,"ax",%progbits
  25              		.align	1
  26              		.global	HAL_FLASH_Program
  27              		.syntax unified
  28              		.thumb
  29              		.thumb_func
  31              	HAL_FLASH_Program:
  32              		@ args = 0, pretend = 0, frame = 24
  33              		@ frame_needed = 1, uses_anonymous_args = 0
  34 0000 80B5     		push	{r7, lr}
  35 0002 86B0     		sub	sp, sp, #24
  36 0004 00AF     		add	r7, sp, #0
  37 0006 F860     		str	r0, [r7, #12]
  38 0008 B960     		str	r1, [r7, #8]
  39 000a C7E90023 		strd	r2, [r7]
  40 000e 0123     		movs	r3, #1
  41 0010 FB75     		strb	r3, [r7, #23]
  42 0012 234B     		ldr	r3, .L9
  43 0014 1B7E     		ldrb	r3, [r3, #24]	@ zero_extendqisi2
  44 0016 012B     		cmp	r3, #1
  45 0018 01D1     		bne	.L2
  46 001a 0223     		movs	r3, #2
  47 001c 3BE0     		b	.L3
  48              	.L2:
  49 001e 204B     		ldr	r3, .L9
  50 0020 0122     		movs	r2, #1
  51 0022 1A76     		strb	r2, [r3, #24]
  52 0024 4CF25030 		movw	r0, #50000
  53 0028 FFF7FEFF 		bl	FLASH_WaitForLastOperation
  54 002c 0346     		mov	r3, r0
  55 002e FB75     		strb	r3, [r7, #23]
  56 0030 FB7D     		ldrb	r3, [r7, #23]	@ zero_extendqisi2
ARM GAS  C:\Users\user\AppData\Local\Temp\ccgZbXhn.s 			page 2


  57 0032 002B     		cmp	r3, #0
  58 0034 2BD1     		bne	.L4
  59 0036 FB68     		ldr	r3, [r7, #12]
  60 0038 002B     		cmp	r3, #0
  61 003a 05D1     		bne	.L5
  62 003c 3B78     		ldrb	r3, [r7]	@ zero_extendqisi2
  63 003e 1946     		mov	r1, r3
  64 0040 B868     		ldr	r0, [r7, #8]
  65 0042 FFF7FEFF 		bl	FLASH_Program_Byte
  66 0046 16E0     		b	.L6
  67              	.L5:
  68 0048 FB68     		ldr	r3, [r7, #12]
  69 004a 012B     		cmp	r3, #1
  70 004c 05D1     		bne	.L7
  71 004e 3B88     		ldrh	r3, [r7]
  72 0050 1946     		mov	r1, r3
  73 0052 B868     		ldr	r0, [r7, #8]
  74 0054 FFF7FEFF 		bl	FLASH_Program_HalfWord
  75 0058 0DE0     		b	.L6
  76              	.L7:
  77 005a FB68     		ldr	r3, [r7, #12]
  78 005c 022B     		cmp	r3, #2
  79 005e 05D1     		bne	.L8
  80 0060 3B68     		ldr	r3, [r7]
  81 0062 1946     		mov	r1, r3
  82 0064 B868     		ldr	r0, [r7, #8]
  83 0066 FFF7FEFF 		bl	FLASH_Program_Word
  84 006a 04E0     		b	.L6
  85              	.L8:
  86 006c D7E90023 		ldrd	r2, [r7]
  87 0070 B868     		ldr	r0, [r7, #8]
  88 0072 FFF7FEFF 		bl	FLASH_Program_DoubleWord
  89              	.L6:
  90 0076 4CF25030 		movw	r0, #50000
  91 007a FFF7FEFF 		bl	FLASH_WaitForLastOperation
  92 007e 0346     		mov	r3, r0
  93 0080 FB75     		strb	r3, [r7, #23]
  94 0082 084B     		ldr	r3, .L9+4
  95 0084 1B69     		ldr	r3, [r3, #16]
  96 0086 074A     		ldr	r2, .L9+4
  97 0088 23F00103 		bic	r3, r3, #1
  98 008c 1361     		str	r3, [r2, #16]
  99              	.L4:
 100 008e 044B     		ldr	r3, .L9
 101 0090 0022     		movs	r2, #0
 102 0092 1A76     		strb	r2, [r3, #24]
 103 0094 FB7D     		ldrb	r3, [r7, #23]	@ zero_extendqisi2
 104              	.L3:
 105 0096 1846     		mov	r0, r3
 106 0098 1837     		adds	r7, r7, #24
 107 009a BD46     		mov	sp, r7
 108              		@ sp needed
 109 009c 80BD     		pop	{r7, pc}
 110              	.L10:
 111 009e 00BF     		.align	2
 112              	.L9:
 113 00a0 00000000 		.word	pFlash
ARM GAS  C:\Users\user\AppData\Local\Temp\ccgZbXhn.s 			page 3


 114 00a4 003C0240 		.word	1073888256
 116              		.section	.text.HAL_FLASH_Program_IT,"ax",%progbits
 117              		.align	1
 118              		.global	HAL_FLASH_Program_IT
 119              		.syntax unified
 120              		.thumb
 121              		.thumb_func
 123              	HAL_FLASH_Program_IT:
 124              		@ args = 0, pretend = 0, frame = 24
 125              		@ frame_needed = 1, uses_anonymous_args = 0
 126 0000 80B5     		push	{r7, lr}
 127 0002 86B0     		sub	sp, sp, #24
 128 0004 00AF     		add	r7, sp, #0
 129 0006 F860     		str	r0, [r7, #12]
 130 0008 B960     		str	r1, [r7, #8]
 131 000a C7E90023 		strd	r2, [r7]
 132 000e 0023     		movs	r3, #0
 133 0010 FB75     		strb	r3, [r7, #23]
 134 0012 204B     		ldr	r3, .L18
 135 0014 1B7E     		ldrb	r3, [r3, #24]	@ zero_extendqisi2
 136 0016 012B     		cmp	r3, #1
 137 0018 01D1     		bne	.L12
 138 001a 0223     		movs	r3, #2
 139 001c 35E0     		b	.L13
 140              	.L12:
 141 001e 1D4B     		ldr	r3, .L18
 142 0020 0122     		movs	r2, #1
 143 0022 1A76     		strb	r2, [r3, #24]
 144 0024 1C4B     		ldr	r3, .L18+4
 145 0026 1B69     		ldr	r3, [r3, #16]
 146 0028 1B4A     		ldr	r2, .L18+4
 147 002a 43F08073 		orr	r3, r3, #16777216
 148 002e 1361     		str	r3, [r2, #16]
 149 0030 194B     		ldr	r3, .L18+4
 150 0032 1B69     		ldr	r3, [r3, #16]
 151 0034 184A     		ldr	r2, .L18+4
 152 0036 43F00073 		orr	r3, r3, #33554432
 153 003a 1361     		str	r3, [r2, #16]
 154 003c 154B     		ldr	r3, .L18
 155 003e 0322     		movs	r2, #3
 156 0040 1A70     		strb	r2, [r3]
 157 0042 144A     		ldr	r2, .L18
 158 0044 BB68     		ldr	r3, [r7, #8]
 159 0046 5361     		str	r3, [r2, #20]
 160 0048 FB68     		ldr	r3, [r7, #12]
 161 004a 002B     		cmp	r3, #0
 162 004c 05D1     		bne	.L14
 163 004e 3B78     		ldrb	r3, [r7]	@ zero_extendqisi2
 164 0050 1946     		mov	r1, r3
 165 0052 B868     		ldr	r0, [r7, #8]
 166 0054 FFF7FEFF 		bl	FLASH_Program_Byte
 167 0058 16E0     		b	.L15
 168              	.L14:
 169 005a FB68     		ldr	r3, [r7, #12]
 170 005c 012B     		cmp	r3, #1
 171 005e 05D1     		bne	.L16
 172 0060 3B88     		ldrh	r3, [r7]
ARM GAS  C:\Users\user\AppData\Local\Temp\ccgZbXhn.s 			page 4


 173 0062 1946     		mov	r1, r3
 174 0064 B868     		ldr	r0, [r7, #8]
 175 0066 FFF7FEFF 		bl	FLASH_Program_HalfWord
 176 006a 0DE0     		b	.L15
 177              	.L16:
 178 006c FB68     		ldr	r3, [r7, #12]
 179 006e 022B     		cmp	r3, #2
 180 0070 05D1     		bne	.L17
 181 0072 3B68     		ldr	r3, [r7]
 182 0074 1946     		mov	r1, r3
 183 0076 B868     		ldr	r0, [r7, #8]
 184 0078 FFF7FEFF 		bl	FLASH_Program_Word
 185 007c 04E0     		b	.L15
 186              	.L17:
 187 007e D7E90023 		ldrd	r2, [r7]
 188 0082 B868     		ldr	r0, [r7, #8]
 189 0084 FFF7FEFF 		bl	FLASH_Program_DoubleWord
 190              	.L15:
 191 0088 FB7D     		ldrb	r3, [r7, #23]	@ zero_extendqisi2
 192              	.L13:
 193 008a 1846     		mov	r0, r3
 194 008c 1837     		adds	r7, r7, #24
 195 008e BD46     		mov	sp, r7
 196              		@ sp needed
 197 0090 80BD     		pop	{r7, pc}
 198              	.L19:
 199 0092 00BF     		.align	2
 200              	.L18:
 201 0094 00000000 		.word	pFlash
 202 0098 003C0240 		.word	1073888256
 204              		.section	.text.HAL_FLASH_IRQHandler,"ax",%progbits
 205              		.align	1
 206              		.global	HAL_FLASH_IRQHandler
 207              		.syntax unified
 208              		.thumb
 209              		.thumb_func
 211              	HAL_FLASH_IRQHandler:
 212              		@ args = 0, pretend = 0, frame = 8
 213              		@ frame_needed = 1, uses_anonymous_args = 0
 214 0000 80B5     		push	{r7, lr}
 215 0002 82B0     		sub	sp, sp, #8
 216 0004 00AF     		add	r7, sp, #0
 217 0006 0023     		movs	r3, #0
 218 0008 7B60     		str	r3, [r7, #4]
 219 000a 4B4B     		ldr	r3, .L32
 220 000c DB68     		ldr	r3, [r3, #12]
 221 000e 03F0F203 		and	r3, r3, #242
 222 0012 002B     		cmp	r3, #0
 223 0014 20D0     		beq	.L21
 224 0016 494B     		ldr	r3, .L32+4
 225 0018 1B78     		ldrb	r3, [r3]
 226 001a DBB2     		uxtb	r3, r3
 227 001c 012B     		cmp	r3, #1
 228 001e 07D1     		bne	.L22
 229 0020 464B     		ldr	r3, .L32+4
 230 0022 DB68     		ldr	r3, [r3, #12]
 231 0024 7B60     		str	r3, [r7, #4]
ARM GAS  C:\Users\user\AppData\Local\Temp\ccgZbXhn.s 			page 5


 232 0026 454B     		ldr	r3, .L32+4
 233 0028 4FF0FF32 		mov	r2, #-1
 234 002c DA60     		str	r2, [r3, #12]
 235 002e 0BE0     		b	.L23
 236              	.L22:
 237 0030 424B     		ldr	r3, .L32+4
 238 0032 1B78     		ldrb	r3, [r3]
 239 0034 DBB2     		uxtb	r3, r3
 240 0036 022B     		cmp	r3, #2
 241 0038 03D1     		bne	.L24
 242 003a 404B     		ldr	r3, .L32+4
 243 003c 1B69     		ldr	r3, [r3, #16]
 244 003e 7B60     		str	r3, [r7, #4]
 245 0040 02E0     		b	.L23
 246              	.L24:
 247 0042 3E4B     		ldr	r3, .L32+4
 248 0044 5B69     		ldr	r3, [r3, #20]
 249 0046 7B60     		str	r3, [r7, #4]
 250              	.L23:
 251 0048 FFF7FEFF 		bl	FLASH_SetErrorCode
 252 004c 7868     		ldr	r0, [r7, #4]
 253 004e FFF7FEFF 		bl	HAL_FLASH_OperationErrorCallback
 254 0052 3A4B     		ldr	r3, .L32+4
 255 0054 0022     		movs	r2, #0
 256 0056 1A70     		strb	r2, [r3]
 257              	.L21:
 258 0058 374B     		ldr	r3, .L32
 259 005a DB68     		ldr	r3, [r3, #12]
 260 005c 03F00103 		and	r3, r3, #1
 261 0060 002B     		cmp	r3, #0
 262 0062 4AD0     		beq	.L25
 263 0064 344B     		ldr	r3, .L32
 264 0066 0122     		movs	r2, #1
 265 0068 DA60     		str	r2, [r3, #12]
 266 006a 344B     		ldr	r3, .L32+4
 267 006c 1B78     		ldrb	r3, [r3]
 268 006e DBB2     		uxtb	r3, r3
 269 0070 012B     		cmp	r3, #1
 270 0072 2DD1     		bne	.L26
 271 0074 314B     		ldr	r3, .L32+4
 272 0076 5B68     		ldr	r3, [r3, #4]
 273 0078 013B     		subs	r3, r3, #1
 274 007a 304A     		ldr	r2, .L32+4
 275 007c 5360     		str	r3, [r2, #4]
 276 007e 2F4B     		ldr	r3, .L32+4
 277 0080 5B68     		ldr	r3, [r3, #4]
 278 0082 002B     		cmp	r3, #0
 279 0084 15D0     		beq	.L27
 280 0086 2D4B     		ldr	r3, .L32+4
 281 0088 DB68     		ldr	r3, [r3, #12]
 282 008a 7B60     		str	r3, [r7, #4]
 283 008c 7868     		ldr	r0, [r7, #4]
 284 008e FFF7FEFF 		bl	HAL_FLASH_EndOfOperationCallback
 285 0092 2A4B     		ldr	r3, .L32+4
 286 0094 DB68     		ldr	r3, [r3, #12]
 287 0096 0133     		adds	r3, r3, #1
 288 0098 284A     		ldr	r2, .L32+4
ARM GAS  C:\Users\user\AppData\Local\Temp\ccgZbXhn.s 			page 6


 289 009a D360     		str	r3, [r2, #12]
 290 009c 274B     		ldr	r3, .L32+4
 291 009e DB68     		ldr	r3, [r3, #12]
 292 00a0 7B60     		str	r3, [r7, #4]
 293 00a2 264B     		ldr	r3, .L32+4
 294 00a4 1B7A     		ldrb	r3, [r3, #8]
 295 00a6 DBB2     		uxtb	r3, r3
 296 00a8 1946     		mov	r1, r3
 297 00aa 7868     		ldr	r0, [r7, #4]
 298 00ac FFF7FEFF 		bl	FLASH_Erase_Sector
 299 00b0 23E0     		b	.L25
 300              	.L27:
 301 00b2 4FF0FF33 		mov	r3, #-1
 302 00b6 7B60     		str	r3, [r7, #4]
 303 00b8 204A     		ldr	r2, .L32+4
 304 00ba 7B68     		ldr	r3, [r7, #4]
 305 00bc D360     		str	r3, [r2, #12]
 306 00be 1F4B     		ldr	r3, .L32+4
 307 00c0 0022     		movs	r2, #0
 308 00c2 1A70     		strb	r2, [r3]
 309 00c4 FFF7FEFF 		bl	FLASH_FlushCaches
 310 00c8 7868     		ldr	r0, [r7, #4]
 311 00ca FFF7FEFF 		bl	HAL_FLASH_EndOfOperationCallback
 312 00ce 14E0     		b	.L25
 313              	.L26:
 314 00d0 1A4B     		ldr	r3, .L32+4
 315 00d2 1B78     		ldrb	r3, [r3]
 316 00d4 DBB2     		uxtb	r3, r3
 317 00d6 022B     		cmp	r3, #2
 318 00d8 07D1     		bne	.L28
 319 00da FFF7FEFF 		bl	FLASH_FlushCaches
 320 00de 174B     		ldr	r3, .L32+4
 321 00e0 1B69     		ldr	r3, [r3, #16]
 322 00e2 1846     		mov	r0, r3
 323 00e4 FFF7FEFF 		bl	HAL_FLASH_EndOfOperationCallback
 324 00e8 04E0     		b	.L29
 325              	.L28:
 326 00ea 144B     		ldr	r3, .L32+4
 327 00ec 5B69     		ldr	r3, [r3, #20]
 328 00ee 1846     		mov	r0, r3
 329 00f0 FFF7FEFF 		bl	HAL_FLASH_EndOfOperationCallback
 330              	.L29:
 331 00f4 114B     		ldr	r3, .L32+4
 332 00f6 0022     		movs	r2, #0
 333 00f8 1A70     		strb	r2, [r3]
 334              	.L25:
 335 00fa 104B     		ldr	r3, .L32+4
 336 00fc 1B78     		ldrb	r3, [r3]
 337 00fe DBB2     		uxtb	r3, r3
 338 0100 002B     		cmp	r3, #0
 339 0102 14D1     		bne	.L31
 340 0104 0C4B     		ldr	r3, .L32
 341 0106 1B69     		ldr	r3, [r3, #16]
 342 0108 0B4A     		ldr	r2, .L32
 343 010a 23F0FF03 		bic	r3, r3, #255
 344 010e 1361     		str	r3, [r2, #16]
 345 0110 094B     		ldr	r3, .L32
ARM GAS  C:\Users\user\AppData\Local\Temp\ccgZbXhn.s 			page 7


 346 0112 1B69     		ldr	r3, [r3, #16]
 347 0114 084A     		ldr	r2, .L32
 348 0116 23F08073 		bic	r3, r3, #16777216
 349 011a 1361     		str	r3, [r2, #16]
 350 011c 064B     		ldr	r3, .L32
 351 011e 1B69     		ldr	r3, [r3, #16]
 352 0120 054A     		ldr	r2, .L32
 353 0122 23F00073 		bic	r3, r3, #33554432
 354 0126 1361     		str	r3, [r2, #16]
 355 0128 044B     		ldr	r3, .L32+4
 356 012a 0022     		movs	r2, #0
 357 012c 1A76     		strb	r2, [r3, #24]
 358              	.L31:
 359 012e 00BF     		nop
 360 0130 0837     		adds	r7, r7, #8
 361 0132 BD46     		mov	sp, r7
 362              		@ sp needed
 363 0134 80BD     		pop	{r7, pc}
 364              	.L33:
 365 0136 00BF     		.align	2
 366              	.L32:
 367 0138 003C0240 		.word	1073888256
 368 013c 00000000 		.word	pFlash
 370              		.section	.text.HAL_FLASH_EndOfOperationCallback,"ax",%progbits
 371              		.align	1
 372              		.weak	HAL_FLASH_EndOfOperationCallback
 373              		.syntax unified
 374              		.thumb
 375              		.thumb_func
 377              	HAL_FLASH_EndOfOperationCallback:
 378              		@ args = 0, pretend = 0, frame = 8
 379              		@ frame_needed = 1, uses_anonymous_args = 0
 380              		@ link register save eliminated.
 381 0000 80B4     		push	{r7}
 382 0002 83B0     		sub	sp, sp, #12
 383 0004 00AF     		add	r7, sp, #0
 384 0006 7860     		str	r0, [r7, #4]
 385 0008 00BF     		nop
 386 000a 0C37     		adds	r7, r7, #12
 387 000c BD46     		mov	sp, r7
 388              		@ sp needed
 389 000e 5DF8047B 		ldr	r7, [sp], #4
 390 0012 7047     		bx	lr
 392              		.section	.text.HAL_FLASH_OperationErrorCallback,"ax",%progbits
 393              		.align	1
 394              		.weak	HAL_FLASH_OperationErrorCallback
 395              		.syntax unified
 396              		.thumb
 397              		.thumb_func
 399              	HAL_FLASH_OperationErrorCallback:
 400              		@ args = 0, pretend = 0, frame = 8
 401              		@ frame_needed = 1, uses_anonymous_args = 0
 402              		@ link register save eliminated.
 403 0000 80B4     		push	{r7}
 404 0002 83B0     		sub	sp, sp, #12
 405 0004 00AF     		add	r7, sp, #0
 406 0006 7860     		str	r0, [r7, #4]
ARM GAS  C:\Users\user\AppData\Local\Temp\ccgZbXhn.s 			page 8


 407 0008 00BF     		nop
 408 000a 0C37     		adds	r7, r7, #12
 409 000c BD46     		mov	sp, r7
 410              		@ sp needed
 411 000e 5DF8047B 		ldr	r7, [sp], #4
 412 0012 7047     		bx	lr
 414              		.section	.text.HAL_FLASH_Unlock,"ax",%progbits
 415              		.align	1
 416              		.global	HAL_FLASH_Unlock
 417              		.syntax unified
 418              		.thumb
 419              		.thumb_func
 421              	HAL_FLASH_Unlock:
 422              		@ args = 0, pretend = 0, frame = 8
 423              		@ frame_needed = 1, uses_anonymous_args = 0
 424              		@ link register save eliminated.
 425 0000 80B4     		push	{r7}
 426 0002 83B0     		sub	sp, sp, #12
 427 0004 00AF     		add	r7, sp, #0
 428 0006 0023     		movs	r3, #0
 429 0008 FB71     		strb	r3, [r7, #7]
 430 000a 0B4B     		ldr	r3, .L39
 431 000c 1B69     		ldr	r3, [r3, #16]
 432 000e 002B     		cmp	r3, #0
 433 0010 0BDA     		bge	.L37
 434 0012 094B     		ldr	r3, .L39
 435 0014 094A     		ldr	r2, .L39+4
 436 0016 5A60     		str	r2, [r3, #4]
 437 0018 074B     		ldr	r3, .L39
 438 001a 094A     		ldr	r2, .L39+8
 439 001c 5A60     		str	r2, [r3, #4]
 440 001e 064B     		ldr	r3, .L39
 441 0020 1B69     		ldr	r3, [r3, #16]
 442 0022 002B     		cmp	r3, #0
 443 0024 01DA     		bge	.L37
 444 0026 0123     		movs	r3, #1
 445 0028 FB71     		strb	r3, [r7, #7]
 446              	.L37:
 447 002a FB79     		ldrb	r3, [r7, #7]	@ zero_extendqisi2
 448 002c 1846     		mov	r0, r3
 449 002e 0C37     		adds	r7, r7, #12
 450 0030 BD46     		mov	sp, r7
 451              		@ sp needed
 452 0032 5DF8047B 		ldr	r7, [sp], #4
 453 0036 7047     		bx	lr
 454              	.L40:
 455              		.align	2
 456              	.L39:
 457 0038 003C0240 		.word	1073888256
 458 003c 23016745 		.word	1164378403
 459 0040 AB89EFCD 		.word	-839939669
 461              		.section	.text.HAL_FLASH_Lock,"ax",%progbits
 462              		.align	1
 463              		.global	HAL_FLASH_Lock
 464              		.syntax unified
 465              		.thumb
 466              		.thumb_func
ARM GAS  C:\Users\user\AppData\Local\Temp\ccgZbXhn.s 			page 9


 468              	HAL_FLASH_Lock:
 469              		@ args = 0, pretend = 0, frame = 0
 470              		@ frame_needed = 1, uses_anonymous_args = 0
 471              		@ link register save eliminated.
 472 0000 80B4     		push	{r7}
 473 0002 00AF     		add	r7, sp, #0
 474 0004 054B     		ldr	r3, .L43
 475 0006 1B69     		ldr	r3, [r3, #16]
 476 0008 044A     		ldr	r2, .L43
 477 000a 43F00043 		orr	r3, r3, #-2147483648
 478 000e 1361     		str	r3, [r2, #16]
 479 0010 0023     		movs	r3, #0
 480 0012 1846     		mov	r0, r3
 481 0014 BD46     		mov	sp, r7
 482              		@ sp needed
 483 0016 5DF8047B 		ldr	r7, [sp], #4
 484 001a 7047     		bx	lr
 485              	.L44:
 486              		.align	2
 487              	.L43:
 488 001c 003C0240 		.word	1073888256
 490              		.section	.text.HAL_FLASH_OB_Unlock,"ax",%progbits
 491              		.align	1
 492              		.global	HAL_FLASH_OB_Unlock
 493              		.syntax unified
 494              		.thumb
 495              		.thumb_func
 497              	HAL_FLASH_OB_Unlock:
 498              		@ args = 0, pretend = 0, frame = 0
 499              		@ frame_needed = 1, uses_anonymous_args = 0
 500              		@ link register save eliminated.
 501 0000 80B4     		push	{r7}
 502 0002 00AF     		add	r7, sp, #0
 503 0004 094B     		ldr	r3, .L49
 504 0006 5B69     		ldr	r3, [r3, #20]
 505 0008 03F00103 		and	r3, r3, #1
 506 000c 002B     		cmp	r3, #0
 507 000e 07D0     		beq	.L46
 508 0010 064B     		ldr	r3, .L49
 509 0012 074A     		ldr	r2, .L49+4
 510 0014 9A60     		str	r2, [r3, #8]
 511 0016 054B     		ldr	r3, .L49
 512 0018 064A     		ldr	r2, .L49+8
 513 001a 9A60     		str	r2, [r3, #8]
 514 001c 0023     		movs	r3, #0
 515 001e 00E0     		b	.L48
 516              	.L46:
 517 0020 0123     		movs	r3, #1
 518              	.L48:
 519 0022 1846     		mov	r0, r3
 520 0024 BD46     		mov	sp, r7
 521              		@ sp needed
 522 0026 5DF8047B 		ldr	r7, [sp], #4
 523 002a 7047     		bx	lr
 524              	.L50:
 525              		.align	2
 526              	.L49:
ARM GAS  C:\Users\user\AppData\Local\Temp\ccgZbXhn.s 			page 10


 527 002c 003C0240 		.word	1073888256
 528 0030 3B2A1908 		.word	135866939
 529 0034 7F6E5D4C 		.word	1281191551
 531              		.section	.text.HAL_FLASH_OB_Lock,"ax",%progbits
 532              		.align	1
 533              		.global	HAL_FLASH_OB_Lock
 534              		.syntax unified
 535              		.thumb
 536              		.thumb_func
 538              	HAL_FLASH_OB_Lock:
 539              		@ args = 0, pretend = 0, frame = 0
 540              		@ frame_needed = 1, uses_anonymous_args = 0
 541              		@ link register save eliminated.
 542 0000 80B4     		push	{r7}
 543 0002 00AF     		add	r7, sp, #0
 544 0004 054B     		ldr	r3, .L53
 545 0006 5B69     		ldr	r3, [r3, #20]
 546 0008 044A     		ldr	r2, .L53
 547 000a 43F00103 		orr	r3, r3, #1
 548 000e 5361     		str	r3, [r2, #20]
 549 0010 0023     		movs	r3, #0
 550 0012 1846     		mov	r0, r3
 551 0014 BD46     		mov	sp, r7
 552              		@ sp needed
 553 0016 5DF8047B 		ldr	r7, [sp], #4
 554 001a 7047     		bx	lr
 555              	.L54:
 556              		.align	2
 557              	.L53:
 558 001c 003C0240 		.word	1073888256
 560              		.section	.text.HAL_FLASH_OB_Launch,"ax",%progbits
 561              		.align	1
 562              		.global	HAL_FLASH_OB_Launch
 563              		.syntax unified
 564              		.thumb
 565              		.thumb_func
 567              	HAL_FLASH_OB_Launch:
 568              		@ args = 0, pretend = 0, frame = 0
 569              		@ frame_needed = 1, uses_anonymous_args = 0
 570 0000 80B5     		push	{r7, lr}
 571 0002 00AF     		add	r7, sp, #0
 572 0004 074B     		ldr	r3, .L57
 573 0006 1B78     		ldrb	r3, [r3]
 574 0008 DBB2     		uxtb	r3, r3
 575 000a 064A     		ldr	r2, .L57
 576 000c 43F00203 		orr	r3, r3, #2
 577 0010 DBB2     		uxtb	r3, r3
 578 0012 1370     		strb	r3, [r2]
 579 0014 4CF25030 		movw	r0, #50000
 580 0018 FFF7FEFF 		bl	FLASH_WaitForLastOperation
 581 001c 0346     		mov	r3, r0
 582 001e 1846     		mov	r0, r3
 583 0020 80BD     		pop	{r7, pc}
 584              	.L58:
 585 0022 00BF     		.align	2
 586              	.L57:
 587 0024 143C0240 		.word	1073888276
ARM GAS  C:\Users\user\AppData\Local\Temp\ccgZbXhn.s 			page 11


 589              		.section	.text.HAL_FLASH_GetError,"ax",%progbits
 590              		.align	1
 591              		.global	HAL_FLASH_GetError
 592              		.syntax unified
 593              		.thumb
 594              		.thumb_func
 596              	HAL_FLASH_GetError:
 597              		@ args = 0, pretend = 0, frame = 0
 598              		@ frame_needed = 1, uses_anonymous_args = 0
 599              		@ link register save eliminated.
 600 0000 80B4     		push	{r7}
 601 0002 00AF     		add	r7, sp, #0
 602 0004 034B     		ldr	r3, .L61
 603 0006 DB69     		ldr	r3, [r3, #28]
 604 0008 1846     		mov	r0, r3
 605 000a BD46     		mov	sp, r7
 606              		@ sp needed
 607 000c 5DF8047B 		ldr	r7, [sp], #4
 608 0010 7047     		bx	lr
 609              	.L62:
 610 0012 00BF     		.align	2
 611              	.L61:
 612 0014 00000000 		.word	pFlash
 614              		.section	.text.FLASH_WaitForLastOperation,"ax",%progbits
 615              		.align	1
 616              		.global	FLASH_WaitForLastOperation
 617              		.syntax unified
 618              		.thumb
 619              		.thumb_func
 621              	FLASH_WaitForLastOperation:
 622              		@ args = 0, pretend = 0, frame = 16
 623              		@ frame_needed = 1, uses_anonymous_args = 0
 624 0000 80B5     		push	{r7, lr}
 625 0002 84B0     		sub	sp, sp, #16
 626 0004 00AF     		add	r7, sp, #0
 627 0006 7860     		str	r0, [r7, #4]
 628 0008 0023     		movs	r3, #0
 629 000a FB60     		str	r3, [r7, #12]
 630 000c 1A4B     		ldr	r3, .L71
 631 000e 0022     		movs	r2, #0
 632 0010 DA61     		str	r2, [r3, #28]
 633 0012 FFF7FEFF 		bl	HAL_GetTick
 634 0016 F860     		str	r0, [r7, #12]
 635 0018 10E0     		b	.L65
 636              	.L68:
 637 001a 7B68     		ldr	r3, [r7, #4]
 638 001c B3F1FF3F 		cmp	r3, #-1
 639 0020 0CD0     		beq	.L65
 640 0022 7B68     		ldr	r3, [r7, #4]
 641 0024 002B     		cmp	r3, #0
 642 0026 07D0     		beq	.L66
 643 0028 FFF7FEFF 		bl	HAL_GetTick
 644 002c 0246     		mov	r2, r0
 645 002e FB68     		ldr	r3, [r7, #12]
 646 0030 D31A     		subs	r3, r2, r3
 647 0032 7A68     		ldr	r2, [r7, #4]
 648 0034 9A42     		cmp	r2, r3
ARM GAS  C:\Users\user\AppData\Local\Temp\ccgZbXhn.s 			page 12


 649 0036 01D2     		bcs	.L65
 650              	.L66:
 651 0038 0323     		movs	r3, #3
 652 003a 19E0     		b	.L67
 653              	.L65:
 654 003c 0F4B     		ldr	r3, .L71+4
 655 003e DB68     		ldr	r3, [r3, #12]
 656 0040 03F48033 		and	r3, r3, #65536
 657 0044 002B     		cmp	r3, #0
 658 0046 E8D1     		bne	.L68
 659 0048 0C4B     		ldr	r3, .L71+4
 660 004a DB68     		ldr	r3, [r3, #12]
 661 004c 03F00103 		and	r3, r3, #1
 662 0050 002B     		cmp	r3, #0
 663 0052 02D0     		beq	.L69
 664 0054 094B     		ldr	r3, .L71+4
 665 0056 0122     		movs	r2, #1
 666 0058 DA60     		str	r2, [r3, #12]
 667              	.L69:
 668 005a 084B     		ldr	r3, .L71+4
 669 005c DB68     		ldr	r3, [r3, #12]
 670 005e 03F0F203 		and	r3, r3, #242
 671 0062 002B     		cmp	r3, #0
 672 0064 03D0     		beq	.L70
 673 0066 FFF7FEFF 		bl	FLASH_SetErrorCode
 674 006a 0123     		movs	r3, #1
 675 006c 00E0     		b	.L67
 676              	.L70:
 677 006e 0023     		movs	r3, #0
 678              	.L67:
 679 0070 1846     		mov	r0, r3
 680 0072 1037     		adds	r7, r7, #16
 681 0074 BD46     		mov	sp, r7
 682              		@ sp needed
 683 0076 80BD     		pop	{r7, pc}
 684              	.L72:
 685              		.align	2
 686              	.L71:
 687 0078 00000000 		.word	pFlash
 688 007c 003C0240 		.word	1073888256
 690              		.section	.text.FLASH_Program_DoubleWord,"ax",%progbits
 691              		.align	1
 692              		.syntax unified
 693              		.thumb
 694              		.thumb_func
 696              	FLASH_Program_DoubleWord:
 697              		@ args = 0, pretend = 0, frame = 16
 698              		@ frame_needed = 1, uses_anonymous_args = 0
 699              		@ link register save eliminated.
 700 0000 80B4     		push	{r7}
 701 0002 85B0     		sub	sp, sp, #20
 702 0004 00AF     		add	r7, sp, #0
 703 0006 F860     		str	r0, [r7, #12]
 704 0008 C7E90023 		strd	r2, [r7]
 705 000c 144B     		ldr	r3, .L74
 706 000e 1B69     		ldr	r3, [r3, #16]
 707 0010 134A     		ldr	r2, .L74
ARM GAS  C:\Users\user\AppData\Local\Temp\ccgZbXhn.s 			page 13


 708 0012 23F44073 		bic	r3, r3, #768
 709 0016 1361     		str	r3, [r2, #16]
 710 0018 114B     		ldr	r3, .L74
 711 001a 1B69     		ldr	r3, [r3, #16]
 712 001c 104A     		ldr	r2, .L74
 713 001e 43F44073 		orr	r3, r3, #768
 714 0022 1361     		str	r3, [r2, #16]
 715 0024 0E4B     		ldr	r3, .L74
 716 0026 1B69     		ldr	r3, [r3, #16]
 717 0028 0D4A     		ldr	r2, .L74
 718 002a 43F00103 		orr	r3, r3, #1
 719 002e 1361     		str	r3, [r2, #16]
 720 0030 FB68     		ldr	r3, [r7, #12]
 721 0032 3A68     		ldr	r2, [r7]
 722 0034 1A60     		str	r2, [r3]
 723              		.syntax unified
 724              	@ 868 "Drivers/CMSIS/Include/cmsis_gcc.h" 1
 725 0036 BFF36F8F 		isb 0xF
 726              	@ 0 "" 2
 727              		.thumb
 728              		.syntax unified
 729 003a 00BF     		nop
 730 003c D7E90001 		ldrd	r0, [r7]
 731 0040 4FF00002 		mov	r2, #0
 732 0044 4FF00003 		mov	r3, #0
 733 0048 0A00     		movs	r2, r1
 734 004a 0023     		movs	r3, #0
 735 004c F968     		ldr	r1, [r7, #12]
 736 004e 0431     		adds	r1, r1, #4
 737 0050 1346     		mov	r3, r2
 738 0052 0B60     		str	r3, [r1]
 739 0054 00BF     		nop
 740 0056 1437     		adds	r7, r7, #20
 741 0058 BD46     		mov	sp, r7
 742              		@ sp needed
 743 005a 5DF8047B 		ldr	r7, [sp], #4
 744 005e 7047     		bx	lr
 745              	.L75:
 746              		.align	2
 747              	.L74:
 748 0060 003C0240 		.word	1073888256
 750              		.section	.text.FLASH_Program_Word,"ax",%progbits
 751              		.align	1
 752              		.syntax unified
 753              		.thumb
 754              		.thumb_func
 756              	FLASH_Program_Word:
 757              		@ args = 0, pretend = 0, frame = 8
 758              		@ frame_needed = 1, uses_anonymous_args = 0
 759              		@ link register save eliminated.
 760 0000 80B4     		push	{r7}
 761 0002 83B0     		sub	sp, sp, #12
 762 0004 00AF     		add	r7, sp, #0
 763 0006 7860     		str	r0, [r7, #4]
 764 0008 3960     		str	r1, [r7]
 765 000a 0D4B     		ldr	r3, .L77
 766 000c 1B69     		ldr	r3, [r3, #16]
ARM GAS  C:\Users\user\AppData\Local\Temp\ccgZbXhn.s 			page 14


 767 000e 0C4A     		ldr	r2, .L77
 768 0010 23F44073 		bic	r3, r3, #768
 769 0014 1361     		str	r3, [r2, #16]
 770 0016 0A4B     		ldr	r3, .L77
 771 0018 1B69     		ldr	r3, [r3, #16]
 772 001a 094A     		ldr	r2, .L77
 773 001c 43F40073 		orr	r3, r3, #512
 774 0020 1361     		str	r3, [r2, #16]
 775 0022 074B     		ldr	r3, .L77
 776 0024 1B69     		ldr	r3, [r3, #16]
 777 0026 064A     		ldr	r2, .L77
 778 0028 43F00103 		orr	r3, r3, #1
 779 002c 1361     		str	r3, [r2, #16]
 780 002e 7B68     		ldr	r3, [r7, #4]
 781 0030 3A68     		ldr	r2, [r7]
 782 0032 1A60     		str	r2, [r3]
 783 0034 00BF     		nop
 784 0036 0C37     		adds	r7, r7, #12
 785 0038 BD46     		mov	sp, r7
 786              		@ sp needed
 787 003a 5DF8047B 		ldr	r7, [sp], #4
 788 003e 7047     		bx	lr
 789              	.L78:
 790              		.align	2
 791              	.L77:
 792 0040 003C0240 		.word	1073888256
 794              		.section	.text.FLASH_Program_HalfWord,"ax",%progbits
 795              		.align	1
 796              		.syntax unified
 797              		.thumb
 798              		.thumb_func
 800              	FLASH_Program_HalfWord:
 801              		@ args = 0, pretend = 0, frame = 8
 802              		@ frame_needed = 1, uses_anonymous_args = 0
 803              		@ link register save eliminated.
 804 0000 80B4     		push	{r7}
 805 0002 83B0     		sub	sp, sp, #12
 806 0004 00AF     		add	r7, sp, #0
 807 0006 7860     		str	r0, [r7, #4]
 808 0008 0B46     		mov	r3, r1
 809 000a 7B80     		strh	r3, [r7, #2]	@ movhi
 810 000c 0D4B     		ldr	r3, .L80
 811 000e 1B69     		ldr	r3, [r3, #16]
 812 0010 0C4A     		ldr	r2, .L80
 813 0012 23F44073 		bic	r3, r3, #768
 814 0016 1361     		str	r3, [r2, #16]
 815 0018 0A4B     		ldr	r3, .L80
 816 001a 1B69     		ldr	r3, [r3, #16]
 817 001c 094A     		ldr	r2, .L80
 818 001e 43F48073 		orr	r3, r3, #256
 819 0022 1361     		str	r3, [r2, #16]
 820 0024 074B     		ldr	r3, .L80
 821 0026 1B69     		ldr	r3, [r3, #16]
 822 0028 064A     		ldr	r2, .L80
 823 002a 43F00103 		orr	r3, r3, #1
 824 002e 1361     		str	r3, [r2, #16]
 825 0030 7B68     		ldr	r3, [r7, #4]
ARM GAS  C:\Users\user\AppData\Local\Temp\ccgZbXhn.s 			page 15


 826 0032 7A88     		ldrh	r2, [r7, #2]	@ movhi
 827 0034 1A80     		strh	r2, [r3]	@ movhi
 828 0036 00BF     		nop
 829 0038 0C37     		adds	r7, r7, #12
 830 003a BD46     		mov	sp, r7
 831              		@ sp needed
 832 003c 5DF8047B 		ldr	r7, [sp], #4
 833 0040 7047     		bx	lr
 834              	.L81:
 835 0042 00BF     		.align	2
 836              	.L80:
 837 0044 003C0240 		.word	1073888256
 839              		.section	.text.FLASH_Program_Byte,"ax",%progbits
 840              		.align	1
 841              		.syntax unified
 842              		.thumb
 843              		.thumb_func
 845              	FLASH_Program_Byte:
 846              		@ args = 0, pretend = 0, frame = 8
 847              		@ frame_needed = 1, uses_anonymous_args = 0
 848              		@ link register save eliminated.
 849 0000 80B4     		push	{r7}
 850 0002 83B0     		sub	sp, sp, #12
 851 0004 00AF     		add	r7, sp, #0
 852 0006 7860     		str	r0, [r7, #4]
 853 0008 0B46     		mov	r3, r1
 854 000a FB70     		strb	r3, [r7, #3]
 855 000c 0C4B     		ldr	r3, .L83
 856 000e 1B69     		ldr	r3, [r3, #16]
 857 0010 0B4A     		ldr	r2, .L83
 858 0012 23F44073 		bic	r3, r3, #768
 859 0016 1361     		str	r3, [r2, #16]
 860 0018 094B     		ldr	r3, .L83
 861 001a 094A     		ldr	r2, .L83
 862 001c 1B69     		ldr	r3, [r3, #16]
 863 001e 1361     		str	r3, [r2, #16]
 864 0020 074B     		ldr	r3, .L83
 865 0022 1B69     		ldr	r3, [r3, #16]
 866 0024 064A     		ldr	r2, .L83
 867 0026 43F00103 		orr	r3, r3, #1
 868 002a 1361     		str	r3, [r2, #16]
 869 002c 7B68     		ldr	r3, [r7, #4]
 870 002e FA78     		ldrb	r2, [r7, #3]
 871 0030 1A70     		strb	r2, [r3]
 872 0032 00BF     		nop
 873 0034 0C37     		adds	r7, r7, #12
 874 0036 BD46     		mov	sp, r7
 875              		@ sp needed
 876 0038 5DF8047B 		ldr	r7, [sp], #4
 877 003c 7047     		bx	lr
 878              	.L84:
 879 003e 00BF     		.align	2
 880              	.L83:
 881 0040 003C0240 		.word	1073888256
 883              		.section	.text.FLASH_SetErrorCode,"ax",%progbits
 884              		.align	1
 885              		.syntax unified
ARM GAS  C:\Users\user\AppData\Local\Temp\ccgZbXhn.s 			page 16


 886              		.thumb
 887              		.thumb_func
 889              	FLASH_SetErrorCode:
 890              		@ args = 0, pretend = 0, frame = 0
 891              		@ frame_needed = 1, uses_anonymous_args = 0
 892              		@ link register save eliminated.
 893 0000 80B4     		push	{r7}
 894 0002 00AF     		add	r7, sp, #0
 895 0004 274B     		ldr	r3, .L92
 896 0006 DB68     		ldr	r3, [r3, #12]
 897 0008 03F01003 		and	r3, r3, #16
 898 000c 002B     		cmp	r3, #0
 899 000e 08D0     		beq	.L86
 900 0010 254B     		ldr	r3, .L92+4
 901 0012 DB69     		ldr	r3, [r3, #28]
 902 0014 43F01003 		orr	r3, r3, #16
 903 0018 234A     		ldr	r2, .L92+4
 904 001a D361     		str	r3, [r2, #28]
 905 001c 214B     		ldr	r3, .L92
 906 001e 1022     		movs	r2, #16
 907 0020 DA60     		str	r2, [r3, #12]
 908              	.L86:
 909 0022 204B     		ldr	r3, .L92
 910 0024 DB68     		ldr	r3, [r3, #12]
 911 0026 03F02003 		and	r3, r3, #32
 912 002a 002B     		cmp	r3, #0
 913 002c 08D0     		beq	.L87
 914 002e 1E4B     		ldr	r3, .L92+4
 915 0030 DB69     		ldr	r3, [r3, #28]
 916 0032 43F00803 		orr	r3, r3, #8
 917 0036 1C4A     		ldr	r2, .L92+4
 918 0038 D361     		str	r3, [r2, #28]
 919 003a 1A4B     		ldr	r3, .L92
 920 003c 2022     		movs	r2, #32
 921 003e DA60     		str	r2, [r3, #12]
 922              	.L87:
 923 0040 184B     		ldr	r3, .L92
 924 0042 DB68     		ldr	r3, [r3, #12]
 925 0044 03F04003 		and	r3, r3, #64
 926 0048 002B     		cmp	r3, #0
 927 004a 08D0     		beq	.L88
 928 004c 164B     		ldr	r3, .L92+4
 929 004e DB69     		ldr	r3, [r3, #28]
 930 0050 43F00403 		orr	r3, r3, #4
 931 0054 144A     		ldr	r2, .L92+4
 932 0056 D361     		str	r3, [r2, #28]
 933 0058 124B     		ldr	r3, .L92
 934 005a 4022     		movs	r2, #64
 935 005c DA60     		str	r2, [r3, #12]
 936              	.L88:
 937 005e 114B     		ldr	r3, .L92
 938 0060 DB68     		ldr	r3, [r3, #12]
 939 0062 03F08003 		and	r3, r3, #128
 940 0066 002B     		cmp	r3, #0
 941 0068 08D0     		beq	.L89
 942 006a 0F4B     		ldr	r3, .L92+4
 943 006c DB69     		ldr	r3, [r3, #28]
ARM GAS  C:\Users\user\AppData\Local\Temp\ccgZbXhn.s 			page 17


 944 006e 43F00203 		orr	r3, r3, #2
 945 0072 0D4A     		ldr	r2, .L92+4
 946 0074 D361     		str	r3, [r2, #28]
 947 0076 0B4B     		ldr	r3, .L92
 948 0078 8022     		movs	r2, #128
 949 007a DA60     		str	r2, [r3, #12]
 950              	.L89:
 951 007c 094B     		ldr	r3, .L92
 952 007e DB68     		ldr	r3, [r3, #12]
 953 0080 03F00203 		and	r3, r3, #2
 954 0084 002B     		cmp	r3, #0
 955 0086 08D0     		beq	.L91
 956 0088 074B     		ldr	r3, .L92+4
 957 008a DB69     		ldr	r3, [r3, #28]
 958 008c 43F02003 		orr	r3, r3, #32
 959 0090 054A     		ldr	r2, .L92+4
 960 0092 D361     		str	r3, [r2, #28]
 961 0094 034B     		ldr	r3, .L92
 962 0096 0222     		movs	r2, #2
 963 0098 DA60     		str	r2, [r3, #12]
 964              	.L91:
 965 009a 00BF     		nop
 966 009c BD46     		mov	sp, r7
 967              		@ sp needed
 968 009e 5DF8047B 		ldr	r7, [sp], #4
 969 00a2 7047     		bx	lr
 970              	.L93:
 971              		.align	2
 972              	.L92:
 973 00a4 003C0240 		.word	1073888256
 974 00a8 00000000 		.word	pFlash
 976              		.ident	"GCC: (GNU Tools for STM32 12.3.rel1.20240306-1730) 12.3.1 20230626"
ARM GAS  C:\Users\user\AppData\Local\Temp\ccgZbXhn.s 			page 18


DEFINED SYMBOLS
                            *ABS*:00000000 stm32f4xx_hal_flash.c
C:\Users\user\AppData\Local\Temp\ccgZbXhn.s:22     .bss.pFlash:00000000 pFlash
C:\Users\user\AppData\Local\Temp\ccgZbXhn.s:19     .bss.pFlash:00000000 $d
C:\Users\user\AppData\Local\Temp\ccgZbXhn.s:25     .text.HAL_FLASH_Program:00000000 $t
C:\Users\user\AppData\Local\Temp\ccgZbXhn.s:31     .text.HAL_FLASH_Program:00000000 HAL_FLASH_Program
C:\Users\user\AppData\Local\Temp\ccgZbXhn.s:621    .text.FLASH_WaitForLastOperation:00000000 FLASH_WaitForLastOperation
C:\Users\user\AppData\Local\Temp\ccgZbXhn.s:845    .text.FLASH_Program_Byte:00000000 FLASH_Program_Byte
C:\Users\user\AppData\Local\Temp\ccgZbXhn.s:800    .text.FLASH_Program_HalfWord:00000000 FLASH_Program_HalfWord
C:\Users\user\AppData\Local\Temp\ccgZbXhn.s:756    .text.FLASH_Program_Word:00000000 FLASH_Program_Word
C:\Users\user\AppData\Local\Temp\ccgZbXhn.s:696    .text.FLASH_Program_DoubleWord:00000000 FLASH_Program_DoubleWord
C:\Users\user\AppData\Local\Temp\ccgZbXhn.s:113    .text.HAL_FLASH_Program:000000a0 $d
C:\Users\user\AppData\Local\Temp\ccgZbXhn.s:117    .text.HAL_FLASH_Program_IT:00000000 $t
C:\Users\user\AppData\Local\Temp\ccgZbXhn.s:123    .text.HAL_FLASH_Program_IT:00000000 HAL_FLASH_Program_IT
C:\Users\user\AppData\Local\Temp\ccgZbXhn.s:201    .text.HAL_FLASH_Program_IT:00000094 $d
C:\Users\user\AppData\Local\Temp\ccgZbXhn.s:205    .text.HAL_FLASH_IRQHandler:00000000 $t
C:\Users\user\AppData\Local\Temp\ccgZbXhn.s:211    .text.HAL_FLASH_IRQHandler:00000000 HAL_FLASH_IRQHandler
C:\Users\user\AppData\Local\Temp\ccgZbXhn.s:889    .text.FLASH_SetErrorCode:00000000 FLASH_SetErrorCode
C:\Users\user\AppData\Local\Temp\ccgZbXhn.s:399    .text.HAL_FLASH_OperationErrorCallback:00000000 HAL_FLASH_OperationErrorCallback
C:\Users\user\AppData\Local\Temp\ccgZbXhn.s:377    .text.HAL_FLASH_EndOfOperationCallback:00000000 HAL_FLASH_EndOfOperationCallback
C:\Users\user\AppData\Local\Temp\ccgZbXhn.s:367    .text.HAL_FLASH_IRQHandler:00000138 $d
C:\Users\user\AppData\Local\Temp\ccgZbXhn.s:371    .text.HAL_FLASH_EndOfOperationCallback:00000000 $t
C:\Users\user\AppData\Local\Temp\ccgZbXhn.s:393    .text.HAL_FLASH_OperationErrorCallback:00000000 $t
C:\Users\user\AppData\Local\Temp\ccgZbXhn.s:415    .text.HAL_FLASH_Unlock:00000000 $t
C:\Users\user\AppData\Local\Temp\ccgZbXhn.s:421    .text.HAL_FLASH_Unlock:00000000 HAL_FLASH_Unlock
C:\Users\user\AppData\Local\Temp\ccgZbXhn.s:457    .text.HAL_FLASH_Unlock:00000038 $d
C:\Users\user\AppData\Local\Temp\ccgZbXhn.s:462    .text.HAL_FLASH_Lock:00000000 $t
C:\Users\user\AppData\Local\Temp\ccgZbXhn.s:468    .text.HAL_FLASH_Lock:00000000 HAL_FLASH_Lock
C:\Users\user\AppData\Local\Temp\ccgZbXhn.s:488    .text.HAL_FLASH_Lock:0000001c $d
C:\Users\user\AppData\Local\Temp\ccgZbXhn.s:491    .text.HAL_FLASH_OB_Unlock:00000000 $t
C:\Users\user\AppData\Local\Temp\ccgZbXhn.s:497    .text.HAL_FLASH_OB_Unlock:00000000 HAL_FLASH_OB_Unlock
C:\Users\user\AppData\Local\Temp\ccgZbXhn.s:527    .text.HAL_FLASH_OB_Unlock:0000002c $d
C:\Users\user\AppData\Local\Temp\ccgZbXhn.s:532    .text.HAL_FLASH_OB_Lock:00000000 $t
C:\Users\user\AppData\Local\Temp\ccgZbXhn.s:538    .text.HAL_FLASH_OB_Lock:00000000 HAL_FLASH_OB_Lock
C:\Users\user\AppData\Local\Temp\ccgZbXhn.s:558    .text.HAL_FLASH_OB_Lock:0000001c $d
C:\Users\user\AppData\Local\Temp\ccgZbXhn.s:561    .text.HAL_FLASH_OB_Launch:00000000 $t
C:\Users\user\AppData\Local\Temp\ccgZbXhn.s:567    .text.HAL_FLASH_OB_Launch:00000000 HAL_FLASH_OB_Launch
C:\Users\user\AppData\Local\Temp\ccgZbXhn.s:587    .text.HAL_FLASH_OB_Launch:00000024 $d
C:\Users\user\AppData\Local\Temp\ccgZbXhn.s:590    .text.HAL_FLASH_GetError:00000000 $t
C:\Users\user\AppData\Local\Temp\ccgZbXhn.s:596    .text.HAL_FLASH_GetError:00000000 HAL_FLASH_GetError
C:\Users\user\AppData\Local\Temp\ccgZbXhn.s:612    .text.HAL_FLASH_GetError:00000014 $d
C:\Users\user\AppData\Local\Temp\ccgZbXhn.s:615    .text.FLASH_WaitForLastOperation:00000000 $t
C:\Users\user\AppData\Local\Temp\ccgZbXhn.s:687    .text.FLASH_WaitForLastOperation:00000078 $d
C:\Users\user\AppData\Local\Temp\ccgZbXhn.s:691    .text.FLASH_Program_DoubleWord:00000000 $t
C:\Users\user\AppData\Local\Temp\ccgZbXhn.s:748    .text.FLASH_Program_DoubleWord:00000060 $d
C:\Users\user\AppData\Local\Temp\ccgZbXhn.s:751    .text.FLASH_Program_Word:00000000 $t
C:\Users\user\AppData\Local\Temp\ccgZbXhn.s:792    .text.FLASH_Program_Word:00000040 $d
C:\Users\user\AppData\Local\Temp\ccgZbXhn.s:795    .text.FLASH_Program_HalfWord:00000000 $t
C:\Users\user\AppData\Local\Temp\ccgZbXhn.s:837    .text.FLASH_Program_HalfWord:00000044 $d
C:\Users\user\AppData\Local\Temp\ccgZbXhn.s:840    .text.FLASH_Program_Byte:00000000 $t
C:\Users\user\AppData\Local\Temp\ccgZbXhn.s:881    .text.FLASH_Program_Byte:00000040 $d
C:\Users\user\AppData\Local\Temp\ccgZbXhn.s:884    .text.FLASH_SetErrorCode:00000000 $t
C:\Users\user\AppData\Local\Temp\ccgZbXhn.s:973    .text.FLASH_SetErrorCode:000000a4 $d

UNDEFINED SYMBOLS
FLASH_Erase_Sector
FLASH_FlushCaches
ARM GAS  C:\Users\user\AppData\Local\Temp\ccgZbXhn.s 			page 19


HAL_GetTick
