ARM GAS  C:\Users\user\AppData\Local\Temp\cc9IijFl.s 			page 1


   1              		.cpu cortex-m4
   2              		.arch armv7e-m
   3              		.fpu fpv4-sp-d16
   4              		.eabi_attribute 27, 1
   5              		.eabi_attribute 28, 1
   6              		.eabi_attribute 20, 1
   7              		.eabi_attribute 21, 1
   8              		.eabi_attribute 23, 3
   9              		.eabi_attribute 24, 1
  10              		.eabi_attribute 25, 1
  11              		.eabi_attribute 26, 1
  12              		.eabi_attribute 30, 6
  13              		.eabi_attribute 34, 1
  14              		.eabi_attribute 18, 4
  15              		.file	"stm32f4xx_hal_gpio.c"
  16              		.text
  17              		.section	.text.HAL_GPIO_Init,"ax",%progbits
  18              		.align	1
  19              		.global	HAL_GPIO_Init
  20              		.syntax unified
  21              		.thumb
  22              		.thumb_func
  24              	HAL_GPIO_Init:
  25              		@ args = 0, pretend = 0, frame = 32
  26              		@ frame_needed = 1, uses_anonymous_args = 0
  27              		@ link register save eliminated.
  28 0000 80B4     		push	{r7}
  29 0002 89B0     		sub	sp, sp, #36
  30 0004 00AF     		add	r7, sp, #0
  31 0006 7860     		str	r0, [r7, #4]
  32 0008 3960     		str	r1, [r7]
  33 000a 0023     		movs	r3, #0
  34 000c 7B61     		str	r3, [r7, #20]
  35 000e 0023     		movs	r3, #0
  36 0010 3B61     		str	r3, [r7, #16]
  37 0012 0023     		movs	r3, #0
  38 0014 BB61     		str	r3, [r7, #24]
  39 0016 0023     		movs	r3, #0
  40 0018 FB61     		str	r3, [r7, #28]
  41 001a 6BE1     		b	.L2
  42              	.L28:
  43 001c 0122     		movs	r2, #1
  44 001e FB69     		ldr	r3, [r7, #28]
  45 0020 02FA03F3 		lsl	r3, r2, r3
  46 0024 7B61     		str	r3, [r7, #20]
  47 0026 3B68     		ldr	r3, [r7]
  48 0028 1B68     		ldr	r3, [r3]
  49 002a 7A69     		ldr	r2, [r7, #20]
  50 002c 1340     		ands	r3, r3, r2
  51 002e 3B61     		str	r3, [r7, #16]
  52 0030 3A69     		ldr	r2, [r7, #16]
  53 0032 7B69     		ldr	r3, [r7, #20]
  54 0034 9A42     		cmp	r2, r3
  55 0036 40F05A81 		bne	.L3
  56 003a 3B68     		ldr	r3, [r7]
  57 003c 5B68     		ldr	r3, [r3, #4]
  58 003e 03F00303 		and	r3, r3, #3
ARM GAS  C:\Users\user\AppData\Local\Temp\cc9IijFl.s 			page 2


  59 0042 012B     		cmp	r3, #1
  60 0044 05D0     		beq	.L4
  61 0046 3B68     		ldr	r3, [r7]
  62 0048 5B68     		ldr	r3, [r3, #4]
  63 004a 03F00303 		and	r3, r3, #3
  64 004e 022B     		cmp	r3, #2
  65 0050 30D1     		bne	.L5
  66              	.L4:
  67 0052 7B68     		ldr	r3, [r7, #4]
  68 0054 9B68     		ldr	r3, [r3, #8]
  69 0056 BB61     		str	r3, [r7, #24]
  70 0058 FB69     		ldr	r3, [r7, #28]
  71 005a 5B00     		lsls	r3, r3, #1
  72 005c 0322     		movs	r2, #3
  73 005e 02FA03F3 		lsl	r3, r2, r3
  74 0062 DB43     		mvns	r3, r3
  75 0064 BA69     		ldr	r2, [r7, #24]
  76 0066 1340     		ands	r3, r3, r2
  77 0068 BB61     		str	r3, [r7, #24]
  78 006a 3B68     		ldr	r3, [r7]
  79 006c DA68     		ldr	r2, [r3, #12]
  80 006e FB69     		ldr	r3, [r7, #28]
  81 0070 5B00     		lsls	r3, r3, #1
  82 0072 02FA03F3 		lsl	r3, r2, r3
  83 0076 BA69     		ldr	r2, [r7, #24]
  84 0078 1343     		orrs	r3, r3, r2
  85 007a BB61     		str	r3, [r7, #24]
  86 007c 7B68     		ldr	r3, [r7, #4]
  87 007e BA69     		ldr	r2, [r7, #24]
  88 0080 9A60     		str	r2, [r3, #8]
  89 0082 7B68     		ldr	r3, [r7, #4]
  90 0084 5B68     		ldr	r3, [r3, #4]
  91 0086 BB61     		str	r3, [r7, #24]
  92 0088 0122     		movs	r2, #1
  93 008a FB69     		ldr	r3, [r7, #28]
  94 008c 02FA03F3 		lsl	r3, r2, r3
  95 0090 DB43     		mvns	r3, r3
  96 0092 BA69     		ldr	r2, [r7, #24]
  97 0094 1340     		ands	r3, r3, r2
  98 0096 BB61     		str	r3, [r7, #24]
  99 0098 3B68     		ldr	r3, [r7]
 100 009a 5B68     		ldr	r3, [r3, #4]
 101 009c 1B09     		lsrs	r3, r3, #4
 102 009e 03F00102 		and	r2, r3, #1
 103 00a2 FB69     		ldr	r3, [r7, #28]
 104 00a4 02FA03F3 		lsl	r3, r2, r3
 105 00a8 BA69     		ldr	r2, [r7, #24]
 106 00aa 1343     		orrs	r3, r3, r2
 107 00ac BB61     		str	r3, [r7, #24]
 108 00ae 7B68     		ldr	r3, [r7, #4]
 109 00b0 BA69     		ldr	r2, [r7, #24]
 110 00b2 5A60     		str	r2, [r3, #4]
 111              	.L5:
 112 00b4 3B68     		ldr	r3, [r7]
 113 00b6 5B68     		ldr	r3, [r3, #4]
 114 00b8 03F00303 		and	r3, r3, #3
 115 00bc 032B     		cmp	r3, #3
ARM GAS  C:\Users\user\AppData\Local\Temp\cc9IijFl.s 			page 3


 116 00be 17D0     		beq	.L6
 117 00c0 7B68     		ldr	r3, [r7, #4]
 118 00c2 DB68     		ldr	r3, [r3, #12]
 119 00c4 BB61     		str	r3, [r7, #24]
 120 00c6 FB69     		ldr	r3, [r7, #28]
 121 00c8 5B00     		lsls	r3, r3, #1
 122 00ca 0322     		movs	r2, #3
 123 00cc 02FA03F3 		lsl	r3, r2, r3
 124 00d0 DB43     		mvns	r3, r3
 125 00d2 BA69     		ldr	r2, [r7, #24]
 126 00d4 1340     		ands	r3, r3, r2
 127 00d6 BB61     		str	r3, [r7, #24]
 128 00d8 3B68     		ldr	r3, [r7]
 129 00da 9A68     		ldr	r2, [r3, #8]
 130 00dc FB69     		ldr	r3, [r7, #28]
 131 00de 5B00     		lsls	r3, r3, #1
 132 00e0 02FA03F3 		lsl	r3, r2, r3
 133 00e4 BA69     		ldr	r2, [r7, #24]
 134 00e6 1343     		orrs	r3, r3, r2
 135 00e8 BB61     		str	r3, [r7, #24]
 136 00ea 7B68     		ldr	r3, [r7, #4]
 137 00ec BA69     		ldr	r2, [r7, #24]
 138 00ee DA60     		str	r2, [r3, #12]
 139              	.L6:
 140 00f0 3B68     		ldr	r3, [r7]
 141 00f2 5B68     		ldr	r3, [r3, #4]
 142 00f4 03F00303 		and	r3, r3, #3
 143 00f8 022B     		cmp	r3, #2
 144 00fa 23D1     		bne	.L7
 145 00fc FB69     		ldr	r3, [r7, #28]
 146 00fe DA08     		lsrs	r2, r3, #3
 147 0100 7B68     		ldr	r3, [r7, #4]
 148 0102 0832     		adds	r2, r2, #8
 149 0104 53F82230 		ldr	r3, [r3, r2, lsl #2]
 150 0108 BB61     		str	r3, [r7, #24]
 151 010a FB69     		ldr	r3, [r7, #28]
 152 010c 03F00703 		and	r3, r3, #7
 153 0110 9B00     		lsls	r3, r3, #2
 154 0112 0F22     		movs	r2, #15
 155 0114 02FA03F3 		lsl	r3, r2, r3
 156 0118 DB43     		mvns	r3, r3
 157 011a BA69     		ldr	r2, [r7, #24]
 158 011c 1340     		ands	r3, r3, r2
 159 011e BB61     		str	r3, [r7, #24]
 160 0120 3B68     		ldr	r3, [r7]
 161 0122 1A69     		ldr	r2, [r3, #16]
 162 0124 FB69     		ldr	r3, [r7, #28]
 163 0126 03F00703 		and	r3, r3, #7
 164 012a 9B00     		lsls	r3, r3, #2
 165 012c 02FA03F3 		lsl	r3, r2, r3
 166 0130 BA69     		ldr	r2, [r7, #24]
 167 0132 1343     		orrs	r3, r3, r2
 168 0134 BB61     		str	r3, [r7, #24]
 169 0136 FB69     		ldr	r3, [r7, #28]
 170 0138 DA08     		lsrs	r2, r3, #3
 171 013a 7B68     		ldr	r3, [r7, #4]
 172 013c 0832     		adds	r2, r2, #8
ARM GAS  C:\Users\user\AppData\Local\Temp\cc9IijFl.s 			page 4


 173 013e B969     		ldr	r1, [r7, #24]
 174 0140 43F82210 		str	r1, [r3, r2, lsl #2]
 175              	.L7:
 176 0144 7B68     		ldr	r3, [r7, #4]
 177 0146 1B68     		ldr	r3, [r3]
 178 0148 BB61     		str	r3, [r7, #24]
 179 014a FB69     		ldr	r3, [r7, #28]
 180 014c 5B00     		lsls	r3, r3, #1
 181 014e 0322     		movs	r2, #3
 182 0150 02FA03F3 		lsl	r3, r2, r3
 183 0154 DB43     		mvns	r3, r3
 184 0156 BA69     		ldr	r2, [r7, #24]
 185 0158 1340     		ands	r3, r3, r2
 186 015a BB61     		str	r3, [r7, #24]
 187 015c 3B68     		ldr	r3, [r7]
 188 015e 5B68     		ldr	r3, [r3, #4]
 189 0160 03F00302 		and	r2, r3, #3
 190 0164 FB69     		ldr	r3, [r7, #28]
 191 0166 5B00     		lsls	r3, r3, #1
 192 0168 02FA03F3 		lsl	r3, r2, r3
 193 016c BA69     		ldr	r2, [r7, #24]
 194 016e 1343     		orrs	r3, r3, r2
 195 0170 BB61     		str	r3, [r7, #24]
 196 0172 7B68     		ldr	r3, [r7, #4]
 197 0174 BA69     		ldr	r2, [r7, #24]
 198 0176 1A60     		str	r2, [r3]
 199 0178 3B68     		ldr	r3, [r7]
 200 017a 5B68     		ldr	r3, [r3, #4]
 201 017c 03F44033 		and	r3, r3, #196608
 202 0180 002B     		cmp	r3, #0
 203 0182 00F0B480 		beq	.L3
 204 0186 0023     		movs	r3, #0
 205 0188 FB60     		str	r3, [r7, #12]
 206 018a 604B     		ldr	r3, .L29
 207 018c 5B6C     		ldr	r3, [r3, #68]
 208 018e 5F4A     		ldr	r2, .L29
 209 0190 43F48043 		orr	r3, r3, #16384
 210 0194 5364     		str	r3, [r2, #68]
 211 0196 5D4B     		ldr	r3, .L29
 212 0198 5B6C     		ldr	r3, [r3, #68]
 213 019a 03F48043 		and	r3, r3, #16384
 214 019e FB60     		str	r3, [r7, #12]
 215 01a0 FB68     		ldr	r3, [r7, #12]
 216 01a2 5B4A     		ldr	r2, .L29+4
 217 01a4 FB69     		ldr	r3, [r7, #28]
 218 01a6 9B08     		lsrs	r3, r3, #2
 219 01a8 0233     		adds	r3, r3, #2
 220 01aa 52F82330 		ldr	r3, [r2, r3, lsl #2]
 221 01ae BB61     		str	r3, [r7, #24]
 222 01b0 FB69     		ldr	r3, [r7, #28]
 223 01b2 03F00303 		and	r3, r3, #3
 224 01b6 9B00     		lsls	r3, r3, #2
 225 01b8 0F22     		movs	r2, #15
 226 01ba 02FA03F3 		lsl	r3, r2, r3
 227 01be DB43     		mvns	r3, r3
 228 01c0 BA69     		ldr	r2, [r7, #24]
 229 01c2 1340     		ands	r3, r3, r2
ARM GAS  C:\Users\user\AppData\Local\Temp\cc9IijFl.s 			page 5


 230 01c4 BB61     		str	r3, [r7, #24]
 231 01c6 7B68     		ldr	r3, [r7, #4]
 232 01c8 524A     		ldr	r2, .L29+8
 233 01ca 9342     		cmp	r3, r2
 234 01cc 2BD0     		beq	.L8
 235 01ce 7B68     		ldr	r3, [r7, #4]
 236 01d0 514A     		ldr	r2, .L29+12
 237 01d2 9342     		cmp	r3, r2
 238 01d4 25D0     		beq	.L9
 239 01d6 7B68     		ldr	r3, [r7, #4]
 240 01d8 504A     		ldr	r2, .L29+16
 241 01da 9342     		cmp	r3, r2
 242 01dc 1FD0     		beq	.L10
 243 01de 7B68     		ldr	r3, [r7, #4]
 244 01e0 4F4A     		ldr	r2, .L29+20
 245 01e2 9342     		cmp	r3, r2
 246 01e4 19D0     		beq	.L11
 247 01e6 7B68     		ldr	r3, [r7, #4]
 248 01e8 4E4A     		ldr	r2, .L29+24
 249 01ea 9342     		cmp	r3, r2
 250 01ec 13D0     		beq	.L12
 251 01ee 7B68     		ldr	r3, [r7, #4]
 252 01f0 4D4A     		ldr	r2, .L29+28
 253 01f2 9342     		cmp	r3, r2
 254 01f4 0DD0     		beq	.L13
 255 01f6 7B68     		ldr	r3, [r7, #4]
 256 01f8 4C4A     		ldr	r2, .L29+32
 257 01fa 9342     		cmp	r3, r2
 258 01fc 07D0     		beq	.L14
 259 01fe 7B68     		ldr	r3, [r7, #4]
 260 0200 4B4A     		ldr	r2, .L29+36
 261 0202 9342     		cmp	r3, r2
 262 0204 01D1     		bne	.L15
 263 0206 0723     		movs	r3, #7
 264 0208 0EE0     		b	.L23
 265              	.L15:
 266 020a 0823     		movs	r3, #8
 267 020c 0CE0     		b	.L23
 268              	.L14:
 269 020e 0623     		movs	r3, #6
 270 0210 0AE0     		b	.L23
 271              	.L13:
 272 0212 0523     		movs	r3, #5
 273 0214 08E0     		b	.L23
 274              	.L12:
 275 0216 0423     		movs	r3, #4
 276 0218 06E0     		b	.L23
 277              	.L11:
 278 021a 0323     		movs	r3, #3
 279 021c 04E0     		b	.L23
 280              	.L10:
 281 021e 0223     		movs	r3, #2
 282 0220 02E0     		b	.L23
 283              	.L9:
 284 0222 0123     		movs	r3, #1
 285 0224 00E0     		b	.L23
 286              	.L8:
ARM GAS  C:\Users\user\AppData\Local\Temp\cc9IijFl.s 			page 6


 287 0226 0023     		movs	r3, #0
 288              	.L23:
 289 0228 FA69     		ldr	r2, [r7, #28]
 290 022a 02F00302 		and	r2, r2, #3
 291 022e 9200     		lsls	r2, r2, #2
 292 0230 9340     		lsls	r3, r3, r2
 293 0232 BA69     		ldr	r2, [r7, #24]
 294 0234 1343     		orrs	r3, r3, r2
 295 0236 BB61     		str	r3, [r7, #24]
 296 0238 3549     		ldr	r1, .L29+4
 297 023a FB69     		ldr	r3, [r7, #28]
 298 023c 9B08     		lsrs	r3, r3, #2
 299 023e 0233     		adds	r3, r3, #2
 300 0240 BA69     		ldr	r2, [r7, #24]
 301 0242 41F82320 		str	r2, [r1, r3, lsl #2]
 302 0246 3B4B     		ldr	r3, .L29+40
 303 0248 9B68     		ldr	r3, [r3, #8]
 304 024a BB61     		str	r3, [r7, #24]
 305 024c 3B69     		ldr	r3, [r7, #16]
 306 024e DB43     		mvns	r3, r3
 307 0250 BA69     		ldr	r2, [r7, #24]
 308 0252 1340     		ands	r3, r3, r2
 309 0254 BB61     		str	r3, [r7, #24]
 310 0256 3B68     		ldr	r3, [r7]
 311 0258 5B68     		ldr	r3, [r3, #4]
 312 025a 03F48013 		and	r3, r3, #1048576
 313 025e 002B     		cmp	r3, #0
 314 0260 03D0     		beq	.L24
 315 0262 BA69     		ldr	r2, [r7, #24]
 316 0264 3B69     		ldr	r3, [r7, #16]
 317 0266 1343     		orrs	r3, r3, r2
 318 0268 BB61     		str	r3, [r7, #24]
 319              	.L24:
 320 026a 324A     		ldr	r2, .L29+40
 321 026c BB69     		ldr	r3, [r7, #24]
 322 026e 9360     		str	r3, [r2, #8]
 323 0270 304B     		ldr	r3, .L29+40
 324 0272 DB68     		ldr	r3, [r3, #12]
 325 0274 BB61     		str	r3, [r7, #24]
 326 0276 3B69     		ldr	r3, [r7, #16]
 327 0278 DB43     		mvns	r3, r3
 328 027a BA69     		ldr	r2, [r7, #24]
 329 027c 1340     		ands	r3, r3, r2
 330 027e BB61     		str	r3, [r7, #24]
 331 0280 3B68     		ldr	r3, [r7]
 332 0282 5B68     		ldr	r3, [r3, #4]
 333 0284 03F40013 		and	r3, r3, #2097152
 334 0288 002B     		cmp	r3, #0
 335 028a 03D0     		beq	.L25
 336 028c BA69     		ldr	r2, [r7, #24]
 337 028e 3B69     		ldr	r3, [r7, #16]
 338 0290 1343     		orrs	r3, r3, r2
 339 0292 BB61     		str	r3, [r7, #24]
 340              	.L25:
 341 0294 274A     		ldr	r2, .L29+40
 342 0296 BB69     		ldr	r3, [r7, #24]
 343 0298 D360     		str	r3, [r2, #12]
ARM GAS  C:\Users\user\AppData\Local\Temp\cc9IijFl.s 			page 7


 344 029a 264B     		ldr	r3, .L29+40
 345 029c 5B68     		ldr	r3, [r3, #4]
 346 029e BB61     		str	r3, [r7, #24]
 347 02a0 3B69     		ldr	r3, [r7, #16]
 348 02a2 DB43     		mvns	r3, r3
 349 02a4 BA69     		ldr	r2, [r7, #24]
 350 02a6 1340     		ands	r3, r3, r2
 351 02a8 BB61     		str	r3, [r7, #24]
 352 02aa 3B68     		ldr	r3, [r7]
 353 02ac 5B68     		ldr	r3, [r3, #4]
 354 02ae 03F40033 		and	r3, r3, #131072
 355 02b2 002B     		cmp	r3, #0
 356 02b4 03D0     		beq	.L26
 357 02b6 BA69     		ldr	r2, [r7, #24]
 358 02b8 3B69     		ldr	r3, [r7, #16]
 359 02ba 1343     		orrs	r3, r3, r2
 360 02bc BB61     		str	r3, [r7, #24]
 361              	.L26:
 362 02be 1D4A     		ldr	r2, .L29+40
 363 02c0 BB69     		ldr	r3, [r7, #24]
 364 02c2 5360     		str	r3, [r2, #4]
 365 02c4 1B4B     		ldr	r3, .L29+40
 366 02c6 1B68     		ldr	r3, [r3]
 367 02c8 BB61     		str	r3, [r7, #24]
 368 02ca 3B69     		ldr	r3, [r7, #16]
 369 02cc DB43     		mvns	r3, r3
 370 02ce BA69     		ldr	r2, [r7, #24]
 371 02d0 1340     		ands	r3, r3, r2
 372 02d2 BB61     		str	r3, [r7, #24]
 373 02d4 3B68     		ldr	r3, [r7]
 374 02d6 5B68     		ldr	r3, [r3, #4]
 375 02d8 03F48033 		and	r3, r3, #65536
 376 02dc 002B     		cmp	r3, #0
 377 02de 03D0     		beq	.L27
 378 02e0 BA69     		ldr	r2, [r7, #24]
 379 02e2 3B69     		ldr	r3, [r7, #16]
 380 02e4 1343     		orrs	r3, r3, r2
 381 02e6 BB61     		str	r3, [r7, #24]
 382              	.L27:
 383 02e8 124A     		ldr	r2, .L29+40
 384 02ea BB69     		ldr	r3, [r7, #24]
 385 02ec 1360     		str	r3, [r2]
 386              	.L3:
 387 02ee FB69     		ldr	r3, [r7, #28]
 388 02f0 0133     		adds	r3, r3, #1
 389 02f2 FB61     		str	r3, [r7, #28]
 390              	.L2:
 391 02f4 FB69     		ldr	r3, [r7, #28]
 392 02f6 0F2B     		cmp	r3, #15
 393 02f8 7FF690AE 		bls	.L28
 394 02fc 00BF     		nop
 395 02fe 00BF     		nop
 396 0300 2437     		adds	r7, r7, #36
 397 0302 BD46     		mov	sp, r7
 398              		@ sp needed
 399 0304 5DF8047B 		ldr	r7, [sp], #4
 400 0308 7047     		bx	lr
ARM GAS  C:\Users\user\AppData\Local\Temp\cc9IijFl.s 			page 8


 401              	.L30:
 402 030a 00BF     		.align	2
 403              	.L29:
 404 030c 00380240 		.word	1073887232
 405 0310 00380140 		.word	1073821696
 406 0314 00000240 		.word	1073872896
 407 0318 00040240 		.word	1073873920
 408 031c 00080240 		.word	1073874944
 409 0320 000C0240 		.word	1073875968
 410 0324 00100240 		.word	1073876992
 411 0328 00140240 		.word	1073878016
 412 032c 00180240 		.word	1073879040
 413 0330 001C0240 		.word	1073880064
 414 0334 003C0140 		.word	1073822720
 416              		.section	.text.HAL_GPIO_DeInit,"ax",%progbits
 417              		.align	1
 418              		.global	HAL_GPIO_DeInit
 419              		.syntax unified
 420              		.thumb
 421              		.thumb_func
 423              	HAL_GPIO_DeInit:
 424              		@ args = 0, pretend = 0, frame = 24
 425              		@ frame_needed = 1, uses_anonymous_args = 0
 426              		@ link register save eliminated.
 427 0000 80B4     		push	{r7}
 428 0002 87B0     		sub	sp, sp, #28
 429 0004 00AF     		add	r7, sp, #0
 430 0006 7860     		str	r0, [r7, #4]
 431 0008 3960     		str	r1, [r7]
 432 000a 0023     		movs	r3, #0
 433 000c 3B61     		str	r3, [r7, #16]
 434 000e 0023     		movs	r3, #0
 435 0010 FB60     		str	r3, [r7, #12]
 436 0012 0023     		movs	r3, #0
 437 0014 BB60     		str	r3, [r7, #8]
 438 0016 0023     		movs	r3, #0
 439 0018 7B61     		str	r3, [r7, #20]
 440 001a CDE0     		b	.L32
 441              	.L51:
 442 001c 0122     		movs	r2, #1
 443 001e 7B69     		ldr	r3, [r7, #20]
 444 0020 02FA03F3 		lsl	r3, r2, r3
 445 0024 3B61     		str	r3, [r7, #16]
 446 0026 3A68     		ldr	r2, [r7]
 447 0028 3B69     		ldr	r3, [r7, #16]
 448 002a 1340     		ands	r3, r3, r2
 449 002c FB60     		str	r3, [r7, #12]
 450 002e FA68     		ldr	r2, [r7, #12]
 451 0030 3B69     		ldr	r3, [r7, #16]
 452 0032 9A42     		cmp	r2, r3
 453 0034 40F0BD80 		bne	.L33
 454 0038 654A     		ldr	r2, .L52
 455 003a 7B69     		ldr	r3, [r7, #20]
 456 003c 9B08     		lsrs	r3, r3, #2
 457 003e 0233     		adds	r3, r3, #2
 458 0040 52F82330 		ldr	r3, [r2, r3, lsl #2]
 459 0044 BB60     		str	r3, [r7, #8]
ARM GAS  C:\Users\user\AppData\Local\Temp\cc9IijFl.s 			page 9


 460 0046 7B69     		ldr	r3, [r7, #20]
 461 0048 03F00303 		and	r3, r3, #3
 462 004c 9B00     		lsls	r3, r3, #2
 463 004e 0F22     		movs	r2, #15
 464 0050 02FA03F3 		lsl	r3, r2, r3
 465 0054 BA68     		ldr	r2, [r7, #8]
 466 0056 1340     		ands	r3, r3, r2
 467 0058 BB60     		str	r3, [r7, #8]
 468 005a 7B68     		ldr	r3, [r7, #4]
 469 005c 5D4A     		ldr	r2, .L52+4
 470 005e 9342     		cmp	r3, r2
 471 0060 2BD0     		beq	.L34
 472 0062 7B68     		ldr	r3, [r7, #4]
 473 0064 5C4A     		ldr	r2, .L52+8
 474 0066 9342     		cmp	r3, r2
 475 0068 25D0     		beq	.L35
 476 006a 7B68     		ldr	r3, [r7, #4]
 477 006c 5B4A     		ldr	r2, .L52+12
 478 006e 9342     		cmp	r3, r2
 479 0070 1FD0     		beq	.L36
 480 0072 7B68     		ldr	r3, [r7, #4]
 481 0074 5A4A     		ldr	r2, .L52+16
 482 0076 9342     		cmp	r3, r2
 483 0078 19D0     		beq	.L37
 484 007a 7B68     		ldr	r3, [r7, #4]
 485 007c 594A     		ldr	r2, .L52+20
 486 007e 9342     		cmp	r3, r2
 487 0080 13D0     		beq	.L38
 488 0082 7B68     		ldr	r3, [r7, #4]
 489 0084 584A     		ldr	r2, .L52+24
 490 0086 9342     		cmp	r3, r2
 491 0088 0DD0     		beq	.L39
 492 008a 7B68     		ldr	r3, [r7, #4]
 493 008c 574A     		ldr	r2, .L52+28
 494 008e 9342     		cmp	r3, r2
 495 0090 07D0     		beq	.L40
 496 0092 7B68     		ldr	r3, [r7, #4]
 497 0094 564A     		ldr	r2, .L52+32
 498 0096 9342     		cmp	r3, r2
 499 0098 01D1     		bne	.L41
 500 009a 0723     		movs	r3, #7
 501 009c 0EE0     		b	.L49
 502              	.L41:
 503 009e 0823     		movs	r3, #8
 504 00a0 0CE0     		b	.L49
 505              	.L40:
 506 00a2 0623     		movs	r3, #6
 507 00a4 0AE0     		b	.L49
 508              	.L39:
 509 00a6 0523     		movs	r3, #5
 510 00a8 08E0     		b	.L49
 511              	.L38:
 512 00aa 0423     		movs	r3, #4
 513 00ac 06E0     		b	.L49
 514              	.L37:
 515 00ae 0323     		movs	r3, #3
 516 00b0 04E0     		b	.L49
ARM GAS  C:\Users\user\AppData\Local\Temp\cc9IijFl.s 			page 10


 517              	.L36:
 518 00b2 0223     		movs	r3, #2
 519 00b4 02E0     		b	.L49
 520              	.L35:
 521 00b6 0123     		movs	r3, #1
 522 00b8 00E0     		b	.L49
 523              	.L34:
 524 00ba 0023     		movs	r3, #0
 525              	.L49:
 526 00bc 7A69     		ldr	r2, [r7, #20]
 527 00be 02F00302 		and	r2, r2, #3
 528 00c2 9200     		lsls	r2, r2, #2
 529 00c4 9340     		lsls	r3, r3, r2
 530 00c6 BA68     		ldr	r2, [r7, #8]
 531 00c8 9A42     		cmp	r2, r3
 532 00ca 32D1     		bne	.L50
 533 00cc 494B     		ldr	r3, .L52+36
 534 00ce 1A68     		ldr	r2, [r3]
 535 00d0 FB68     		ldr	r3, [r7, #12]
 536 00d2 DB43     		mvns	r3, r3
 537 00d4 4749     		ldr	r1, .L52+36
 538 00d6 1340     		ands	r3, r3, r2
 539 00d8 0B60     		str	r3, [r1]
 540 00da 464B     		ldr	r3, .L52+36
 541 00dc 5A68     		ldr	r2, [r3, #4]
 542 00de FB68     		ldr	r3, [r7, #12]
 543 00e0 DB43     		mvns	r3, r3
 544 00e2 4449     		ldr	r1, .L52+36
 545 00e4 1340     		ands	r3, r3, r2
 546 00e6 4B60     		str	r3, [r1, #4]
 547 00e8 424B     		ldr	r3, .L52+36
 548 00ea DA68     		ldr	r2, [r3, #12]
 549 00ec FB68     		ldr	r3, [r7, #12]
 550 00ee DB43     		mvns	r3, r3
 551 00f0 4049     		ldr	r1, .L52+36
 552 00f2 1340     		ands	r3, r3, r2
 553 00f4 CB60     		str	r3, [r1, #12]
 554 00f6 3F4B     		ldr	r3, .L52+36
 555 00f8 9A68     		ldr	r2, [r3, #8]
 556 00fa FB68     		ldr	r3, [r7, #12]
 557 00fc DB43     		mvns	r3, r3
 558 00fe 3D49     		ldr	r1, .L52+36
 559 0100 1340     		ands	r3, r3, r2
 560 0102 8B60     		str	r3, [r1, #8]
 561 0104 7B69     		ldr	r3, [r7, #20]
 562 0106 03F00303 		and	r3, r3, #3
 563 010a 9B00     		lsls	r3, r3, #2
 564 010c 0F22     		movs	r2, #15
 565 010e 02FA03F3 		lsl	r3, r2, r3
 566 0112 BB60     		str	r3, [r7, #8]
 567 0114 2E4A     		ldr	r2, .L52
 568 0116 7B69     		ldr	r3, [r7, #20]
 569 0118 9B08     		lsrs	r3, r3, #2
 570 011a 0233     		adds	r3, r3, #2
 571 011c 52F82310 		ldr	r1, [r2, r3, lsl #2]
 572 0120 BB68     		ldr	r3, [r7, #8]
 573 0122 DA43     		mvns	r2, r3
ARM GAS  C:\Users\user\AppData\Local\Temp\cc9IijFl.s 			page 11


 574 0124 2A48     		ldr	r0, .L52
 575 0126 7B69     		ldr	r3, [r7, #20]
 576 0128 9B08     		lsrs	r3, r3, #2
 577 012a 0A40     		ands	r2, r2, r1
 578 012c 0233     		adds	r3, r3, #2
 579 012e 40F82320 		str	r2, [r0, r3, lsl #2]
 580              	.L50:
 581 0132 7B68     		ldr	r3, [r7, #4]
 582 0134 1A68     		ldr	r2, [r3]
 583 0136 7B69     		ldr	r3, [r7, #20]
 584 0138 5B00     		lsls	r3, r3, #1
 585 013a 0321     		movs	r1, #3
 586 013c 01FA03F3 		lsl	r3, r1, r3
 587 0140 DB43     		mvns	r3, r3
 588 0142 1A40     		ands	r2, r2, r3
 589 0144 7B68     		ldr	r3, [r7, #4]
 590 0146 1A60     		str	r2, [r3]
 591 0148 7B69     		ldr	r3, [r7, #20]
 592 014a DA08     		lsrs	r2, r3, #3
 593 014c 7B68     		ldr	r3, [r7, #4]
 594 014e 0832     		adds	r2, r2, #8
 595 0150 53F82210 		ldr	r1, [r3, r2, lsl #2]
 596 0154 7B69     		ldr	r3, [r7, #20]
 597 0156 03F00703 		and	r3, r3, #7
 598 015a 9B00     		lsls	r3, r3, #2
 599 015c 0F22     		movs	r2, #15
 600 015e 02FA03F3 		lsl	r3, r2, r3
 601 0162 DB43     		mvns	r3, r3
 602 0164 7A69     		ldr	r2, [r7, #20]
 603 0166 D208     		lsrs	r2, r2, #3
 604 0168 1940     		ands	r1, r1, r3
 605 016a 7B68     		ldr	r3, [r7, #4]
 606 016c 0832     		adds	r2, r2, #8
 607 016e 43F82210 		str	r1, [r3, r2, lsl #2]
 608 0172 7B68     		ldr	r3, [r7, #4]
 609 0174 DA68     		ldr	r2, [r3, #12]
 610 0176 7B69     		ldr	r3, [r7, #20]
 611 0178 5B00     		lsls	r3, r3, #1
 612 017a 0321     		movs	r1, #3
 613 017c 01FA03F3 		lsl	r3, r1, r3
 614 0180 DB43     		mvns	r3, r3
 615 0182 1A40     		ands	r2, r2, r3
 616 0184 7B68     		ldr	r3, [r7, #4]
 617 0186 DA60     		str	r2, [r3, #12]
 618 0188 7B68     		ldr	r3, [r7, #4]
 619 018a 5A68     		ldr	r2, [r3, #4]
 620 018c 0121     		movs	r1, #1
 621 018e 7B69     		ldr	r3, [r7, #20]
 622 0190 01FA03F3 		lsl	r3, r1, r3
 623 0194 DB43     		mvns	r3, r3
 624 0196 1A40     		ands	r2, r2, r3
 625 0198 7B68     		ldr	r3, [r7, #4]
 626 019a 5A60     		str	r2, [r3, #4]
 627 019c 7B68     		ldr	r3, [r7, #4]
 628 019e 9A68     		ldr	r2, [r3, #8]
 629 01a0 7B69     		ldr	r3, [r7, #20]
 630 01a2 5B00     		lsls	r3, r3, #1
ARM GAS  C:\Users\user\AppData\Local\Temp\cc9IijFl.s 			page 12


 631 01a4 0321     		movs	r1, #3
 632 01a6 01FA03F3 		lsl	r3, r1, r3
 633 01aa DB43     		mvns	r3, r3
 634 01ac 1A40     		ands	r2, r2, r3
 635 01ae 7B68     		ldr	r3, [r7, #4]
 636 01b0 9A60     		str	r2, [r3, #8]
 637              	.L33:
 638 01b2 7B69     		ldr	r3, [r7, #20]
 639 01b4 0133     		adds	r3, r3, #1
 640 01b6 7B61     		str	r3, [r7, #20]
 641              	.L32:
 642 01b8 7B69     		ldr	r3, [r7, #20]
 643 01ba 0F2B     		cmp	r3, #15
 644 01bc 7FF62EAF 		bls	.L51
 645 01c0 00BF     		nop
 646 01c2 00BF     		nop
 647 01c4 1C37     		adds	r7, r7, #28
 648 01c6 BD46     		mov	sp, r7
 649              		@ sp needed
 650 01c8 5DF8047B 		ldr	r7, [sp], #4
 651 01cc 7047     		bx	lr
 652              	.L53:
 653 01ce 00BF     		.align	2
 654              	.L52:
 655 01d0 00380140 		.word	1073821696
 656 01d4 00000240 		.word	1073872896
 657 01d8 00040240 		.word	1073873920
 658 01dc 00080240 		.word	1073874944
 659 01e0 000C0240 		.word	1073875968
 660 01e4 00100240 		.word	1073876992
 661 01e8 00140240 		.word	1073878016
 662 01ec 00180240 		.word	1073879040
 663 01f0 001C0240 		.word	1073880064
 664 01f4 003C0140 		.word	1073822720
 666              		.section	.text.HAL_GPIO_ReadPin,"ax",%progbits
 667              		.align	1
 668              		.global	HAL_GPIO_ReadPin
 669              		.syntax unified
 670              		.thumb
 671              		.thumb_func
 673              	HAL_GPIO_ReadPin:
 674              		@ args = 0, pretend = 0, frame = 16
 675              		@ frame_needed = 1, uses_anonymous_args = 0
 676              		@ link register save eliminated.
 677 0000 80B4     		push	{r7}
 678 0002 85B0     		sub	sp, sp, #20
 679 0004 00AF     		add	r7, sp, #0
 680 0006 7860     		str	r0, [r7, #4]
 681 0008 0B46     		mov	r3, r1
 682 000a 7B80     		strh	r3, [r7, #2]	@ movhi
 683 000c 7B68     		ldr	r3, [r7, #4]
 684 000e 1A69     		ldr	r2, [r3, #16]
 685 0010 7B88     		ldrh	r3, [r7, #2]
 686 0012 1340     		ands	r3, r3, r2
 687 0014 002B     		cmp	r3, #0
 688 0016 02D0     		beq	.L55
 689 0018 0123     		movs	r3, #1
ARM GAS  C:\Users\user\AppData\Local\Temp\cc9IijFl.s 			page 13


 690 001a FB73     		strb	r3, [r7, #15]
 691 001c 01E0     		b	.L56
 692              	.L55:
 693 001e 0023     		movs	r3, #0
 694 0020 FB73     		strb	r3, [r7, #15]
 695              	.L56:
 696 0022 FB7B     		ldrb	r3, [r7, #15]	@ zero_extendqisi2
 697 0024 1846     		mov	r0, r3
 698 0026 1437     		adds	r7, r7, #20
 699 0028 BD46     		mov	sp, r7
 700              		@ sp needed
 701 002a 5DF8047B 		ldr	r7, [sp], #4
 702 002e 7047     		bx	lr
 704              		.section	.text.HAL_GPIO_WritePin,"ax",%progbits
 705              		.align	1
 706              		.global	HAL_GPIO_WritePin
 707              		.syntax unified
 708              		.thumb
 709              		.thumb_func
 711              	HAL_GPIO_WritePin:
 712              		@ args = 0, pretend = 0, frame = 8
 713              		@ frame_needed = 1, uses_anonymous_args = 0
 714              		@ link register save eliminated.
 715 0000 80B4     		push	{r7}
 716 0002 83B0     		sub	sp, sp, #12
 717 0004 00AF     		add	r7, sp, #0
 718 0006 7860     		str	r0, [r7, #4]
 719 0008 0B46     		mov	r3, r1
 720 000a 7B80     		strh	r3, [r7, #2]	@ movhi
 721 000c 1346     		mov	r3, r2
 722 000e 7B70     		strb	r3, [r7, #1]
 723 0010 7B78     		ldrb	r3, [r7, #1]	@ zero_extendqisi2
 724 0012 002B     		cmp	r3, #0
 725 0014 03D0     		beq	.L59
 726 0016 7A88     		ldrh	r2, [r7, #2]
 727 0018 7B68     		ldr	r3, [r7, #4]
 728 001a 9A61     		str	r2, [r3, #24]
 729 001c 03E0     		b	.L61
 730              	.L59:
 731 001e 7B88     		ldrh	r3, [r7, #2]
 732 0020 1A04     		lsls	r2, r3, #16
 733 0022 7B68     		ldr	r3, [r7, #4]
 734 0024 9A61     		str	r2, [r3, #24]
 735              	.L61:
 736 0026 00BF     		nop
 737 0028 0C37     		adds	r7, r7, #12
 738 002a BD46     		mov	sp, r7
 739              		@ sp needed
 740 002c 5DF8047B 		ldr	r7, [sp], #4
 741 0030 7047     		bx	lr
 743              		.section	.text.HAL_GPIO_TogglePin,"ax",%progbits
 744              		.align	1
 745              		.global	HAL_GPIO_TogglePin
 746              		.syntax unified
 747              		.thumb
 748              		.thumb_func
 750              	HAL_GPIO_TogglePin:
ARM GAS  C:\Users\user\AppData\Local\Temp\cc9IijFl.s 			page 14


 751              		@ args = 0, pretend = 0, frame = 16
 752              		@ frame_needed = 1, uses_anonymous_args = 0
 753              		@ link register save eliminated.
 754 0000 80B4     		push	{r7}
 755 0002 85B0     		sub	sp, sp, #20
 756 0004 00AF     		add	r7, sp, #0
 757 0006 7860     		str	r0, [r7, #4]
 758 0008 0B46     		mov	r3, r1
 759 000a 7B80     		strh	r3, [r7, #2]	@ movhi
 760 000c 7B68     		ldr	r3, [r7, #4]
 761 000e 5B69     		ldr	r3, [r3, #20]
 762 0010 FB60     		str	r3, [r7, #12]
 763 0012 7A88     		ldrh	r2, [r7, #2]
 764 0014 FB68     		ldr	r3, [r7, #12]
 765 0016 1340     		ands	r3, r3, r2
 766 0018 1A04     		lsls	r2, r3, #16
 767 001a FB68     		ldr	r3, [r7, #12]
 768 001c D943     		mvns	r1, r3
 769 001e 7B88     		ldrh	r3, [r7, #2]
 770 0020 0B40     		ands	r3, r3, r1
 771 0022 1A43     		orrs	r2, r2, r3
 772 0024 7B68     		ldr	r3, [r7, #4]
 773 0026 9A61     		str	r2, [r3, #24]
 774 0028 00BF     		nop
 775 002a 1437     		adds	r7, r7, #20
 776 002c BD46     		mov	sp, r7
 777              		@ sp needed
 778 002e 5DF8047B 		ldr	r7, [sp], #4
 779 0032 7047     		bx	lr
 781              		.section	.text.HAL_GPIO_LockPin,"ax",%progbits
 782              		.align	1
 783              		.global	HAL_GPIO_LockPin
 784              		.syntax unified
 785              		.thumb
 786              		.thumb_func
 788              	HAL_GPIO_LockPin:
 789              		@ args = 0, pretend = 0, frame = 16
 790              		@ frame_needed = 1, uses_anonymous_args = 0
 791              		@ link register save eliminated.
 792 0000 80B4     		push	{r7}
 793 0002 85B0     		sub	sp, sp, #20
 794 0004 00AF     		add	r7, sp, #0
 795 0006 7860     		str	r0, [r7, #4]
 796 0008 0B46     		mov	r3, r1
 797 000a 7B80     		strh	r3, [r7, #2]	@ movhi
 798 000c 4FF48033 		mov	r3, #65536
 799 0010 FB60     		str	r3, [r7, #12]
 800 0012 7A88     		ldrh	r2, [r7, #2]
 801 0014 FB68     		ldr	r3, [r7, #12]
 802 0016 1343     		orrs	r3, r3, r2
 803 0018 FB60     		str	r3, [r7, #12]
 804 001a FA68     		ldr	r2, [r7, #12]
 805 001c 7B68     		ldr	r3, [r7, #4]
 806 001e DA61     		str	r2, [r3, #28]
 807 0020 7A88     		ldrh	r2, [r7, #2]
 808 0022 7B68     		ldr	r3, [r7, #4]
 809 0024 DA61     		str	r2, [r3, #28]
ARM GAS  C:\Users\user\AppData\Local\Temp\cc9IijFl.s 			page 15


 810 0026 FA68     		ldr	r2, [r7, #12]
 811 0028 7B68     		ldr	r3, [r7, #4]
 812 002a DA61     		str	r2, [r3, #28]
 813 002c 7B68     		ldr	r3, [r7, #4]
 814 002e DB69     		ldr	r3, [r3, #28]
 815 0030 FB60     		str	r3, [r7, #12]
 816 0032 7B68     		ldr	r3, [r7, #4]
 817 0034 DB69     		ldr	r3, [r3, #28]
 818 0036 03F48033 		and	r3, r3, #65536
 819 003a 002B     		cmp	r3, #0
 820 003c 01D0     		beq	.L64
 821 003e 0023     		movs	r3, #0
 822 0040 00E0     		b	.L65
 823              	.L64:
 824 0042 0123     		movs	r3, #1
 825              	.L65:
 826 0044 1846     		mov	r0, r3
 827 0046 1437     		adds	r7, r7, #20
 828 0048 BD46     		mov	sp, r7
 829              		@ sp needed
 830 004a 5DF8047B 		ldr	r7, [sp], #4
 831 004e 7047     		bx	lr
 833              		.section	.text.HAL_GPIO_EXTI_IRQHandler,"ax",%progbits
 834              		.align	1
 835              		.global	HAL_GPIO_EXTI_IRQHandler
 836              		.syntax unified
 837              		.thumb
 838              		.thumb_func
 840              	HAL_GPIO_EXTI_IRQHandler:
 841              		@ args = 0, pretend = 0, frame = 8
 842              		@ frame_needed = 1, uses_anonymous_args = 0
 843 0000 80B5     		push	{r7, lr}
 844 0002 82B0     		sub	sp, sp, #8
 845 0004 00AF     		add	r7, sp, #0
 846 0006 0346     		mov	r3, r0
 847 0008 FB80     		strh	r3, [r7, #6]	@ movhi
 848 000a 084B     		ldr	r3, .L69
 849 000c 5A69     		ldr	r2, [r3, #20]
 850 000e FB88     		ldrh	r3, [r7, #6]
 851 0010 1340     		ands	r3, r3, r2
 852 0012 002B     		cmp	r3, #0
 853 0014 06D0     		beq	.L68
 854 0016 054A     		ldr	r2, .L69
 855 0018 FB88     		ldrh	r3, [r7, #6]
 856 001a 5361     		str	r3, [r2, #20]
 857 001c FB88     		ldrh	r3, [r7, #6]
 858 001e 1846     		mov	r0, r3
 859 0020 FFF7FEFF 		bl	HAL_GPIO_EXTI_Callback
 860              	.L68:
 861 0024 00BF     		nop
 862 0026 0837     		adds	r7, r7, #8
 863 0028 BD46     		mov	sp, r7
 864              		@ sp needed
 865 002a 80BD     		pop	{r7, pc}
 866              	.L70:
 867              		.align	2
 868              	.L69:
ARM GAS  C:\Users\user\AppData\Local\Temp\cc9IijFl.s 			page 16


 869 002c 003C0140 		.word	1073822720
 871              		.section	.text.HAL_GPIO_EXTI_Callback,"ax",%progbits
 872              		.align	1
 873              		.weak	HAL_GPIO_EXTI_Callback
 874              		.syntax unified
 875              		.thumb
 876              		.thumb_func
 878              	HAL_GPIO_EXTI_Callback:
 879              		@ args = 0, pretend = 0, frame = 8
 880              		@ frame_needed = 1, uses_anonymous_args = 0
 881              		@ link register save eliminated.
 882 0000 80B4     		push	{r7}
 883 0002 83B0     		sub	sp, sp, #12
 884 0004 00AF     		add	r7, sp, #0
 885 0006 0346     		mov	r3, r0
 886 0008 FB80     		strh	r3, [r7, #6]	@ movhi
 887 000a 00BF     		nop
 888 000c 0C37     		adds	r7, r7, #12
 889 000e BD46     		mov	sp, r7
 890              		@ sp needed
 891 0010 5DF8047B 		ldr	r7, [sp], #4
 892 0014 7047     		bx	lr
 894              		.ident	"GCC: (GNU Tools for STM32 12.3.rel1.20240306-1730) 12.3.1 20230626"
ARM GAS  C:\Users\user\AppData\Local\Temp\cc9IijFl.s 			page 17


DEFINED SYMBOLS
                            *ABS*:00000000 stm32f4xx_hal_gpio.c
C:\Users\user\AppData\Local\Temp\cc9IijFl.s:18     .text.HAL_GPIO_Init:00000000 $t
C:\Users\user\AppData\Local\Temp\cc9IijFl.s:24     .text.HAL_GPIO_Init:00000000 HAL_GPIO_Init
C:\Users\user\AppData\Local\Temp\cc9IijFl.s:404    .text.HAL_GPIO_Init:0000030c $d
C:\Users\user\AppData\Local\Temp\cc9IijFl.s:417    .text.HAL_GPIO_DeInit:00000000 $t
C:\Users\user\AppData\Local\Temp\cc9IijFl.s:423    .text.HAL_GPIO_DeInit:00000000 HAL_GPIO_DeInit
C:\Users\user\AppData\Local\Temp\cc9IijFl.s:655    .text.HAL_GPIO_DeInit:000001d0 $d
C:\Users\user\AppData\Local\Temp\cc9IijFl.s:667    .text.HAL_GPIO_ReadPin:00000000 $t
C:\Users\user\AppData\Local\Temp\cc9IijFl.s:673    .text.HAL_GPIO_ReadPin:00000000 HAL_GPIO_ReadPin
C:\Users\user\AppData\Local\Temp\cc9IijFl.s:705    .text.HAL_GPIO_WritePin:00000000 $t
C:\Users\user\AppData\Local\Temp\cc9IijFl.s:711    .text.HAL_GPIO_WritePin:00000000 HAL_GPIO_WritePin
C:\Users\user\AppData\Local\Temp\cc9IijFl.s:744    .text.HAL_GPIO_TogglePin:00000000 $t
C:\Users\user\AppData\Local\Temp\cc9IijFl.s:750    .text.HAL_GPIO_TogglePin:00000000 HAL_GPIO_TogglePin
C:\Users\user\AppData\Local\Temp\cc9IijFl.s:782    .text.HAL_GPIO_LockPin:00000000 $t
C:\Users\user\AppData\Local\Temp\cc9IijFl.s:788    .text.HAL_GPIO_LockPin:00000000 HAL_GPIO_LockPin
C:\Users\user\AppData\Local\Temp\cc9IijFl.s:834    .text.HAL_GPIO_EXTI_IRQHandler:00000000 $t
C:\Users\user\AppData\Local\Temp\cc9IijFl.s:840    .text.HAL_GPIO_EXTI_IRQHandler:00000000 HAL_GPIO_EXTI_IRQHandler
C:\Users\user\AppData\Local\Temp\cc9IijFl.s:878    .text.HAL_GPIO_EXTI_Callback:00000000 HAL_GPIO_EXTI_Callback
C:\Users\user\AppData\Local\Temp\cc9IijFl.s:869    .text.HAL_GPIO_EXTI_IRQHandler:0000002c $d
C:\Users\user\AppData\Local\Temp\cc9IijFl.s:872    .text.HAL_GPIO_EXTI_Callback:00000000 $t

NO UNDEFINED SYMBOLS
