ARM GAS  C:\Users\user\AppData\Local\Temp\ccV46hWo.s 			page 1


   1              		.cpu cortex-m4
   2              		.arch armv7e-m
   3              		.fpu fpv4-sp-d16
   4              		.eabi_attribute 27, 1
   5              		.eabi_attribute 28, 1
   6              		.eabi_attribute 20, 1
   7              		.eabi_attribute 21, 1
   8              		.eabi_attribute 23, 3
   9              		.eabi_attribute 24, 1
  10              		.eabi_attribute 25, 1
  11              		.eabi_attribute 26, 1
  12              		.eabi_attribute 30, 6
  13              		.eabi_attribute 34, 1
  14              		.eabi_attribute 18, 4
  15              		.file	"stm32f4xx_hal_cortex.c"
  16              		.text
  17              		.section	.text.__NVIC_SetPriorityGrouping,"ax",%progbits
  18              		.align	1
  19              		.syntax unified
  20              		.thumb
  21              		.thumb_func
  23              	__NVIC_SetPriorityGrouping:
  24              		@ args = 0, pretend = 0, frame = 16
  25              		@ frame_needed = 1, uses_anonymous_args = 0
  26              		@ link register save eliminated.
  27 0000 80B4     		push	{r7}
  28 0002 85B0     		sub	sp, sp, #20
  29 0004 00AF     		add	r7, sp, #0
  30 0006 7860     		str	r0, [r7, #4]
  31 0008 7B68     		ldr	r3, [r7, #4]
  32 000a 03F00703 		and	r3, r3, #7
  33 000e FB60     		str	r3, [r7, #12]
  34 0010 0C4B     		ldr	r3, .L2
  35 0012 DB68     		ldr	r3, [r3, #12]
  36 0014 BB60     		str	r3, [r7, #8]
  37 0016 BA68     		ldr	r2, [r7, #8]
  38 0018 4FF6FF03 		movw	r3, #63743
  39 001c 1340     		ands	r3, r3, r2
  40 001e BB60     		str	r3, [r7, #8]
  41 0020 FB68     		ldr	r3, [r7, #12]
  42 0022 1A02     		lsls	r2, r3, #8
  43 0024 BB68     		ldr	r3, [r7, #8]
  44 0026 1343     		orrs	r3, r3, r2
  45 0028 43F0BF63 		orr	r3, r3, #100139008
  46 002c 43F40033 		orr	r3, r3, #131072
  47 0030 BB60     		str	r3, [r7, #8]
  48 0032 044A     		ldr	r2, .L2
  49 0034 BB68     		ldr	r3, [r7, #8]
  50 0036 D360     		str	r3, [r2, #12]
  51 0038 00BF     		nop
  52 003a 1437     		adds	r7, r7, #20
  53 003c BD46     		mov	sp, r7
  54              		@ sp needed
  55 003e 5DF8047B 		ldr	r7, [sp], #4
  56 0042 7047     		bx	lr
  57              	.L3:
  58              		.align	2
ARM GAS  C:\Users\user\AppData\Local\Temp\ccV46hWo.s 			page 2


  59              	.L2:
  60 0044 00ED00E0 		.word	-536810240
  62              		.section	.text.__NVIC_GetPriorityGrouping,"ax",%progbits
  63              		.align	1
  64              		.syntax unified
  65              		.thumb
  66              		.thumb_func
  68              	__NVIC_GetPriorityGrouping:
  69              		@ args = 0, pretend = 0, frame = 0
  70              		@ frame_needed = 1, uses_anonymous_args = 0
  71              		@ link register save eliminated.
  72 0000 80B4     		push	{r7}
  73 0002 00AF     		add	r7, sp, #0
  74 0004 044B     		ldr	r3, .L6
  75 0006 DB68     		ldr	r3, [r3, #12]
  76 0008 1B0A     		lsrs	r3, r3, #8
  77 000a 03F00703 		and	r3, r3, #7
  78 000e 1846     		mov	r0, r3
  79 0010 BD46     		mov	sp, r7
  80              		@ sp needed
  81 0012 5DF8047B 		ldr	r7, [sp], #4
  82 0016 7047     		bx	lr
  83              	.L7:
  84              		.align	2
  85              	.L6:
  86 0018 00ED00E0 		.word	-536810240
  88              		.section	.text.__NVIC_EnableIRQ,"ax",%progbits
  89              		.align	1
  90              		.syntax unified
  91              		.thumb
  92              		.thumb_func
  94              	__NVIC_EnableIRQ:
  95              		@ args = 0, pretend = 0, frame = 8
  96              		@ frame_needed = 1, uses_anonymous_args = 0
  97              		@ link register save eliminated.
  98 0000 80B4     		push	{r7}
  99 0002 83B0     		sub	sp, sp, #12
 100 0004 00AF     		add	r7, sp, #0
 101 0006 0346     		mov	r3, r0
 102 0008 FB71     		strb	r3, [r7, #7]
 103 000a 97F90730 		ldrsb	r3, [r7, #7]
 104 000e 002B     		cmp	r3, #0
 105 0010 0BDB     		blt	.L10
 106 0012 FB79     		ldrb	r3, [r7, #7]	@ zero_extendqisi2
 107 0014 03F01F02 		and	r2, r3, #31
 108 0018 0749     		ldr	r1, .L11
 109 001a 97F90730 		ldrsb	r3, [r7, #7]
 110 001e 5B09     		lsrs	r3, r3, #5
 111 0020 0120     		movs	r0, #1
 112 0022 00FA02F2 		lsl	r2, r0, r2
 113 0026 41F82320 		str	r2, [r1, r3, lsl #2]
 114              	.L10:
 115 002a 00BF     		nop
 116 002c 0C37     		adds	r7, r7, #12
 117 002e BD46     		mov	sp, r7
 118              		@ sp needed
 119 0030 5DF8047B 		ldr	r7, [sp], #4
ARM GAS  C:\Users\user\AppData\Local\Temp\ccV46hWo.s 			page 3


 120 0034 7047     		bx	lr
 121              	.L12:
 122 0036 00BF     		.align	2
 123              	.L11:
 124 0038 00E100E0 		.word	-536813312
 126              		.section	.text.__NVIC_DisableIRQ,"ax",%progbits
 127              		.align	1
 128              		.syntax unified
 129              		.thumb
 130              		.thumb_func
 132              	__NVIC_DisableIRQ:
 133              		@ args = 0, pretend = 0, frame = 8
 134              		@ frame_needed = 1, uses_anonymous_args = 0
 135              		@ link register save eliminated.
 136 0000 80B4     		push	{r7}
 137 0002 83B0     		sub	sp, sp, #12
 138 0004 00AF     		add	r7, sp, #0
 139 0006 0346     		mov	r3, r0
 140 0008 FB71     		strb	r3, [r7, #7]
 141 000a 97F90730 		ldrsb	r3, [r7, #7]
 142 000e 002B     		cmp	r3, #0
 143 0010 12DB     		blt	.L15
 144 0012 FB79     		ldrb	r3, [r7, #7]	@ zero_extendqisi2
 145 0014 03F01F02 		and	r2, r3, #31
 146 0018 0A49     		ldr	r1, .L16
 147 001a 97F90730 		ldrsb	r3, [r7, #7]
 148 001e 5B09     		lsrs	r3, r3, #5
 149 0020 0120     		movs	r0, #1
 150 0022 00FA02F2 		lsl	r2, r0, r2
 151 0026 2033     		adds	r3, r3, #32
 152 0028 41F82320 		str	r2, [r1, r3, lsl #2]
 153              		.syntax unified
 154              	@ 879 "Drivers/CMSIS/Include/cmsis_gcc.h" 1
 155 002c BFF34F8F 		dsb 0xF
 156              	@ 0 "" 2
 157              		.thumb
 158              		.syntax unified
 159 0030 00BF     		nop
 160              		.syntax unified
 161              	@ 868 "Drivers/CMSIS/Include/cmsis_gcc.h" 1
 162 0032 BFF36F8F 		isb 0xF
 163              	@ 0 "" 2
 164              		.thumb
 165              		.syntax unified
 166 0036 00BF     		nop
 167              	.L15:
 168 0038 00BF     		nop
 169 003a 0C37     		adds	r7, r7, #12
 170 003c BD46     		mov	sp, r7
 171              		@ sp needed
 172 003e 5DF8047B 		ldr	r7, [sp], #4
 173 0042 7047     		bx	lr
 174              	.L17:
 175              		.align	2
 176              	.L16:
 177 0044 00E100E0 		.word	-536813312
 179              		.section	.text.__NVIC_GetPendingIRQ,"ax",%progbits
ARM GAS  C:\Users\user\AppData\Local\Temp\ccV46hWo.s 			page 4


 180              		.align	1
 181              		.syntax unified
 182              		.thumb
 183              		.thumb_func
 185              	__NVIC_GetPendingIRQ:
 186              		@ args = 0, pretend = 0, frame = 8
 187              		@ frame_needed = 1, uses_anonymous_args = 0
 188              		@ link register save eliminated.
 189 0000 80B4     		push	{r7}
 190 0002 83B0     		sub	sp, sp, #12
 191 0004 00AF     		add	r7, sp, #0
 192 0006 0346     		mov	r3, r0
 193 0008 FB71     		strb	r3, [r7, #7]
 194 000a 97F90730 		ldrsb	r3, [r7, #7]
 195 000e 002B     		cmp	r3, #0
 196 0010 0EDB     		blt	.L19
 197 0012 0B4A     		ldr	r2, .L21
 198 0014 97F90730 		ldrsb	r3, [r7, #7]
 199 0018 5B09     		lsrs	r3, r3, #5
 200 001a 4033     		adds	r3, r3, #64
 201 001c 52F82320 		ldr	r2, [r2, r3, lsl #2]
 202 0020 FB79     		ldrb	r3, [r7, #7]	@ zero_extendqisi2
 203 0022 03F01F03 		and	r3, r3, #31
 204 0026 22FA03F3 		lsr	r3, r2, r3
 205 002a 03F00103 		and	r3, r3, #1
 206 002e 00E0     		b	.L20
 207              	.L19:
 208 0030 0023     		movs	r3, #0
 209              	.L20:
 210 0032 1846     		mov	r0, r3
 211 0034 0C37     		adds	r7, r7, #12
 212 0036 BD46     		mov	sp, r7
 213              		@ sp needed
 214 0038 5DF8047B 		ldr	r7, [sp], #4
 215 003c 7047     		bx	lr
 216              	.L22:
 217 003e 00BF     		.align	2
 218              	.L21:
 219 0040 00E100E0 		.word	-536813312
 221              		.section	.text.__NVIC_SetPendingIRQ,"ax",%progbits
 222              		.align	1
 223              		.syntax unified
 224              		.thumb
 225              		.thumb_func
 227              	__NVIC_SetPendingIRQ:
 228              		@ args = 0, pretend = 0, frame = 8
 229              		@ frame_needed = 1, uses_anonymous_args = 0
 230              		@ link register save eliminated.
 231 0000 80B4     		push	{r7}
 232 0002 83B0     		sub	sp, sp, #12
 233 0004 00AF     		add	r7, sp, #0
 234 0006 0346     		mov	r3, r0
 235 0008 FB71     		strb	r3, [r7, #7]
 236 000a 97F90730 		ldrsb	r3, [r7, #7]
 237 000e 002B     		cmp	r3, #0
 238 0010 0CDB     		blt	.L25
 239 0012 FB79     		ldrb	r3, [r7, #7]	@ zero_extendqisi2
ARM GAS  C:\Users\user\AppData\Local\Temp\ccV46hWo.s 			page 5


 240 0014 03F01F02 		and	r2, r3, #31
 241 0018 0749     		ldr	r1, .L26
 242 001a 97F90730 		ldrsb	r3, [r7, #7]
 243 001e 5B09     		lsrs	r3, r3, #5
 244 0020 0120     		movs	r0, #1
 245 0022 00FA02F2 		lsl	r2, r0, r2
 246 0026 4033     		adds	r3, r3, #64
 247 0028 41F82320 		str	r2, [r1, r3, lsl #2]
 248              	.L25:
 249 002c 00BF     		nop
 250 002e 0C37     		adds	r7, r7, #12
 251 0030 BD46     		mov	sp, r7
 252              		@ sp needed
 253 0032 5DF8047B 		ldr	r7, [sp], #4
 254 0036 7047     		bx	lr
 255              	.L27:
 256              		.align	2
 257              	.L26:
 258 0038 00E100E0 		.word	-536813312
 260              		.section	.text.__NVIC_ClearPendingIRQ,"ax",%progbits
 261              		.align	1
 262              		.syntax unified
 263              		.thumb
 264              		.thumb_func
 266              	__NVIC_ClearPendingIRQ:
 267              		@ args = 0, pretend = 0, frame = 8
 268              		@ frame_needed = 1, uses_anonymous_args = 0
 269              		@ link register save eliminated.
 270 0000 80B4     		push	{r7}
 271 0002 83B0     		sub	sp, sp, #12
 272 0004 00AF     		add	r7, sp, #0
 273 0006 0346     		mov	r3, r0
 274 0008 FB71     		strb	r3, [r7, #7]
 275 000a 97F90730 		ldrsb	r3, [r7, #7]
 276 000e 002B     		cmp	r3, #0
 277 0010 0CDB     		blt	.L30
 278 0012 FB79     		ldrb	r3, [r7, #7]	@ zero_extendqisi2
 279 0014 03F01F02 		and	r2, r3, #31
 280 0018 0749     		ldr	r1, .L31
 281 001a 97F90730 		ldrsb	r3, [r7, #7]
 282 001e 5B09     		lsrs	r3, r3, #5
 283 0020 0120     		movs	r0, #1
 284 0022 00FA02F2 		lsl	r2, r0, r2
 285 0026 6033     		adds	r3, r3, #96
 286 0028 41F82320 		str	r2, [r1, r3, lsl #2]
 287              	.L30:
 288 002c 00BF     		nop
 289 002e 0C37     		adds	r7, r7, #12
 290 0030 BD46     		mov	sp, r7
 291              		@ sp needed
 292 0032 5DF8047B 		ldr	r7, [sp], #4
 293 0036 7047     		bx	lr
 294              	.L32:
 295              		.align	2
 296              	.L31:
 297 0038 00E100E0 		.word	-536813312
 299              		.section	.text.__NVIC_GetActive,"ax",%progbits
ARM GAS  C:\Users\user\AppData\Local\Temp\ccV46hWo.s 			page 6


 300              		.align	1
 301              		.syntax unified
 302              		.thumb
 303              		.thumb_func
 305              	__NVIC_GetActive:
 306              		@ args = 0, pretend = 0, frame = 8
 307              		@ frame_needed = 1, uses_anonymous_args = 0
 308              		@ link register save eliminated.
 309 0000 80B4     		push	{r7}
 310 0002 83B0     		sub	sp, sp, #12
 311 0004 00AF     		add	r7, sp, #0
 312 0006 0346     		mov	r3, r0
 313 0008 FB71     		strb	r3, [r7, #7]
 314 000a 97F90730 		ldrsb	r3, [r7, #7]
 315 000e 002B     		cmp	r3, #0
 316 0010 0EDB     		blt	.L34
 317 0012 0B4A     		ldr	r2, .L36
 318 0014 97F90730 		ldrsb	r3, [r7, #7]
 319 0018 5B09     		lsrs	r3, r3, #5
 320 001a 8033     		adds	r3, r3, #128
 321 001c 52F82320 		ldr	r2, [r2, r3, lsl #2]
 322 0020 FB79     		ldrb	r3, [r7, #7]	@ zero_extendqisi2
 323 0022 03F01F03 		and	r3, r3, #31
 324 0026 22FA03F3 		lsr	r3, r2, r3
 325 002a 03F00103 		and	r3, r3, #1
 326 002e 00E0     		b	.L35
 327              	.L34:
 328 0030 0023     		movs	r3, #0
 329              	.L35:
 330 0032 1846     		mov	r0, r3
 331 0034 0C37     		adds	r7, r7, #12
 332 0036 BD46     		mov	sp, r7
 333              		@ sp needed
 334 0038 5DF8047B 		ldr	r7, [sp], #4
 335 003c 7047     		bx	lr
 336              	.L37:
 337 003e 00BF     		.align	2
 338              	.L36:
 339 0040 00E100E0 		.word	-536813312
 341              		.section	.text.__NVIC_SetPriority,"ax",%progbits
 342              		.align	1
 343              		.syntax unified
 344              		.thumb
 345              		.thumb_func
 347              	__NVIC_SetPriority:
 348              		@ args = 0, pretend = 0, frame = 8
 349              		@ frame_needed = 1, uses_anonymous_args = 0
 350              		@ link register save eliminated.
 351 0000 80B4     		push	{r7}
 352 0002 83B0     		sub	sp, sp, #12
 353 0004 00AF     		add	r7, sp, #0
 354 0006 0346     		mov	r3, r0
 355 0008 3960     		str	r1, [r7]
 356 000a FB71     		strb	r3, [r7, #7]
 357 000c 97F90730 		ldrsb	r3, [r7, #7]
 358 0010 002B     		cmp	r3, #0
 359 0012 0ADB     		blt	.L39
ARM GAS  C:\Users\user\AppData\Local\Temp\ccV46hWo.s 			page 7


 360 0014 3B68     		ldr	r3, [r7]
 361 0016 DAB2     		uxtb	r2, r3
 362 0018 0C49     		ldr	r1, .L42
 363 001a 97F90730 		ldrsb	r3, [r7, #7]
 364 001e 1201     		lsls	r2, r2, #4
 365 0020 D2B2     		uxtb	r2, r2
 366 0022 0B44     		add	r3, r3, r1
 367 0024 83F80023 		strb	r2, [r3, #768]
 368 0028 0AE0     		b	.L41
 369              	.L39:
 370 002a 3B68     		ldr	r3, [r7]
 371 002c DAB2     		uxtb	r2, r3
 372 002e 0849     		ldr	r1, .L42+4
 373 0030 FB79     		ldrb	r3, [r7, #7]	@ zero_extendqisi2
 374 0032 03F00F03 		and	r3, r3, #15
 375 0036 043B     		subs	r3, r3, #4
 376 0038 1201     		lsls	r2, r2, #4
 377 003a D2B2     		uxtb	r2, r2
 378 003c 0B44     		add	r3, r3, r1
 379 003e 1A76     		strb	r2, [r3, #24]
 380              	.L41:
 381 0040 00BF     		nop
 382 0042 0C37     		adds	r7, r7, #12
 383 0044 BD46     		mov	sp, r7
 384              		@ sp needed
 385 0046 5DF8047B 		ldr	r7, [sp], #4
 386 004a 7047     		bx	lr
 387              	.L43:
 388              		.align	2
 389              	.L42:
 390 004c 00E100E0 		.word	-536813312
 391 0050 00ED00E0 		.word	-536810240
 393              		.section	.text.__NVIC_GetPriority,"ax",%progbits
 394              		.align	1
 395              		.syntax unified
 396              		.thumb
 397              		.thumb_func
 399              	__NVIC_GetPriority:
 400              		@ args = 0, pretend = 0, frame = 8
 401              		@ frame_needed = 1, uses_anonymous_args = 0
 402              		@ link register save eliminated.
 403 0000 80B4     		push	{r7}
 404 0002 83B0     		sub	sp, sp, #12
 405 0004 00AF     		add	r7, sp, #0
 406 0006 0346     		mov	r3, r0
 407 0008 FB71     		strb	r3, [r7, #7]
 408 000a 97F90730 		ldrsb	r3, [r7, #7]
 409 000e 002B     		cmp	r3, #0
 410 0010 09DB     		blt	.L45
 411 0012 0D4A     		ldr	r2, .L47
 412 0014 97F90730 		ldrsb	r3, [r7, #7]
 413 0018 1344     		add	r3, r3, r2
 414 001a 93F80033 		ldrb	r3, [r3, #768]
 415 001e DBB2     		uxtb	r3, r3
 416 0020 1B09     		lsrs	r3, r3, #4
 417 0022 DBB2     		uxtb	r3, r3
 418 0024 09E0     		b	.L46
ARM GAS  C:\Users\user\AppData\Local\Temp\ccV46hWo.s 			page 8


 419              	.L45:
 420 0026 094A     		ldr	r2, .L47+4
 421 0028 FB79     		ldrb	r3, [r7, #7]	@ zero_extendqisi2
 422 002a 03F00F03 		and	r3, r3, #15
 423 002e 043B     		subs	r3, r3, #4
 424 0030 1344     		add	r3, r3, r2
 425 0032 1B7E     		ldrb	r3, [r3, #24]
 426 0034 DBB2     		uxtb	r3, r3
 427 0036 1B09     		lsrs	r3, r3, #4
 428 0038 DBB2     		uxtb	r3, r3
 429              	.L46:
 430 003a 1846     		mov	r0, r3
 431 003c 0C37     		adds	r7, r7, #12
 432 003e BD46     		mov	sp, r7
 433              		@ sp needed
 434 0040 5DF8047B 		ldr	r7, [sp], #4
 435 0044 7047     		bx	lr
 436              	.L48:
 437 0046 00BF     		.align	2
 438              	.L47:
 439 0048 00E100E0 		.word	-536813312
 440 004c 00ED00E0 		.word	-536810240
 442              		.section	.text.NVIC_EncodePriority,"ax",%progbits
 443              		.align	1
 444              		.syntax unified
 445              		.thumb
 446              		.thumb_func
 448              	NVIC_EncodePriority:
 449              		@ args = 0, pretend = 0, frame = 32
 450              		@ frame_needed = 1, uses_anonymous_args = 0
 451              		@ link register save eliminated.
 452 0000 80B4     		push	{r7}
 453 0002 89B0     		sub	sp, sp, #36
 454 0004 00AF     		add	r7, sp, #0
 455 0006 F860     		str	r0, [r7, #12]
 456 0008 B960     		str	r1, [r7, #8]
 457 000a 7A60     		str	r2, [r7, #4]
 458 000c FB68     		ldr	r3, [r7, #12]
 459 000e 03F00703 		and	r3, r3, #7
 460 0012 FB61     		str	r3, [r7, #28]
 461 0014 FB69     		ldr	r3, [r7, #28]
 462 0016 C3F10703 		rsb	r3, r3, #7
 463 001a 042B     		cmp	r3, #4
 464 001c 28BF     		it	cs
 465 001e 0423     		movcs	r3, #4
 466 0020 BB61     		str	r3, [r7, #24]
 467 0022 FB69     		ldr	r3, [r7, #28]
 468 0024 0433     		adds	r3, r3, #4
 469 0026 062B     		cmp	r3, #6
 470 0028 02D9     		bls	.L50
 471 002a FB69     		ldr	r3, [r7, #28]
 472 002c 033B     		subs	r3, r3, #3
 473 002e 00E0     		b	.L51
 474              	.L50:
 475 0030 0023     		movs	r3, #0
 476              	.L51:
 477 0032 7B61     		str	r3, [r7, #20]
ARM GAS  C:\Users\user\AppData\Local\Temp\ccV46hWo.s 			page 9


 478 0034 4FF0FF32 		mov	r2, #-1
 479 0038 BB69     		ldr	r3, [r7, #24]
 480 003a 02FA03F3 		lsl	r3, r2, r3
 481 003e DA43     		mvns	r2, r3
 482 0040 BB68     		ldr	r3, [r7, #8]
 483 0042 1A40     		ands	r2, r2, r3
 484 0044 7B69     		ldr	r3, [r7, #20]
 485 0046 9A40     		lsls	r2, r2, r3
 486 0048 4FF0FF31 		mov	r1, #-1
 487 004c 7B69     		ldr	r3, [r7, #20]
 488 004e 01FA03F3 		lsl	r3, r1, r3
 489 0052 D943     		mvns	r1, r3
 490 0054 7B68     		ldr	r3, [r7, #4]
 491 0056 0B40     		ands	r3, r3, r1
 492 0058 1343     		orrs	r3, r3, r2
 493 005a 1846     		mov	r0, r3
 494 005c 2437     		adds	r7, r7, #36
 495 005e BD46     		mov	sp, r7
 496              		@ sp needed
 497 0060 5DF8047B 		ldr	r7, [sp], #4
 498 0064 7047     		bx	lr
 500              		.section	.text.NVIC_DecodePriority,"ax",%progbits
 501              		.align	1
 502              		.syntax unified
 503              		.thumb
 504              		.thumb_func
 506              	NVIC_DecodePriority:
 507              		@ args = 0, pretend = 0, frame = 32
 508              		@ frame_needed = 1, uses_anonymous_args = 0
 509              		@ link register save eliminated.
 510 0000 80B4     		push	{r7}
 511 0002 89B0     		sub	sp, sp, #36
 512 0004 00AF     		add	r7, sp, #0
 513 0006 F860     		str	r0, [r7, #12]
 514 0008 B960     		str	r1, [r7, #8]
 515 000a 7A60     		str	r2, [r7, #4]
 516 000c 3B60     		str	r3, [r7]
 517 000e BB68     		ldr	r3, [r7, #8]
 518 0010 03F00703 		and	r3, r3, #7
 519 0014 FB61     		str	r3, [r7, #28]
 520 0016 FB69     		ldr	r3, [r7, #28]
 521 0018 C3F10703 		rsb	r3, r3, #7
 522 001c 042B     		cmp	r3, #4
 523 001e 28BF     		it	cs
 524 0020 0423     		movcs	r3, #4
 525 0022 BB61     		str	r3, [r7, #24]
 526 0024 FB69     		ldr	r3, [r7, #28]
 527 0026 0433     		adds	r3, r3, #4
 528 0028 062B     		cmp	r3, #6
 529 002a 02D9     		bls	.L54
 530 002c FB69     		ldr	r3, [r7, #28]
 531 002e 033B     		subs	r3, r3, #3
 532 0030 00E0     		b	.L55
 533              	.L54:
 534 0032 0023     		movs	r3, #0
 535              	.L55:
 536 0034 7B61     		str	r3, [r7, #20]
ARM GAS  C:\Users\user\AppData\Local\Temp\ccV46hWo.s 			page 10


 537 0036 FA68     		ldr	r2, [r7, #12]
 538 0038 7B69     		ldr	r3, [r7, #20]
 539 003a DA40     		lsrs	r2, r2, r3
 540 003c 4FF0FF31 		mov	r1, #-1
 541 0040 BB69     		ldr	r3, [r7, #24]
 542 0042 01FA03F3 		lsl	r3, r1, r3
 543 0046 DB43     		mvns	r3, r3
 544 0048 1A40     		ands	r2, r2, r3
 545 004a 7B68     		ldr	r3, [r7, #4]
 546 004c 1A60     		str	r2, [r3]
 547 004e 4FF0FF32 		mov	r2, #-1
 548 0052 7B69     		ldr	r3, [r7, #20]
 549 0054 02FA03F3 		lsl	r3, r2, r3
 550 0058 DA43     		mvns	r2, r3
 551 005a FB68     		ldr	r3, [r7, #12]
 552 005c 1A40     		ands	r2, r2, r3
 553 005e 3B68     		ldr	r3, [r7]
 554 0060 1A60     		str	r2, [r3]
 555 0062 00BF     		nop
 556 0064 2437     		adds	r7, r7, #36
 557 0066 BD46     		mov	sp, r7
 558              		@ sp needed
 559 0068 5DF8047B 		ldr	r7, [sp], #4
 560 006c 7047     		bx	lr
 562              		.section	.text.__NVIC_SystemReset,"ax",%progbits
 563              		.align	1
 564              		.syntax unified
 565              		.thumb
 566              		.thumb_func
 568              	__NVIC_SystemReset:
 569              		@ args = 0, pretend = 0, frame = 0
 570              		@ frame_needed = 1, uses_anonymous_args = 0
 571              		@ link register save eliminated.
 572 0000 80B4     		push	{r7}
 573 0002 00AF     		add	r7, sp, #0
 574              		.syntax unified
 575              	@ 879 "Drivers/CMSIS/Include/cmsis_gcc.h" 1
 576 0004 BFF34F8F 		dsb 0xF
 577              	@ 0 "" 2
 578              		.thumb
 579              		.syntax unified
 580 0008 00BF     		nop
 581 000a 064B     		ldr	r3, .L58
 582 000c DB68     		ldr	r3, [r3, #12]
 583 000e 03F4E062 		and	r2, r3, #1792
 584 0012 0449     		ldr	r1, .L58
 585 0014 044B     		ldr	r3, .L58+4
 586 0016 1343     		orrs	r3, r3, r2
 587 0018 CB60     		str	r3, [r1, #12]
 588              		.syntax unified
 589              	@ 879 "Drivers/CMSIS/Include/cmsis_gcc.h" 1
 590 001a BFF34F8F 		dsb 0xF
 591              	@ 0 "" 2
 592              		.thumb
 593              		.syntax unified
 594 001e 00BF     		nop
 595              	.L57:
ARM GAS  C:\Users\user\AppData\Local\Temp\ccV46hWo.s 			page 11


 596              		.syntax unified
 597              	@ 1950 "Drivers/CMSIS/Include/core_cm4.h" 1
 598 0020 00BF     		nop
 599              	@ 0 "" 2
 600              		.thumb
 601              		.syntax unified
 602 0022 FDE7     		b	.L57
 603              	.L59:
 604              		.align	2
 605              	.L58:
 606 0024 00ED00E0 		.word	-536810240
 607 0028 0400FA05 		.word	100270084
 609              		.section	.text.SysTick_Config,"ax",%progbits
 610              		.align	1
 611              		.syntax unified
 612              		.thumb
 613              		.thumb_func
 615              	SysTick_Config:
 616              		@ args = 0, pretend = 0, frame = 8
 617              		@ frame_needed = 1, uses_anonymous_args = 0
 618 0000 80B5     		push	{r7, lr}
 619 0002 82B0     		sub	sp, sp, #8
 620 0004 00AF     		add	r7, sp, #0
 621 0006 7860     		str	r0, [r7, #4]
 622 0008 7B68     		ldr	r3, [r7, #4]
 623 000a 013B     		subs	r3, r3, #1
 624 000c B3F1807F 		cmp	r3, #16777216
 625 0010 01D3     		bcc	.L61
 626 0012 0123     		movs	r3, #1
 627 0014 0FE0     		b	.L62
 628              	.L61:
 629 0016 0A4A     		ldr	r2, .L63
 630 0018 7B68     		ldr	r3, [r7, #4]
 631 001a 013B     		subs	r3, r3, #1
 632 001c 5360     		str	r3, [r2, #4]
 633 001e 0F21     		movs	r1, #15
 634 0020 4FF0FF30 		mov	r0, #-1
 635 0024 FFF7FEFF 		bl	__NVIC_SetPriority
 636 0028 054B     		ldr	r3, .L63
 637 002a 0022     		movs	r2, #0
 638 002c 9A60     		str	r2, [r3, #8]
 639 002e 044B     		ldr	r3, .L63
 640 0030 0722     		movs	r2, #7
 641 0032 1A60     		str	r2, [r3]
 642 0034 0023     		movs	r3, #0
 643              	.L62:
 644 0036 1846     		mov	r0, r3
 645 0038 0837     		adds	r7, r7, #8
 646 003a BD46     		mov	sp, r7
 647              		@ sp needed
 648 003c 80BD     		pop	{r7, pc}
 649              	.L64:
 650 003e 00BF     		.align	2
 651              	.L63:
 652 0040 10E000E0 		.word	-536813552
 654              		.section	.text.HAL_NVIC_SetPriorityGrouping,"ax",%progbits
 655              		.align	1
ARM GAS  C:\Users\user\AppData\Local\Temp\ccV46hWo.s 			page 12


 656              		.global	HAL_NVIC_SetPriorityGrouping
 657              		.syntax unified
 658              		.thumb
 659              		.thumb_func
 661              	HAL_NVIC_SetPriorityGrouping:
 662              		@ args = 0, pretend = 0, frame = 8
 663              		@ frame_needed = 1, uses_anonymous_args = 0
 664 0000 80B5     		push	{r7, lr}
 665 0002 82B0     		sub	sp, sp, #8
 666 0004 00AF     		add	r7, sp, #0
 667 0006 7860     		str	r0, [r7, #4]
 668 0008 7868     		ldr	r0, [r7, #4]
 669 000a FFF7FEFF 		bl	__NVIC_SetPriorityGrouping
 670 000e 00BF     		nop
 671 0010 0837     		adds	r7, r7, #8
 672 0012 BD46     		mov	sp, r7
 673              		@ sp needed
 674 0014 80BD     		pop	{r7, pc}
 676              		.section	.text.HAL_NVIC_SetPriority,"ax",%progbits
 677              		.align	1
 678              		.global	HAL_NVIC_SetPriority
 679              		.syntax unified
 680              		.thumb
 681              		.thumb_func
 683              	HAL_NVIC_SetPriority:
 684              		@ args = 0, pretend = 0, frame = 24
 685              		@ frame_needed = 1, uses_anonymous_args = 0
 686 0000 80B5     		push	{r7, lr}
 687 0002 86B0     		sub	sp, sp, #24
 688 0004 00AF     		add	r7, sp, #0
 689 0006 0346     		mov	r3, r0
 690 0008 B960     		str	r1, [r7, #8]
 691 000a 7A60     		str	r2, [r7, #4]
 692 000c FB73     		strb	r3, [r7, #15]
 693 000e 0023     		movs	r3, #0
 694 0010 7B61     		str	r3, [r7, #20]
 695 0012 FFF7FEFF 		bl	__NVIC_GetPriorityGrouping
 696 0016 7861     		str	r0, [r7, #20]
 697 0018 7A68     		ldr	r2, [r7, #4]
 698 001a B968     		ldr	r1, [r7, #8]
 699 001c 7869     		ldr	r0, [r7, #20]
 700 001e FFF7FEFF 		bl	NVIC_EncodePriority
 701 0022 0246     		mov	r2, r0
 702 0024 97F90F30 		ldrsb	r3, [r7, #15]
 703 0028 1146     		mov	r1, r2
 704 002a 1846     		mov	r0, r3
 705 002c FFF7FEFF 		bl	__NVIC_SetPriority
 706 0030 00BF     		nop
 707 0032 1837     		adds	r7, r7, #24
 708 0034 BD46     		mov	sp, r7
 709              		@ sp needed
 710 0036 80BD     		pop	{r7, pc}
 712              		.section	.text.HAL_NVIC_EnableIRQ,"ax",%progbits
 713              		.align	1
 714              		.global	HAL_NVIC_EnableIRQ
 715              		.syntax unified
 716              		.thumb
ARM GAS  C:\Users\user\AppData\Local\Temp\ccV46hWo.s 			page 13


 717              		.thumb_func
 719              	HAL_NVIC_EnableIRQ:
 720              		@ args = 0, pretend = 0, frame = 8
 721              		@ frame_needed = 1, uses_anonymous_args = 0
 722 0000 80B5     		push	{r7, lr}
 723 0002 82B0     		sub	sp, sp, #8
 724 0004 00AF     		add	r7, sp, #0
 725 0006 0346     		mov	r3, r0
 726 0008 FB71     		strb	r3, [r7, #7]
 727 000a 97F90730 		ldrsb	r3, [r7, #7]
 728 000e 1846     		mov	r0, r3
 729 0010 FFF7FEFF 		bl	__NVIC_EnableIRQ
 730 0014 00BF     		nop
 731 0016 0837     		adds	r7, r7, #8
 732 0018 BD46     		mov	sp, r7
 733              		@ sp needed
 734 001a 80BD     		pop	{r7, pc}
 736              		.section	.text.HAL_NVIC_DisableIRQ,"ax",%progbits
 737              		.align	1
 738              		.global	HAL_NVIC_DisableIRQ
 739              		.syntax unified
 740              		.thumb
 741              		.thumb_func
 743              	HAL_NVIC_DisableIRQ:
 744              		@ args = 0, pretend = 0, frame = 8
 745              		@ frame_needed = 1, uses_anonymous_args = 0
 746 0000 80B5     		push	{r7, lr}
 747 0002 82B0     		sub	sp, sp, #8
 748 0004 00AF     		add	r7, sp, #0
 749 0006 0346     		mov	r3, r0
 750 0008 FB71     		strb	r3, [r7, #7]
 751 000a 97F90730 		ldrsb	r3, [r7, #7]
 752 000e 1846     		mov	r0, r3
 753 0010 FFF7FEFF 		bl	__NVIC_DisableIRQ
 754 0014 00BF     		nop
 755 0016 0837     		adds	r7, r7, #8
 756 0018 BD46     		mov	sp, r7
 757              		@ sp needed
 758 001a 80BD     		pop	{r7, pc}
 760              		.section	.text.HAL_NVIC_SystemReset,"ax",%progbits
 761              		.align	1
 762              		.global	HAL_NVIC_SystemReset
 763              		.syntax unified
 764              		.thumb
 765              		.thumb_func
 767              	HAL_NVIC_SystemReset:
 768              		@ args = 0, pretend = 0, frame = 0
 769              		@ frame_needed = 1, uses_anonymous_args = 0
 770 0000 80B5     		push	{r7, lr}
 771 0002 00AF     		add	r7, sp, #0
 772 0004 FFF7FEFF 		bl	__NVIC_SystemReset
 774              		.section	.text.HAL_SYSTICK_Config,"ax",%progbits
 775              		.align	1
 776              		.global	HAL_SYSTICK_Config
 777              		.syntax unified
 778              		.thumb
 779              		.thumb_func
ARM GAS  C:\Users\user\AppData\Local\Temp\ccV46hWo.s 			page 14


 781              	HAL_SYSTICK_Config:
 782              		@ args = 0, pretend = 0, frame = 8
 783              		@ frame_needed = 1, uses_anonymous_args = 0
 784 0000 80B5     		push	{r7, lr}
 785 0002 82B0     		sub	sp, sp, #8
 786 0004 00AF     		add	r7, sp, #0
 787 0006 7860     		str	r0, [r7, #4]
 788 0008 7868     		ldr	r0, [r7, #4]
 789 000a FFF7FEFF 		bl	SysTick_Config
 790 000e 0346     		mov	r3, r0
 791 0010 1846     		mov	r0, r3
 792 0012 0837     		adds	r7, r7, #8
 793 0014 BD46     		mov	sp, r7
 794              		@ sp needed
 795 0016 80BD     		pop	{r7, pc}
 797              		.section	.text.HAL_MPU_Disable,"ax",%progbits
 798              		.align	1
 799              		.global	HAL_MPU_Disable
 800              		.syntax unified
 801              		.thumb
 802              		.thumb_func
 804              	HAL_MPU_Disable:
 805              		@ args = 0, pretend = 0, frame = 0
 806              		@ frame_needed = 1, uses_anonymous_args = 0
 807              		@ link register save eliminated.
 808 0000 80B4     		push	{r7}
 809 0002 00AF     		add	r7, sp, #0
 810              		.syntax unified
 811              	@ 890 "Drivers/CMSIS/Include/cmsis_gcc.h" 1
 812 0004 BFF35F8F 		dmb 0xF
 813              	@ 0 "" 2
 814              		.thumb
 815              		.syntax unified
 816 0008 00BF     		nop
 817 000a 074B     		ldr	r3, .L73
 818 000c 5B6A     		ldr	r3, [r3, #36]
 819 000e 064A     		ldr	r2, .L73
 820 0010 23F48033 		bic	r3, r3, #65536
 821 0014 5362     		str	r3, [r2, #36]
 822 0016 054B     		ldr	r3, .L73+4
 823 0018 0022     		movs	r2, #0
 824 001a 5A60     		str	r2, [r3, #4]
 825 001c 00BF     		nop
 826 001e BD46     		mov	sp, r7
 827              		@ sp needed
 828 0020 5DF8047B 		ldr	r7, [sp], #4
 829 0024 7047     		bx	lr
 830              	.L74:
 831 0026 00BF     		.align	2
 832              	.L73:
 833 0028 00ED00E0 		.word	-536810240
 834 002c 90ED00E0 		.word	-536810096
 836              		.section	.text.HAL_MPU_Enable,"ax",%progbits
 837              		.align	1
 838              		.global	HAL_MPU_Enable
 839              		.syntax unified
 840              		.thumb
ARM GAS  C:\Users\user\AppData\Local\Temp\ccV46hWo.s 			page 15


 841              		.thumb_func
 843              	HAL_MPU_Enable:
 844              		@ args = 0, pretend = 0, frame = 8
 845              		@ frame_needed = 1, uses_anonymous_args = 0
 846              		@ link register save eliminated.
 847 0000 80B4     		push	{r7}
 848 0002 83B0     		sub	sp, sp, #12
 849 0004 00AF     		add	r7, sp, #0
 850 0006 7860     		str	r0, [r7, #4]
 851 0008 0B4A     		ldr	r2, .L76
 852 000a 7B68     		ldr	r3, [r7, #4]
 853 000c 43F00103 		orr	r3, r3, #1
 854 0010 5360     		str	r3, [r2, #4]
 855 0012 0A4B     		ldr	r3, .L76+4
 856 0014 5B6A     		ldr	r3, [r3, #36]
 857 0016 094A     		ldr	r2, .L76+4
 858 0018 43F48033 		orr	r3, r3, #65536
 859 001c 5362     		str	r3, [r2, #36]
 860              		.syntax unified
 861              	@ 879 "Drivers/CMSIS/Include/cmsis_gcc.h" 1
 862 001e BFF34F8F 		dsb 0xF
 863              	@ 0 "" 2
 864              		.thumb
 865              		.syntax unified
 866 0022 00BF     		nop
 867              		.syntax unified
 868              	@ 868 "Drivers/CMSIS/Include/cmsis_gcc.h" 1
 869 0024 BFF36F8F 		isb 0xF
 870              	@ 0 "" 2
 871              		.thumb
 872              		.syntax unified
 873 0028 00BF     		nop
 874 002a 00BF     		nop
 875 002c 0C37     		adds	r7, r7, #12
 876 002e BD46     		mov	sp, r7
 877              		@ sp needed
 878 0030 5DF8047B 		ldr	r7, [sp], #4
 879 0034 7047     		bx	lr
 880              	.L77:
 881 0036 00BF     		.align	2
 882              	.L76:
 883 0038 90ED00E0 		.word	-536810096
 884 003c 00ED00E0 		.word	-536810240
 886              		.section	.text.HAL_MPU_ConfigRegion,"ax",%progbits
 887              		.align	1
 888              		.global	HAL_MPU_ConfigRegion
 889              		.syntax unified
 890              		.thumb
 891              		.thumb_func
 893              	HAL_MPU_ConfigRegion:
 894              		@ args = 0, pretend = 0, frame = 8
 895              		@ frame_needed = 1, uses_anonymous_args = 0
 896              		@ link register save eliminated.
 897 0000 80B4     		push	{r7}
 898 0002 83B0     		sub	sp, sp, #12
 899 0004 00AF     		add	r7, sp, #0
 900 0006 7860     		str	r0, [r7, #4]
ARM GAS  C:\Users\user\AppData\Local\Temp\ccV46hWo.s 			page 16


 901 0008 7B68     		ldr	r3, [r7, #4]
 902 000a 5A78     		ldrb	r2, [r3, #1]	@ zero_extendqisi2
 903 000c 1D4B     		ldr	r3, .L82
 904 000e 9A60     		str	r2, [r3, #8]
 905 0010 7B68     		ldr	r3, [r7, #4]
 906 0012 1B78     		ldrb	r3, [r3]	@ zero_extendqisi2
 907 0014 002B     		cmp	r3, #0
 908 0016 29D0     		beq	.L79
 909 0018 1A4A     		ldr	r2, .L82
 910 001a 7B68     		ldr	r3, [r7, #4]
 911 001c 5B68     		ldr	r3, [r3, #4]
 912 001e D360     		str	r3, [r2, #12]
 913 0020 7B68     		ldr	r3, [r7, #4]
 914 0022 1B7B     		ldrb	r3, [r3, #12]	@ zero_extendqisi2
 915 0024 1A07     		lsls	r2, r3, #28
 916 0026 7B68     		ldr	r3, [r7, #4]
 917 0028 DB7A     		ldrb	r3, [r3, #11]	@ zero_extendqisi2
 918 002a 1B06     		lsls	r3, r3, #24
 919 002c 1A43     		orrs	r2, r2, r3
 920 002e 7B68     		ldr	r3, [r7, #4]
 921 0030 9B7A     		ldrb	r3, [r3, #10]	@ zero_extendqisi2
 922 0032 DB04     		lsls	r3, r3, #19
 923 0034 1A43     		orrs	r2, r2, r3
 924 0036 7B68     		ldr	r3, [r7, #4]
 925 0038 5B7B     		ldrb	r3, [r3, #13]	@ zero_extendqisi2
 926 003a 9B04     		lsls	r3, r3, #18
 927 003c 1A43     		orrs	r2, r2, r3
 928 003e 7B68     		ldr	r3, [r7, #4]
 929 0040 9B7B     		ldrb	r3, [r3, #14]	@ zero_extendqisi2
 930 0042 5B04     		lsls	r3, r3, #17
 931 0044 1A43     		orrs	r2, r2, r3
 932 0046 7B68     		ldr	r3, [r7, #4]
 933 0048 DB7B     		ldrb	r3, [r3, #15]	@ zero_extendqisi2
 934 004a 1B04     		lsls	r3, r3, #16
 935 004c 1A43     		orrs	r2, r2, r3
 936 004e 7B68     		ldr	r3, [r7, #4]
 937 0050 5B7A     		ldrb	r3, [r3, #9]	@ zero_extendqisi2
 938 0052 1B02     		lsls	r3, r3, #8
 939 0054 1A43     		orrs	r2, r2, r3
 940 0056 7B68     		ldr	r3, [r7, #4]
 941 0058 1B7A     		ldrb	r3, [r3, #8]	@ zero_extendqisi2
 942 005a 5B00     		lsls	r3, r3, #1
 943 005c 1343     		orrs	r3, r3, r2
 944 005e 7A68     		ldr	r2, [r7, #4]
 945 0060 1278     		ldrb	r2, [r2]	@ zero_extendqisi2
 946 0062 1146     		mov	r1, r2
 947 0064 074A     		ldr	r2, .L82
 948 0066 0B43     		orrs	r3, r3, r1
 949 0068 1361     		str	r3, [r2, #16]
 950 006a 05E0     		b	.L81
 951              	.L79:
 952 006c 054B     		ldr	r3, .L82
 953 006e 0022     		movs	r2, #0
 954 0070 DA60     		str	r2, [r3, #12]
 955 0072 044B     		ldr	r3, .L82
 956 0074 0022     		movs	r2, #0
 957 0076 1A61     		str	r2, [r3, #16]
ARM GAS  C:\Users\user\AppData\Local\Temp\ccV46hWo.s 			page 17


 958              	.L81:
 959 0078 00BF     		nop
 960 007a 0C37     		adds	r7, r7, #12
 961 007c BD46     		mov	sp, r7
 962              		@ sp needed
 963 007e 5DF8047B 		ldr	r7, [sp], #4
 964 0082 7047     		bx	lr
 965              	.L83:
 966              		.align	2
 967              	.L82:
 968 0084 90ED00E0 		.word	-536810096
 970              		.section	.text.HAL_NVIC_GetPriorityGrouping,"ax",%progbits
 971              		.align	1
 972              		.global	HAL_NVIC_GetPriorityGrouping
 973              		.syntax unified
 974              		.thumb
 975              		.thumb_func
 977              	HAL_NVIC_GetPriorityGrouping:
 978              		@ args = 0, pretend = 0, frame = 0
 979              		@ frame_needed = 1, uses_anonymous_args = 0
 980 0000 80B5     		push	{r7, lr}
 981 0002 00AF     		add	r7, sp, #0
 982 0004 FFF7FEFF 		bl	__NVIC_GetPriorityGrouping
 983 0008 0346     		mov	r3, r0
 984 000a 1846     		mov	r0, r3
 985 000c 80BD     		pop	{r7, pc}
 987              		.section	.text.HAL_NVIC_GetPriority,"ax",%progbits
 988              		.align	1
 989              		.global	HAL_NVIC_GetPriority
 990              		.syntax unified
 991              		.thumb
 992              		.thumb_func
 994              	HAL_NVIC_GetPriority:
 995              		@ args = 0, pretend = 0, frame = 16
 996              		@ frame_needed = 1, uses_anonymous_args = 0
 997 0000 80B5     		push	{r7, lr}
 998 0002 84B0     		sub	sp, sp, #16
 999 0004 00AF     		add	r7, sp, #0
 1000 0006 B960     		str	r1, [r7, #8]
 1001 0008 7A60     		str	r2, [r7, #4]
 1002 000a 3B60     		str	r3, [r7]
 1003 000c 0346     		mov	r3, r0
 1004 000e FB73     		strb	r3, [r7, #15]
 1005 0010 97F90F30 		ldrsb	r3, [r7, #15]
 1006 0014 1846     		mov	r0, r3
 1007 0016 FFF7FEFF 		bl	__NVIC_GetPriority
 1008 001a 3B68     		ldr	r3, [r7]
 1009 001c 7A68     		ldr	r2, [r7, #4]
 1010 001e B968     		ldr	r1, [r7, #8]
 1011 0020 FFF7FEFF 		bl	NVIC_DecodePriority
 1012 0024 00BF     		nop
 1013 0026 1037     		adds	r7, r7, #16
 1014 0028 BD46     		mov	sp, r7
 1015              		@ sp needed
 1016 002a 80BD     		pop	{r7, pc}
 1018              		.section	.text.HAL_NVIC_SetPendingIRQ,"ax",%progbits
 1019              		.align	1
ARM GAS  C:\Users\user\AppData\Local\Temp\ccV46hWo.s 			page 18


 1020              		.global	HAL_NVIC_SetPendingIRQ
 1021              		.syntax unified
 1022              		.thumb
 1023              		.thumb_func
 1025              	HAL_NVIC_SetPendingIRQ:
 1026              		@ args = 0, pretend = 0, frame = 8
 1027              		@ frame_needed = 1, uses_anonymous_args = 0
 1028 0000 80B5     		push	{r7, lr}
 1029 0002 82B0     		sub	sp, sp, #8
 1030 0004 00AF     		add	r7, sp, #0
 1031 0006 0346     		mov	r3, r0
 1032 0008 FB71     		strb	r3, [r7, #7]
 1033 000a 97F90730 		ldrsb	r3, [r7, #7]
 1034 000e 1846     		mov	r0, r3
 1035 0010 FFF7FEFF 		bl	__NVIC_SetPendingIRQ
 1036 0014 00BF     		nop
 1037 0016 0837     		adds	r7, r7, #8
 1038 0018 BD46     		mov	sp, r7
 1039              		@ sp needed
 1040 001a 80BD     		pop	{r7, pc}
 1042              		.section	.text.HAL_NVIC_GetPendingIRQ,"ax",%progbits
 1043              		.align	1
 1044              		.global	HAL_NVIC_GetPendingIRQ
 1045              		.syntax unified
 1046              		.thumb
 1047              		.thumb_func
 1049              	HAL_NVIC_GetPendingIRQ:
 1050              		@ args = 0, pretend = 0, frame = 8
 1051              		@ frame_needed = 1, uses_anonymous_args = 0
 1052 0000 80B5     		push	{r7, lr}
 1053 0002 82B0     		sub	sp, sp, #8
 1054 0004 00AF     		add	r7, sp, #0
 1055 0006 0346     		mov	r3, r0
 1056 0008 FB71     		strb	r3, [r7, #7]
 1057 000a 97F90730 		ldrsb	r3, [r7, #7]
 1058 000e 1846     		mov	r0, r3
 1059 0010 FFF7FEFF 		bl	__NVIC_GetPendingIRQ
 1060 0014 0346     		mov	r3, r0
 1061 0016 1846     		mov	r0, r3
 1062 0018 0837     		adds	r7, r7, #8
 1063 001a BD46     		mov	sp, r7
 1064              		@ sp needed
 1065 001c 80BD     		pop	{r7, pc}
 1067              		.section	.text.HAL_NVIC_ClearPendingIRQ,"ax",%progbits
 1068              		.align	1
 1069              		.global	HAL_NVIC_ClearPendingIRQ
 1070              		.syntax unified
 1071              		.thumb
 1072              		.thumb_func
 1074              	HAL_NVIC_ClearPendingIRQ:
 1075              		@ args = 0, pretend = 0, frame = 8
 1076              		@ frame_needed = 1, uses_anonymous_args = 0
 1077 0000 80B5     		push	{r7, lr}
 1078 0002 82B0     		sub	sp, sp, #8
 1079 0004 00AF     		add	r7, sp, #0
 1080 0006 0346     		mov	r3, r0
 1081 0008 FB71     		strb	r3, [r7, #7]
ARM GAS  C:\Users\user\AppData\Local\Temp\ccV46hWo.s 			page 19


 1082 000a 97F90730 		ldrsb	r3, [r7, #7]
 1083 000e 1846     		mov	r0, r3
 1084 0010 FFF7FEFF 		bl	__NVIC_ClearPendingIRQ
 1085 0014 00BF     		nop
 1086 0016 0837     		adds	r7, r7, #8
 1087 0018 BD46     		mov	sp, r7
 1088              		@ sp needed
 1089 001a 80BD     		pop	{r7, pc}
 1091              		.section	.text.HAL_NVIC_GetActive,"ax",%progbits
 1092              		.align	1
 1093              		.global	HAL_NVIC_GetActive
 1094              		.syntax unified
 1095              		.thumb
 1096              		.thumb_func
 1098              	HAL_NVIC_GetActive:
 1099              		@ args = 0, pretend = 0, frame = 8
 1100              		@ frame_needed = 1, uses_anonymous_args = 0
 1101 0000 80B5     		push	{r7, lr}
 1102 0002 82B0     		sub	sp, sp, #8
 1103 0004 00AF     		add	r7, sp, #0
 1104 0006 0346     		mov	r3, r0
 1105 0008 FB71     		strb	r3, [r7, #7]
 1106 000a 97F90730 		ldrsb	r3, [r7, #7]
 1107 000e 1846     		mov	r0, r3
 1108 0010 FFF7FEFF 		bl	__NVIC_GetActive
 1109 0014 0346     		mov	r3, r0
 1110 0016 1846     		mov	r0, r3
 1111 0018 0837     		adds	r7, r7, #8
 1112 001a BD46     		mov	sp, r7
 1113              		@ sp needed
 1114 001c 80BD     		pop	{r7, pc}
 1116              		.section	.text.HAL_SYSTICK_CLKSourceConfig,"ax",%progbits
 1117              		.align	1
 1118              		.global	HAL_SYSTICK_CLKSourceConfig
 1119              		.syntax unified
 1120              		.thumb
 1121              		.thumb_func
 1123              	HAL_SYSTICK_CLKSourceConfig:
 1124              		@ args = 0, pretend = 0, frame = 8
 1125              		@ frame_needed = 1, uses_anonymous_args = 0
 1126              		@ link register save eliminated.
 1127 0000 80B4     		push	{r7}
 1128 0002 83B0     		sub	sp, sp, #12
 1129 0004 00AF     		add	r7, sp, #0
 1130 0006 7860     		str	r0, [r7, #4]
 1131 0008 7B68     		ldr	r3, [r7, #4]
 1132 000a 042B     		cmp	r3, #4
 1133 000c 06D1     		bne	.L94
 1134 000e 094B     		ldr	r3, .L97
 1135 0010 1B68     		ldr	r3, [r3]
 1136 0012 084A     		ldr	r2, .L97
 1137 0014 43F00403 		orr	r3, r3, #4
 1138 0018 1360     		str	r3, [r2]
 1139 001a 05E0     		b	.L96
 1140              	.L94:
 1141 001c 054B     		ldr	r3, .L97
 1142 001e 1B68     		ldr	r3, [r3]
ARM GAS  C:\Users\user\AppData\Local\Temp\ccV46hWo.s 			page 20


 1143 0020 044A     		ldr	r2, .L97
 1144 0022 23F00403 		bic	r3, r3, #4
 1145 0026 1360     		str	r3, [r2]
 1146              	.L96:
 1147 0028 00BF     		nop
 1148 002a 0C37     		adds	r7, r7, #12
 1149 002c BD46     		mov	sp, r7
 1150              		@ sp needed
 1151 002e 5DF8047B 		ldr	r7, [sp], #4
 1152 0032 7047     		bx	lr
 1153              	.L98:
 1154              		.align	2
 1155              	.L97:
 1156 0034 10E000E0 		.word	-536813552
 1158              		.section	.text.HAL_SYSTICK_IRQHandler,"ax",%progbits
 1159              		.align	1
 1160              		.global	HAL_SYSTICK_IRQHandler
 1161              		.syntax unified
 1162              		.thumb
 1163              		.thumb_func
 1165              	HAL_SYSTICK_IRQHandler:
 1166              		@ args = 0, pretend = 0, frame = 0
 1167              		@ frame_needed = 1, uses_anonymous_args = 0
 1168 0000 80B5     		push	{r7, lr}
 1169 0002 00AF     		add	r7, sp, #0
 1170 0004 FFF7FEFF 		bl	HAL_SYSTICK_Callback
 1171 0008 00BF     		nop
 1172 000a 80BD     		pop	{r7, pc}
 1174              		.section	.text.HAL_SYSTICK_Callback,"ax",%progbits
 1175              		.align	1
 1176              		.weak	HAL_SYSTICK_Callback
 1177              		.syntax unified
 1178              		.thumb
 1179              		.thumb_func
 1181              	HAL_SYSTICK_Callback:
 1182              		@ args = 0, pretend = 0, frame = 0
 1183              		@ frame_needed = 1, uses_anonymous_args = 0
 1184              		@ link register save eliminated.
 1185 0000 80B4     		push	{r7}
 1186 0002 00AF     		add	r7, sp, #0
 1187 0004 00BF     		nop
 1188 0006 BD46     		mov	sp, r7
 1189              		@ sp needed
 1190 0008 5DF8047B 		ldr	r7, [sp], #4
 1191 000c 7047     		bx	lr
 1193              		.ident	"GCC: (GNU Tools for STM32 12.3.rel1.20240306-1730) 12.3.1 20230626"
ARM GAS  C:\Users\user\AppData\Local\Temp\ccV46hWo.s 			page 21


DEFINED SYMBOLS
                            *ABS*:00000000 stm32f4xx_hal_cortex.c
C:\Users\user\AppData\Local\Temp\ccV46hWo.s:18     .text.__NVIC_SetPriorityGrouping:00000000 $t
C:\Users\user\AppData\Local\Temp\ccV46hWo.s:23     .text.__NVIC_SetPriorityGrouping:00000000 __NVIC_SetPriorityGrouping
C:\Users\user\AppData\Local\Temp\ccV46hWo.s:60     .text.__NVIC_SetPriorityGrouping:00000044 $d
C:\Users\user\AppData\Local\Temp\ccV46hWo.s:63     .text.__NVIC_GetPriorityGrouping:00000000 $t
C:\Users\user\AppData\Local\Temp\ccV46hWo.s:68     .text.__NVIC_GetPriorityGrouping:00000000 __NVIC_GetPriorityGrouping
C:\Users\user\AppData\Local\Temp\ccV46hWo.s:86     .text.__NVIC_GetPriorityGrouping:00000018 $d
C:\Users\user\AppData\Local\Temp\ccV46hWo.s:89     .text.__NVIC_EnableIRQ:00000000 $t
C:\Users\user\AppData\Local\Temp\ccV46hWo.s:94     .text.__NVIC_EnableIRQ:00000000 __NVIC_EnableIRQ
C:\Users\user\AppData\Local\Temp\ccV46hWo.s:124    .text.__NVIC_EnableIRQ:00000038 $d
C:\Users\user\AppData\Local\Temp\ccV46hWo.s:127    .text.__NVIC_DisableIRQ:00000000 $t
C:\Users\user\AppData\Local\Temp\ccV46hWo.s:132    .text.__NVIC_DisableIRQ:00000000 __NVIC_DisableIRQ
C:\Users\user\AppData\Local\Temp\ccV46hWo.s:177    .text.__NVIC_DisableIRQ:00000044 $d
C:\Users\user\AppData\Local\Temp\ccV46hWo.s:180    .text.__NVIC_GetPendingIRQ:00000000 $t
C:\Users\user\AppData\Local\Temp\ccV46hWo.s:185    .text.__NVIC_GetPendingIRQ:00000000 __NVIC_GetPendingIRQ
C:\Users\user\AppData\Local\Temp\ccV46hWo.s:219    .text.__NVIC_GetPendingIRQ:00000040 $d
C:\Users\user\AppData\Local\Temp\ccV46hWo.s:222    .text.__NVIC_SetPendingIRQ:00000000 $t
C:\Users\user\AppData\Local\Temp\ccV46hWo.s:227    .text.__NVIC_SetPendingIRQ:00000000 __NVIC_SetPendingIRQ
C:\Users\user\AppData\Local\Temp\ccV46hWo.s:258    .text.__NVIC_SetPendingIRQ:00000038 $d
C:\Users\user\AppData\Local\Temp\ccV46hWo.s:261    .text.__NVIC_ClearPendingIRQ:00000000 $t
C:\Users\user\AppData\Local\Temp\ccV46hWo.s:266    .text.__NVIC_ClearPendingIRQ:00000000 __NVIC_ClearPendingIRQ
C:\Users\user\AppData\Local\Temp\ccV46hWo.s:297    .text.__NVIC_ClearPendingIRQ:00000038 $d
C:\Users\user\AppData\Local\Temp\ccV46hWo.s:300    .text.__NVIC_GetActive:00000000 $t
C:\Users\user\AppData\Local\Temp\ccV46hWo.s:305    .text.__NVIC_GetActive:00000000 __NVIC_GetActive
C:\Users\user\AppData\Local\Temp\ccV46hWo.s:339    .text.__NVIC_GetActive:00000040 $d
C:\Users\user\AppData\Local\Temp\ccV46hWo.s:342    .text.__NVIC_SetPriority:00000000 $t
C:\Users\user\AppData\Local\Temp\ccV46hWo.s:347    .text.__NVIC_SetPriority:00000000 __NVIC_SetPriority
C:\Users\user\AppData\Local\Temp\ccV46hWo.s:390    .text.__NVIC_SetPriority:0000004c $d
C:\Users\user\AppData\Local\Temp\ccV46hWo.s:394    .text.__NVIC_GetPriority:00000000 $t
C:\Users\user\AppData\Local\Temp\ccV46hWo.s:399    .text.__NVIC_GetPriority:00000000 __NVIC_GetPriority
C:\Users\user\AppData\Local\Temp\ccV46hWo.s:439    .text.__NVIC_GetPriority:00000048 $d
C:\Users\user\AppData\Local\Temp\ccV46hWo.s:443    .text.NVIC_EncodePriority:00000000 $t
C:\Users\user\AppData\Local\Temp\ccV46hWo.s:448    .text.NVIC_EncodePriority:00000000 NVIC_EncodePriority
C:\Users\user\AppData\Local\Temp\ccV46hWo.s:501    .text.NVIC_DecodePriority:00000000 $t
C:\Users\user\AppData\Local\Temp\ccV46hWo.s:506    .text.NVIC_DecodePriority:00000000 NVIC_DecodePriority
C:\Users\user\AppData\Local\Temp\ccV46hWo.s:563    .text.__NVIC_SystemReset:00000000 $t
C:\Users\user\AppData\Local\Temp\ccV46hWo.s:568    .text.__NVIC_SystemReset:00000000 __NVIC_SystemReset
C:\Users\user\AppData\Local\Temp\ccV46hWo.s:606    .text.__NVIC_SystemReset:00000024 $d
C:\Users\user\AppData\Local\Temp\ccV46hWo.s:610    .text.SysTick_Config:00000000 $t
C:\Users\user\AppData\Local\Temp\ccV46hWo.s:615    .text.SysTick_Config:00000000 SysTick_Config
C:\Users\user\AppData\Local\Temp\ccV46hWo.s:652    .text.SysTick_Config:00000040 $d
C:\Users\user\AppData\Local\Temp\ccV46hWo.s:655    .text.HAL_NVIC_SetPriorityGrouping:00000000 $t
C:\Users\user\AppData\Local\Temp\ccV46hWo.s:661    .text.HAL_NVIC_SetPriorityGrouping:00000000 HAL_NVIC_SetPriorityGrouping
C:\Users\user\AppData\Local\Temp\ccV46hWo.s:677    .text.HAL_NVIC_SetPriority:00000000 $t
C:\Users\user\AppData\Local\Temp\ccV46hWo.s:683    .text.HAL_NVIC_SetPriority:00000000 HAL_NVIC_SetPriority
C:\Users\user\AppData\Local\Temp\ccV46hWo.s:713    .text.HAL_NVIC_EnableIRQ:00000000 $t
C:\Users\user\AppData\Local\Temp\ccV46hWo.s:719    .text.HAL_NVIC_EnableIRQ:00000000 HAL_NVIC_EnableIRQ
C:\Users\user\AppData\Local\Temp\ccV46hWo.s:737    .text.HAL_NVIC_DisableIRQ:00000000 $t
C:\Users\user\AppData\Local\Temp\ccV46hWo.s:743    .text.HAL_NVIC_DisableIRQ:00000000 HAL_NVIC_DisableIRQ
C:\Users\user\AppData\Local\Temp\ccV46hWo.s:761    .text.HAL_NVIC_SystemReset:00000000 $t
C:\Users\user\AppData\Local\Temp\ccV46hWo.s:767    .text.HAL_NVIC_SystemReset:00000000 HAL_NVIC_SystemReset
C:\Users\user\AppData\Local\Temp\ccV46hWo.s:775    .text.HAL_SYSTICK_Config:00000000 $t
C:\Users\user\AppData\Local\Temp\ccV46hWo.s:781    .text.HAL_SYSTICK_Config:00000000 HAL_SYSTICK_Config
C:\Users\user\AppData\Local\Temp\ccV46hWo.s:798    .text.HAL_MPU_Disable:00000000 $t
C:\Users\user\AppData\Local\Temp\ccV46hWo.s:804    .text.HAL_MPU_Disable:00000000 HAL_MPU_Disable
C:\Users\user\AppData\Local\Temp\ccV46hWo.s:833    .text.HAL_MPU_Disable:00000028 $d
ARM GAS  C:\Users\user\AppData\Local\Temp\ccV46hWo.s 			page 22


C:\Users\user\AppData\Local\Temp\ccV46hWo.s:837    .text.HAL_MPU_Enable:00000000 $t
C:\Users\user\AppData\Local\Temp\ccV46hWo.s:843    .text.HAL_MPU_Enable:00000000 HAL_MPU_Enable
C:\Users\user\AppData\Local\Temp\ccV46hWo.s:883    .text.HAL_MPU_Enable:00000038 $d
C:\Users\user\AppData\Local\Temp\ccV46hWo.s:887    .text.HAL_MPU_ConfigRegion:00000000 $t
C:\Users\user\AppData\Local\Temp\ccV46hWo.s:893    .text.HAL_MPU_ConfigRegion:00000000 HAL_MPU_ConfigRegion
C:\Users\user\AppData\Local\Temp\ccV46hWo.s:968    .text.HAL_MPU_ConfigRegion:00000084 $d
C:\Users\user\AppData\Local\Temp\ccV46hWo.s:971    .text.HAL_NVIC_GetPriorityGrouping:00000000 $t
C:\Users\user\AppData\Local\Temp\ccV46hWo.s:977    .text.HAL_NVIC_GetPriorityGrouping:00000000 HAL_NVIC_GetPriorityGrouping
C:\Users\user\AppData\Local\Temp\ccV46hWo.s:988    .text.HAL_NVIC_GetPriority:00000000 $t
C:\Users\user\AppData\Local\Temp\ccV46hWo.s:994    .text.HAL_NVIC_GetPriority:00000000 HAL_NVIC_GetPriority
C:\Users\user\AppData\Local\Temp\ccV46hWo.s:1019   .text.HAL_NVIC_SetPendingIRQ:00000000 $t
C:\Users\user\AppData\Local\Temp\ccV46hWo.s:1025   .text.HAL_NVIC_SetPendingIRQ:00000000 HAL_NVIC_SetPendingIRQ
C:\Users\user\AppData\Local\Temp\ccV46hWo.s:1043   .text.HAL_NVIC_GetPendingIRQ:00000000 $t
C:\Users\user\AppData\Local\Temp\ccV46hWo.s:1049   .text.HAL_NVIC_GetPendingIRQ:00000000 HAL_NVIC_GetPendingIRQ
C:\Users\user\AppData\Local\Temp\ccV46hWo.s:1068   .text.HAL_NVIC_ClearPendingIRQ:00000000 $t
C:\Users\user\AppData\Local\Temp\ccV46hWo.s:1074   .text.HAL_NVIC_ClearPendingIRQ:00000000 HAL_NVIC_ClearPendingIRQ
C:\Users\user\AppData\Local\Temp\ccV46hWo.s:1092   .text.HAL_NVIC_GetActive:00000000 $t
C:\Users\user\AppData\Local\Temp\ccV46hWo.s:1098   .text.HAL_NVIC_GetActive:00000000 HAL_NVIC_GetActive
C:\Users\user\AppData\Local\Temp\ccV46hWo.s:1117   .text.HAL_SYSTICK_CLKSourceConfig:00000000 $t
C:\Users\user\AppData\Local\Temp\ccV46hWo.s:1123   .text.HAL_SYSTICK_CLKSourceConfig:00000000 HAL_SYSTICK_CLKSourceConfig
C:\Users\user\AppData\Local\Temp\ccV46hWo.s:1156   .text.HAL_SYSTICK_CLKSourceConfig:00000034 $d
C:\Users\user\AppData\Local\Temp\ccV46hWo.s:1159   .text.HAL_SYSTICK_IRQHandler:00000000 $t
C:\Users\user\AppData\Local\Temp\ccV46hWo.s:1165   .text.HAL_SYSTICK_IRQHandler:00000000 HAL_SYSTICK_IRQHandler
C:\Users\user\AppData\Local\Temp\ccV46hWo.s:1181   .text.HAL_SYSTICK_Callback:00000000 HAL_SYSTICK_Callback
C:\Users\user\AppData\Local\Temp\ccV46hWo.s:1175   .text.HAL_SYSTICK_Callback:00000000 $t

NO UNDEFINED SYMBOLS
