ARM GAS  C:\Users\user\AppData\Local\Temp\ccBe7x1v.s 			page 1


   1              		.cpu cortex-m4
   2              		.arch armv7e-m
   3              		.fpu fpv4-sp-d16
   4              		.eabi_attribute 27, 1
   5              		.eabi_attribute 28, 1
   6              		.eabi_attribute 20, 1
   7              		.eabi_attribute 21, 1
   8              		.eabi_attribute 23, 3
   9              		.eabi_attribute 24, 1
  10              		.eabi_attribute 25, 1
  11              		.eabi_attribute 26, 1
  12              		.eabi_attribute 30, 6
  13              		.eabi_attribute 34, 1
  14              		.eabi_attribute 18, 4
  15              		.file	"usart.c"
  16              		.text
  17              		.global	payload
  18              		.section	.data.payload,"aw"
  19              		.align	2
  22              	payload:
  23 0000 051200   		.ascii	"\005\022\000"
  24 0003 00000000 		.space	15
  24      00000000 
  24      00000000 
  24      000000
  25              		.section	.rodata
  26              		.align	2
  27              	.LC0:
  28 0000 41434B00 		.ascii	"ACK\000"
  29              		.section	.text.HAL_UART_RxCpltCallback,"ax",%progbits
  30              		.align	1
  31              		.global	HAL_UART_RxCpltCallback
  32              		.syntax unified
  33              		.thumb
  34              		.thumb_func
  36              	HAL_UART_RxCpltCallback:
  37              		@ args = 0, pretend = 0, frame = 16
  38              		@ frame_needed = 1, uses_anonymous_args = 0
  39 0000 80B5     		push	{r7, lr}
  40 0002 84B0     		sub	sp, sp, #16
  41 0004 00AF     		add	r7, sp, #0
  42 0006 7860     		str	r0, [r7, #4]
  43 0008 7B68     		ldr	r3, [r7, #4]
  44 000a 1B68     		ldr	r3, [r3]
  45 000c 174A     		ldr	r2, .L6
  46 000e 9342     		cmp	r3, r2
  47 0010 28D1     		bne	.L5
  48 0012 0023     		movs	r3, #0
  49 0014 FB60     		str	r3, [r7, #12]
  50 0016 0023     		movs	r3, #0
  51 0018 BB60     		str	r3, [r7, #8]
  52 001a 0AE0     		b	.L3
  53              	.L4:
  54 001c 144A     		ldr	r2, .L6+4
  55 001e BB68     		ldr	r3, [r7, #8]
  56 0020 1344     		add	r3, r3, r2
  57 0022 1B78     		ldrb	r3, [r3]	@ zero_extendqisi2
ARM GAS  C:\Users\user\AppData\Local\Temp\ccBe7x1v.s 			page 2


  58 0024 1A46     		mov	r2, r3
  59 0026 FB68     		ldr	r3, [r7, #12]
  60 0028 1344     		add	r3, r3, r2
  61 002a FB60     		str	r3, [r7, #12]
  62 002c BB68     		ldr	r3, [r7, #8]
  63 002e 0133     		adds	r3, r3, #1
  64 0030 BB60     		str	r3, [r7, #8]
  65              	.L3:
  66 0032 BB68     		ldr	r3, [r7, #8]
  67 0034 122B     		cmp	r3, #18
  68 0036 F1DD     		ble	.L4
  69 0038 FB68     		ldr	r3, [r7, #12]
  70 003a DBB2     		uxtb	r3, r3
  71 003c FB60     		str	r3, [r7, #12]
  72 003e 0C4B     		ldr	r3, .L6+4
  73 0040 DA7C     		ldrb	r2, [r3, #19]	@ zero_extendqisi2
  74 0042 FB68     		ldr	r3, [r7, #12]
  75 0044 DBB2     		uxtb	r3, r3
  76 0046 9A42     		cmp	r2, r3
  77 0048 0CD1     		bne	.L5
  78 004a 0322     		movs	r2, #3
  79 004c 0949     		ldr	r1, .L6+8
  80 004e 0A48     		ldr	r0, .L6+12
  81 0050 FFF7FEFF 		bl	HAL_UART_Transmit_IT
  82 0054 0020     		movs	r0, #0
  83 0056 FFF7FEFF 		bl	RTC_FIX
  84 005a 1422     		movs	r2, #20
  85 005c 0449     		ldr	r1, .L6+4
  86 005e 0648     		ldr	r0, .L6+12
  87 0060 FFF7FEFF 		bl	HAL_UART_Receive_IT
  88              	.L5:
  89 0064 00BF     		nop
  90 0066 1037     		adds	r7, r7, #16
  91 0068 BD46     		mov	sp, r7
  92              		@ sp needed
  93 006a 80BD     		pop	{r7, pc}
  94              	.L7:
  95              		.align	2
  96              	.L6:
  97 006c 00100140 		.word	1073811456
  98 0070 00000000 		.word	rtc
  99 0074 00000000 		.word	.LC0
 100 0078 00000000 		.word	huart1
 102              		.section	.text.HAL_UART_TxCpltCallback,"ax",%progbits
 103              		.align	1
 104              		.global	HAL_UART_TxCpltCallback
 105              		.syntax unified
 106              		.thumb
 107              		.thumb_func
 109              	HAL_UART_TxCpltCallback:
 110              		@ args = 0, pretend = 0, frame = 8
 111              		@ frame_needed = 1, uses_anonymous_args = 0
 112 0000 80B5     		push	{r7, lr}
 113 0002 82B0     		sub	sp, sp, #8
 114 0004 00AF     		add	r7, sp, #0
 115 0006 7860     		str	r0, [r7, #4]
 116 0008 7B68     		ldr	r3, [r7, #4]
ARM GAS  C:\Users\user\AppData\Local\Temp\ccBe7x1v.s 			page 3


 117 000a 1B68     		ldr	r3, [r3]
 118 000c 124A     		ldr	r2, .L13
 119 000e 9342     		cmp	r3, r2
 120 0010 1ED1     		bne	.L12
 121 0012 1248     		ldr	r0, .L13+4
 122 0014 FFF7FEFF 		bl	ring_buffer_is_empty
 123 0018 0346     		mov	r3, r0
 124 001a 002B     		cmp	r3, #0
 125 001c 0CD0     		beq	.L10
 126 001e 104B     		ldr	r3, .L13+8
 127 0020 1B68     		ldr	r3, [r3]
 128 0022 23F00103 		bic	r3, r3, #1
 129 0026 0E4A     		ldr	r2, .L13+8
 130 0028 1360     		str	r3, [r2]
 131 002a 0D4B     		ldr	r3, .L13+8
 132 002c 1B68     		ldr	r3, [r3]
 133 002e 23F00203 		bic	r3, r3, #2
 134 0032 0B4A     		ldr	r2, .L13+8
 135 0034 1360     		str	r3, [r2]
 136 0036 0BE0     		b	.L12
 137              	.L10:
 138 0038 0A4B     		ldr	r3, .L13+12
 139 003a 1022     		movs	r2, #16
 140 003c 1946     		mov	r1, r3
 141 003e 0748     		ldr	r0, .L13+4
 142 0040 FFF7FEFF 		bl	ring_buffer_dequeue_arr
 143 0044 1222     		movs	r2, #18
 144 0046 0849     		ldr	r1, .L13+16
 145 0048 0848     		ldr	r0, .L13+20
 146 004a FFF7FEFF 		bl	HAL_UART_Transmit_IT
 147 004e 00BF     		nop
 148              	.L12:
 149 0050 00BF     		nop
 150 0052 0837     		adds	r7, r7, #8
 151 0054 BD46     		mov	sp, r7
 152              		@ sp needed
 153 0056 80BD     		pop	{r7, pc}
 154              	.L14:
 155              		.align	2
 156              	.L13:
 157 0058 00140140 		.word	1073812480
 158 005c 00000000 		.word	SERIAL_BUFFER
 159 0060 00000000 		.word	serial_flag
 160 0064 02000000 		.word	payload+2
 161 0068 00000000 		.word	payload
 162 006c 00000000 		.word	huart6
 164              		.section	.text.SERIAL_SETUP,"ax",%progbits
 165              		.align	1
 166              		.global	SERIAL_SETUP
 167              		.syntax unified
 168              		.thumb
 169              		.thumb_func
 171              	SERIAL_SETUP:
 172              		@ args = 0, pretend = 0, frame = 0
 173              		@ frame_needed = 1, uses_anonymous_args = 0
 174 0000 80B5     		push	{r7, lr}
 175 0002 00AF     		add	r7, sp, #0
ARM GAS  C:\Users\user\AppData\Local\Temp\ccBe7x1v.s 			page 4


 176 0004 4FF48042 		mov	r2, #16384
 177 0008 0349     		ldr	r1, .L17
 178 000a 0448     		ldr	r0, .L17+4
 179 000c FFF7FEFF 		bl	ring_buffer_init
 180 0010 0023     		movs	r3, #0
 181 0012 1846     		mov	r0, r3
 182 0014 80BD     		pop	{r7, pc}
 183              	.L18:
 184 0016 00BF     		.align	2
 185              	.L17:
 186 0018 00000000 		.word	SERIAL_BUFFER_ARR
 187 001c 00000000 		.word	SERIAL_BUFFER
 189              		.section	.text.SERIAL_TRANSMIT_LOG,"ax",%progbits
 190              		.align	1
 191              		.global	SERIAL_TRANSMIT_LOG
 192              		.syntax unified
 193              		.thumb
 194              		.thumb_func
 196              	SERIAL_TRANSMIT_LOG:
 197              		@ args = 0, pretend = 0, frame = 0
 198              		@ frame_needed = 1, uses_anonymous_args = 0
 199 0000 80B5     		push	{r7, lr}
 200 0002 00AF     		add	r7, sp, #0
 201 0004 0F4B     		ldr	r3, .L22
 202 0006 1B68     		ldr	r3, [r3]
 203 0008 03F00103 		and	r3, r3, #1
 204 000c 002B     		cmp	r3, #0
 205 000e 16D0     		beq	.L21
 206 0010 0C4B     		ldr	r3, .L22
 207 0012 1B68     		ldr	r3, [r3]
 208 0014 03F00203 		and	r3, r3, #2
 209 0018 002B     		cmp	r3, #0
 210 001a 10D1     		bne	.L21
 211 001c 094B     		ldr	r3, .L22
 212 001e 1B68     		ldr	r3, [r3]
 213 0020 43F00203 		orr	r3, r3, #2
 214 0024 074A     		ldr	r2, .L22
 215 0026 1360     		str	r3, [r2]
 216 0028 074B     		ldr	r3, .L22+4
 217 002a 1022     		movs	r2, #16
 218 002c 1946     		mov	r1, r3
 219 002e 0748     		ldr	r0, .L22+8
 220 0030 FFF7FEFF 		bl	ring_buffer_dequeue_arr
 221 0034 1222     		movs	r2, #18
 222 0036 0649     		ldr	r1, .L22+12
 223 0038 0648     		ldr	r0, .L22+16
 224 003a FFF7FEFF 		bl	HAL_UART_Transmit_IT
 225              	.L21:
 226 003e 00BF     		nop
 227 0040 80BD     		pop	{r7, pc}
 228              	.L23:
 229 0042 00BF     		.align	2
 230              	.L22:
 231 0044 00000000 		.word	serial_flag
 232 0048 02000000 		.word	payload+2
 233 004c 00000000 		.word	SERIAL_BUFFER
 234 0050 00000000 		.word	payload
ARM GAS  C:\Users\user\AppData\Local\Temp\ccBe7x1v.s 			page 5


 235 0054 00000000 		.word	huart6
 237              		.global	huart1
 238              		.section	.bss.huart1,"aw",%nobits
 239              		.align	2
 242              	huart1:
 243 0000 00000000 		.space	68
 243      00000000 
 243      00000000 
 243      00000000 
 243      00000000 
 244              		.global	huart3
 245              		.section	.bss.huart3,"aw",%nobits
 246              		.align	2
 249              	huart3:
 250 0000 00000000 		.space	68
 250      00000000 
 250      00000000 
 250      00000000 
 250      00000000 
 251              		.global	huart6
 252              		.section	.bss.huart6,"aw",%nobits
 253              		.align	2
 256              	huart6:
 257 0000 00000000 		.space	68
 257      00000000 
 257      00000000 
 257      00000000 
 257      00000000 
 258              		.global	hdma_usart3_rx
 259              		.section	.bss.hdma_usart3_rx,"aw",%nobits
 260              		.align	2
 263              	hdma_usart3_rx:
 264 0000 00000000 		.space	96
 264      00000000 
 264      00000000 
 264      00000000 
 264      00000000 
 265              		.section	.text.MX_USART1_UART_Init,"ax",%progbits
 266              		.align	1
 267              		.global	MX_USART1_UART_Init
 268              		.syntax unified
 269              		.thumb
 270              		.thumb_func
 272              	MX_USART1_UART_Init:
 273              		@ args = 0, pretend = 0, frame = 0
 274              		@ frame_needed = 1, uses_anonymous_args = 0
 275 0000 80B5     		push	{r7, lr}
 276 0002 00AF     		add	r7, sp, #0
 277 0004 114B     		ldr	r3, .L27
 278 0006 124A     		ldr	r2, .L27+4
 279 0008 1A60     		str	r2, [r3]
 280 000a 104B     		ldr	r3, .L27
 281 000c 4FF4E132 		mov	r2, #115200
 282 0010 5A60     		str	r2, [r3, #4]
 283 0012 0E4B     		ldr	r3, .L27
 284 0014 0022     		movs	r2, #0
 285 0016 9A60     		str	r2, [r3, #8]
ARM GAS  C:\Users\user\AppData\Local\Temp\ccBe7x1v.s 			page 6


 286 0018 0C4B     		ldr	r3, .L27
 287 001a 0022     		movs	r2, #0
 288 001c DA60     		str	r2, [r3, #12]
 289 001e 0B4B     		ldr	r3, .L27
 290 0020 0022     		movs	r2, #0
 291 0022 1A61     		str	r2, [r3, #16]
 292 0024 094B     		ldr	r3, .L27
 293 0026 0C22     		movs	r2, #12
 294 0028 5A61     		str	r2, [r3, #20]
 295 002a 084B     		ldr	r3, .L27
 296 002c 0022     		movs	r2, #0
 297 002e 9A61     		str	r2, [r3, #24]
 298 0030 064B     		ldr	r3, .L27
 299 0032 0022     		movs	r2, #0
 300 0034 DA61     		str	r2, [r3, #28]
 301 0036 0548     		ldr	r0, .L27
 302 0038 FFF7FEFF 		bl	HAL_UART_Init
 303 003c 0346     		mov	r3, r0
 304 003e 002B     		cmp	r3, #0
 305 0040 01D0     		beq	.L26
 306 0042 FFF7FEFF 		bl	Error_Handler
 307              	.L26:
 308 0046 00BF     		nop
 309 0048 80BD     		pop	{r7, pc}
 310              	.L28:
 311 004a 00BF     		.align	2
 312              	.L27:
 313 004c 00000000 		.word	huart1
 314 0050 00100140 		.word	1073811456
 316              		.section	.text.MX_USART3_UART_Init,"ax",%progbits
 317              		.align	1
 318              		.global	MX_USART3_UART_Init
 319              		.syntax unified
 320              		.thumb
 321              		.thumb_func
 323              	MX_USART3_UART_Init:
 324              		@ args = 0, pretend = 0, frame = 0
 325              		@ frame_needed = 1, uses_anonymous_args = 0
 326 0000 80B5     		push	{r7, lr}
 327 0002 00AF     		add	r7, sp, #0
 328 0004 114B     		ldr	r3, .L32
 329 0006 124A     		ldr	r2, .L32+4
 330 0008 1A60     		str	r2, [r3]
 331 000a 104B     		ldr	r3, .L32
 332 000c 4FF41652 		mov	r2, #9600
 333 0010 5A60     		str	r2, [r3, #4]
 334 0012 0E4B     		ldr	r3, .L32
 335 0014 0022     		movs	r2, #0
 336 0016 9A60     		str	r2, [r3, #8]
 337 0018 0C4B     		ldr	r3, .L32
 338 001a 0022     		movs	r2, #0
 339 001c DA60     		str	r2, [r3, #12]
 340 001e 0B4B     		ldr	r3, .L32
 341 0020 0022     		movs	r2, #0
 342 0022 1A61     		str	r2, [r3, #16]
 343 0024 094B     		ldr	r3, .L32
 344 0026 0C22     		movs	r2, #12
ARM GAS  C:\Users\user\AppData\Local\Temp\ccBe7x1v.s 			page 7


 345 0028 5A61     		str	r2, [r3, #20]
 346 002a 084B     		ldr	r3, .L32
 347 002c 0022     		movs	r2, #0
 348 002e 9A61     		str	r2, [r3, #24]
 349 0030 064B     		ldr	r3, .L32
 350 0032 0022     		movs	r2, #0
 351 0034 DA61     		str	r2, [r3, #28]
 352 0036 0548     		ldr	r0, .L32
 353 0038 FFF7FEFF 		bl	HAL_UART_Init
 354 003c 0346     		mov	r3, r0
 355 003e 002B     		cmp	r3, #0
 356 0040 01D0     		beq	.L31
 357 0042 FFF7FEFF 		bl	Error_Handler
 358              	.L31:
 359 0046 00BF     		nop
 360 0048 80BD     		pop	{r7, pc}
 361              	.L33:
 362 004a 00BF     		.align	2
 363              	.L32:
 364 004c 00000000 		.word	huart3
 365 0050 00480040 		.word	1073760256
 367              		.section	.text.MX_USART6_UART_Init,"ax",%progbits
 368              		.align	1
 369              		.global	MX_USART6_UART_Init
 370              		.syntax unified
 371              		.thumb
 372              		.thumb_func
 374              	MX_USART6_UART_Init:
 375              		@ args = 0, pretend = 0, frame = 0
 376              		@ frame_needed = 1, uses_anonymous_args = 0
 377 0000 80B5     		push	{r7, lr}
 378 0002 00AF     		add	r7, sp, #0
 379 0004 114B     		ldr	r3, .L37
 380 0006 124A     		ldr	r2, .L37+4
 381 0008 1A60     		str	r2, [r3]
 382 000a 104B     		ldr	r3, .L37
 383 000c 4FF4E132 		mov	r2, #115200
 384 0010 5A60     		str	r2, [r3, #4]
 385 0012 0E4B     		ldr	r3, .L37
 386 0014 0022     		movs	r2, #0
 387 0016 9A60     		str	r2, [r3, #8]
 388 0018 0C4B     		ldr	r3, .L37
 389 001a 0022     		movs	r2, #0
 390 001c DA60     		str	r2, [r3, #12]
 391 001e 0B4B     		ldr	r3, .L37
 392 0020 0022     		movs	r2, #0
 393 0022 1A61     		str	r2, [r3, #16]
 394 0024 094B     		ldr	r3, .L37
 395 0026 0C22     		movs	r2, #12
 396 0028 5A61     		str	r2, [r3, #20]
 397 002a 084B     		ldr	r3, .L37
 398 002c 0022     		movs	r2, #0
 399 002e 9A61     		str	r2, [r3, #24]
 400 0030 064B     		ldr	r3, .L37
 401 0032 0022     		movs	r2, #0
 402 0034 DA61     		str	r2, [r3, #28]
 403 0036 0548     		ldr	r0, .L37
ARM GAS  C:\Users\user\AppData\Local\Temp\ccBe7x1v.s 			page 8


 404 0038 FFF7FEFF 		bl	HAL_UART_Init
 405 003c 0346     		mov	r3, r0
 406 003e 002B     		cmp	r3, #0
 407 0040 01D0     		beq	.L36
 408 0042 FFF7FEFF 		bl	Error_Handler
 409              	.L36:
 410 0046 00BF     		nop
 411 0048 80BD     		pop	{r7, pc}
 412              	.L38:
 413 004a 00BF     		.align	2
 414              	.L37:
 415 004c 00000000 		.word	huart6
 416 0050 00140140 		.word	1073812480
 418              		.section	.text.HAL_UART_MspInit,"ax",%progbits
 419              		.align	1
 420              		.global	HAL_UART_MspInit
 421              		.syntax unified
 422              		.thumb
 423              		.thumb_func
 425              	HAL_UART_MspInit:
 426              		@ args = 0, pretend = 0, frame = 56
 427              		@ frame_needed = 1, uses_anonymous_args = 0
 428 0000 80B5     		push	{r7, lr}
 429 0002 8EB0     		sub	sp, sp, #56
 430 0004 00AF     		add	r7, sp, #0
 431 0006 7860     		str	r0, [r7, #4]
 432 0008 07F12403 		add	r3, r7, #36
 433 000c 0022     		movs	r2, #0
 434 000e 1A60     		str	r2, [r3]
 435 0010 5A60     		str	r2, [r3, #4]
 436 0012 9A60     		str	r2, [r3, #8]
 437 0014 DA60     		str	r2, [r3, #12]
 438 0016 1A61     		str	r2, [r3, #16]
 439 0018 7B68     		ldr	r3, [r7, #4]
 440 001a 1B68     		ldr	r3, [r3]
 441 001c 6F4A     		ldr	r2, .L45
 442 001e 9342     		cmp	r3, r2
 443 0020 35D1     		bne	.L40
 444 0022 0023     		movs	r3, #0
 445 0024 3B62     		str	r3, [r7, #32]
 446 0026 6E4B     		ldr	r3, .L45+4
 447 0028 5B6C     		ldr	r3, [r3, #68]
 448 002a 6D4A     		ldr	r2, .L45+4
 449 002c 43F01003 		orr	r3, r3, #16
 450 0030 5364     		str	r3, [r2, #68]
 451 0032 6B4B     		ldr	r3, .L45+4
 452 0034 5B6C     		ldr	r3, [r3, #68]
 453 0036 03F01003 		and	r3, r3, #16
 454 003a 3B62     		str	r3, [r7, #32]
 455 003c 3B6A     		ldr	r3, [r7, #32]
 456 003e 0023     		movs	r3, #0
 457 0040 FB61     		str	r3, [r7, #28]
 458 0042 674B     		ldr	r3, .L45+4
 459 0044 1B6B     		ldr	r3, [r3, #48]
 460 0046 664A     		ldr	r2, .L45+4
 461 0048 43F00103 		orr	r3, r3, #1
 462 004c 1363     		str	r3, [r2, #48]
ARM GAS  C:\Users\user\AppData\Local\Temp\ccBe7x1v.s 			page 9


 463 004e 644B     		ldr	r3, .L45+4
 464 0050 1B6B     		ldr	r3, [r3, #48]
 465 0052 03F00103 		and	r3, r3, #1
 466 0056 FB61     		str	r3, [r7, #28]
 467 0058 FB69     		ldr	r3, [r7, #28]
 468 005a 4FF4C063 		mov	r3, #1536
 469 005e 7B62     		str	r3, [r7, #36]
 470 0060 0223     		movs	r3, #2
 471 0062 BB62     		str	r3, [r7, #40]
 472 0064 0023     		movs	r3, #0
 473 0066 FB62     		str	r3, [r7, #44]
 474 0068 0323     		movs	r3, #3
 475 006a 3B63     		str	r3, [r7, #48]
 476 006c 0723     		movs	r3, #7
 477 006e 7B63     		str	r3, [r7, #52]
 478 0070 07F12403 		add	r3, r7, #36
 479 0074 1946     		mov	r1, r3
 480 0076 5B48     		ldr	r0, .L45+8
 481 0078 FFF7FEFF 		bl	HAL_GPIO_Init
 482 007c 0022     		movs	r2, #0
 483 007e 0021     		movs	r1, #0
 484 0080 2520     		movs	r0, #37
 485 0082 FFF7FEFF 		bl	HAL_NVIC_SetPriority
 486 0086 2520     		movs	r0, #37
 487 0088 FFF7FEFF 		bl	HAL_NVIC_EnableIRQ
 488 008c A1E0     		b	.L44
 489              	.L40:
 490 008e 7B68     		ldr	r3, [r7, #4]
 491 0090 1B68     		ldr	r3, [r3]
 492 0092 554A     		ldr	r2, .L45+12
 493 0094 9342     		cmp	r3, r2
 494 0096 63D1     		bne	.L42
 495 0098 0023     		movs	r3, #0
 496 009a BB61     		str	r3, [r7, #24]
 497 009c 504B     		ldr	r3, .L45+4
 498 009e 1B6C     		ldr	r3, [r3, #64]
 499 00a0 4F4A     		ldr	r2, .L45+4
 500 00a2 43F48023 		orr	r3, r3, #262144
 501 00a6 1364     		str	r3, [r2, #64]
 502 00a8 4D4B     		ldr	r3, .L45+4
 503 00aa 1B6C     		ldr	r3, [r3, #64]
 504 00ac 03F48023 		and	r3, r3, #262144
 505 00b0 BB61     		str	r3, [r7, #24]
 506 00b2 BB69     		ldr	r3, [r7, #24]
 507 00b4 0023     		movs	r3, #0
 508 00b6 7B61     		str	r3, [r7, #20]
 509 00b8 494B     		ldr	r3, .L45+4
 510 00ba 1B6B     		ldr	r3, [r3, #48]
 511 00bc 484A     		ldr	r2, .L45+4
 512 00be 43F00403 		orr	r3, r3, #4
 513 00c2 1363     		str	r3, [r2, #48]
 514 00c4 464B     		ldr	r3, .L45+4
 515 00c6 1B6B     		ldr	r3, [r3, #48]
 516 00c8 03F00403 		and	r3, r3, #4
 517 00cc 7B61     		str	r3, [r7, #20]
 518 00ce 7B69     		ldr	r3, [r7, #20]
 519 00d0 4FF44063 		mov	r3, #3072
ARM GAS  C:\Users\user\AppData\Local\Temp\ccBe7x1v.s 			page 10


 520 00d4 7B62     		str	r3, [r7, #36]
 521 00d6 0223     		movs	r3, #2
 522 00d8 BB62     		str	r3, [r7, #40]
 523 00da 0023     		movs	r3, #0
 524 00dc FB62     		str	r3, [r7, #44]
 525 00de 0323     		movs	r3, #3
 526 00e0 3B63     		str	r3, [r7, #48]
 527 00e2 0723     		movs	r3, #7
 528 00e4 7B63     		str	r3, [r7, #52]
 529 00e6 07F12403 		add	r3, r7, #36
 530 00ea 1946     		mov	r1, r3
 531 00ec 3F48     		ldr	r0, .L45+16
 532 00ee FFF7FEFF 		bl	HAL_GPIO_Init
 533 00f2 3F4B     		ldr	r3, .L45+20
 534 00f4 3F4A     		ldr	r2, .L45+24
 535 00f6 1A60     		str	r2, [r3]
 536 00f8 3D4B     		ldr	r3, .L45+20
 537 00fa 4FF00062 		mov	r2, #134217728
 538 00fe 5A60     		str	r2, [r3, #4]
 539 0100 3B4B     		ldr	r3, .L45+20
 540 0102 0022     		movs	r2, #0
 541 0104 9A60     		str	r2, [r3, #8]
 542 0106 3A4B     		ldr	r3, .L45+20
 543 0108 0022     		movs	r2, #0
 544 010a DA60     		str	r2, [r3, #12]
 545 010c 384B     		ldr	r3, .L45+20
 546 010e 4FF48062 		mov	r2, #1024
 547 0112 1A61     		str	r2, [r3, #16]
 548 0114 364B     		ldr	r3, .L45+20
 549 0116 0022     		movs	r2, #0
 550 0118 5A61     		str	r2, [r3, #20]
 551 011a 354B     		ldr	r3, .L45+20
 552 011c 0022     		movs	r2, #0
 553 011e 9A61     		str	r2, [r3, #24]
 554 0120 334B     		ldr	r3, .L45+20
 555 0122 0022     		movs	r2, #0
 556 0124 DA61     		str	r2, [r3, #28]
 557 0126 324B     		ldr	r3, .L45+20
 558 0128 0022     		movs	r2, #0
 559 012a 1A62     		str	r2, [r3, #32]
 560 012c 304B     		ldr	r3, .L45+20
 561 012e 0022     		movs	r2, #0
 562 0130 5A62     		str	r2, [r3, #36]
 563 0132 2F48     		ldr	r0, .L45+20
 564 0134 FFF7FEFF 		bl	HAL_DMA_Init
 565 0138 0346     		mov	r3, r0
 566 013a 002B     		cmp	r3, #0
 567 013c 01D0     		beq	.L43
 568 013e FFF7FEFF 		bl	Error_Handler
 569              	.L43:
 570 0142 7B68     		ldr	r3, [r7, #4]
 571 0144 2A4A     		ldr	r2, .L45+20
 572 0146 9A63     		str	r2, [r3, #56]
 573 0148 294A     		ldr	r2, .L45+20
 574 014a 7B68     		ldr	r3, [r7, #4]
 575 014c 9363     		str	r3, [r2, #56]
 576 014e 0022     		movs	r2, #0
ARM GAS  C:\Users\user\AppData\Local\Temp\ccBe7x1v.s 			page 11


 577 0150 0021     		movs	r1, #0
 578 0152 2720     		movs	r0, #39
 579 0154 FFF7FEFF 		bl	HAL_NVIC_SetPriority
 580 0158 2720     		movs	r0, #39
 581 015a FFF7FEFF 		bl	HAL_NVIC_EnableIRQ
 582 015e 38E0     		b	.L44
 583              	.L42:
 584 0160 7B68     		ldr	r3, [r7, #4]
 585 0162 1B68     		ldr	r3, [r3]
 586 0164 244A     		ldr	r2, .L45+28
 587 0166 9342     		cmp	r3, r2
 588 0168 33D1     		bne	.L44
 589 016a 0023     		movs	r3, #0
 590 016c 3B61     		str	r3, [r7, #16]
 591 016e 1C4B     		ldr	r3, .L45+4
 592 0170 5B6C     		ldr	r3, [r3, #68]
 593 0172 1B4A     		ldr	r2, .L45+4
 594 0174 43F02003 		orr	r3, r3, #32
 595 0178 5364     		str	r3, [r2, #68]
 596 017a 194B     		ldr	r3, .L45+4
 597 017c 5B6C     		ldr	r3, [r3, #68]
 598 017e 03F02003 		and	r3, r3, #32
 599 0182 3B61     		str	r3, [r7, #16]
 600 0184 3B69     		ldr	r3, [r7, #16]
 601 0186 0023     		movs	r3, #0
 602 0188 FB60     		str	r3, [r7, #12]
 603 018a 154B     		ldr	r3, .L45+4
 604 018c 1B6B     		ldr	r3, [r3, #48]
 605 018e 144A     		ldr	r2, .L45+4
 606 0190 43F00403 		orr	r3, r3, #4
 607 0194 1363     		str	r3, [r2, #48]
 608 0196 124B     		ldr	r3, .L45+4
 609 0198 1B6B     		ldr	r3, [r3, #48]
 610 019a 03F00403 		and	r3, r3, #4
 611 019e FB60     		str	r3, [r7, #12]
 612 01a0 FB68     		ldr	r3, [r7, #12]
 613 01a2 C023     		movs	r3, #192
 614 01a4 7B62     		str	r3, [r7, #36]
 615 01a6 0223     		movs	r3, #2
 616 01a8 BB62     		str	r3, [r7, #40]
 617 01aa 0023     		movs	r3, #0
 618 01ac FB62     		str	r3, [r7, #44]
 619 01ae 0323     		movs	r3, #3
 620 01b0 3B63     		str	r3, [r7, #48]
 621 01b2 0823     		movs	r3, #8
 622 01b4 7B63     		str	r3, [r7, #52]
 623 01b6 07F12403 		add	r3, r7, #36
 624 01ba 1946     		mov	r1, r3
 625 01bc 0B48     		ldr	r0, .L45+16
 626 01be FFF7FEFF 		bl	HAL_GPIO_Init
 627 01c2 0022     		movs	r2, #0
 628 01c4 0021     		movs	r1, #0
 629 01c6 4720     		movs	r0, #71
 630 01c8 FFF7FEFF 		bl	HAL_NVIC_SetPriority
 631 01cc 4720     		movs	r0, #71
 632 01ce FFF7FEFF 		bl	HAL_NVIC_EnableIRQ
 633              	.L44:
ARM GAS  C:\Users\user\AppData\Local\Temp\ccBe7x1v.s 			page 12


 634 01d2 00BF     		nop
 635 01d4 3837     		adds	r7, r7, #56
 636 01d6 BD46     		mov	sp, r7
 637              		@ sp needed
 638 01d8 80BD     		pop	{r7, pc}
 639              	.L46:
 640 01da 00BF     		.align	2
 641              	.L45:
 642 01dc 00100140 		.word	1073811456
 643 01e0 00380240 		.word	1073887232
 644 01e4 00000240 		.word	1073872896
 645 01e8 00480040 		.word	1073760256
 646 01ec 00080240 		.word	1073874944
 647 01f0 00000000 		.word	hdma_usart3_rx
 648 01f4 28600240 		.word	1073897512
 649 01f8 00140140 		.word	1073812480
 651              		.section	.text.HAL_UART_MspDeInit,"ax",%progbits
 652              		.align	1
 653              		.global	HAL_UART_MspDeInit
 654              		.syntax unified
 655              		.thumb
 656              		.thumb_func
 658              	HAL_UART_MspDeInit:
 659              		@ args = 0, pretend = 0, frame = 8
 660              		@ frame_needed = 1, uses_anonymous_args = 0
 661 0000 80B5     		push	{r7, lr}
 662 0002 82B0     		sub	sp, sp, #8
 663 0004 00AF     		add	r7, sp, #0
 664 0006 7860     		str	r0, [r7, #4]
 665 0008 7B68     		ldr	r3, [r7, #4]
 666 000a 1B68     		ldr	r3, [r3]
 667 000c 204A     		ldr	r2, .L52
 668 000e 9342     		cmp	r3, r2
 669 0010 0ED1     		bne	.L48
 670 0012 204B     		ldr	r3, .L52+4
 671 0014 5B6C     		ldr	r3, [r3, #68]
 672 0016 1F4A     		ldr	r2, .L52+4
 673 0018 23F01003 		bic	r3, r3, #16
 674 001c 5364     		str	r3, [r2, #68]
 675 001e 4FF4C061 		mov	r1, #1536
 676 0022 1D48     		ldr	r0, .L52+8
 677 0024 FFF7FEFF 		bl	HAL_GPIO_DeInit
 678 0028 2520     		movs	r0, #37
 679 002a FFF7FEFF 		bl	HAL_NVIC_DisableIRQ
 680 002e 2AE0     		b	.L51
 681              	.L48:
 682 0030 7B68     		ldr	r3, [r7, #4]
 683 0032 1B68     		ldr	r3, [r3]
 684 0034 194A     		ldr	r2, .L52+12
 685 0036 9342     		cmp	r3, r2
 686 0038 13D1     		bne	.L50
 687 003a 164B     		ldr	r3, .L52+4
 688 003c 1B6C     		ldr	r3, [r3, #64]
 689 003e 154A     		ldr	r2, .L52+4
 690 0040 23F48023 		bic	r3, r3, #262144
 691 0044 1364     		str	r3, [r2, #64]
 692 0046 4FF44061 		mov	r1, #3072
ARM GAS  C:\Users\user\AppData\Local\Temp\ccBe7x1v.s 			page 13


 693 004a 1548     		ldr	r0, .L52+16
 694 004c FFF7FEFF 		bl	HAL_GPIO_DeInit
 695 0050 7B68     		ldr	r3, [r7, #4]
 696 0052 9B6B     		ldr	r3, [r3, #56]
 697 0054 1846     		mov	r0, r3
 698 0056 FFF7FEFF 		bl	HAL_DMA_DeInit
 699 005a 2720     		movs	r0, #39
 700 005c FFF7FEFF 		bl	HAL_NVIC_DisableIRQ
 701 0060 11E0     		b	.L51
 702              	.L50:
 703 0062 7B68     		ldr	r3, [r7, #4]
 704 0064 1B68     		ldr	r3, [r3]
 705 0066 0F4A     		ldr	r2, .L52+20
 706 0068 9342     		cmp	r3, r2
 707 006a 0CD1     		bne	.L51
 708 006c 094B     		ldr	r3, .L52+4
 709 006e 5B6C     		ldr	r3, [r3, #68]
 710 0070 084A     		ldr	r2, .L52+4
 711 0072 23F02003 		bic	r3, r3, #32
 712 0076 5364     		str	r3, [r2, #68]
 713 0078 C021     		movs	r1, #192
 714 007a 0948     		ldr	r0, .L52+16
 715 007c FFF7FEFF 		bl	HAL_GPIO_DeInit
 716 0080 4720     		movs	r0, #71
 717 0082 FFF7FEFF 		bl	HAL_NVIC_DisableIRQ
 718              	.L51:
 719 0086 00BF     		nop
 720 0088 0837     		adds	r7, r7, #8
 721 008a BD46     		mov	sp, r7
 722              		@ sp needed
 723 008c 80BD     		pop	{r7, pc}
 724              	.L53:
 725 008e 00BF     		.align	2
 726              	.L52:
 727 0090 00100140 		.word	1073811456
 728 0094 00380240 		.word	1073887232
 729 0098 00000240 		.word	1073872896
 730 009c 00480040 		.word	1073760256
 731 00a0 00080240 		.word	1073874944
 732 00a4 00140140 		.word	1073812480
 734              		.section	.text.HAL_UARTEx_RxEventCallback,"ax",%progbits
 735              		.align	1
 736              		.global	HAL_UARTEx_RxEventCallback
 737              		.syntax unified
 738              		.thumb
 739              		.thumb_func
 741              	HAL_UARTEx_RxEventCallback:
 742              		@ args = 0, pretend = 0, frame = 8
 743              		@ frame_needed = 1, uses_anonymous_args = 0
 744 0000 80B5     		push	{r7, lr}
 745 0002 82B0     		sub	sp, sp, #8
 746 0004 00AF     		add	r7, sp, #0
 747 0006 7860     		str	r0, [r7, #4]
 748 0008 0B46     		mov	r3, r1
 749 000a 7B80     		strh	r3, [r7, #2]	@ movhi
 750 000c 7B68     		ldr	r3, [r7, #4]
 751 000e 1B68     		ldr	r3, [r3]
ARM GAS  C:\Users\user\AppData\Local\Temp\ccBe7x1v.s 			page 14


 752 0010 0B4A     		ldr	r2, .L57
 753 0012 9342     		cmp	r3, r2
 754 0014 0FD1     		bne	.L56
 755 0016 0B4B     		ldr	r3, .L57+4
 756 0018 0122     		movs	r2, #1
 757 001a 1A60     		str	r2, [r3]
 758 001c 8022     		movs	r2, #128
 759 001e 0A49     		ldr	r1, .L57+8
 760 0020 0A48     		ldr	r0, .L57+12
 761 0022 FFF7FEFF 		bl	HAL_UARTEx_ReceiveToIdle_DMA
 762 0026 0A4B     		ldr	r3, .L57+16
 763 0028 1B68     		ldr	r3, [r3]
 764 002a 1A68     		ldr	r2, [r3]
 765 002c 084B     		ldr	r3, .L57+16
 766 002e 1B68     		ldr	r3, [r3]
 767 0030 22F00802 		bic	r2, r2, #8
 768 0034 1A60     		str	r2, [r3]
 769              	.L56:
 770 0036 00BF     		nop
 771 0038 0837     		adds	r7, r7, #8
 772 003a BD46     		mov	sp, r7
 773              		@ sp needed
 774 003c 80BD     		pop	{r7, pc}
 775              	.L58:
 776 003e 00BF     		.align	2
 777              	.L57:
 778 0040 00480040 		.word	1073760256
 779 0044 00000000 		.word	gps_flag
 780 0048 00000000 		.word	gps_data
 781 004c 00000000 		.word	huart3
 782 0050 00000000 		.word	hdma_usart3_rx
 784              		.section	.rodata
 785              		.align	2
 786              	.LC1:
 787 0004 B5620686 		.ascii	"\265b\006\206\000\000\214\252"
 787      00008CAA 
 788              		.align	2
 789              	.LC2:
 790 000c B5620601 		.ascii	"\265b\006\001\010\000\360\000\000\000\000\000\000\001"
 790      0800F000 
 790      00000000 
 790      0001
 791 001a 0024     		.ascii	"\000$"
 792              		.align	2
 793              	.LC3:
 794 001c B5620601 		.ascii	"\265b\006\001\010\000\360\001\000\000\000\000\000\001"
 794      0800F001 
 794      00000000 
 794      0001
 795 002a 012B     		.ascii	"\001+"
 796              		.align	2
 797              	.LC4:
 798 002c B5620601 		.ascii	"\265b\006\001\010\000\360\002\000\000\000\000\000\001"
 798      0800F002 
 798      00000000 
 798      0001
 799 003a 0232     		.ascii	"\0022"
ARM GAS  C:\Users\user\AppData\Local\Temp\ccBe7x1v.s 			page 15


 800              		.align	2
 801              	.LC5:
 802 003c B5620601 		.ascii	"\265b\006\001\010\000\360\003\000\000\000\000\000\001"
 802      0800F003 
 802      00000000 
 802      0001
 803 004a 0339     		.ascii	"\0039"
 804              		.align	2
 805              	.LC6:
 806 004c B5620601 		.ascii	"\265b\006\001\010\000\360\005\000\000\000\000\000\001"
 806      0800F005 
 806      00000000 
 806      0001
 807 005a 0547     		.ascii	"\005G"
 808              		.align	2
 809              	.LC7:
 810 005c B5620602 		.ascii	"\265b\006\002\012\000\001\000\000\000\000\000\000\000"
 810      0A000100 
 810      00000000 
 810      0000
 811 006a 00879A77 		.ascii	"\000\207\232w"
 812 006e 0000     		.align	2
 813              	.LC8:
 814 0070 B5620608 		.ascii	"\265b\006\010\006\000d\000\001\000\001\000z\022"
 814      06006400 
 814      01000100 
 814      7A12
 815 007e 0000     		.align	2
 816              	.LC9:
 817 0080 B5620600 		.ascii	"\265b\006\000\024\000\001\000\000\000\320\010\000\000"
 817      14000100 
 817      0000D008 
 817      0000
 818 008e 00C20100 		.ascii	"\000\302\001\000\007\000\003\000\000\000\000\000\300"
 818      07000300 
 818      00000000 
 818      C0
 819 009b 7E       		.ascii	"~"
 820              		.section	.text.GPS_SETUP,"ax",%progbits
 821              		.align	1
 822              		.global	GPS_SETUP
 823              		.syntax unified
 824              		.thumb
 825              		.thumb_func
 827              	GPS_SETUP:
 828              		@ args = 0, pretend = 0, frame = 152
 829              		@ frame_needed = 1, uses_anonymous_args = 0
 830 0000 B0B5     		push	{r4, r5, r7, lr}
 831 0002 A6B0     		sub	sp, sp, #152
 832 0004 00AF     		add	r7, sp, #0
 833 0006 584A     		ldr	r2, .L61
 834 0008 07F19003 		add	r3, r7, #144
 835 000c 92E80300 		ldm	r2, {r0, r1}
 836 0010 83E80300 		stm	r3, {r0, r1}
 837 0014 07F19001 		add	r1, r7, #144
 838 0018 6423     		movs	r3, #100
 839 001a 0822     		movs	r2, #8
ARM GAS  C:\Users\user\AppData\Local\Temp\ccBe7x1v.s 			page 16


 840 001c 5348     		ldr	r0, .L61+4
 841 001e FFF7FEFF 		bl	HAL_UART_Transmit
 842 0022 3220     		movs	r0, #50
 843 0024 FFF7FEFF 		bl	HAL_Delay
 844 0028 514B     		ldr	r3, .L61+8
 845 002a 07F18004 		add	r4, r7, #128
 846 002e 0FCB     		ldm	r3, {r0, r1, r2, r3}
 847 0030 84E80F00 		stm	r4, {r0, r1, r2, r3}
 848 0034 4F4B     		ldr	r3, .L61+12
 849 0036 07F17004 		add	r4, r7, #112
 850 003a 0FCB     		ldm	r3, {r0, r1, r2, r3}
 851 003c 84E80F00 		stm	r4, {r0, r1, r2, r3}
 852 0040 4D4B     		ldr	r3, .L61+16
 853 0042 07F16004 		add	r4, r7, #96
 854 0046 0FCB     		ldm	r3, {r0, r1, r2, r3}
 855 0048 84E80F00 		stm	r4, {r0, r1, r2, r3}
 856 004c 4B4B     		ldr	r3, .L61+20
 857 004e 07F15004 		add	r4, r7, #80
 858 0052 0FCB     		ldm	r3, {r0, r1, r2, r3}
 859 0054 84E80F00 		stm	r4, {r0, r1, r2, r3}
 860 0058 494B     		ldr	r3, .L61+24
 861 005a 07F14004 		add	r4, r7, #64
 862 005e 0FCB     		ldm	r3, {r0, r1, r2, r3}
 863 0060 84E80F00 		stm	r4, {r0, r1, r2, r3}
 864 0064 07F18001 		add	r1, r7, #128
 865 0068 6423     		movs	r3, #100
 866 006a 1022     		movs	r2, #16
 867 006c 3F48     		ldr	r0, .L61+4
 868 006e FFF7FEFF 		bl	HAL_UART_Transmit
 869 0072 3220     		movs	r0, #50
 870 0074 FFF7FEFF 		bl	HAL_Delay
 871 0078 07F17001 		add	r1, r7, #112
 872 007c 6423     		movs	r3, #100
 873 007e 1022     		movs	r2, #16
 874 0080 3A48     		ldr	r0, .L61+4
 875 0082 FFF7FEFF 		bl	HAL_UART_Transmit
 876 0086 3220     		movs	r0, #50
 877 0088 FFF7FEFF 		bl	HAL_Delay
 878 008c 07F16001 		add	r1, r7, #96
 879 0090 6423     		movs	r3, #100
 880 0092 1022     		movs	r2, #16
 881 0094 3548     		ldr	r0, .L61+4
 882 0096 FFF7FEFF 		bl	HAL_UART_Transmit
 883 009a 3220     		movs	r0, #50
 884 009c FFF7FEFF 		bl	HAL_Delay
 885 00a0 07F15001 		add	r1, r7, #80
 886 00a4 6423     		movs	r3, #100
 887 00a6 1022     		movs	r2, #16
 888 00a8 3048     		ldr	r0, .L61+4
 889 00aa FFF7FEFF 		bl	HAL_UART_Transmit
 890 00ae 3220     		movs	r0, #50
 891 00b0 FFF7FEFF 		bl	HAL_Delay
 892 00b4 07F14001 		add	r1, r7, #64
 893 00b8 6423     		movs	r3, #100
 894 00ba 1022     		movs	r2, #16
 895 00bc 2B48     		ldr	r0, .L61+4
 896 00be FFF7FEFF 		bl	HAL_UART_Transmit
ARM GAS  C:\Users\user\AppData\Local\Temp\ccBe7x1v.s 			page 17


 897 00c2 3220     		movs	r0, #50
 898 00c4 FFF7FEFF 		bl	HAL_Delay
 899 00c8 2E4B     		ldr	r3, .L61+28
 900 00ca 07F12C04 		add	r4, r7, #44
 901 00ce 1D46     		mov	r5, r3
 902 00d0 0FCD     		ldmia	r5!, {r0, r1, r2, r3}
 903 00d2 0FC4     		stmia	r4!, {r0, r1, r2, r3}
 904 00d4 2B68     		ldr	r3, [r5]
 905 00d6 2380     		strh	r3, [r4]	@ movhi
 906 00d8 07F12C01 		add	r1, r7, #44
 907 00dc 6423     		movs	r3, #100
 908 00de 1222     		movs	r2, #18
 909 00e0 2248     		ldr	r0, .L61+4
 910 00e2 FFF7FEFF 		bl	HAL_UART_Transmit
 911 00e6 3220     		movs	r0, #50
 912 00e8 FFF7FEFF 		bl	HAL_Delay
 913 00ec 264B     		ldr	r3, .L61+32
 914 00ee 07F11C04 		add	r4, r7, #28
 915 00f2 0FCB     		ldm	r3, {r0, r1, r2, r3}
 916 00f4 07C4     		stmia	r4!, {r0, r1, r2}
 917 00f6 2380     		strh	r3, [r4]	@ movhi
 918 00f8 07F11C01 		add	r1, r7, #28
 919 00fc 6423     		movs	r3, #100
 920 00fe 0E22     		movs	r2, #14
 921 0100 1A48     		ldr	r0, .L61+4
 922 0102 FFF7FEFF 		bl	HAL_UART_Transmit
 923 0106 3220     		movs	r0, #50
 924 0108 FFF7FEFF 		bl	HAL_Delay
 925 010c 1F4B     		ldr	r3, .L61+36
 926 010e 3C46     		mov	r4, r7
 927 0110 1D46     		mov	r5, r3
 928 0112 0FCD     		ldmia	r5!, {r0, r1, r2, r3}
 929 0114 0FC4     		stmia	r4!, {r0, r1, r2, r3}
 930 0116 95E80700 		ldm	r5, {r0, r1, r2}
 931 011a 84E80700 		stm	r4, {r0, r1, r2}
 932 011e 3946     		mov	r1, r7
 933 0120 6423     		movs	r3, #100
 934 0122 1C22     		movs	r2, #28
 935 0124 1148     		ldr	r0, .L61+4
 936 0126 FFF7FEFF 		bl	HAL_UART_Transmit
 937 012a 3220     		movs	r0, #50
 938 012c FFF7FEFF 		bl	HAL_Delay
 939 0130 FFF7FEFF 		bl	HAL_RCC_GetPCLK1Freq
 940 0134 0346     		mov	r3, r0
 941 0136 164A     		ldr	r2, .L61+40
 942 0138 1649     		ldr	r1, .L61+44
 943 013a A1FB0313 		umull	r1, r3, r1, r3
 944 013e 1B0C     		lsrs	r3, r3, #16
 945 0140 9360     		str	r3, [r2, #8]
 946 0142 8022     		movs	r2, #128
 947 0144 1449     		ldr	r1, .L61+48
 948 0146 0948     		ldr	r0, .L61+4
 949 0148 FFF7FEFF 		bl	HAL_UARTEx_ReceiveToIdle_DMA
 950 014c 134B     		ldr	r3, .L61+52
 951 014e 1B68     		ldr	r3, [r3]
 952 0150 1A68     		ldr	r2, [r3]
 953 0152 124B     		ldr	r3, .L61+52
ARM GAS  C:\Users\user\AppData\Local\Temp\ccBe7x1v.s 			page 18


 954 0154 1B68     		ldr	r3, [r3]
 955 0156 22F00802 		bic	r2, r2, #8
 956 015a 1A60     		str	r2, [r3]
 957 015c 0023     		movs	r3, #0
 958 015e 1846     		mov	r0, r3
 959 0160 9837     		adds	r7, r7, #152
 960 0162 BD46     		mov	sp, r7
 961              		@ sp needed
 962 0164 B0BD     		pop	{r4, r5, r7, pc}
 963              	.L62:
 964 0166 00BF     		.align	2
 965              	.L61:
 966 0168 04000000 		.word	.LC1
 967 016c 00000000 		.word	huart3
 968 0170 0C000000 		.word	.LC2
 969 0174 1C000000 		.word	.LC3
 970 0178 2C000000 		.word	.LC4
 971 017c 3C000000 		.word	.LC5
 972 0180 4C000000 		.word	.LC6
 973 0184 5C000000 		.word	.LC7
 974 0188 70000000 		.word	.LC8
 975 018c 80000000 		.word	.LC9
 976 0190 00480040 		.word	1073760256
 977 0194 C5B3A291 		.word	-1851608123
 978 0198 00000000 		.word	gps_data
 979 019c 00000000 		.word	hdma_usart3_rx
 981              		.ident	"GCC: (GNU Tools for STM32 12.3.rel1.20240306-1730) 12.3.1 20230626"
ARM GAS  C:\Users\user\AppData\Local\Temp\ccBe7x1v.s 			page 19


DEFINED SYMBOLS
                            *ABS*:00000000 usart.c
C:\Users\user\AppData\Local\Temp\ccBe7x1v.s:22     .data.payload:00000000 payload
C:\Users\user\AppData\Local\Temp\ccBe7x1v.s:19     .data.payload:00000000 $d
C:\Users\user\AppData\Local\Temp\ccBe7x1v.s:26     .rodata:00000000 $d
C:\Users\user\AppData\Local\Temp\ccBe7x1v.s:30     .text.HAL_UART_RxCpltCallback:00000000 $t
C:\Users\user\AppData\Local\Temp\ccBe7x1v.s:36     .text.HAL_UART_RxCpltCallback:00000000 HAL_UART_RxCpltCallback
C:\Users\user\AppData\Local\Temp\ccBe7x1v.s:97     .text.HAL_UART_RxCpltCallback:0000006c $d
C:\Users\user\AppData\Local\Temp\ccBe7x1v.s:242    .bss.huart1:00000000 huart1
C:\Users\user\AppData\Local\Temp\ccBe7x1v.s:103    .text.HAL_UART_TxCpltCallback:00000000 $t
C:\Users\user\AppData\Local\Temp\ccBe7x1v.s:109    .text.HAL_UART_TxCpltCallback:00000000 HAL_UART_TxCpltCallback
C:\Users\user\AppData\Local\Temp\ccBe7x1v.s:157    .text.HAL_UART_TxCpltCallback:00000058 $d
C:\Users\user\AppData\Local\Temp\ccBe7x1v.s:256    .bss.huart6:00000000 huart6
C:\Users\user\AppData\Local\Temp\ccBe7x1v.s:165    .text.SERIAL_SETUP:00000000 $t
C:\Users\user\AppData\Local\Temp\ccBe7x1v.s:171    .text.SERIAL_SETUP:00000000 SERIAL_SETUP
C:\Users\user\AppData\Local\Temp\ccBe7x1v.s:186    .text.SERIAL_SETUP:00000018 $d
C:\Users\user\AppData\Local\Temp\ccBe7x1v.s:190    .text.SERIAL_TRANSMIT_LOG:00000000 $t
C:\Users\user\AppData\Local\Temp\ccBe7x1v.s:196    .text.SERIAL_TRANSMIT_LOG:00000000 SERIAL_TRANSMIT_LOG
C:\Users\user\AppData\Local\Temp\ccBe7x1v.s:231    .text.SERIAL_TRANSMIT_LOG:00000044 $d
C:\Users\user\AppData\Local\Temp\ccBe7x1v.s:239    .bss.huart1:00000000 $d
C:\Users\user\AppData\Local\Temp\ccBe7x1v.s:249    .bss.huart3:00000000 huart3
C:\Users\user\AppData\Local\Temp\ccBe7x1v.s:246    .bss.huart3:00000000 $d
C:\Users\user\AppData\Local\Temp\ccBe7x1v.s:253    .bss.huart6:00000000 $d
C:\Users\user\AppData\Local\Temp\ccBe7x1v.s:263    .bss.hdma_usart3_rx:00000000 hdma_usart3_rx
C:\Users\user\AppData\Local\Temp\ccBe7x1v.s:260    .bss.hdma_usart3_rx:00000000 $d
C:\Users\user\AppData\Local\Temp\ccBe7x1v.s:266    .text.MX_USART1_UART_Init:00000000 $t
C:\Users\user\AppData\Local\Temp\ccBe7x1v.s:272    .text.MX_USART1_UART_Init:00000000 MX_USART1_UART_Init
C:\Users\user\AppData\Local\Temp\ccBe7x1v.s:313    .text.MX_USART1_UART_Init:0000004c $d
C:\Users\user\AppData\Local\Temp\ccBe7x1v.s:317    .text.MX_USART3_UART_Init:00000000 $t
C:\Users\user\AppData\Local\Temp\ccBe7x1v.s:323    .text.MX_USART3_UART_Init:00000000 MX_USART3_UART_Init
C:\Users\user\AppData\Local\Temp\ccBe7x1v.s:364    .text.MX_USART3_UART_Init:0000004c $d
C:\Users\user\AppData\Local\Temp\ccBe7x1v.s:368    .text.MX_USART6_UART_Init:00000000 $t
C:\Users\user\AppData\Local\Temp\ccBe7x1v.s:374    .text.MX_USART6_UART_Init:00000000 MX_USART6_UART_Init
C:\Users\user\AppData\Local\Temp\ccBe7x1v.s:415    .text.MX_USART6_UART_Init:0000004c $d
C:\Users\user\AppData\Local\Temp\ccBe7x1v.s:419    .text.HAL_UART_MspInit:00000000 $t
C:\Users\user\AppData\Local\Temp\ccBe7x1v.s:425    .text.HAL_UART_MspInit:00000000 HAL_UART_MspInit
C:\Users\user\AppData\Local\Temp\ccBe7x1v.s:642    .text.HAL_UART_MspInit:000001dc $d
C:\Users\user\AppData\Local\Temp\ccBe7x1v.s:652    .text.HAL_UART_MspDeInit:00000000 $t
C:\Users\user\AppData\Local\Temp\ccBe7x1v.s:658    .text.HAL_UART_MspDeInit:00000000 HAL_UART_MspDeInit
C:\Users\user\AppData\Local\Temp\ccBe7x1v.s:727    .text.HAL_UART_MspDeInit:00000090 $d
C:\Users\user\AppData\Local\Temp\ccBe7x1v.s:735    .text.HAL_UARTEx_RxEventCallback:00000000 $t
C:\Users\user\AppData\Local\Temp\ccBe7x1v.s:741    .text.HAL_UARTEx_RxEventCallback:00000000 HAL_UARTEx_RxEventCallback
C:\Users\user\AppData\Local\Temp\ccBe7x1v.s:778    .text.HAL_UARTEx_RxEventCallback:00000040 $d
C:\Users\user\AppData\Local\Temp\ccBe7x1v.s:821    .text.GPS_SETUP:00000000 $t
C:\Users\user\AppData\Local\Temp\ccBe7x1v.s:827    .text.GPS_SETUP:00000000 GPS_SETUP
C:\Users\user\AppData\Local\Temp\ccBe7x1v.s:966    .text.GPS_SETUP:00000168 $d

UNDEFINED SYMBOLS
HAL_UART_Transmit_IT
RTC_FIX
HAL_UART_Receive_IT
rtc
ring_buffer_is_empty
ring_buffer_dequeue_arr
SERIAL_BUFFER
serial_flag
ring_buffer_init
ARM GAS  C:\Users\user\AppData\Local\Temp\ccBe7x1v.s 			page 20


SERIAL_BUFFER_ARR
HAL_UART_Init
Error_Handler
HAL_GPIO_Init
HAL_NVIC_SetPriority
HAL_NVIC_EnableIRQ
HAL_DMA_Init
HAL_GPIO_DeInit
HAL_NVIC_DisableIRQ
HAL_DMA_DeInit
HAL_UARTEx_ReceiveToIdle_DMA
gps_flag
gps_data
HAL_UART_Transmit
HAL_Delay
HAL_RCC_GetPCLK1Freq
